[2024-11-23T17:09:04.642+0000] {local_task_job_runner.py:123} INFO - ::group::Pre task execution logs
[2024-11-23T17:09:04.666+0000] {taskinstance.py:2613} INFO - Dependencies all met for dep_context=non-requeueable deps ti=<TaskInstance: interpark_to_s3.extract scheduled__2024-11-21T00:00:00+00:00 [queued]>
[2024-11-23T17:09:04.680+0000] {taskinstance.py:2613} INFO - Dependencies all met for dep_context=requeueable deps ti=<TaskInstance: interpark_to_s3.extract scheduled__2024-11-21T00:00:00+00:00 [queued]>
[2024-11-23T17:09:04.680+0000] {taskinstance.py:2866} INFO - Starting attempt 14 of 14
[2024-11-23T17:09:04.700+0000] {taskinstance.py:2889} INFO - Executing <Task(PythonVirtualenvOperator): extract> on 2024-11-21 00:00:00+00:00
[2024-11-23T17:09:04.723+0000] {warnings.py:112} WARNING - /home/***/.local/lib/python3.12/site-packages/***/task/task_runner/standard_task_runner.py:70: DeprecationWarning: This process (pid=900) is multi-threaded, use of fork() may lead to deadlocks in the child.
  pid = os.fork()

[2024-11-23T17:09:04.725+0000] {standard_task_runner.py:72} INFO - Started process 901 to run task
[2024-11-23T17:09:04.725+0000] {standard_task_runner.py:104} INFO - Running: ['***', 'tasks', 'run', 'interpark_to_s3', 'extract', 'scheduled__2024-11-21T00:00:00+00:00', '--job-id', '55', '--raw', '--subdir', 'DAGS_FOLDER/test.py', '--cfg-path', '/tmp/tmpljlt_z3m']
[2024-11-23T17:09:04.726+0000] {standard_task_runner.py:105} INFO - Job 55: Subtask extract
[2024-11-23T17:09:04.785+0000] {task_command.py:467} INFO - Running <TaskInstance: interpark_to_s3.extract scheduled__2024-11-21T00:00:00+00:00 [running]> on host c886796f7651
[2024-11-23T17:09:02.069+0000] {taskinstance.py:3132} INFO - Exporting env vars: AIRFLOW_CTX_DAG_OWNER='***' AIRFLOW_CTX_DAG_ID='interpark_to_s3' AIRFLOW_CTX_TASK_ID='extract' AIRFLOW_CTX_EXECUTION_DATE='2024-11-21T00:00:00+00:00' AIRFLOW_CTX_TRY_NUMBER='14' AIRFLOW_CTX_DAG_RUN_ID='scheduled__2024-11-21T00:00:00+00:00'
[2024-11-23T17:09:02.070+0000] {taskinstance.py:731} INFO - ::endgroup::
[2024-11-23T17:09:02.087+0000] {baseoperator.py:416} WARNING - PythonVirtualenvOperator.execute cannot be called outside TaskInstance!
[2024-11-23T17:09:02.089+0000] {process_utils.py:186} INFO - Executing cmd: /home/***/.local/bin/python -m virtualenv /tmp/venv_n9wplq4 --python=python
[2024-11-23T17:09:02.090+0000] {process_utils.py:190} INFO - Output:
[2024-11-23T17:09:03.307+0000] {process_utils.py:194} INFO - created virtual environment CPython3.12.7.final.0-64 in 283ms
[2024-11-23T17:09:03.308+0000] {process_utils.py:194} INFO -   creator CPython3Posix(dest=/tmp/venv_n9wplq4, clear=False, no_vcs_ignore=False, global=False)
[2024-11-23T17:09:03.308+0000] {process_utils.py:194} INFO -   seeder FromAppData(download=False, pip=bundle, via=copy, app_data_dir=/home/***/.local/share/virtualenv)
[2024-11-23T17:09:03.309+0000] {process_utils.py:194} INFO -     added seed packages: pip==24.3.1
[2024-11-23T17:09:03.309+0000] {process_utils.py:194} INFO -   activators BashActivator,CShellActivator,FishActivator,NushellActivator,PowerShellActivator,PythonActivator
[2024-11-23T17:09:03.365+0000] {process_utils.py:186} INFO - Executing cmd: /tmp/venv_n9wplq4/bin/pip install -r /tmp/venv_n9wplq4/requirements.txt
[2024-11-23T17:09:03.366+0000] {process_utils.py:190} INFO - Output:
[2024-11-23T17:09:05.229+0000] {process_utils.py:194} INFO - Collecting git+https://github.com/hahahellooo/interpark.git@0.3/new_crawling (from -r /tmp/venv_n9wplq4/requirements.txt (line 1))
[2024-11-23T17:09:05.230+0000] {process_utils.py:194} INFO -   Cloning https://github.com/hahahellooo/interpark.git (to revision 0.3/new_crawling) to /tmp/pip-req-build-pekj2e6g
[2024-11-23T17:09:05.234+0000] {process_utils.py:194} INFO -   Running command git clone --filter=blob:none --quiet https://github.com/hahahellooo/interpark.git /tmp/pip-req-build-pekj2e6g
[2024-11-23T17:09:06.672+0000] {process_utils.py:194} INFO -   Running command git checkout -b 0.3/new_crawling --track origin/0.3/new_crawling
[2024-11-23T17:09:07.248+0000] {process_utils.py:194} INFO -   Switched to a new branch '0.3/new_crawling'
[2024-11-23T17:09:07.249+0000] {process_utils.py:194} INFO -   branch '0.3/new_crawling' set up to track 'origin/0.3/new_crawling'.
[2024-11-23T17:09:07.250+0000] {process_utils.py:194} INFO -   Resolved https://github.com/hahahellooo/interpark.git to commit 46c16b2826a49f55a40e6cfac1b1b8f6a8b14856
[2024-11-23T17:09:07.256+0000] {process_utils.py:194} INFO -   Installing build dependencies: started
[2024-11-23T17:09:09.701+0000] {process_utils.py:194} INFO -   Installing build dependencies: finished with status 'done'
[2024-11-23T17:09:09.702+0000] {process_utils.py:194} INFO -   Getting requirements to build wheel: started
[2024-11-23T17:09:10.369+0000] {process_utils.py:194} INFO -   Getting requirements to build wheel: finished with status 'done'
[2024-11-23T17:09:10.370+0000] {process_utils.py:194} INFO -   Preparing metadata (pyproject.toml): started
[2024-11-23T17:09:11.134+0000] {process_utils.py:194} INFO -   Preparing metadata (pyproject.toml): finished with status 'done'
[2024-11-23T17:09:11.260+0000] {process_utils.py:194} INFO - Collecting selenium>=4.26.1 (from interpark==0.1.2->-r /tmp/venv_n9wplq4/requirements.txt (line 1))
[2024-11-23T17:09:11.262+0000] {process_utils.py:194} INFO -   Using cached selenium-4.26.1-py3-none-any.whl.metadata (7.1 kB)
[2024-11-23T17:09:11.297+0000] {process_utils.py:194} INFO - Collecting beautifulsoup4>=4.12.3 (from interpark==0.1.2->-r /tmp/venv_n9wplq4/requirements.txt (line 1))
[2024-11-23T17:09:11.298+0000] {process_utils.py:194} INFO -   Using cached beautifulsoup4-4.12.3-py3-none-any.whl.metadata (3.8 kB)
[2024-11-23T17:09:11.341+0000] {process_utils.py:194} INFO - Collecting soupsieve>1.2 (from beautifulsoup4>=4.12.3->interpark==0.1.2->-r /tmp/venv_n9wplq4/requirements.txt (line 1))
[2024-11-23T17:09:11.343+0000] {process_utils.py:194} INFO -   Using cached soupsieve-2.6-py3-none-any.whl.metadata (4.6 kB)
[2024-11-23T17:09:11.419+0000] {process_utils.py:194} INFO - Collecting urllib3<3,>=1.26 (from urllib3[socks]<3,>=1.26->selenium>=4.26.1->interpark==0.1.2->-r /tmp/venv_n9wplq4/requirements.txt (line 1))
[2024-11-23T17:09:11.421+0000] {process_utils.py:194} INFO -   Using cached urllib3-2.2.3-py3-none-any.whl.metadata (6.5 kB)
[2024-11-23T17:09:11.463+0000] {process_utils.py:194} INFO - Collecting trio~=0.17 (from selenium>=4.26.1->interpark==0.1.2->-r /tmp/venv_n9wplq4/requirements.txt (line 1))
[2024-11-23T17:09:11.464+0000] {process_utils.py:194} INFO -   Using cached trio-0.27.0-py3-none-any.whl.metadata (8.6 kB)
[2024-11-23T17:09:11.496+0000] {process_utils.py:194} INFO - Collecting trio-websocket~=0.9 (from selenium>=4.26.1->interpark==0.1.2->-r /tmp/venv_n9wplq4/requirements.txt (line 1))
[2024-11-23T17:09:11.498+0000] {process_utils.py:194} INFO -   Using cached trio_websocket-0.11.1-py3-none-any.whl.metadata (4.7 kB)
[2024-11-23T17:09:11.536+0000] {process_utils.py:194} INFO - Collecting certifi>=2021.10.8 (from selenium>=4.26.1->interpark==0.1.2->-r /tmp/venv_n9wplq4/requirements.txt (line 1))
[2024-11-23T17:09:11.538+0000] {process_utils.py:194} INFO -   Using cached certifi-2024.8.30-py3-none-any.whl.metadata (2.2 kB)
[2024-11-23T17:09:11.580+0000] {process_utils.py:194} INFO - Collecting typing_extensions~=4.9 (from selenium>=4.26.1->interpark==0.1.2->-r /tmp/venv_n9wplq4/requirements.txt (line 1))
[2024-11-23T17:09:11.582+0000] {process_utils.py:194} INFO -   Using cached typing_extensions-4.12.2-py3-none-any.whl.metadata (3.0 kB)
[2024-11-23T17:09:11.631+0000] {process_utils.py:194} INFO - Collecting websocket-client~=1.8 (from selenium>=4.26.1->interpark==0.1.2->-r /tmp/venv_n9wplq4/requirements.txt (line 1))
[2024-11-23T17:09:11.634+0000] {process_utils.py:194} INFO -   Using cached websocket_client-1.8.0-py3-none-any.whl.metadata (8.0 kB)
[2024-11-23T17:09:11.684+0000] {process_utils.py:194} INFO - Collecting attrs>=23.2.0 (from trio~=0.17->selenium>=4.26.1->interpark==0.1.2->-r /tmp/venv_n9wplq4/requirements.txt (line 1))
[2024-11-23T17:09:11.685+0000] {process_utils.py:194} INFO -   Using cached attrs-24.2.0-py3-none-any.whl.metadata (11 kB)
[2024-11-23T17:09:11.743+0000] {process_utils.py:194} INFO - Collecting sortedcontainers (from trio~=0.17->selenium>=4.26.1->interpark==0.1.2->-r /tmp/venv_n9wplq4/requirements.txt (line 1))
[2024-11-23T17:09:11.745+0000] {process_utils.py:194} INFO -   Using cached sortedcontainers-2.4.0-py2.py3-none-any.whl.metadata (10 kB)
[2024-11-23T17:09:11.784+0000] {process_utils.py:194} INFO - Collecting idna (from trio~=0.17->selenium>=4.26.1->interpark==0.1.2->-r /tmp/venv_n9wplq4/requirements.txt (line 1))
[2024-11-23T17:09:11.787+0000] {process_utils.py:194} INFO -   Using cached idna-3.10-py3-none-any.whl.metadata (10 kB)
[2024-11-23T17:09:11.822+0000] {process_utils.py:194} INFO - Collecting outcome (from trio~=0.17->selenium>=4.26.1->interpark==0.1.2->-r /tmp/venv_n9wplq4/requirements.txt (line 1))
[2024-11-23T17:09:11.824+0000] {process_utils.py:194} INFO -   Using cached outcome-1.3.0.post0-py2.py3-none-any.whl.metadata (2.6 kB)
[2024-11-23T17:09:11.852+0000] {process_utils.py:194} INFO - Collecting sniffio>=1.3.0 (from trio~=0.17->selenium>=4.26.1->interpark==0.1.2->-r /tmp/venv_n9wplq4/requirements.txt (line 1))
[2024-11-23T17:09:11.854+0000] {process_utils.py:194} INFO -   Using cached sniffio-1.3.1-py3-none-any.whl.metadata (3.9 kB)
[2024-11-23T17:09:11.894+0000] {process_utils.py:194} INFO - Collecting wsproto>=0.14 (from trio-websocket~=0.9->selenium>=4.26.1->interpark==0.1.2->-r /tmp/venv_n9wplq4/requirements.txt (line 1))
[2024-11-23T17:09:11.897+0000] {process_utils.py:194} INFO -   Using cached wsproto-1.2.0-py3-none-any.whl.metadata (5.6 kB)
[2024-11-23T17:09:11.935+0000] {process_utils.py:194} INFO - Collecting pysocks!=1.5.7,<2.0,>=1.5.6 (from urllib3[socks]<3,>=1.26->selenium>=4.26.1->interpark==0.1.2->-r /tmp/venv_n9wplq4/requirements.txt (line 1))
[2024-11-23T17:09:11.937+0000] {process_utils.py:194} INFO -   Using cached PySocks-1.7.1-py3-none-any.whl.metadata (13 kB)
[2024-11-23T17:09:11.972+0000] {process_utils.py:194} INFO - Collecting h11<1,>=0.9.0 (from wsproto>=0.14->trio-websocket~=0.9->selenium>=4.26.1->interpark==0.1.2->-r /tmp/venv_n9wplq4/requirements.txt (line 1))
[2024-11-23T17:09:11.974+0000] {process_utils.py:194} INFO -   Using cached h11-0.14.0-py3-none-any.whl.metadata (8.2 kB)
[2024-11-23T17:09:11.988+0000] {process_utils.py:194} INFO - Using cached beautifulsoup4-4.12.3-py3-none-any.whl (147 kB)
[2024-11-23T17:09:11.990+0000] {process_utils.py:194} INFO - Using cached selenium-4.26.1-py3-none-any.whl (9.7 MB)
[2024-11-23T17:09:12.019+0000] {process_utils.py:194} INFO - Using cached certifi-2024.8.30-py3-none-any.whl (167 kB)
[2024-11-23T17:09:12.023+0000] {process_utils.py:194} INFO - Using cached soupsieve-2.6-py3-none-any.whl (36 kB)
[2024-11-23T17:09:12.026+0000] {process_utils.py:194} INFO - Using cached trio-0.27.0-py3-none-any.whl (481 kB)
[2024-11-23T17:09:12.031+0000] {process_utils.py:194} INFO - Using cached trio_websocket-0.11.1-py3-none-any.whl (17 kB)
[2024-11-23T17:09:12.034+0000] {process_utils.py:194} INFO - Using cached typing_extensions-4.12.2-py3-none-any.whl (37 kB)
[2024-11-23T17:09:12.037+0000] {process_utils.py:194} INFO - Using cached urllib3-2.2.3-py3-none-any.whl (126 kB)
[2024-11-23T17:09:12.041+0000] {process_utils.py:194} INFO - Using cached websocket_client-1.8.0-py3-none-any.whl (58 kB)
[2024-11-23T17:09:12.044+0000] {process_utils.py:194} INFO - Using cached attrs-24.2.0-py3-none-any.whl (63 kB)
[2024-11-23T17:09:12.047+0000] {process_utils.py:194} INFO - Using cached PySocks-1.7.1-py3-none-any.whl (16 kB)
[2024-11-23T17:09:12.050+0000] {process_utils.py:194} INFO - Using cached sniffio-1.3.1-py3-none-any.whl (10 kB)
[2024-11-23T17:09:12.058+0000] {process_utils.py:194} INFO - Using cached wsproto-1.2.0-py3-none-any.whl (24 kB)
[2024-11-23T17:09:12.076+0000] {process_utils.py:194} INFO - Using cached idna-3.10-py3-none-any.whl (70 kB)
[2024-11-23T17:09:12.085+0000] {process_utils.py:194} INFO - Using cached outcome-1.3.0.post0-py2.py3-none-any.whl (10 kB)
[2024-11-23T17:09:12.175+0000] {process_utils.py:194} INFO - Using cached sortedcontainers-2.4.0-py2.py3-none-any.whl (29 kB)
[2024-11-23T17:09:12.186+0000] {process_utils.py:194} INFO - Using cached h11-0.14.0-py3-none-any.whl (58 kB)
[2024-11-23T17:09:12.240+0000] {process_utils.py:194} INFO - Building wheels for collected packages: interpark
[2024-11-23T17:09:12.247+0000] {process_utils.py:194} INFO -   Building wheel for interpark (pyproject.toml): started
[2024-11-23T17:09:13.059+0000] {process_utils.py:194} INFO -   Building wheel for interpark (pyproject.toml): finished with status 'done'
[2024-11-23T17:09:13.060+0000] {process_utils.py:194} INFO -   Created wheel for interpark: filename=interpark-0.1.2-py3-none-any.whl size=17705 sha256=a5200c5a40784569a6bf39ccac331e7bb9df99fa0978e9d708166bb733f0835d
[2024-11-23T17:09:13.060+0000] {process_utils.py:194} INFO -   Stored in directory: /tmp/pip-ephem-wheel-cache-d56ys8d6/wheels/3b/e3/3f/2198c53e48ab1c477124eda1522aad636d2590cc0e6349feda
[2024-11-23T17:09:13.062+0000] {process_utils.py:194} INFO - Successfully built interpark
[2024-11-23T17:09:13.096+0000] {process_utils.py:194} INFO - Installing collected packages: sortedcontainers, websocket-client, urllib3, typing_extensions, soupsieve, sniffio, pysocks, idna, h11, certifi, attrs, wsproto, outcome, beautifulsoup4, trio, trio-websocket, selenium, interpark
[2024-11-23T17:09:15.466+0000] {process_utils.py:194} INFO - Successfully installed attrs-24.2.0 beautifulsoup4-4.12.3 certifi-2024.8.30 h11-0.14.0 idna-3.10 interpark-0.1.2 outcome-1.3.0.post0 pysocks-1.7.1 selenium-4.26.1 sniffio-1.3.1 sortedcontainers-2.4.0 soupsieve-2.6 trio-0.27.0 trio-websocket-0.11.1 typing_extensions-4.12.2 urllib3-2.2.3 websocket-client-1.8.0 wsproto-1.2.0
[2024-11-23T17:09:15.822+0000] {process_utils.py:186} INFO - Executing cmd: /tmp/venv_n9wplq4/bin/python /tmp/venv-call2apttnbf/script.py /tmp/venv-call2apttnbf/script.in /tmp/venv-call2apttnbf/script.out /tmp/venv-call2apttnbf/string_args.txt /tmp/venv-call2apttnbf/termination.log
[2024-11-23T17:09:15.823+0000] {process_utils.py:190} INFO - Output:
[2024-11-23T17:09:16.398+0000] {process_utils.py:194} INFO - Traceback (most recent call last):
[2024-11-23T17:09:16.398+0000] {process_utils.py:194} INFO -   File "/tmp/venv-call2apttnbf/script.py", line 48, in <module>
[2024-11-23T17:09:16.399+0000] {process_utils.py:194} INFO -     res = get_data(*arg_dict["args"], **arg_dict["kwargs"])
[2024-11-23T17:09:16.399+0000] {process_utils.py:194} INFO -           ^^^^^^^^^^^^^^^^^^^^^^^^^^^^^^^^^^^^^^^^^^^^^^^^^
[2024-11-23T17:09:16.399+0000] {process_utils.py:194} INFO -   File "/tmp/venv-call2apttnbf/script.py", line 20, in get_data
[2024-11-23T17:09:16.400+0000] {process_utils.py:194} INFO -     get_data = extract_container_html()
[2024-11-23T17:09:16.400+0000] {process_utils.py:194} INFO -                ^^^^^^^^^^^^^^^^^^^^^^^^
[2024-11-23T17:09:16.400+0000] {process_utils.py:194} INFO -   File "/tmp/venv_n9wplq4/lib/python3.12/site-packages/interpark/test.py", line 19, in extract_container_html
[2024-11-23T17:09:16.400+0000] {process_utils.py:194} INFO -     service = Service("/usr/local/bin/chromedriver")  # Chromedriver 경로 확인 필요
[2024-11-23T17:09:16.401+0000] {process_utils.py:194} INFO -               ^^^^^^^
[2024-11-23T17:09:16.401+0000] {process_utils.py:194} INFO - NameError: name 'Service' is not defined. Did you mean: 'service'?
[2024-11-23T17:09:16.499+0000] {taskinstance.py:3311} ERROR - Task failed with exception
Traceback (most recent call last):
  File "/home/airflow/.local/lib/python3.12/site-packages/airflow/models/taskinstance.py", line 767, in _execute_task
    result = _execute_callable(context=context, **execute_callable_kwargs)
             ^^^^^^^^^^^^^^^^^^^^^^^^^^^^^^^^^^^^^^^^^^^^^^^^^^^^^^^^^^^^^
  File "/home/airflow/.local/lib/python3.12/site-packages/airflow/models/taskinstance.py", line 733, in _execute_callable
    return ExecutionCallableRunner(
           ^^^^^^^^^^^^^^^^^^^^^^^^
  File "/home/airflow/.local/lib/python3.12/site-packages/airflow/utils/operator_helpers.py", line 252, in run
    return self.func(*args, **kwargs)
           ^^^^^^^^^^^^^^^^^^^^^^^^^^
  File "/home/airflow/.local/lib/python3.12/site-packages/airflow/models/baseoperator.py", line 417, in wrapper
    return func(self, *args, **kwargs)
           ^^^^^^^^^^^^^^^^^^^^^^^^^^^
  File "/home/airflow/.local/lib/python3.12/site-packages/airflow/operators/python.py", line 505, in execute
    return super().execute(context=serializable_context)
           ^^^^^^^^^^^^^^^^^^^^^^^^^^^^^^^^^^^^^^^^^^^^^
  File "/home/airflow/.local/lib/python3.12/site-packages/airflow/models/baseoperator.py", line 417, in wrapper
    return func(self, *args, **kwargs)
           ^^^^^^^^^^^^^^^^^^^^^^^^^^^
  File "/home/airflow/.local/lib/python3.12/site-packages/airflow/operators/python.py", line 238, in execute
    return_value = self.execute_callable()
                   ^^^^^^^^^^^^^^^^^^^^^^^
  File "/home/airflow/.local/lib/python3.12/site-packages/airflow/operators/python.py", line 870, in execute_callable
    result = self._execute_python_callable_in_subprocess(python_path)
             ^^^^^^^^^^^^^^^^^^^^^^^^^^^^^^^^^^^^^^^^^^^^^^^^^^^^^^^^
  File "/home/airflow/.local/lib/python3.12/site-packages/airflow/operators/python.py", line 588, in _execute_python_callable_in_subprocess
    raise AirflowException(error_msg) from None
airflow.exceptions.AirflowException: Process returned non-zero exit status 1.
name 'Service' is not defined
[2024-11-23T17:09:16.504+0000] {taskinstance.py:1225} INFO - Marking task as FAILED. dag_id=interpark_to_s3, task_id=extract, run_id=scheduled__2024-11-21T00:00:00+00:00, execution_date=20241121T000000, start_date=20241123T170904, end_date=20241123T170916
[2024-11-23T17:09:16.524+0000] {taskinstance.py:340} INFO - ::group::Post task execution logs
[2024-11-23T17:09:16.524+0000] {standard_task_runner.py:124} ERROR - Failed to execute job 55 for task extract (Process returned non-zero exit status 1.
name 'Service' is not defined; 901)
Traceback (most recent call last):
  File "/home/airflow/.local/lib/python3.12/site-packages/airflow/task/task_runner/standard_task_runner.py", line 117, in _start_by_fork
    ret = args.func(args, dag=self.dag)
          ^^^^^^^^^^^^^^^^^^^^^^^^^^^^^
  File "/home/airflow/.local/lib/python3.12/site-packages/airflow/cli/cli_config.py", line 49, in command
    return func(*args, **kwargs)
           ^^^^^^^^^^^^^^^^^^^^^
  File "/home/airflow/.local/lib/python3.12/site-packages/airflow/utils/cli.py", line 116, in wrapper
    return f(*args, **kwargs)
           ^^^^^^^^^^^^^^^^^^
  File "/home/airflow/.local/lib/python3.12/site-packages/airflow/cli/commands/task_command.py", line 483, in task_run
    task_return_code = _run_task_by_selected_method(args, _dag, ti)
                       ^^^^^^^^^^^^^^^^^^^^^^^^^^^^^^^^^^^^^^^^^^^^
  File "/home/airflow/.local/lib/python3.12/site-packages/airflow/cli/commands/task_command.py", line 256, in _run_task_by_selected_method
    return _run_raw_task(args, ti)
           ^^^^^^^^^^^^^^^^^^^^^^^
  File "/home/airflow/.local/lib/python3.12/site-packages/airflow/cli/commands/task_command.py", line 341, in _run_raw_task
    return ti._run_raw_task(
           ^^^^^^^^^^^^^^^^^
  File "/home/airflow/.local/lib/python3.12/site-packages/airflow/utils/session.py", line 97, in wrapper
    return func(*args, session=session, **kwargs)
           ^^^^^^^^^^^^^^^^^^^^^^^^^^^^^^^^^^^^^^
  File "/home/airflow/.local/lib/python3.12/site-packages/airflow/models/taskinstance.py", line 3005, in _run_raw_task
    return _run_raw_task(
           ^^^^^^^^^^^^^^
  File "/home/airflow/.local/lib/python3.12/site-packages/airflow/models/taskinstance.py", line 273, in _run_raw_task
    TaskInstance._execute_task_with_callbacks(
  File "/home/airflow/.local/lib/python3.12/site-packages/airflow/models/taskinstance.py", line 3159, in _execute_task_with_callbacks
    result = self._execute_task(context, task_orig)
             ^^^^^^^^^^^^^^^^^^^^^^^^^^^^^^^^^^^^^^
  File "/home/airflow/.local/lib/python3.12/site-packages/airflow/models/taskinstance.py", line 3183, in _execute_task
    return _execute_task(self, context, task_orig)
           ^^^^^^^^^^^^^^^^^^^^^^^^^^^^^^^^^^^^^^^
  File "/home/airflow/.local/lib/python3.12/site-packages/airflow/models/taskinstance.py", line 767, in _execute_task
    result = _execute_callable(context=context, **execute_callable_kwargs)
             ^^^^^^^^^^^^^^^^^^^^^^^^^^^^^^^^^^^^^^^^^^^^^^^^^^^^^^^^^^^^^
  File "/home/airflow/.local/lib/python3.12/site-packages/airflow/models/taskinstance.py", line 733, in _execute_callable
    return ExecutionCallableRunner(
           ^^^^^^^^^^^^^^^^^^^^^^^^
  File "/home/airflow/.local/lib/python3.12/site-packages/airflow/utils/operator_helpers.py", line 252, in run
    return self.func(*args, **kwargs)
           ^^^^^^^^^^^^^^^^^^^^^^^^^^
  File "/home/airflow/.local/lib/python3.12/site-packages/airflow/models/baseoperator.py", line 417, in wrapper
    return func(self, *args, **kwargs)
           ^^^^^^^^^^^^^^^^^^^^^^^^^^^
  File "/home/airflow/.local/lib/python3.12/site-packages/airflow/operators/python.py", line 505, in execute
    return super().execute(context=serializable_context)
           ^^^^^^^^^^^^^^^^^^^^^^^^^^^^^^^^^^^^^^^^^^^^^
  File "/home/airflow/.local/lib/python3.12/site-packages/airflow/models/baseoperator.py", line 417, in wrapper
    return func(self, *args, **kwargs)
           ^^^^^^^^^^^^^^^^^^^^^^^^^^^
  File "/home/airflow/.local/lib/python3.12/site-packages/airflow/operators/python.py", line 238, in execute
    return_value = self.execute_callable()
                   ^^^^^^^^^^^^^^^^^^^^^^^
  File "/home/airflow/.local/lib/python3.12/site-packages/airflow/operators/python.py", line 870, in execute_callable
    result = self._execute_python_callable_in_subprocess(python_path)
             ^^^^^^^^^^^^^^^^^^^^^^^^^^^^^^^^^^^^^^^^^^^^^^^^^^^^^^^^
  File "/home/airflow/.local/lib/python3.12/site-packages/airflow/operators/python.py", line 588, in _execute_python_callable_in_subprocess
    raise AirflowException(error_msg) from None
airflow.exceptions.AirflowException: Process returned non-zero exit status 1.
name 'Service' is not defined
[2024-11-23T17:09:16.561+0000] {local_task_job_runner.py:266} INFO - Task exited with return code 1
[2024-11-23T17:09:16.577+0000] {taskinstance.py:3895} INFO - 0 downstream tasks scheduled from follow-on schedule check
[2024-11-23T17:09:16.585+0000] {local_task_job_runner.py:245} INFO - ::endgroup::
