[2024-11-24T03:32:55.316+0000] {local_task_job_runner.py:123} INFO - ::group::Pre task execution logs
[2024-11-24T03:32:55.349+0000] {taskinstance.py:2613} INFO - Dependencies all met for dep_context=non-requeueable deps ti=<TaskInstance: interpark_to_s3.extract scheduled__2024-11-21T00:00:00+00:00 [queued]>
[2024-11-24T03:32:55.369+0000] {taskinstance.py:2613} INFO - Dependencies all met for dep_context=requeueable deps ti=<TaskInstance: interpark_to_s3.extract scheduled__2024-11-21T00:00:00+00:00 [queued]>
[2024-11-24T03:32:55.369+0000] {taskinstance.py:2866} INFO - Starting attempt 18 of 19
[2024-11-24T03:32:55.400+0000] {taskinstance.py:2889} INFO - Executing <Task(PythonVirtualenvOperator): extract> on 2024-11-21 00:00:00+00:00
[2024-11-24T03:32:55.406+0000] {warnings.py:112} WARNING - /home/***/.local/lib/python3.12/site-packages/***/task/task_runner/standard_task_runner.py:70: DeprecationWarning: This process (pid=308) is multi-threaded, use of fork() may lead to deadlocks in the child.
  pid = os.fork()

[2024-11-24T03:32:55.407+0000] {standard_task_runner.py:72} INFO - Started process 309 to run task
[2024-11-24T03:32:55.408+0000] {standard_task_runner.py:104} INFO - Running: ['***', 'tasks', 'run', 'interpark_to_s3', 'extract', 'scheduled__2024-11-21T00:00:00+00:00', '--job-id', '66', '--raw', '--subdir', 'DAGS_FOLDER/test.py', '--cfg-path', '/tmp/tmp96__rup0']
[2024-11-24T03:32:55.410+0000] {standard_task_runner.py:105} INFO - Job 66: Subtask extract
[2024-11-24T03:32:55.486+0000] {task_command.py:467} INFO - Running <TaskInstance: interpark_to_s3.extract scheduled__2024-11-21T00:00:00+00:00 [running]> on host d15bd1695070
[2024-11-24T03:32:55.614+0000] {taskinstance.py:3132} INFO - Exporting env vars: AIRFLOW_CTX_DAG_OWNER='***' AIRFLOW_CTX_DAG_ID='interpark_to_s3' AIRFLOW_CTX_TASK_ID='extract' AIRFLOW_CTX_EXECUTION_DATE='2024-11-21T00:00:00+00:00' AIRFLOW_CTX_TRY_NUMBER='18' AIRFLOW_CTX_DAG_RUN_ID='scheduled__2024-11-21T00:00:00+00:00'
[2024-11-24T03:32:55.615+0000] {taskinstance.py:731} INFO - ::endgroup::
[2024-11-24T03:32:55.637+0000] {baseoperator.py:416} WARNING - PythonVirtualenvOperator.execute cannot be called outside TaskInstance!
[2024-11-24T03:32:55.638+0000] {process_utils.py:186} INFO - Executing cmd: /home/***/.local/bin/python -m virtualenv /tmp/venvs7c45wnk --python=python
[2024-11-24T03:32:55.639+0000] {process_utils.py:190} INFO - Output:
[2024-11-24T03:32:56.842+0000] {process_utils.py:194} INFO - created virtual environment CPython3.12.7.final.0-64 in 292ms
[2024-11-24T03:32:56.842+0000] {process_utils.py:194} INFO -   creator CPython3Posix(dest=/tmp/venvs7c45wnk, clear=False, no_vcs_ignore=False, global=False)
[2024-11-24T03:32:56.843+0000] {process_utils.py:194} INFO -   seeder FromAppData(download=False, pip=bundle, via=copy, app_data_dir=/home/***/.local/share/virtualenv)
[2024-11-24T03:32:56.843+0000] {process_utils.py:194} INFO -     added seed packages: pip==24.3.1
[2024-11-24T03:32:56.844+0000] {process_utils.py:194} INFO -   activators BashActivator,CShellActivator,FishActivator,NushellActivator,PowerShellActivator,PythonActivator
[2024-11-24T03:32:56.885+0000] {process_utils.py:186} INFO - Executing cmd: /tmp/venvs7c45wnk/bin/pip install -r /tmp/venvs7c45wnk/requirements.txt
[2024-11-24T03:32:56.887+0000] {process_utils.py:190} INFO - Output:
[2024-11-24T03:32:59.286+0000] {process_utils.py:194} INFO - Collecting git+https://github.com/hahahellooo/interpark.git@0.3/new_crawling (from -r /tmp/venvs7c45wnk/requirements.txt (line 1))
[2024-11-24T03:32:59.289+0000] {process_utils.py:194} INFO -   Cloning https://github.com/hahahellooo/interpark.git (to revision 0.3/new_crawling) to /tmp/pip-req-build-l27e458r
[2024-11-24T03:32:59.293+0000] {process_utils.py:194} INFO -   Running command git clone --filter=blob:none --quiet https://github.com/hahahellooo/interpark.git /tmp/pip-req-build-l27e458r
[2024-11-24T03:33:00.869+0000] {process_utils.py:194} INFO -   Running command git checkout -b 0.3/new_crawling --track origin/0.3/new_crawling
[2024-11-24T03:33:01.537+0000] {process_utils.py:194} INFO -   Switched to a new branch '0.3/new_crawling'
[2024-11-24T03:33:01.538+0000] {process_utils.py:194} INFO -   branch '0.3/new_crawling' set up to track 'origin/0.3/new_crawling'.
[2024-11-24T03:33:01.538+0000] {process_utils.py:194} INFO -   Resolved https://github.com/hahahellooo/interpark.git to commit 43367c71a9c6f4158dbacbe2cb23a99d6772336d
[2024-11-24T03:33:01.550+0000] {process_utils.py:194} INFO -   Installing build dependencies: started
[2024-11-24T03:33:06.186+0000] {process_utils.py:194} INFO -   Installing build dependencies: finished with status 'done'
[2024-11-24T03:33:06.187+0000] {process_utils.py:194} INFO -   Getting requirements to build wheel: started
[2024-11-24T03:33:07.500+0000] {process_utils.py:194} INFO -   Getting requirements to build wheel: finished with status 'done'
[2024-11-24T03:33:07.502+0000] {process_utils.py:194} INFO -   Preparing metadata (pyproject.toml): started
[2024-11-24T03:33:08.705+0000] {process_utils.py:194} INFO -   Preparing metadata (pyproject.toml): finished with status 'done'
[2024-11-24T03:33:08.889+0000] {process_utils.py:194} INFO - Collecting selenium>=4.26.1 (from interpark==0.1.2->-r /tmp/venvs7c45wnk/requirements.txt (line 1))
[2024-11-24T03:33:08.891+0000] {process_utils.py:194} INFO -   Using cached selenium-4.26.1-py3-none-any.whl.metadata (7.1 kB)
[2024-11-24T03:33:08.939+0000] {process_utils.py:194} INFO - Collecting beautifulsoup4>=4.12.3 (from interpark==0.1.2->-r /tmp/venvs7c45wnk/requirements.txt (line 1))
[2024-11-24T03:33:08.941+0000] {process_utils.py:194} INFO -   Using cached beautifulsoup4-4.12.3-py3-none-any.whl.metadata (3.8 kB)
[2024-11-24T03:33:08.997+0000] {process_utils.py:194} INFO - Collecting soupsieve>1.2 (from beautifulsoup4>=4.12.3->interpark==0.1.2->-r /tmp/venvs7c45wnk/requirements.txt (line 1))
[2024-11-24T03:33:08.999+0000] {process_utils.py:194} INFO -   Using cached soupsieve-2.6-py3-none-any.whl.metadata (4.6 kB)
[2024-11-24T03:33:09.091+0000] {process_utils.py:194} INFO - Collecting urllib3<3,>=1.26 (from urllib3[socks]<3,>=1.26->selenium>=4.26.1->interpark==0.1.2->-r /tmp/venvs7c45wnk/requirements.txt (line 1))
[2024-11-24T03:33:09.092+0000] {process_utils.py:194} INFO -   Using cached urllib3-2.2.3-py3-none-any.whl.metadata (6.5 kB)
[2024-11-24T03:33:09.139+0000] {process_utils.py:194} INFO - Collecting trio~=0.17 (from selenium>=4.26.1->interpark==0.1.2->-r /tmp/venvs7c45wnk/requirements.txt (line 1))
[2024-11-24T03:33:09.141+0000] {process_utils.py:194} INFO -   Using cached trio-0.27.0-py3-none-any.whl.metadata (8.6 kB)
[2024-11-24T03:33:09.176+0000] {process_utils.py:194} INFO - Collecting trio-websocket~=0.9 (from selenium>=4.26.1->interpark==0.1.2->-r /tmp/venvs7c45wnk/requirements.txt (line 1))
[2024-11-24T03:33:09.181+0000] {process_utils.py:194} INFO -   Using cached trio_websocket-0.11.1-py3-none-any.whl.metadata (4.7 kB)
[2024-11-24T03:33:09.222+0000] {process_utils.py:194} INFO - Collecting certifi>=2021.10.8 (from selenium>=4.26.1->interpark==0.1.2->-r /tmp/venvs7c45wnk/requirements.txt (line 1))
[2024-11-24T03:33:09.224+0000] {process_utils.py:194} INFO -   Using cached certifi-2024.8.30-py3-none-any.whl.metadata (2.2 kB)
[2024-11-24T03:33:09.270+0000] {process_utils.py:194} INFO - Collecting typing_extensions~=4.9 (from selenium>=4.26.1->interpark==0.1.2->-r /tmp/venvs7c45wnk/requirements.txt (line 1))
[2024-11-24T03:33:09.272+0000] {process_utils.py:194} INFO -   Using cached typing_extensions-4.12.2-py3-none-any.whl.metadata (3.0 kB)
[2024-11-24T03:33:09.324+0000] {process_utils.py:194} INFO - Collecting websocket-client~=1.8 (from selenium>=4.26.1->interpark==0.1.2->-r /tmp/venvs7c45wnk/requirements.txt (line 1))
[2024-11-24T03:33:09.326+0000] {process_utils.py:194} INFO -   Using cached websocket_client-1.8.0-py3-none-any.whl.metadata (8.0 kB)
[2024-11-24T03:33:09.377+0000] {process_utils.py:194} INFO - Collecting attrs>=23.2.0 (from trio~=0.17->selenium>=4.26.1->interpark==0.1.2->-r /tmp/venvs7c45wnk/requirements.txt (line 1))
[2024-11-24T03:33:09.382+0000] {process_utils.py:194} INFO -   Using cached attrs-24.2.0-py3-none-any.whl.metadata (11 kB)
[2024-11-24T03:33:09.440+0000] {process_utils.py:194} INFO - Collecting sortedcontainers (from trio~=0.17->selenium>=4.26.1->interpark==0.1.2->-r /tmp/venvs7c45wnk/requirements.txt (line 1))
[2024-11-24T03:33:09.442+0000] {process_utils.py:194} INFO -   Using cached sortedcontainers-2.4.0-py2.py3-none-any.whl.metadata (10 kB)
[2024-11-24T03:33:09.484+0000] {process_utils.py:194} INFO - Collecting idna (from trio~=0.17->selenium>=4.26.1->interpark==0.1.2->-r /tmp/venvs7c45wnk/requirements.txt (line 1))
[2024-11-24T03:33:09.486+0000] {process_utils.py:194} INFO -   Using cached idna-3.10-py3-none-any.whl.metadata (10 kB)
[2024-11-24T03:33:09.518+0000] {process_utils.py:194} INFO - Collecting outcome (from trio~=0.17->selenium>=4.26.1->interpark==0.1.2->-r /tmp/venvs7c45wnk/requirements.txt (line 1))
[2024-11-24T03:33:09.520+0000] {process_utils.py:194} INFO -   Using cached outcome-1.3.0.post0-py2.py3-none-any.whl.metadata (2.6 kB)
[2024-11-24T03:33:09.547+0000] {process_utils.py:194} INFO - Collecting sniffio>=1.3.0 (from trio~=0.17->selenium>=4.26.1->interpark==0.1.2->-r /tmp/venvs7c45wnk/requirements.txt (line 1))
[2024-11-24T03:33:09.549+0000] {process_utils.py:194} INFO -   Using cached sniffio-1.3.1-py3-none-any.whl.metadata (3.9 kB)
[2024-11-24T03:33:09.589+0000] {process_utils.py:194} INFO - Collecting wsproto>=0.14 (from trio-websocket~=0.9->selenium>=4.26.1->interpark==0.1.2->-r /tmp/venvs7c45wnk/requirements.txt (line 1))
[2024-11-24T03:33:09.592+0000] {process_utils.py:194} INFO -   Using cached wsproto-1.2.0-py3-none-any.whl.metadata (5.6 kB)
[2024-11-24T03:33:09.636+0000] {process_utils.py:194} INFO - Collecting pysocks!=1.5.7,<2.0,>=1.5.6 (from urllib3[socks]<3,>=1.26->selenium>=4.26.1->interpark==0.1.2->-r /tmp/venvs7c45wnk/requirements.txt (line 1))
[2024-11-24T03:33:09.638+0000] {process_utils.py:194} INFO -   Using cached PySocks-1.7.1-py3-none-any.whl.metadata (13 kB)
[2024-11-24T03:33:09.686+0000] {process_utils.py:194} INFO - Collecting h11<1,>=0.9.0 (from wsproto>=0.14->trio-websocket~=0.9->selenium>=4.26.1->interpark==0.1.2->-r /tmp/venvs7c45wnk/requirements.txt (line 1))
[2024-11-24T03:33:09.690+0000] {process_utils.py:194} INFO -   Using cached h11-0.14.0-py3-none-any.whl.metadata (8.2 kB)
[2024-11-24T03:33:09.711+0000] {process_utils.py:194} INFO - Using cached beautifulsoup4-4.12.3-py3-none-any.whl (147 kB)
[2024-11-24T03:33:09.715+0000] {process_utils.py:194} INFO - Using cached selenium-4.26.1-py3-none-any.whl (9.7 MB)
[2024-11-24T03:33:09.728+0000] {process_utils.py:194} INFO - Using cached certifi-2024.8.30-py3-none-any.whl (167 kB)
[2024-11-24T03:33:09.732+0000] {process_utils.py:194} INFO - Using cached soupsieve-2.6-py3-none-any.whl (36 kB)
[2024-11-24T03:33:09.734+0000] {process_utils.py:194} INFO - Using cached trio-0.27.0-py3-none-any.whl (481 kB)
[2024-11-24T03:33:09.737+0000] {process_utils.py:194} INFO - Using cached trio_websocket-0.11.1-py3-none-any.whl (17 kB)
[2024-11-24T03:33:09.741+0000] {process_utils.py:194} INFO - Using cached typing_extensions-4.12.2-py3-none-any.whl (37 kB)
[2024-11-24T03:33:09.746+0000] {process_utils.py:194} INFO - Using cached urllib3-2.2.3-py3-none-any.whl (126 kB)
[2024-11-24T03:33:09.750+0000] {process_utils.py:194} INFO - Using cached websocket_client-1.8.0-py3-none-any.whl (58 kB)
[2024-11-24T03:33:09.754+0000] {process_utils.py:194} INFO - Using cached attrs-24.2.0-py3-none-any.whl (63 kB)
[2024-11-24T03:33:09.757+0000] {process_utils.py:194} INFO - Using cached PySocks-1.7.1-py3-none-any.whl (16 kB)
[2024-11-24T03:33:09.759+0000] {process_utils.py:194} INFO - Using cached sniffio-1.3.1-py3-none-any.whl (10 kB)
[2024-11-24T03:33:09.761+0000] {process_utils.py:194} INFO - Using cached wsproto-1.2.0-py3-none-any.whl (24 kB)
[2024-11-24T03:33:09.765+0000] {process_utils.py:194} INFO - Using cached idna-3.10-py3-none-any.whl (70 kB)
[2024-11-24T03:33:09.768+0000] {process_utils.py:194} INFO - Using cached outcome-1.3.0.post0-py2.py3-none-any.whl (10 kB)
[2024-11-24T03:33:09.771+0000] {process_utils.py:194} INFO - Using cached sortedcontainers-2.4.0-py2.py3-none-any.whl (29 kB)
[2024-11-24T03:33:09.774+0000] {process_utils.py:194} INFO - Using cached h11-0.14.0-py3-none-any.whl (58 kB)
[2024-11-24T03:33:09.853+0000] {process_utils.py:194} INFO - Building wheels for collected packages: interpark
[2024-11-24T03:33:09.860+0000] {process_utils.py:194} INFO -   Building wheel for interpark (pyproject.toml): started
[2024-11-24T03:33:11.155+0000] {process_utils.py:194} INFO -   Building wheel for interpark (pyproject.toml): finished with status 'done'
[2024-11-24T03:33:11.157+0000] {process_utils.py:194} INFO -   Created wheel for interpark: filename=interpark-0.1.2-py3-none-any.whl size=19065 sha256=f616ce37fab0b0fe010a8ba8b38cacccfe5a5ac2adea4800cb8905baeb2067b9
[2024-11-24T03:33:11.157+0000] {process_utils.py:194} INFO -   Stored in directory: /tmp/pip-ephem-wheel-cache-1pmffwov/wheels/3b/e3/3f/2198c53e48ab1c477124eda1522aad636d2590cc0e6349feda
[2024-11-24T03:33:11.161+0000] {process_utils.py:194} INFO - Successfully built interpark
[2024-11-24T03:33:11.226+0000] {process_utils.py:194} INFO - Installing collected packages: sortedcontainers, websocket-client, urllib3, typing_extensions, soupsieve, sniffio, pysocks, idna, h11, certifi, attrs, wsproto, outcome, beautifulsoup4, trio, trio-websocket, selenium, interpark
[2024-11-24T03:33:14.998+0000] {process_utils.py:194} INFO - Successfully installed attrs-24.2.0 beautifulsoup4-4.12.3 certifi-2024.8.30 h11-0.14.0 idna-3.10 interpark-0.1.2 outcome-1.3.0.post0 pysocks-1.7.1 selenium-4.26.1 sniffio-1.3.1 sortedcontainers-2.4.0 soupsieve-2.6 trio-0.27.0 trio-websocket-0.11.1 typing_extensions-4.12.2 urllib3-2.2.3 websocket-client-1.8.0 wsproto-1.2.0
[2024-11-24T03:33:15.507+0000] {process_utils.py:186} INFO - Executing cmd: /tmp/venvs7c45wnk/bin/python /tmp/venv-callopitc_os/script.py /tmp/venv-callopitc_os/script.in /tmp/venv-callopitc_os/script.out /tmp/venv-callopitc_os/string_args.txt /tmp/venv-callopitc_os/termination.log
[2024-11-24T03:33:15.509+0000] {process_utils.py:190} INFO - Output:
[2024-11-24T03:33:16.603+0000] {process_utils.py:194} INFO - Traceback (most recent call last):
[2024-11-24T03:33:16.604+0000] {process_utils.py:194} INFO -   File "/tmp/venv-callopitc_os/script.py", line 48, in <module>
[2024-11-24T03:33:16.605+0000] {process_utils.py:194} INFO -     res = get_data(*arg_dict["args"], **arg_dict["kwargs"])
[2024-11-24T03:33:16.606+0000] {process_utils.py:194} INFO -           ^^^^^^^^^^^^^^^^^^^^^^^^^^^^^^^^^^^^^^^^^^^^^^^^^
[2024-11-24T03:33:16.606+0000] {process_utils.py:194} INFO -   File "/tmp/venv-callopitc_os/script.py", line 19, in get_data
[2024-11-24T03:33:16.607+0000] {process_utils.py:194} INFO -     from interpark.test import extract_container_html
[2024-11-24T03:33:16.608+0000] {process_utils.py:194} INFO -   File "/tmp/venvs7c45wnk/lib/python3.12/site-packages/interpark/test.py", line 8, in <module>
[2024-11-24T03:33:16.608+0000] {process_utils.py:194} INFO -     from webdriver_manager.chrome import ChromeDriverManager
[2024-11-24T03:33:16.609+0000] {process_utils.py:194} INFO - ModuleNotFoundError: No module named 'webdriver_manager'
[2024-11-24T03:33:16.814+0000] {taskinstance.py:3311} ERROR - Task failed with exception
Traceback (most recent call last):
  File "/home/airflow/.local/lib/python3.12/site-packages/airflow/models/taskinstance.py", line 767, in _execute_task
    result = _execute_callable(context=context, **execute_callable_kwargs)
             ^^^^^^^^^^^^^^^^^^^^^^^^^^^^^^^^^^^^^^^^^^^^^^^^^^^^^^^^^^^^^
  File "/home/airflow/.local/lib/python3.12/site-packages/airflow/models/taskinstance.py", line 733, in _execute_callable
    return ExecutionCallableRunner(
           ^^^^^^^^^^^^^^^^^^^^^^^^
  File "/home/airflow/.local/lib/python3.12/site-packages/airflow/utils/operator_helpers.py", line 252, in run
    return self.func(*args, **kwargs)
           ^^^^^^^^^^^^^^^^^^^^^^^^^^
  File "/home/airflow/.local/lib/python3.12/site-packages/airflow/models/baseoperator.py", line 417, in wrapper
    return func(self, *args, **kwargs)
           ^^^^^^^^^^^^^^^^^^^^^^^^^^^
  File "/home/airflow/.local/lib/python3.12/site-packages/airflow/operators/python.py", line 505, in execute
    return super().execute(context=serializable_context)
           ^^^^^^^^^^^^^^^^^^^^^^^^^^^^^^^^^^^^^^^^^^^^^
  File "/home/airflow/.local/lib/python3.12/site-packages/airflow/models/baseoperator.py", line 417, in wrapper
    return func(self, *args, **kwargs)
           ^^^^^^^^^^^^^^^^^^^^^^^^^^^
  File "/home/airflow/.local/lib/python3.12/site-packages/airflow/operators/python.py", line 238, in execute
    return_value = self.execute_callable()
                   ^^^^^^^^^^^^^^^^^^^^^^^
  File "/home/airflow/.local/lib/python3.12/site-packages/airflow/operators/python.py", line 870, in execute_callable
    result = self._execute_python_callable_in_subprocess(python_path)
             ^^^^^^^^^^^^^^^^^^^^^^^^^^^^^^^^^^^^^^^^^^^^^^^^^^^^^^^^
  File "/home/airflow/.local/lib/python3.12/site-packages/airflow/operators/python.py", line 588, in _execute_python_callable_in_subprocess
    raise AirflowException(error_msg) from None
airflow.exceptions.AirflowException: Process returned non-zero exit status 1.
No module named 'webdriver_manager'
[2024-11-24T03:33:16.831+0000] {taskinstance.py:1225} INFO - Marking task as UP_FOR_RETRY. dag_id=interpark_to_s3, task_id=extract, run_id=scheduled__2024-11-21T00:00:00+00:00, execution_date=20241121T000000, start_date=20241124T033255, end_date=20241124T033316
[2024-11-24T03:33:16.876+0000] {taskinstance.py:340} INFO - ::group::Post task execution logs
[2024-11-24T03:33:16.877+0000] {standard_task_runner.py:124} ERROR - Failed to execute job 66 for task extract (Process returned non-zero exit status 1.
No module named 'webdriver_manager'; 309)
Traceback (most recent call last):
  File "/home/airflow/.local/lib/python3.12/site-packages/airflow/task/task_runner/standard_task_runner.py", line 117, in _start_by_fork
    ret = args.func(args, dag=self.dag)
          ^^^^^^^^^^^^^^^^^^^^^^^^^^^^^
  File "/home/airflow/.local/lib/python3.12/site-packages/airflow/cli/cli_config.py", line 49, in command
    return func(*args, **kwargs)
           ^^^^^^^^^^^^^^^^^^^^^
  File "/home/airflow/.local/lib/python3.12/site-packages/airflow/utils/cli.py", line 116, in wrapper
    return f(*args, **kwargs)
           ^^^^^^^^^^^^^^^^^^
  File "/home/airflow/.local/lib/python3.12/site-packages/airflow/cli/commands/task_command.py", line 483, in task_run
    task_return_code = _run_task_by_selected_method(args, _dag, ti)
                       ^^^^^^^^^^^^^^^^^^^^^^^^^^^^^^^^^^^^^^^^^^^^
  File "/home/airflow/.local/lib/python3.12/site-packages/airflow/cli/commands/task_command.py", line 256, in _run_task_by_selected_method
    return _run_raw_task(args, ti)
           ^^^^^^^^^^^^^^^^^^^^^^^
  File "/home/airflow/.local/lib/python3.12/site-packages/airflow/cli/commands/task_command.py", line 341, in _run_raw_task
    return ti._run_raw_task(
           ^^^^^^^^^^^^^^^^^
  File "/home/airflow/.local/lib/python3.12/site-packages/airflow/utils/session.py", line 97, in wrapper
    return func(*args, session=session, **kwargs)
           ^^^^^^^^^^^^^^^^^^^^^^^^^^^^^^^^^^^^^^
  File "/home/airflow/.local/lib/python3.12/site-packages/airflow/models/taskinstance.py", line 3005, in _run_raw_task
    return _run_raw_task(
           ^^^^^^^^^^^^^^
  File "/home/airflow/.local/lib/python3.12/site-packages/airflow/models/taskinstance.py", line 273, in _run_raw_task
    TaskInstance._execute_task_with_callbacks(
  File "/home/airflow/.local/lib/python3.12/site-packages/airflow/models/taskinstance.py", line 3159, in _execute_task_with_callbacks
    result = self._execute_task(context, task_orig)
             ^^^^^^^^^^^^^^^^^^^^^^^^^^^^^^^^^^^^^^
  File "/home/airflow/.local/lib/python3.12/site-packages/airflow/models/taskinstance.py", line 3183, in _execute_task
    return _execute_task(self, context, task_orig)
           ^^^^^^^^^^^^^^^^^^^^^^^^^^^^^^^^^^^^^^^
  File "/home/airflow/.local/lib/python3.12/site-packages/airflow/models/taskinstance.py", line 767, in _execute_task
    result = _execute_callable(context=context, **execute_callable_kwargs)
             ^^^^^^^^^^^^^^^^^^^^^^^^^^^^^^^^^^^^^^^^^^^^^^^^^^^^^^^^^^^^^
  File "/home/airflow/.local/lib/python3.12/site-packages/airflow/models/taskinstance.py", line 733, in _execute_callable
    return ExecutionCallableRunner(
           ^^^^^^^^^^^^^^^^^^^^^^^^
  File "/home/airflow/.local/lib/python3.12/site-packages/airflow/utils/operator_helpers.py", line 252, in run
    return self.func(*args, **kwargs)
           ^^^^^^^^^^^^^^^^^^^^^^^^^^
  File "/home/airflow/.local/lib/python3.12/site-packages/airflow/models/baseoperator.py", line 417, in wrapper
    return func(self, *args, **kwargs)
           ^^^^^^^^^^^^^^^^^^^^^^^^^^^
  File "/home/airflow/.local/lib/python3.12/site-packages/airflow/operators/python.py", line 505, in execute
    return super().execute(context=serializable_context)
           ^^^^^^^^^^^^^^^^^^^^^^^^^^^^^^^^^^^^^^^^^^^^^
  File "/home/airflow/.local/lib/python3.12/site-packages/airflow/models/baseoperator.py", line 417, in wrapper
    return func(self, *args, **kwargs)
           ^^^^^^^^^^^^^^^^^^^^^^^^^^^
  File "/home/airflow/.local/lib/python3.12/site-packages/airflow/operators/python.py", line 238, in execute
    return_value = self.execute_callable()
                   ^^^^^^^^^^^^^^^^^^^^^^^
  File "/home/airflow/.local/lib/python3.12/site-packages/airflow/operators/python.py", line 870, in execute_callable
    result = self._execute_python_callable_in_subprocess(python_path)
             ^^^^^^^^^^^^^^^^^^^^^^^^^^^^^^^^^^^^^^^^^^^^^^^^^^^^^^^^
  File "/home/airflow/.local/lib/python3.12/site-packages/airflow/operators/python.py", line 588, in _execute_python_callable_in_subprocess
    raise AirflowException(error_msg) from None
airflow.exceptions.AirflowException: Process returned non-zero exit status 1.
No module named 'webdriver_manager'
[2024-11-24T03:33:16.910+0000] {local_task_job_runner.py:266} INFO - Task exited with return code 1
[2024-11-24T03:33:16.924+0000] {local_task_job_runner.py:245} INFO - ::endgroup::
