[2024-11-24T05:11:43.738+0000] {local_task_job_runner.py:123} INFO - ::group::Pre task execution logs
[2024-11-24T05:11:43.754+0000] {taskinstance.py:2613} INFO - Dependencies all met for dep_context=non-requeueable deps ti=<TaskInstance: interpark_to_s3.extract scheduled__2024-11-23T00:00:00+00:00 [queued]>
[2024-11-24T05:11:43.765+0000] {taskinstance.py:2613} INFO - Dependencies all met for dep_context=requeueable deps ti=<TaskInstance: interpark_to_s3.extract scheduled__2024-11-23T00:00:00+00:00 [queued]>
[2024-11-24T05:11:43.765+0000] {taskinstance.py:2866} INFO - Starting attempt 5 of 6
[2024-11-24T05:11:43.781+0000] {taskinstance.py:2889} INFO - Executing <Task(PythonVirtualenvOperator): extract> on 2024-11-23 00:00:00+00:00
[2024-11-24T05:11:43.786+0000] {warnings.py:112} WARNING - /home/***/.local/lib/python3.12/site-packages/***/task/task_runner/standard_task_runner.py:70: DeprecationWarning: This process (pid=148) is multi-threaded, use of fork() may lead to deadlocks in the child.
  pid = os.fork()

[2024-11-24T05:11:43.787+0000] {standard_task_runner.py:72} INFO - Started process 149 to run task
[2024-11-24T05:11:43.787+0000] {standard_task_runner.py:104} INFO - Running: ['***', 'tasks', 'run', 'interpark_to_s3', 'extract', 'scheduled__2024-11-23T00:00:00+00:00', '--job-id', '76', '--raw', '--subdir', 'DAGS_FOLDER/test.py', '--cfg-path', '/tmp/tmp74_vd3u9']
[2024-11-24T05:11:43.788+0000] {standard_task_runner.py:105} INFO - Job 76: Subtask extract
[2024-11-24T05:11:43.835+0000] {task_command.py:467} INFO - Running <TaskInstance: interpark_to_s3.extract scheduled__2024-11-23T00:00:00+00:00 [running]> on host ef61030ebc7b
[2024-11-24T05:11:43.918+0000] {taskinstance.py:3132} INFO - Exporting env vars: AIRFLOW_CTX_DAG_OWNER='***' AIRFLOW_CTX_DAG_ID='interpark_to_s3' AIRFLOW_CTX_TASK_ID='extract' AIRFLOW_CTX_EXECUTION_DATE='2024-11-23T00:00:00+00:00' AIRFLOW_CTX_TRY_NUMBER='5' AIRFLOW_CTX_DAG_RUN_ID='scheduled__2024-11-23T00:00:00+00:00'
[2024-11-24T05:11:43.919+0000] {taskinstance.py:731} INFO - ::endgroup::
[2024-11-24T05:11:43.933+0000] {baseoperator.py:416} WARNING - PythonVirtualenvOperator.execute cannot be called outside TaskInstance!
[2024-11-24T05:11:43.934+0000] {process_utils.py:186} INFO - Executing cmd: /home/***/.local/bin/python -m virtualenv /tmp/venvwr75_2vw --python=python
[2024-11-24T05:11:43.935+0000] {process_utils.py:190} INFO - Output:
[2024-11-24T05:11:44.708+0000] {process_utils.py:194} INFO - created virtual environment CPython3.12.7.final.0-64 in 187ms
[2024-11-24T05:11:44.709+0000] {process_utils.py:194} INFO -   creator CPython3Posix(dest=/tmp/venvwr75_2vw, clear=False, no_vcs_ignore=False, global=False)
[2024-11-24T05:11:44.710+0000] {process_utils.py:194} INFO -   seeder FromAppData(download=False, pip=bundle, via=copy, app_data_dir=/home/***/.local/share/virtualenv)
[2024-11-24T05:11:44.710+0000] {process_utils.py:194} INFO -     added seed packages: pip==24.3.1
[2024-11-24T05:11:44.710+0000] {process_utils.py:194} INFO -   activators BashActivator,CShellActivator,FishActivator,NushellActivator,PowerShellActivator,PythonActivator
[2024-11-24T05:11:44.739+0000] {process_utils.py:186} INFO - Executing cmd: /tmp/venvwr75_2vw/bin/pip install -r /tmp/venvwr75_2vw/requirements.txt
[2024-11-24T05:11:44.743+0000] {process_utils.py:190} INFO - Output:
[2024-11-24T05:11:46.168+0000] {process_utils.py:194} INFO - Collecting git+https://github.com/hahahellooo/interpark.git@0.3/new_crawling (from -r /tmp/venvwr75_2vw/requirements.txt (line 1))
[2024-11-24T05:11:46.169+0000] {process_utils.py:194} INFO -   Cloning https://github.com/hahahellooo/interpark.git (to revision 0.3/new_crawling) to /tmp/pip-req-build-pikdli7u
[2024-11-24T05:11:46.171+0000] {process_utils.py:194} INFO -   Running command git clone --filter=blob:none --quiet https://github.com/hahahellooo/interpark.git /tmp/pip-req-build-pikdli7u
[2024-11-24T05:11:47.417+0000] {process_utils.py:194} INFO -   Running command git checkout -b 0.3/new_crawling --track origin/0.3/new_crawling
[2024-11-24T05:11:47.915+0000] {process_utils.py:194} INFO -   Switched to a new branch '0.3/new_crawling'
[2024-11-24T05:11:47.916+0000] {process_utils.py:194} INFO -   branch '0.3/new_crawling' set up to track 'origin/0.3/new_crawling'.
[2024-11-24T05:11:47.916+0000] {process_utils.py:194} INFO -   Resolved https://github.com/hahahellooo/interpark.git to commit 379e6cf1ae77a0a5c64830a315ded1cc0586f658
[2024-11-24T05:11:47.922+0000] {process_utils.py:194} INFO -   Installing build dependencies: started
[2024-11-24T05:11:49.956+0000] {process_utils.py:194} INFO -   Installing build dependencies: finished with status 'done'
[2024-11-24T05:11:49.957+0000] {process_utils.py:194} INFO -   Getting requirements to build wheel: started
[2024-11-24T05:11:50.612+0000] {process_utils.py:194} INFO -   Getting requirements to build wheel: finished with status 'done'
[2024-11-24T05:11:50.613+0000] {process_utils.py:194} INFO -   Preparing metadata (pyproject.toml): started
[2024-11-24T05:11:51.257+0000] {process_utils.py:194} INFO -   Preparing metadata (pyproject.toml): finished with status 'done'
[2024-11-24T05:11:51.366+0000] {process_utils.py:194} INFO - Collecting selenium>=4.26.1 (from interpark==0.1.2->-r /tmp/venvwr75_2vw/requirements.txt (line 1))
[2024-11-24T05:11:51.418+0000] {process_utils.py:194} INFO -   Downloading selenium-4.26.1-py3-none-any.whl.metadata (7.1 kB)
[2024-11-24T05:11:51.471+0000] {process_utils.py:194} INFO - Collecting beautifulsoup4>=4.12.3 (from interpark==0.1.2->-r /tmp/venvwr75_2vw/requirements.txt (line 1))
[2024-11-24T05:11:51.478+0000] {process_utils.py:194} INFO -   Downloading beautifulsoup4-4.12.3-py3-none-any.whl.metadata (3.8 kB)
[2024-11-24T05:11:51.534+0000] {process_utils.py:194} INFO - Collecting webdriver-manager>=4.0.2 (from interpark==0.1.2->-r /tmp/venvwr75_2vw/requirements.txt (line 1))
[2024-11-24T05:11:51.540+0000] {process_utils.py:194} INFO -   Downloading webdriver_manager-4.0.2-py2.py3-none-any.whl.metadata (12 kB)
[2024-11-24T05:11:51.597+0000] {process_utils.py:194} INFO - Collecting soupsieve>1.2 (from beautifulsoup4>=4.12.3->interpark==0.1.2->-r /tmp/venvwr75_2vw/requirements.txt (line 1))
[2024-11-24T05:11:51.602+0000] {process_utils.py:194} INFO -   Downloading soupsieve-2.6-py3-none-any.whl.metadata (4.6 kB)
[2024-11-24T05:11:51.682+0000] {process_utils.py:194} INFO - Collecting urllib3<3,>=1.26 (from urllib3[socks]<3,>=1.26->selenium>=4.26.1->interpark==0.1.2->-r /tmp/venvwr75_2vw/requirements.txt (line 1))
[2024-11-24T05:11:51.688+0000] {process_utils.py:194} INFO -   Downloading urllib3-2.2.3-py3-none-any.whl.metadata (6.5 kB)
[2024-11-24T05:11:51.745+0000] {process_utils.py:194} INFO - Collecting trio~=0.17 (from selenium>=4.26.1->interpark==0.1.2->-r /tmp/venvwr75_2vw/requirements.txt (line 1))
[2024-11-24T05:11:51.750+0000] {process_utils.py:194} INFO -   Downloading trio-0.27.0-py3-none-any.whl.metadata (8.6 kB)
[2024-11-24T05:11:51.799+0000] {process_utils.py:194} INFO - Collecting trio-websocket~=0.9 (from selenium>=4.26.1->interpark==0.1.2->-r /tmp/venvwr75_2vw/requirements.txt (line 1))
[2024-11-24T05:11:51.804+0000] {process_utils.py:194} INFO -   Downloading trio_websocket-0.11.1-py3-none-any.whl.metadata (4.7 kB)
[2024-11-24T05:11:51.856+0000] {process_utils.py:194} INFO - Collecting certifi>=2021.10.8 (from selenium>=4.26.1->interpark==0.1.2->-r /tmp/venvwr75_2vw/requirements.txt (line 1))
[2024-11-24T05:11:51.861+0000] {process_utils.py:194} INFO -   Downloading certifi-2024.8.30-py3-none-any.whl.metadata (2.2 kB)
[2024-11-24T05:11:51.916+0000] {process_utils.py:194} INFO - Collecting typing_extensions~=4.9 (from selenium>=4.26.1->interpark==0.1.2->-r /tmp/venvwr75_2vw/requirements.txt (line 1))
[2024-11-24T05:11:51.922+0000] {process_utils.py:194} INFO -   Downloading typing_extensions-4.12.2-py3-none-any.whl.metadata (3.0 kB)
[2024-11-24T05:11:51.982+0000] {process_utils.py:194} INFO - Collecting websocket-client~=1.8 (from selenium>=4.26.1->interpark==0.1.2->-r /tmp/venvwr75_2vw/requirements.txt (line 1))
[2024-11-24T05:11:51.987+0000] {process_utils.py:194} INFO -   Downloading websocket_client-1.8.0-py3-none-any.whl.metadata (8.0 kB)
[2024-11-24T05:11:52.057+0000] {process_utils.py:194} INFO - Collecting requests (from webdriver-manager>=4.0.2->interpark==0.1.2->-r /tmp/venvwr75_2vw/requirements.txt (line 1))
[2024-11-24T05:11:52.064+0000] {process_utils.py:194} INFO -   Downloading requests-2.32.3-py3-none-any.whl.metadata (4.6 kB)
[2024-11-24T05:11:52.130+0000] {process_utils.py:194} INFO - Collecting python-dotenv (from webdriver-manager>=4.0.2->interpark==0.1.2->-r /tmp/venvwr75_2vw/requirements.txt (line 1))
[2024-11-24T05:11:52.136+0000] {process_utils.py:194} INFO -   Downloading python_dotenv-1.0.1-py3-none-any.whl.metadata (23 kB)
[2024-11-24T05:11:52.201+0000] {process_utils.py:194} INFO - Collecting packaging (from webdriver-manager>=4.0.2->interpark==0.1.2->-r /tmp/venvwr75_2vw/requirements.txt (line 1))
[2024-11-24T05:11:52.208+0000] {process_utils.py:194} INFO -   Downloading packaging-24.2-py3-none-any.whl.metadata (3.2 kB)
[2024-11-24T05:11:52.265+0000] {process_utils.py:194} INFO - Collecting attrs>=23.2.0 (from trio~=0.17->selenium>=4.26.1->interpark==0.1.2->-r /tmp/venvwr75_2vw/requirements.txt (line 1))
[2024-11-24T05:11:52.271+0000] {process_utils.py:194} INFO -   Downloading attrs-24.2.0-py3-none-any.whl.metadata (11 kB)
[2024-11-24T05:11:52.341+0000] {process_utils.py:194} INFO - Collecting sortedcontainers (from trio~=0.17->selenium>=4.26.1->interpark==0.1.2->-r /tmp/venvwr75_2vw/requirements.txt (line 1))
[2024-11-24T05:11:52.348+0000] {process_utils.py:194} INFO -   Downloading sortedcontainers-2.4.0-py2.py3-none-any.whl.metadata (10 kB)
[2024-11-24T05:11:52.410+0000] {process_utils.py:194} INFO - Collecting idna (from trio~=0.17->selenium>=4.26.1->interpark==0.1.2->-r /tmp/venvwr75_2vw/requirements.txt (line 1))
[2024-11-24T05:11:52.416+0000] {process_utils.py:194} INFO -   Downloading idna-3.10-py3-none-any.whl.metadata (10 kB)
[2024-11-24T05:11:52.465+0000] {process_utils.py:194} INFO - Collecting outcome (from trio~=0.17->selenium>=4.26.1->interpark==0.1.2->-r /tmp/venvwr75_2vw/requirements.txt (line 1))
[2024-11-24T05:11:52.470+0000] {process_utils.py:194} INFO -   Downloading outcome-1.3.0.post0-py2.py3-none-any.whl.metadata (2.6 kB)
[2024-11-24T05:11:52.516+0000] {process_utils.py:194} INFO - Collecting sniffio>=1.3.0 (from trio~=0.17->selenium>=4.26.1->interpark==0.1.2->-r /tmp/venvwr75_2vw/requirements.txt (line 1))
[2024-11-24T05:11:52.522+0000] {process_utils.py:194} INFO -   Downloading sniffio-1.3.1-py3-none-any.whl.metadata (3.9 kB)
[2024-11-24T05:11:52.580+0000] {process_utils.py:194} INFO - Collecting wsproto>=0.14 (from trio-websocket~=0.9->selenium>=4.26.1->interpark==0.1.2->-r /tmp/venvwr75_2vw/requirements.txt (line 1))
[2024-11-24T05:11:52.586+0000] {process_utils.py:194} INFO -   Downloading wsproto-1.2.0-py3-none-any.whl.metadata (5.6 kB)
[2024-11-24T05:11:52.635+0000] {process_utils.py:194} INFO - Collecting pysocks!=1.5.7,<2.0,>=1.5.6 (from urllib3[socks]<3,>=1.26->selenium>=4.26.1->interpark==0.1.2->-r /tmp/venvwr75_2vw/requirements.txt (line 1))
[2024-11-24T05:11:52.640+0000] {process_utils.py:194} INFO -   Downloading PySocks-1.7.1-py3-none-any.whl.metadata (13 kB)
[2024-11-24T05:11:52.788+0000] {process_utils.py:194} INFO - Collecting charset-normalizer<4,>=2 (from requests->webdriver-manager>=4.0.2->interpark==0.1.2->-r /tmp/venvwr75_2vw/requirements.txt (line 1))
[2024-11-24T05:11:52.794+0000] {process_utils.py:194} INFO -   Downloading charset_normalizer-3.4.0-cp312-cp312-manylinux_2_17_x86_64.manylinux2014_x86_64.whl.metadata (34 kB)
[2024-11-24T05:11:52.878+0000] {process_utils.py:194} INFO - Collecting h11<1,>=0.9.0 (from wsproto>=0.14->trio-websocket~=0.9->selenium>=4.26.1->interpark==0.1.2->-r /tmp/venvwr75_2vw/requirements.txt (line 1))
[2024-11-24T05:11:52.884+0000] {process_utils.py:194} INFO -   Downloading h11-0.14.0-py3-none-any.whl.metadata (8.2 kB)
[2024-11-24T05:11:52.919+0000] {process_utils.py:194} INFO - Downloading beautifulsoup4-4.12.3-py3-none-any.whl (147 kB)
[2024-11-24T05:11:52.947+0000] {process_utils.py:194} INFO - Downloading selenium-4.26.1-py3-none-any.whl (9.7 MB)
[2024-11-24T05:11:53.298+0000] {process_utils.py:194} INFO -    ━━━━━━━━━━━━━━━━━━━━━━━━━━━━━━━━━━━━━━━━ 9.7/9.7 MB 27.7 MB/s eta 0:00:00
[2024-11-24T05:11:53.304+0000] {process_utils.py:194} INFO - Downloading webdriver_manager-4.0.2-py2.py3-none-any.whl (27 kB)
[2024-11-24T05:11:53.328+0000] {process_utils.py:194} INFO - Downloading certifi-2024.8.30-py3-none-any.whl (167 kB)
[2024-11-24T05:11:53.357+0000] {process_utils.py:194} INFO - Downloading soupsieve-2.6-py3-none-any.whl (36 kB)
[2024-11-24T05:11:53.378+0000] {process_utils.py:194} INFO - Downloading trio-0.27.0-py3-none-any.whl (481 kB)
[2024-11-24T05:11:53.410+0000] {process_utils.py:194} INFO - Downloading trio_websocket-0.11.1-py3-none-any.whl (17 kB)
[2024-11-24T05:11:53.434+0000] {process_utils.py:194} INFO - Downloading typing_extensions-4.12.2-py3-none-any.whl (37 kB)
[2024-11-24T05:11:53.457+0000] {process_utils.py:194} INFO - Downloading urllib3-2.2.3-py3-none-any.whl (126 kB)
[2024-11-24T05:11:53.483+0000] {process_utils.py:194} INFO - Downloading websocket_client-1.8.0-py3-none-any.whl (58 kB)
[2024-11-24T05:11:53.511+0000] {process_utils.py:194} INFO - Downloading packaging-24.2-py3-none-any.whl (65 kB)
[2024-11-24T05:11:53.536+0000] {process_utils.py:194} INFO - Downloading python_dotenv-1.0.1-py3-none-any.whl (19 kB)
[2024-11-24T05:11:53.558+0000] {process_utils.py:194} INFO - Downloading requests-2.32.3-py3-none-any.whl (64 kB)
[2024-11-24T05:11:53.582+0000] {process_utils.py:194} INFO - Downloading attrs-24.2.0-py3-none-any.whl (63 kB)
[2024-11-24T05:11:53.610+0000] {process_utils.py:194} INFO - Downloading charset_normalizer-3.4.0-cp312-cp312-manylinux_2_17_x86_64.manylinux2014_x86_64.whl (143 kB)
[2024-11-24T05:11:53.636+0000] {process_utils.py:194} INFO - Downloading idna-3.10-py3-none-any.whl (70 kB)
[2024-11-24T05:11:53.662+0000] {process_utils.py:194} INFO - Downloading PySocks-1.7.1-py3-none-any.whl (16 kB)
[2024-11-24T05:11:53.683+0000] {process_utils.py:194} INFO - Downloading sniffio-1.3.1-py3-none-any.whl (10 kB)
[2024-11-24T05:11:53.710+0000] {process_utils.py:194} INFO - Downloading wsproto-1.2.0-py3-none-any.whl (24 kB)
[2024-11-24T05:11:53.733+0000] {process_utils.py:194} INFO - Downloading outcome-1.3.0.post0-py2.py3-none-any.whl (10 kB)
[2024-11-24T05:11:53.760+0000] {process_utils.py:194} INFO - Downloading sortedcontainers-2.4.0-py2.py3-none-any.whl (29 kB)
[2024-11-24T05:11:53.793+0000] {process_utils.py:194} INFO - Downloading h11-0.14.0-py3-none-any.whl (58 kB)
[2024-11-24T05:11:53.847+0000] {process_utils.py:194} INFO - Building wheels for collected packages: interpark
[2024-11-24T05:11:53.851+0000] {process_utils.py:194} INFO -   Building wheel for interpark (pyproject.toml): started
[2024-11-24T05:11:54.524+0000] {process_utils.py:194} INFO -   Building wheel for interpark (pyproject.toml): finished with status 'done'
[2024-11-24T05:11:54.525+0000] {process_utils.py:194} INFO -   Created wheel for interpark: filename=interpark-0.1.2-py3-none-any.whl size=19163 sha256=95526a4fb48d4734f2f3c5eeb48d8e97b599d4643573bc5bde94771283fb7b16
[2024-11-24T05:11:54.525+0000] {process_utils.py:194} INFO -   Stored in directory: /tmp/pip-ephem-wheel-cache-tom67x5y/wheels/3b/e3/3f/2198c53e48ab1c477124eda1522aad636d2590cc0e6349feda
[2024-11-24T05:11:54.528+0000] {process_utils.py:194} INFO - Successfully built interpark
[2024-11-24T05:11:54.567+0000] {process_utils.py:194} INFO - Installing collected packages: sortedcontainers, websocket-client, urllib3, typing_extensions, soupsieve, sniffio, python-dotenv, pysocks, packaging, idna, h11, charset-normalizer, certifi, attrs, wsproto, requests, outcome, beautifulsoup4, webdriver-manager, trio, trio-websocket, selenium, interpark
[2024-11-24T05:11:56.896+0000] {process_utils.py:194} INFO - Successfully installed attrs-24.2.0 beautifulsoup4-4.12.3 certifi-2024.8.30 charset-normalizer-3.4.0 h11-0.14.0 idna-3.10 interpark-0.1.2 outcome-1.3.0.post0 packaging-24.2 pysocks-1.7.1 python-dotenv-1.0.1 requests-2.32.3 selenium-4.26.1 sniffio-1.3.1 sortedcontainers-2.4.0 soupsieve-2.6 trio-0.27.0 trio-websocket-0.11.1 typing_extensions-4.12.2 urllib3-2.2.3 webdriver-manager-4.0.2 websocket-client-1.8.0 wsproto-1.2.0
[2024-11-24T05:11:57.190+0000] {process_utils.py:186} INFO - Executing cmd: /tmp/venvwr75_2vw/bin/python /tmp/venv-call4573qcjm/script.py /tmp/venv-call4573qcjm/script.in /tmp/venv-call4573qcjm/script.out /tmp/venv-call4573qcjm/string_args.txt /tmp/venv-call4573qcjm/termination.log
[2024-11-24T05:11:57.190+0000] {process_utils.py:190} INFO - Output:
[2024-11-24T05:12:01.528+0000] {process_utils.py:194} INFO - Traceback (most recent call last):
[2024-11-24T05:12:01.529+0000] {process_utils.py:194} INFO -   File "/tmp/venv-call4573qcjm/script.py", line 48, in <module>
[2024-11-24T05:12:01.529+0000] {process_utils.py:194} INFO -     res = get_data(*arg_dict["args"], **arg_dict["kwargs"])
[2024-11-24T05:12:01.529+0000] {process_utils.py:194} INFO -           ^^^^^^^^^^^^^^^^^^^^^^^^^^^^^^^^^^^^^^^^^^^^^^^^^
[2024-11-24T05:12:01.529+0000] {process_utils.py:194} INFO -   File "/tmp/venv-call4573qcjm/script.py", line 19, in get_data
[2024-11-24T05:12:01.529+0000] {process_utils.py:194} INFO -     from interpark.raw_interpark import extract_html
[2024-11-24T05:12:01.529+0000] {process_utils.py:194} INFO -   File "/tmp/venvwr75_2vw/lib/python3.12/site-packages/interpark/raw_interpark.py", line 118, in <module>
[2024-11-24T05:12:01.530+0000] {process_utils.py:194} INFO -     extract_html()
[2024-11-24T05:12:01.530+0000] {process_utils.py:194} INFO -   File "/tmp/venvwr75_2vw/lib/python3.12/site-packages/interpark/raw_interpark.py", line 29, in extract_html
[2024-11-24T05:12:01.530+0000] {process_utils.py:194} INFO -     open_page_lists = get_open_page_url(53403, 1)
[2024-11-24T05:12:01.530+0000] {process_utils.py:194} INFO -                       ^^^^^^^^^^^^^^^^^^^^^^^^^^^
[2024-11-24T05:12:01.530+0000] {process_utils.py:194} INFO -   File "/tmp/venvwr75_2vw/lib/python3.12/site-packages/interpark/open_page_url.py", line 14, in get_open_page_url
[2024-11-24T05:12:01.531+0000] {process_utils.py:194} INFO -     driver = webdriver.Chrome(options=chrome_options)
[2024-11-24T05:12:01.531+0000] {process_utils.py:194} INFO -              ^^^^^^^^^^^^^^^^^^^^^^^^^^^^^^^^^^^^^^^^
[2024-11-24T05:12:01.531+0000] {process_utils.py:194} INFO -   File "/tmp/venvwr75_2vw/lib/python3.12/site-packages/selenium/webdriver/chrome/webdriver.py", line 45, in __init__
[2024-11-24T05:12:01.531+0000] {process_utils.py:194} INFO -     super().__init__(
[2024-11-24T05:12:01.531+0000] {process_utils.py:194} INFO -   File "/tmp/venvwr75_2vw/lib/python3.12/site-packages/selenium/webdriver/chromium/webdriver.py", line 66, in __init__
[2024-11-24T05:12:01.531+0000] {process_utils.py:194} INFO -     super().__init__(command_executor=executor, options=options)
[2024-11-24T05:12:01.532+0000] {process_utils.py:194} INFO -   File "/tmp/venvwr75_2vw/lib/python3.12/site-packages/selenium/webdriver/remote/webdriver.py", line 238, in __init__
[2024-11-24T05:12:01.532+0000] {process_utils.py:194} INFO -     self.start_session(capabilities)
[2024-11-24T05:12:01.532+0000] {process_utils.py:194} INFO -   File "/tmp/venvwr75_2vw/lib/python3.12/site-packages/selenium/webdriver/remote/webdriver.py", line 325, in start_session
[2024-11-24T05:12:01.532+0000] {process_utils.py:194} INFO -     response = self.execute(Command.NEW_SESSION, caps)["value"]
[2024-11-24T05:12:01.532+0000] {process_utils.py:194} INFO -                ^^^^^^^^^^^^^^^^^^^^^^^^^^^^^^^^^^^^^^^
[2024-11-24T05:12:01.532+0000] {process_utils.py:194} INFO -   File "/tmp/venvwr75_2vw/lib/python3.12/site-packages/selenium/webdriver/remote/webdriver.py", line 380, in execute
[2024-11-24T05:12:01.533+0000] {process_utils.py:194} INFO -     self.error_handler.check_response(response)
[2024-11-24T05:12:01.533+0000] {process_utils.py:194} INFO -   File "/tmp/venvwr75_2vw/lib/python3.12/site-packages/selenium/webdriver/remote/errorhandler.py", line 229, in check_response
[2024-11-24T05:12:01.533+0000] {process_utils.py:194} INFO -     raise exception_class(message, screen, stacktrace)
[2024-11-24T05:12:01.533+0000] {process_utils.py:194} INFO - selenium.common.exceptions.SessionNotCreatedException: Message: session not created: Chrome failed to start: exited normally.
[2024-11-24T05:12:01.533+0000] {process_utils.py:194} INFO -   (session not created: DevToolsActivePort file doesn't exist)
[2024-11-24T05:12:01.534+0000] {process_utils.py:194} INFO -   (The process started from chrome location /usr/bin/google-chrome is no longer running, so ChromeDriver is assuming that Chrome has crashed.)
[2024-11-24T05:12:01.534+0000] {process_utils.py:194} INFO - Stacktrace:
[2024-11-24T05:12:01.534+0000] {process_utils.py:194} INFO - #0 0x56146689d31a <unknown>
[2024-11-24T05:12:01.534+0000] {process_utils.py:194} INFO - #1 0x5614663b36e0 <unknown>
[2024-11-24T05:12:01.534+0000] {process_utils.py:194} INFO - #2 0x5614663eadc8 <unknown>
[2024-11-24T05:12:01.534+0000] {process_utils.py:194} INFO - #3 0x5614663e6926 <unknown>
[2024-11-24T05:12:01.534+0000] {process_utils.py:194} INFO - #4 0x5614664326f6 <unknown>
[2024-11-24T05:12:01.534+0000] {process_utils.py:194} INFO - #5 0x561466431d46 <unknown>
[2024-11-24T05:12:01.535+0000] {process_utils.py:194} INFO - #6 0x561466426203 <unknown>
[2024-11-24T05:12:01.535+0000] {process_utils.py:194} INFO - #7 0x5614663f4cc0 <unknown>
[2024-11-24T05:12:01.535+0000] {process_utils.py:194} INFO - #8 0x5614663f5c9e <unknown>
[2024-11-24T05:12:01.535+0000] {process_utils.py:194} INFO - #9 0x56146686ad0b <unknown>
[2024-11-24T05:12:01.535+0000] {process_utils.py:194} INFO - #10 0x56146686ec92 <unknown>
[2024-11-24T05:12:01.535+0000] {process_utils.py:194} INFO - #11 0x561466857b3c <unknown>
[2024-11-24T05:12:01.535+0000] {process_utils.py:194} INFO - #12 0x56146686f807 <unknown>
[2024-11-24T05:12:01.536+0000] {process_utils.py:194} INFO - #13 0x56146683d0df <unknown>
[2024-11-24T05:12:01.536+0000] {process_utils.py:194} INFO - #14 0x56146688c578 <unknown>
[2024-11-24T05:12:01.536+0000] {process_utils.py:194} INFO - #15 0x56146688c740 <unknown>
[2024-11-24T05:12:01.536+0000] {process_utils.py:194} INFO - #16 0x56146689c196 <unknown>
[2024-11-24T05:12:01.536+0000] {process_utils.py:194} INFO - #17 0x7fa5bacdf144 <unknown>
[2024-11-24T05:12:01.536+0000] {process_utils.py:194} INFO - 
[2024-11-24T05:12:01.849+0000] {taskinstance.py:3311} ERROR - Task failed with exception
Traceback (most recent call last):
  File "/home/airflow/.local/lib/python3.12/site-packages/airflow/models/taskinstance.py", line 767, in _execute_task
    result = _execute_callable(context=context, **execute_callable_kwargs)
             ^^^^^^^^^^^^^^^^^^^^^^^^^^^^^^^^^^^^^^^^^^^^^^^^^^^^^^^^^^^^^
  File "/home/airflow/.local/lib/python3.12/site-packages/airflow/models/taskinstance.py", line 733, in _execute_callable
    return ExecutionCallableRunner(
           ^^^^^^^^^^^^^^^^^^^^^^^^
  File "/home/airflow/.local/lib/python3.12/site-packages/airflow/utils/operator_helpers.py", line 252, in run
    return self.func(*args, **kwargs)
           ^^^^^^^^^^^^^^^^^^^^^^^^^^
  File "/home/airflow/.local/lib/python3.12/site-packages/airflow/models/baseoperator.py", line 417, in wrapper
    return func(self, *args, **kwargs)
           ^^^^^^^^^^^^^^^^^^^^^^^^^^^
  File "/home/airflow/.local/lib/python3.12/site-packages/airflow/operators/python.py", line 505, in execute
    return super().execute(context=serializable_context)
           ^^^^^^^^^^^^^^^^^^^^^^^^^^^^^^^^^^^^^^^^^^^^^
  File "/home/airflow/.local/lib/python3.12/site-packages/airflow/models/baseoperator.py", line 417, in wrapper
    return func(self, *args, **kwargs)
           ^^^^^^^^^^^^^^^^^^^^^^^^^^^
  File "/home/airflow/.local/lib/python3.12/site-packages/airflow/operators/python.py", line 238, in execute
    return_value = self.execute_callable()
                   ^^^^^^^^^^^^^^^^^^^^^^^
  File "/home/airflow/.local/lib/python3.12/site-packages/airflow/operators/python.py", line 870, in execute_callable
    result = self._execute_python_callable_in_subprocess(python_path)
             ^^^^^^^^^^^^^^^^^^^^^^^^^^^^^^^^^^^^^^^^^^^^^^^^^^^^^^^^
  File "/home/airflow/.local/lib/python3.12/site-packages/airflow/operators/python.py", line 588, in _execute_python_callable_in_subprocess
    raise AirflowException(error_msg) from None
airflow.exceptions.AirflowException: Process returned non-zero exit status 1.
Message: session not created: Chrome failed to start: exited normally.
  (session not created: DevToolsActivePort file doesn't exist)
  (The process started from chrome location /usr/bin/google-chrome is no longer running, so ChromeDriver is assuming that Chrome has crashed.)
Stacktrace:
#0 0x56146689d31a <unknown>
#1 0x5614663b36e0 <unknown>
#2 0x5614663eadc8 <unknown>
#3 0x5614663e6926 <unknown>
#4 0x5614664326f6 <unknown>
#5 0x561466431d46 <unknown>
#6 0x561466426203 <unknown>
#7 0x5614663f4cc0 <unknown>
#8 0x5614663f5c9e <unknown>
#9 0x56146686ad0b <unknown>
#10 0x56146686ec92 <unknown>
#11 0x561466857b3c <unknown>
#12 0x56146686f807 <unknown>
#13 0x56146683d0df <unknown>
#14 0x56146688c578 <unknown>
#15 0x56146688c740 <unknown>
#16 0x56146689c196 <unknown>
#17 0x7fa5bacdf144 <unknown>

[2024-11-24T05:12:01.856+0000] {taskinstance.py:1225} INFO - Marking task as UP_FOR_RETRY. dag_id=interpark_to_s3, task_id=extract, run_id=scheduled__2024-11-23T00:00:00+00:00, execution_date=20241123T000000, start_date=20241124T051143, end_date=20241124T051201
[2024-11-24T05:12:02.011+0000] {taskinstance.py:340} INFO - ::group::Post task execution logs
[2024-11-24T05:12:02.012+0000] {standard_task_runner.py:124} ERROR - Failed to execute job 76 for task extract (Process returned non-zero exit status 1.
Message: session not created: Chrome failed to start: exited normally.
  (session not created: DevToolsActivePort file doesn't exist)
  (The process started from chrome location /usr/bin/google-chrome is no longer running, so ChromeDriver is assuming that Chrome has crashed.)
Stacktrace:
#0 0x56146689d31a <unknown>
#1 0x5614663b36e0 <unknown>
#2 0x5614663eadc8 <unknown>
#3 0x5614663e6926 <unknown>
#4 0x5614664326f6 <unknown>
#5 0x561466431d46 <unknown>
#6 0x561466426203 <unknown>
#7 0x5614663f4cc0 <unknown>
#8 0x5614663f5c9e <unknown>
#9 0x56146686ad0b <unknown>
#10 0x56146686ec92 <unknown>
#11 0x561466857b3c <unknown>
#12 0x56146686f807 <unknown>
#13 0x56146683d0df <unknown>
#14 0x56146688c578 <unknown>
#15 0x56146688c740 <unknown>
#16 0x56146689c196 <unknown>
#17 0x7fa5bacdf144 <unknown>
; 149)
Traceback (most recent call last):
  File "/home/airflow/.local/lib/python3.12/site-packages/airflow/task/task_runner/standard_task_runner.py", line 117, in _start_by_fork
    ret = args.func(args, dag=self.dag)
          ^^^^^^^^^^^^^^^^^^^^^^^^^^^^^
  File "/home/airflow/.local/lib/python3.12/site-packages/airflow/cli/cli_config.py", line 49, in command
    return func(*args, **kwargs)
           ^^^^^^^^^^^^^^^^^^^^^
  File "/home/airflow/.local/lib/python3.12/site-packages/airflow/utils/cli.py", line 116, in wrapper
    return f(*args, **kwargs)
           ^^^^^^^^^^^^^^^^^^
  File "/home/airflow/.local/lib/python3.12/site-packages/airflow/cli/commands/task_command.py", line 483, in task_run
    task_return_code = _run_task_by_selected_method(args, _dag, ti)
                       ^^^^^^^^^^^^^^^^^^^^^^^^^^^^^^^^^^^^^^^^^^^^
  File "/home/airflow/.local/lib/python3.12/site-packages/airflow/cli/commands/task_command.py", line 256, in _run_task_by_selected_method
    return _run_raw_task(args, ti)
           ^^^^^^^^^^^^^^^^^^^^^^^
  File "/home/airflow/.local/lib/python3.12/site-packages/airflow/cli/commands/task_command.py", line 341, in _run_raw_task
    return ti._run_raw_task(
           ^^^^^^^^^^^^^^^^^
  File "/home/airflow/.local/lib/python3.12/site-packages/airflow/utils/session.py", line 97, in wrapper
    return func(*args, session=session, **kwargs)
           ^^^^^^^^^^^^^^^^^^^^^^^^^^^^^^^^^^^^^^
  File "/home/airflow/.local/lib/python3.12/site-packages/airflow/models/taskinstance.py", line 3005, in _run_raw_task
    return _run_raw_task(
           ^^^^^^^^^^^^^^
  File "/home/airflow/.local/lib/python3.12/site-packages/airflow/models/taskinstance.py", line 273, in _run_raw_task
    TaskInstance._execute_task_with_callbacks(
  File "/home/airflow/.local/lib/python3.12/site-packages/airflow/models/taskinstance.py", line 3159, in _execute_task_with_callbacks
    result = self._execute_task(context, task_orig)
             ^^^^^^^^^^^^^^^^^^^^^^^^^^^^^^^^^^^^^^
  File "/home/airflow/.local/lib/python3.12/site-packages/airflow/models/taskinstance.py", line 3183, in _execute_task
    return _execute_task(self, context, task_orig)
           ^^^^^^^^^^^^^^^^^^^^^^^^^^^^^^^^^^^^^^^
  File "/home/airflow/.local/lib/python3.12/site-packages/airflow/models/taskinstance.py", line 767, in _execute_task
    result = _execute_callable(context=context, **execute_callable_kwargs)
             ^^^^^^^^^^^^^^^^^^^^^^^^^^^^^^^^^^^^^^^^^^^^^^^^^^^^^^^^^^^^^
  File "/home/airflow/.local/lib/python3.12/site-packages/airflow/models/taskinstance.py", line 733, in _execute_callable
    return ExecutionCallableRunner(
           ^^^^^^^^^^^^^^^^^^^^^^^^
  File "/home/airflow/.local/lib/python3.12/site-packages/airflow/utils/operator_helpers.py", line 252, in run
    return self.func(*args, **kwargs)
           ^^^^^^^^^^^^^^^^^^^^^^^^^^
  File "/home/airflow/.local/lib/python3.12/site-packages/airflow/models/baseoperator.py", line 417, in wrapper
    return func(self, *args, **kwargs)
           ^^^^^^^^^^^^^^^^^^^^^^^^^^^
  File "/home/airflow/.local/lib/python3.12/site-packages/airflow/operators/python.py", line 505, in execute
    return super().execute(context=serializable_context)
           ^^^^^^^^^^^^^^^^^^^^^^^^^^^^^^^^^^^^^^^^^^^^^
  File "/home/airflow/.local/lib/python3.12/site-packages/airflow/models/baseoperator.py", line 417, in wrapper
    return func(self, *args, **kwargs)
           ^^^^^^^^^^^^^^^^^^^^^^^^^^^
  File "/home/airflow/.local/lib/python3.12/site-packages/airflow/operators/python.py", line 238, in execute
    return_value = self.execute_callable()
                   ^^^^^^^^^^^^^^^^^^^^^^^
  File "/home/airflow/.local/lib/python3.12/site-packages/airflow/operators/python.py", line 870, in execute_callable
    result = self._execute_python_callable_in_subprocess(python_path)
             ^^^^^^^^^^^^^^^^^^^^^^^^^^^^^^^^^^^^^^^^^^^^^^^^^^^^^^^^
  File "/home/airflow/.local/lib/python3.12/site-packages/airflow/operators/python.py", line 588, in _execute_python_callable_in_subprocess
    raise AirflowException(error_msg) from None
airflow.exceptions.AirflowException: Process returned non-zero exit status 1.
Message: session not created: Chrome failed to start: exited normally.
  (session not created: DevToolsActivePort file doesn't exist)
  (The process started from chrome location /usr/bin/google-chrome is no longer running, so ChromeDriver is assuming that Chrome has crashed.)
Stacktrace:
#0 0x56146689d31a <unknown>
#1 0x5614663b36e0 <unknown>
#2 0x5614663eadc8 <unknown>
#3 0x5614663e6926 <unknown>
#4 0x5614664326f6 <unknown>
#5 0x561466431d46 <unknown>
#6 0x561466426203 <unknown>
#7 0x5614663f4cc0 <unknown>
#8 0x5614663f5c9e <unknown>
#9 0x56146686ad0b <unknown>
#10 0x56146686ec92 <unknown>
#11 0x561466857b3c <unknown>
#12 0x56146686f807 <unknown>
#13 0x56146683d0df <unknown>
#14 0x56146688c578 <unknown>
#15 0x56146688c740 <unknown>
#16 0x56146689c196 <unknown>
#17 0x7fa5bacdf144 <unknown>

[2024-11-24T05:12:02.099+0000] {local_task_job_runner.py:266} INFO - Task exited with return code 1
[2024-11-24T05:12:02.119+0000] {taskinstance.py:3895} INFO - 0 downstream tasks scheduled from follow-on schedule check
[2024-11-24T05:12:02.211+0000] {local_task_job_runner.py:245} INFO - ::endgroup::
