[2024-11-24T03:27:34.991+0000] {local_task_job_runner.py:123} INFO - ::group::Pre task execution logs
[2024-11-24T03:27:35.016+0000] {taskinstance.py:2613} INFO - Dependencies all met for dep_context=non-requeueable deps ti=<TaskInstance: interpark_to_s3.extract scheduled__2024-11-23T00:00:00+00:00 [queued]>
[2024-11-24T03:27:35.029+0000] {taskinstance.py:2613} INFO - Dependencies all met for dep_context=requeueable deps ti=<TaskInstance: interpark_to_s3.extract scheduled__2024-11-23T00:00:00+00:00 [queued]>
[2024-11-24T03:27:35.029+0000] {taskinstance.py:2866} INFO - Starting attempt 1 of 2
[2024-11-24T03:27:35.055+0000] {taskinstance.py:2889} INFO - Executing <Task(PythonVirtualenvOperator): extract> on 2024-11-23 00:00:00+00:00
[2024-11-24T03:27:35.062+0000] {warnings.py:112} WARNING - /home/***/.local/lib/python3.12/site-packages/***/task/task_runner/standard_task_runner.py:70: DeprecationWarning: This process (pid=68) is multi-threaded, use of fork() may lead to deadlocks in the child.
  pid = os.fork()

[2024-11-24T03:27:35.064+0000] {standard_task_runner.py:72} INFO - Started process 69 to run task
[2024-11-24T03:27:35.064+0000] {standard_task_runner.py:104} INFO - Running: ['***', 'tasks', 'run', 'interpark_to_s3', 'extract', 'scheduled__2024-11-23T00:00:00+00:00', '--job-id', '64', '--raw', '--subdir', 'DAGS_FOLDER/test.py', '--cfg-path', '/tmp/tmpmaq34da5']
[2024-11-24T03:27:35.065+0000] {standard_task_runner.py:105} INFO - Job 64: Subtask extract
[2024-11-24T03:27:35.142+0000] {task_command.py:467} INFO - Running <TaskInstance: interpark_to_s3.extract scheduled__2024-11-23T00:00:00+00:00 [running]> on host d15bd1695070
[2024-11-24T03:27:35.262+0000] {taskinstance.py:3132} INFO - Exporting env vars: AIRFLOW_CTX_DAG_OWNER='***' AIRFLOW_CTX_DAG_ID='interpark_to_s3' AIRFLOW_CTX_TASK_ID='extract' AIRFLOW_CTX_EXECUTION_DATE='2024-11-23T00:00:00+00:00' AIRFLOW_CTX_TRY_NUMBER='1' AIRFLOW_CTX_DAG_RUN_ID='scheduled__2024-11-23T00:00:00+00:00'
[2024-11-24T03:27:35.263+0000] {taskinstance.py:731} INFO - ::endgroup::
[2024-11-24T03:27:35.315+0000] {baseoperator.py:416} WARNING - PythonVirtualenvOperator.execute cannot be called outside TaskInstance!
[2024-11-24T03:27:35.316+0000] {process_utils.py:186} INFO - Executing cmd: /home/***/.local/bin/python -m virtualenv /tmp/venvk_r720yl --python=python
[2024-11-24T03:27:35.317+0000] {process_utils.py:190} INFO - Output:
[2024-11-24T03:27:37.297+0000] {process_utils.py:194} INFO - created virtual environment CPython3.12.7.final.0-64 in 980ms
[2024-11-24T03:27:37.298+0000] {process_utils.py:194} INFO -   creator CPython3Posix(dest=/tmp/venvk_r720yl, clear=False, no_vcs_ignore=False, global=False)
[2024-11-24T03:27:37.298+0000] {process_utils.py:194} INFO -   seeder FromAppData(download=False, pip=bundle, via=copy, app_data_dir=/home/***/.local/share/virtualenv)
[2024-11-24T03:27:37.299+0000] {process_utils.py:194} INFO -     added seed packages: pip==24.3.1
[2024-11-24T03:27:37.300+0000] {process_utils.py:194} INFO -   activators BashActivator,CShellActivator,FishActivator,NushellActivator,PowerShellActivator,PythonActivator
[2024-11-24T03:27:37.342+0000] {process_utils.py:186} INFO - Executing cmd: /tmp/venvk_r720yl/bin/pip install -r /tmp/venvk_r720yl/requirements.txt
[2024-11-24T03:27:37.343+0000] {process_utils.py:190} INFO - Output:
[2024-11-24T03:27:40.055+0000] {process_utils.py:194} INFO - Collecting git+https://github.com/hahahellooo/interpark.git@0.3/new_crawling (from -r /tmp/venvk_r720yl/requirements.txt (line 1))
[2024-11-24T03:27:40.056+0000] {process_utils.py:194} INFO -   Cloning https://github.com/hahahellooo/interpark.git (to revision 0.3/new_crawling) to /tmp/pip-req-build-7kbqcsdv
[2024-11-24T03:27:40.077+0000] {process_utils.py:194} INFO -   Running command git clone --filter=blob:none --quiet https://github.com/hahahellooo/interpark.git /tmp/pip-req-build-7kbqcsdv
[2024-11-24T03:27:42.531+0000] {process_utils.py:194} INFO -   Running command git checkout -b 0.3/new_crawling --track origin/0.3/new_crawling
[2024-11-24T03:27:43.218+0000] {process_utils.py:194} INFO -   Switched to a new branch '0.3/new_crawling'
[2024-11-24T03:27:43.219+0000] {process_utils.py:194} INFO -   branch '0.3/new_crawling' set up to track 'origin/0.3/new_crawling'.
[2024-11-24T03:27:43.219+0000] {process_utils.py:194} INFO -   Resolved https://github.com/hahahellooo/interpark.git to commit 43367c71a9c6f4158dbacbe2cb23a99d6772336d
[2024-11-24T03:27:43.228+0000] {process_utils.py:194} INFO -   Installing build dependencies: started
[2024-11-24T03:27:46.746+0000] {process_utils.py:194} INFO -   Installing build dependencies: finished with status 'done'
[2024-11-24T03:27:46.748+0000] {process_utils.py:194} INFO -   Getting requirements to build wheel: started
[2024-11-24T03:27:47.781+0000] {process_utils.py:194} INFO -   Getting requirements to build wheel: finished with status 'done'
[2024-11-24T03:27:47.782+0000] {process_utils.py:194} INFO -   Preparing metadata (pyproject.toml): started
[2024-11-24T03:27:48.901+0000] {process_utils.py:194} INFO -   Preparing metadata (pyproject.toml): finished with status 'done'
[2024-11-24T03:27:49.077+0000] {process_utils.py:194} INFO - Collecting selenium>=4.26.1 (from interpark==0.1.2->-r /tmp/venvk_r720yl/requirements.txt (line 1))
[2024-11-24T03:27:49.146+0000] {process_utils.py:194} INFO -   Downloading selenium-4.26.1-py3-none-any.whl.metadata (7.1 kB)
[2024-11-24T03:27:49.221+0000] {process_utils.py:194} INFO - Collecting beautifulsoup4>=4.12.3 (from interpark==0.1.2->-r /tmp/venvk_r720yl/requirements.txt (line 1))
[2024-11-24T03:27:49.229+0000] {process_utils.py:194} INFO -   Downloading beautifulsoup4-4.12.3-py3-none-any.whl.metadata (3.8 kB)
[2024-11-24T03:27:49.308+0000] {process_utils.py:194} INFO - Collecting soupsieve>1.2 (from beautifulsoup4>=4.12.3->interpark==0.1.2->-r /tmp/venvk_r720yl/requirements.txt (line 1))
[2024-11-24T03:27:49.316+0000] {process_utils.py:194} INFO -   Downloading soupsieve-2.6-py3-none-any.whl.metadata (4.6 kB)
[2024-11-24T03:27:49.434+0000] {process_utils.py:194} INFO - Collecting urllib3<3,>=1.26 (from urllib3[socks]<3,>=1.26->selenium>=4.26.1->interpark==0.1.2->-r /tmp/venvk_r720yl/requirements.txt (line 1))
[2024-11-24T03:27:49.443+0000] {process_utils.py:194} INFO -   Downloading urllib3-2.2.3-py3-none-any.whl.metadata (6.5 kB)
[2024-11-24T03:27:49.536+0000] {process_utils.py:194} INFO - Collecting trio~=0.17 (from selenium>=4.26.1->interpark==0.1.2->-r /tmp/venvk_r720yl/requirements.txt (line 1))
[2024-11-24T03:27:49.546+0000] {process_utils.py:194} INFO -   Downloading trio-0.27.0-py3-none-any.whl.metadata (8.6 kB)
[2024-11-24T03:27:49.616+0000] {process_utils.py:194} INFO - Collecting trio-websocket~=0.9 (from selenium>=4.26.1->interpark==0.1.2->-r /tmp/venvk_r720yl/requirements.txt (line 1))
[2024-11-24T03:27:49.623+0000] {process_utils.py:194} INFO -   Downloading trio_websocket-0.11.1-py3-none-any.whl.metadata (4.7 kB)
[2024-11-24T03:27:49.713+0000] {process_utils.py:194} INFO - Collecting certifi>=2021.10.8 (from selenium>=4.26.1->interpark==0.1.2->-r /tmp/venvk_r720yl/requirements.txt (line 1))
[2024-11-24T03:27:49.770+0000] {process_utils.py:194} INFO -   Downloading certifi-2024.8.30-py3-none-any.whl.metadata (2.2 kB)
[2024-11-24T03:27:49.944+0000] {process_utils.py:194} INFO - Collecting typing_extensions~=4.9 (from selenium>=4.26.1->interpark==0.1.2->-r /tmp/venvk_r720yl/requirements.txt (line 1))
[2024-11-24T03:27:49.951+0000] {process_utils.py:194} INFO -   Downloading typing_extensions-4.12.2-py3-none-any.whl.metadata (3.0 kB)
[2024-11-24T03:27:50.054+0000] {process_utils.py:194} INFO - Collecting websocket-client~=1.8 (from selenium>=4.26.1->interpark==0.1.2->-r /tmp/venvk_r720yl/requirements.txt (line 1))
[2024-11-24T03:27:50.065+0000] {process_utils.py:194} INFO -   Downloading websocket_client-1.8.0-py3-none-any.whl.metadata (8.0 kB)
[2024-11-24T03:27:50.152+0000] {process_utils.py:194} INFO - Collecting attrs>=23.2.0 (from trio~=0.17->selenium>=4.26.1->interpark==0.1.2->-r /tmp/venvk_r720yl/requirements.txt (line 1))
[2024-11-24T03:27:50.161+0000] {process_utils.py:194} INFO -   Downloading attrs-24.2.0-py3-none-any.whl.metadata (11 kB)
[2024-11-24T03:27:50.251+0000] {process_utils.py:194} INFO - Collecting sortedcontainers (from trio~=0.17->selenium>=4.26.1->interpark==0.1.2->-r /tmp/venvk_r720yl/requirements.txt (line 1))
[2024-11-24T03:27:50.258+0000] {process_utils.py:194} INFO -   Downloading sortedcontainers-2.4.0-py2.py3-none-any.whl.metadata (10 kB)
[2024-11-24T03:27:50.333+0000] {process_utils.py:194} INFO - Collecting idna (from trio~=0.17->selenium>=4.26.1->interpark==0.1.2->-r /tmp/venvk_r720yl/requirements.txt (line 1))
[2024-11-24T03:27:50.342+0000] {process_utils.py:194} INFO -   Downloading idna-3.10-py3-none-any.whl.metadata (10 kB)
[2024-11-24T03:27:50.401+0000] {process_utils.py:194} INFO - Collecting outcome (from trio~=0.17->selenium>=4.26.1->interpark==0.1.2->-r /tmp/venvk_r720yl/requirements.txt (line 1))
[2024-11-24T03:27:50.409+0000] {process_utils.py:194} INFO -   Downloading outcome-1.3.0.post0-py2.py3-none-any.whl.metadata (2.6 kB)
[2024-11-24T03:27:50.463+0000] {process_utils.py:194} INFO - Collecting sniffio>=1.3.0 (from trio~=0.17->selenium>=4.26.1->interpark==0.1.2->-r /tmp/venvk_r720yl/requirements.txt (line 1))
[2024-11-24T03:27:50.470+0000] {process_utils.py:194} INFO -   Downloading sniffio-1.3.1-py3-none-any.whl.metadata (3.9 kB)
[2024-11-24T03:27:50.544+0000] {process_utils.py:194} INFO - Collecting wsproto>=0.14 (from trio-websocket~=0.9->selenium>=4.26.1->interpark==0.1.2->-r /tmp/venvk_r720yl/requirements.txt (line 1))
[2024-11-24T03:27:50.553+0000] {process_utils.py:194} INFO -   Downloading wsproto-1.2.0-py3-none-any.whl.metadata (5.6 kB)
[2024-11-24T03:27:50.635+0000] {process_utils.py:194} INFO - Collecting pysocks!=1.5.7,<2.0,>=1.5.6 (from urllib3[socks]<3,>=1.26->selenium>=4.26.1->interpark==0.1.2->-r /tmp/venvk_r720yl/requirements.txt (line 1))
[2024-11-24T03:27:50.642+0000] {process_utils.py:194} INFO -   Downloading PySocks-1.7.1-py3-none-any.whl.metadata (13 kB)
[2024-11-24T03:27:50.717+0000] {process_utils.py:194} INFO - Collecting h11<1,>=0.9.0 (from wsproto>=0.14->trio-websocket~=0.9->selenium>=4.26.1->interpark==0.1.2->-r /tmp/venvk_r720yl/requirements.txt (line 1))
[2024-11-24T03:27:50.725+0000] {process_utils.py:194} INFO -   Downloading h11-0.14.0-py3-none-any.whl.metadata (8.2 kB)
[2024-11-24T03:27:50.771+0000] {process_utils.py:194} INFO - Downloading beautifulsoup4-4.12.3-py3-none-any.whl (147 kB)
[2024-11-24T03:27:50.848+0000] {process_utils.py:194} INFO - Downloading selenium-4.26.1-py3-none-any.whl (9.7 MB)
[2024-11-24T03:27:51.213+0000] {process_utils.py:194} INFO -    ━━━━━━━━━━━━━━━━━━━━━━━━━━━━━━━━━━━━━━━━ 9.7/9.7 MB 27.0 MB/s eta 0:00:00
[2024-11-24T03:27:51.220+0000] {process_utils.py:194} INFO - Downloading certifi-2024.8.30-py3-none-any.whl (167 kB)
[2024-11-24T03:27:51.251+0000] {process_utils.py:194} INFO - Downloading soupsieve-2.6-py3-none-any.whl (36 kB)
[2024-11-24T03:27:51.279+0000] {process_utils.py:194} INFO - Downloading trio-0.27.0-py3-none-any.whl (481 kB)
[2024-11-24T03:27:51.322+0000] {process_utils.py:194} INFO - Downloading trio_websocket-0.11.1-py3-none-any.whl (17 kB)
[2024-11-24T03:27:51.349+0000] {process_utils.py:194} INFO - Downloading typing_extensions-4.12.2-py3-none-any.whl (37 kB)
[2024-11-24T03:27:51.373+0000] {process_utils.py:194} INFO - Downloading urllib3-2.2.3-py3-none-any.whl (126 kB)
[2024-11-24T03:27:51.401+0000] {process_utils.py:194} INFO - Downloading websocket_client-1.8.0-py3-none-any.whl (58 kB)
[2024-11-24T03:27:51.425+0000] {process_utils.py:194} INFO - Downloading attrs-24.2.0-py3-none-any.whl (63 kB)
[2024-11-24T03:27:51.450+0000] {process_utils.py:194} INFO - Downloading PySocks-1.7.1-py3-none-any.whl (16 kB)
[2024-11-24T03:27:51.477+0000] {process_utils.py:194} INFO - Downloading sniffio-1.3.1-py3-none-any.whl (10 kB)
[2024-11-24T03:27:51.511+0000] {process_utils.py:194} INFO - Downloading wsproto-1.2.0-py3-none-any.whl (24 kB)
[2024-11-24T03:27:51.540+0000] {process_utils.py:194} INFO - Downloading idna-3.10-py3-none-any.whl (70 kB)
[2024-11-24T03:27:51.574+0000] {process_utils.py:194} INFO - Downloading outcome-1.3.0.post0-py2.py3-none-any.whl (10 kB)
[2024-11-24T03:27:51.603+0000] {process_utils.py:194} INFO - Downloading sortedcontainers-2.4.0-py2.py3-none-any.whl (29 kB)
[2024-11-24T03:27:51.634+0000] {process_utils.py:194} INFO - Downloading h11-0.14.0-py3-none-any.whl (58 kB)
[2024-11-24T03:27:51.720+0000] {process_utils.py:194} INFO - Building wheels for collected packages: interpark
[2024-11-24T03:27:51.727+0000] {process_utils.py:194} INFO -   Building wheel for interpark (pyproject.toml): started
[2024-11-24T03:27:52.912+0000] {process_utils.py:194} INFO -   Building wheel for interpark (pyproject.toml): finished with status 'done'
[2024-11-24T03:27:52.914+0000] {process_utils.py:194} INFO -   Created wheel for interpark: filename=interpark-0.1.2-py3-none-any.whl size=19065 sha256=95a7870927857f10c5a1cef6e692253c9575cde208d6b2972a69e1d25f7e6eed
[2024-11-24T03:27:52.914+0000] {process_utils.py:194} INFO -   Stored in directory: /tmp/pip-ephem-wheel-cache-sgkpylal/wheels/3b/e3/3f/2198c53e48ab1c477124eda1522aad636d2590cc0e6349feda
[2024-11-24T03:27:52.917+0000] {process_utils.py:194} INFO - Successfully built interpark
[2024-11-24T03:27:52.980+0000] {process_utils.py:194} INFO - Installing collected packages: sortedcontainers, websocket-client, urllib3, typing_extensions, soupsieve, sniffio, pysocks, idna, h11, certifi, attrs, wsproto, outcome, beautifulsoup4, trio, trio-websocket, selenium, interpark
[2024-11-24T03:27:56.457+0000] {process_utils.py:194} INFO - Successfully installed attrs-24.2.0 beautifulsoup4-4.12.3 certifi-2024.8.30 h11-0.14.0 idna-3.10 interpark-0.1.2 outcome-1.3.0.post0 pysocks-1.7.1 selenium-4.26.1 sniffio-1.3.1 sortedcontainers-2.4.0 soupsieve-2.6 trio-0.27.0 trio-websocket-0.11.1 typing_extensions-4.12.2 urllib3-2.2.3 websocket-client-1.8.0 wsproto-1.2.0
[2024-11-24T03:27:56.950+0000] {process_utils.py:186} INFO - Executing cmd: /tmp/venvk_r720yl/bin/python /tmp/venv-call9762r4ny/script.py /tmp/venv-call9762r4ny/script.in /tmp/venv-call9762r4ny/script.out /tmp/venv-call9762r4ny/string_args.txt /tmp/venv-call9762r4ny/termination.log
[2024-11-24T03:27:56.952+0000] {process_utils.py:190} INFO - Output:
[2024-11-24T03:27:58.032+0000] {process_utils.py:194} INFO - Traceback (most recent call last):
[2024-11-24T03:27:58.033+0000] {process_utils.py:194} INFO -   File "/tmp/venv-call9762r4ny/script.py", line 48, in <module>
[2024-11-24T03:27:58.034+0000] {process_utils.py:194} INFO -     res = get_data(*arg_dict["args"], **arg_dict["kwargs"])
[2024-11-24T03:27:58.034+0000] {process_utils.py:194} INFO -           ^^^^^^^^^^^^^^^^^^^^^^^^^^^^^^^^^^^^^^^^^^^^^^^^^
[2024-11-24T03:27:58.035+0000] {process_utils.py:194} INFO -   File "/tmp/venv-call9762r4ny/script.py", line 19, in get_data
[2024-11-24T03:27:58.035+0000] {process_utils.py:194} INFO -     from interpark.test import extract_container_html
[2024-11-24T03:27:58.036+0000] {process_utils.py:194} INFO -   File "/tmp/venvk_r720yl/lib/python3.12/site-packages/interpark/test.py", line 8, in <module>
[2024-11-24T03:27:58.036+0000] {process_utils.py:194} INFO -     from webdriver_manager.chrome import ChromeDriverManager
[2024-11-24T03:27:58.036+0000] {process_utils.py:194} INFO - ModuleNotFoundError: No module named 'webdriver_manager'
[2024-11-24T03:27:58.166+0000] {taskinstance.py:3311} ERROR - Task failed with exception
Traceback (most recent call last):
  File "/home/airflow/.local/lib/python3.12/site-packages/airflow/models/taskinstance.py", line 767, in _execute_task
    result = _execute_callable(context=context, **execute_callable_kwargs)
             ^^^^^^^^^^^^^^^^^^^^^^^^^^^^^^^^^^^^^^^^^^^^^^^^^^^^^^^^^^^^^
  File "/home/airflow/.local/lib/python3.12/site-packages/airflow/models/taskinstance.py", line 733, in _execute_callable
    return ExecutionCallableRunner(
           ^^^^^^^^^^^^^^^^^^^^^^^^
  File "/home/airflow/.local/lib/python3.12/site-packages/airflow/utils/operator_helpers.py", line 252, in run
    return self.func(*args, **kwargs)
           ^^^^^^^^^^^^^^^^^^^^^^^^^^
  File "/home/airflow/.local/lib/python3.12/site-packages/airflow/models/baseoperator.py", line 417, in wrapper
    return func(self, *args, **kwargs)
           ^^^^^^^^^^^^^^^^^^^^^^^^^^^
  File "/home/airflow/.local/lib/python3.12/site-packages/airflow/operators/python.py", line 505, in execute
    return super().execute(context=serializable_context)
           ^^^^^^^^^^^^^^^^^^^^^^^^^^^^^^^^^^^^^^^^^^^^^
  File "/home/airflow/.local/lib/python3.12/site-packages/airflow/models/baseoperator.py", line 417, in wrapper
    return func(self, *args, **kwargs)
           ^^^^^^^^^^^^^^^^^^^^^^^^^^^
  File "/home/airflow/.local/lib/python3.12/site-packages/airflow/operators/python.py", line 238, in execute
    return_value = self.execute_callable()
                   ^^^^^^^^^^^^^^^^^^^^^^^
  File "/home/airflow/.local/lib/python3.12/site-packages/airflow/operators/python.py", line 870, in execute_callable
    result = self._execute_python_callable_in_subprocess(python_path)
             ^^^^^^^^^^^^^^^^^^^^^^^^^^^^^^^^^^^^^^^^^^^^^^^^^^^^^^^^
  File "/home/airflow/.local/lib/python3.12/site-packages/airflow/operators/python.py", line 588, in _execute_python_callable_in_subprocess
    raise AirflowException(error_msg) from None
airflow.exceptions.AirflowException: Process returned non-zero exit status 1.
No module named 'webdriver_manager'
[2024-11-24T03:27:58.189+0000] {taskinstance.py:1225} INFO - Marking task as UP_FOR_RETRY. dag_id=interpark_to_s3, task_id=extract, run_id=scheduled__2024-11-23T00:00:00+00:00, execution_date=20241123T000000, start_date=20241124T032735, end_date=20241124T032758
[2024-11-24T03:27:58.225+0000] {taskinstance.py:340} INFO - ::group::Post task execution logs
[2024-11-24T03:27:58.226+0000] {standard_task_runner.py:124} ERROR - Failed to execute job 64 for task extract (Process returned non-zero exit status 1.
No module named 'webdriver_manager'; 69)
Traceback (most recent call last):
  File "/home/airflow/.local/lib/python3.12/site-packages/airflow/task/task_runner/standard_task_runner.py", line 117, in _start_by_fork
    ret = args.func(args, dag=self.dag)
          ^^^^^^^^^^^^^^^^^^^^^^^^^^^^^
  File "/home/airflow/.local/lib/python3.12/site-packages/airflow/cli/cli_config.py", line 49, in command
    return func(*args, **kwargs)
           ^^^^^^^^^^^^^^^^^^^^^
  File "/home/airflow/.local/lib/python3.12/site-packages/airflow/utils/cli.py", line 116, in wrapper
    return f(*args, **kwargs)
           ^^^^^^^^^^^^^^^^^^
  File "/home/airflow/.local/lib/python3.12/site-packages/airflow/cli/commands/task_command.py", line 483, in task_run
    task_return_code = _run_task_by_selected_method(args, _dag, ti)
                       ^^^^^^^^^^^^^^^^^^^^^^^^^^^^^^^^^^^^^^^^^^^^
  File "/home/airflow/.local/lib/python3.12/site-packages/airflow/cli/commands/task_command.py", line 256, in _run_task_by_selected_method
    return _run_raw_task(args, ti)
           ^^^^^^^^^^^^^^^^^^^^^^^
  File "/home/airflow/.local/lib/python3.12/site-packages/airflow/cli/commands/task_command.py", line 341, in _run_raw_task
    return ti._run_raw_task(
           ^^^^^^^^^^^^^^^^^
  File "/home/airflow/.local/lib/python3.12/site-packages/airflow/utils/session.py", line 97, in wrapper
    return func(*args, session=session, **kwargs)
           ^^^^^^^^^^^^^^^^^^^^^^^^^^^^^^^^^^^^^^
  File "/home/airflow/.local/lib/python3.12/site-packages/airflow/models/taskinstance.py", line 3005, in _run_raw_task
    return _run_raw_task(
           ^^^^^^^^^^^^^^
  File "/home/airflow/.local/lib/python3.12/site-packages/airflow/models/taskinstance.py", line 273, in _run_raw_task
    TaskInstance._execute_task_with_callbacks(
  File "/home/airflow/.local/lib/python3.12/site-packages/airflow/models/taskinstance.py", line 3159, in _execute_task_with_callbacks
    result = self._execute_task(context, task_orig)
             ^^^^^^^^^^^^^^^^^^^^^^^^^^^^^^^^^^^^^^
  File "/home/airflow/.local/lib/python3.12/site-packages/airflow/models/taskinstance.py", line 3183, in _execute_task
    return _execute_task(self, context, task_orig)
           ^^^^^^^^^^^^^^^^^^^^^^^^^^^^^^^^^^^^^^^
  File "/home/airflow/.local/lib/python3.12/site-packages/airflow/models/taskinstance.py", line 767, in _execute_task
    result = _execute_callable(context=context, **execute_callable_kwargs)
             ^^^^^^^^^^^^^^^^^^^^^^^^^^^^^^^^^^^^^^^^^^^^^^^^^^^^^^^^^^^^^
  File "/home/airflow/.local/lib/python3.12/site-packages/airflow/models/taskinstance.py", line 733, in _execute_callable
    return ExecutionCallableRunner(
           ^^^^^^^^^^^^^^^^^^^^^^^^
  File "/home/airflow/.local/lib/python3.12/site-packages/airflow/utils/operator_helpers.py", line 252, in run
    return self.func(*args, **kwargs)
           ^^^^^^^^^^^^^^^^^^^^^^^^^^
  File "/home/airflow/.local/lib/python3.12/site-packages/airflow/models/baseoperator.py", line 417, in wrapper
    return func(self, *args, **kwargs)
           ^^^^^^^^^^^^^^^^^^^^^^^^^^^
  File "/home/airflow/.local/lib/python3.12/site-packages/airflow/operators/python.py", line 505, in execute
    return super().execute(context=serializable_context)
           ^^^^^^^^^^^^^^^^^^^^^^^^^^^^^^^^^^^^^^^^^^^^^
  File "/home/airflow/.local/lib/python3.12/site-packages/airflow/models/baseoperator.py", line 417, in wrapper
    return func(self, *args, **kwargs)
           ^^^^^^^^^^^^^^^^^^^^^^^^^^^
  File "/home/airflow/.local/lib/python3.12/site-packages/airflow/operators/python.py", line 238, in execute
    return_value = self.execute_callable()
                   ^^^^^^^^^^^^^^^^^^^^^^^
  File "/home/airflow/.local/lib/python3.12/site-packages/airflow/operators/python.py", line 870, in execute_callable
    result = self._execute_python_callable_in_subprocess(python_path)
             ^^^^^^^^^^^^^^^^^^^^^^^^^^^^^^^^^^^^^^^^^^^^^^^^^^^^^^^^
  File "/home/airflow/.local/lib/python3.12/site-packages/airflow/operators/python.py", line 588, in _execute_python_callable_in_subprocess
    raise AirflowException(error_msg) from None
airflow.exceptions.AirflowException: Process returned non-zero exit status 1.
No module named 'webdriver_manager'
[2024-11-24T03:27:58.250+0000] {local_task_job_runner.py:266} INFO - Task exited with return code 1
[2024-11-24T03:27:58.279+0000] {taskinstance.py:3895} INFO - 0 downstream tasks scheduled from follow-on schedule check
[2024-11-24T03:27:58.284+0000] {local_task_job_runner.py:245} INFO - ::endgroup::
[2024-11-24T03:35:12.954+0000] {local_task_job_runner.py:123} INFO - ::group::Pre task execution logs
[2024-11-24T03:35:12.976+0000] {taskinstance.py:2613} INFO - Dependencies all met for dep_context=non-requeueable deps ti=<TaskInstance: interpark_to_s3.extract scheduled__2024-11-23T00:00:00+00:00 [queued]>
[2024-11-24T03:35:12.990+0000] {taskinstance.py:2613} INFO - Dependencies all met for dep_context=requeueable deps ti=<TaskInstance: interpark_to_s3.extract scheduled__2024-11-23T00:00:00+00:00 [queued]>
[2024-11-24T03:35:12.991+0000] {taskinstance.py:2866} INFO - Starting attempt 1 of 2
[2024-11-24T03:35:13.019+0000] {taskinstance.py:2889} INFO - Executing <Task(PythonVirtualenvOperator): extract> on 2024-11-23 00:00:00+00:00
[2024-11-24T03:35:13.025+0000] {warnings.py:112} WARNING - /home/***/.local/lib/python3.12/site-packages/***/task/task_runner/standard_task_runner.py:70: DeprecationWarning: This process (pid=493) is multi-threaded, use of fork() may lead to deadlocks in the child.
  pid = os.fork()

[2024-11-24T03:35:13.027+0000] {standard_task_runner.py:72} INFO - Started process 494 to run task
[2024-11-24T03:35:13.027+0000] {standard_task_runner.py:104} INFO - Running: ['***', 'tasks', 'run', 'interpark_to_s3', 'extract', 'scheduled__2024-11-23T00:00:00+00:00', '--job-id', '68', '--raw', '--subdir', 'DAGS_FOLDER/test.py', '--cfg-path', '/tmp/tmpc3xntjto']
[2024-11-24T03:35:13.029+0000] {standard_task_runner.py:105} INFO - Job 68: Subtask extract
[2024-11-24T03:35:13.103+0000] {task_command.py:467} INFO - Running <TaskInstance: interpark_to_s3.extract scheduled__2024-11-23T00:00:00+00:00 [running]> on host d15bd1695070
[2024-11-24T03:35:13.231+0000] {taskinstance.py:3132} INFO - Exporting env vars: AIRFLOW_CTX_DAG_OWNER='***' AIRFLOW_CTX_DAG_ID='interpark_to_s3' AIRFLOW_CTX_TASK_ID='extract' AIRFLOW_CTX_EXECUTION_DATE='2024-11-23T00:00:00+00:00' AIRFLOW_CTX_TRY_NUMBER='1' AIRFLOW_CTX_DAG_RUN_ID='scheduled__2024-11-23T00:00:00+00:00'
[2024-11-24T03:35:13.232+0000] {taskinstance.py:731} INFO - ::endgroup::
[2024-11-24T03:35:13.249+0000] {baseoperator.py:416} WARNING - PythonVirtualenvOperator.execute cannot be called outside TaskInstance!
[2024-11-24T03:35:13.250+0000] {process_utils.py:186} INFO - Executing cmd: /home/***/.local/bin/python -m virtualenv /tmp/venvkoe6nenp --python=python
[2024-11-24T03:35:13.252+0000] {process_utils.py:190} INFO - Output:
[2024-11-24T03:35:14.437+0000] {process_utils.py:194} INFO - created virtual environment CPython3.12.7.final.0-64 in 323ms
[2024-11-24T03:35:14.437+0000] {process_utils.py:194} INFO -   creator CPython3Posix(dest=/tmp/venvkoe6nenp, clear=False, no_vcs_ignore=False, global=False)
[2024-11-24T03:35:14.438+0000] {process_utils.py:194} INFO -   seeder FromAppData(download=False, pip=bundle, via=copy, app_data_dir=/home/***/.local/share/virtualenv)
[2024-11-24T03:35:14.439+0000] {process_utils.py:194} INFO -     added seed packages: pip==24.3.1
[2024-11-24T03:35:14.439+0000] {process_utils.py:194} INFO -   activators BashActivator,CShellActivator,FishActivator,NushellActivator,PowerShellActivator,PythonActivator
[2024-11-24T03:35:14.534+0000] {process_utils.py:186} INFO - Executing cmd: /tmp/venvkoe6nenp/bin/pip install -r /tmp/venvkoe6nenp/requirements.txt
[2024-11-24T03:35:14.536+0000] {process_utils.py:190} INFO - Output:
[2024-11-24T03:35:16.899+0000] {process_utils.py:194} INFO - Collecting git+https://github.com/hahahellooo/interpark.git@0.3/new_crawling (from -r /tmp/venvkoe6nenp/requirements.txt (line 1))
[2024-11-24T03:35:16.901+0000] {process_utils.py:194} INFO -   Cloning https://github.com/hahahellooo/interpark.git (to revision 0.3/new_crawling) to /tmp/pip-req-build-ut8i9soj
[2024-11-24T03:35:16.905+0000] {process_utils.py:194} INFO -   Running command git clone --filter=blob:none --quiet https://github.com/hahahellooo/interpark.git /tmp/pip-req-build-ut8i9soj
[2024-11-24T03:35:18.736+0000] {process_utils.py:194} INFO -   Running command git checkout -b 0.3/new_crawling --track origin/0.3/new_crawling
[2024-11-24T03:35:19.408+0000] {process_utils.py:194} INFO -   Switched to a new branch '0.3/new_crawling'
[2024-11-24T03:35:19.410+0000] {process_utils.py:194} INFO -   branch '0.3/new_crawling' set up to track 'origin/0.3/new_crawling'.
[2024-11-24T03:35:19.410+0000] {process_utils.py:194} INFO -   Resolved https://github.com/hahahellooo/interpark.git to commit 43367c71a9c6f4158dbacbe2cb23a99d6772336d
[2024-11-24T03:35:19.420+0000] {process_utils.py:194} INFO -   Installing build dependencies: started
[2024-11-24T03:35:23.354+0000] {process_utils.py:194} INFO -   Installing build dependencies: finished with status 'done'
[2024-11-24T03:35:23.356+0000] {process_utils.py:194} INFO -   Getting requirements to build wheel: started
[2024-11-24T03:35:24.738+0000] {process_utils.py:194} INFO -   Getting requirements to build wheel: finished with status 'done'
[2024-11-24T03:35:24.740+0000] {process_utils.py:194} INFO -   Preparing metadata (pyproject.toml): started
[2024-11-24T03:35:26.088+0000] {process_utils.py:194} INFO -   Preparing metadata (pyproject.toml): finished with status 'done'
[2024-11-24T03:35:26.260+0000] {process_utils.py:194} INFO - Collecting selenium>=4.26.1 (from interpark==0.1.2->-r /tmp/venvkoe6nenp/requirements.txt (line 1))
[2024-11-24T03:35:26.262+0000] {process_utils.py:194} INFO -   Using cached selenium-4.26.1-py3-none-any.whl.metadata (7.1 kB)
[2024-11-24T03:35:26.303+0000] {process_utils.py:194} INFO - Collecting beautifulsoup4>=4.12.3 (from interpark==0.1.2->-r /tmp/venvkoe6nenp/requirements.txt (line 1))
[2024-11-24T03:35:26.305+0000] {process_utils.py:194} INFO -   Using cached beautifulsoup4-4.12.3-py3-none-any.whl.metadata (3.8 kB)
[2024-11-24T03:35:26.346+0000] {process_utils.py:194} INFO - Collecting soupsieve>1.2 (from beautifulsoup4>=4.12.3->interpark==0.1.2->-r /tmp/venvkoe6nenp/requirements.txt (line 1))
[2024-11-24T03:35:26.350+0000] {process_utils.py:194} INFO -   Using cached soupsieve-2.6-py3-none-any.whl.metadata (4.6 kB)
[2024-11-24T03:35:26.431+0000] {process_utils.py:194} INFO - Collecting urllib3<3,>=1.26 (from urllib3[socks]<3,>=1.26->selenium>=4.26.1->interpark==0.1.2->-r /tmp/venvkoe6nenp/requirements.txt (line 1))
[2024-11-24T03:35:26.435+0000] {process_utils.py:194} INFO -   Using cached urllib3-2.2.3-py3-none-any.whl.metadata (6.5 kB)
[2024-11-24T03:35:26.479+0000] {process_utils.py:194} INFO - Collecting trio~=0.17 (from selenium>=4.26.1->interpark==0.1.2->-r /tmp/venvkoe6nenp/requirements.txt (line 1))
[2024-11-24T03:35:26.484+0000] {process_utils.py:194} INFO -   Using cached trio-0.27.0-py3-none-any.whl.metadata (8.6 kB)
[2024-11-24T03:35:26.519+0000] {process_utils.py:194} INFO - Collecting trio-websocket~=0.9 (from selenium>=4.26.1->interpark==0.1.2->-r /tmp/venvkoe6nenp/requirements.txt (line 1))
[2024-11-24T03:35:26.521+0000] {process_utils.py:194} INFO -   Using cached trio_websocket-0.11.1-py3-none-any.whl.metadata (4.7 kB)
[2024-11-24T03:35:26.565+0000] {process_utils.py:194} INFO - Collecting certifi>=2021.10.8 (from selenium>=4.26.1->interpark==0.1.2->-r /tmp/venvkoe6nenp/requirements.txt (line 1))
[2024-11-24T03:35:26.567+0000] {process_utils.py:194} INFO -   Using cached certifi-2024.8.30-py3-none-any.whl.metadata (2.2 kB)
[2024-11-24T03:35:26.607+0000] {process_utils.py:194} INFO - Collecting typing_extensions~=4.9 (from selenium>=4.26.1->interpark==0.1.2->-r /tmp/venvkoe6nenp/requirements.txt (line 1))
[2024-11-24T03:35:26.609+0000] {process_utils.py:194} INFO -   Using cached typing_extensions-4.12.2-py3-none-any.whl.metadata (3.0 kB)
[2024-11-24T03:35:26.656+0000] {process_utils.py:194} INFO - Collecting websocket-client~=1.8 (from selenium>=4.26.1->interpark==0.1.2->-r /tmp/venvkoe6nenp/requirements.txt (line 1))
[2024-11-24T03:35:26.658+0000] {process_utils.py:194} INFO -   Using cached websocket_client-1.8.0-py3-none-any.whl.metadata (8.0 kB)
[2024-11-24T03:35:26.703+0000] {process_utils.py:194} INFO - Collecting attrs>=23.2.0 (from trio~=0.17->selenium>=4.26.1->interpark==0.1.2->-r /tmp/venvkoe6nenp/requirements.txt (line 1))
[2024-11-24T03:35:26.705+0000] {process_utils.py:194} INFO -   Using cached attrs-24.2.0-py3-none-any.whl.metadata (11 kB)
[2024-11-24T03:35:26.752+0000] {process_utils.py:194} INFO - Collecting sortedcontainers (from trio~=0.17->selenium>=4.26.1->interpark==0.1.2->-r /tmp/venvkoe6nenp/requirements.txt (line 1))
[2024-11-24T03:35:26.755+0000] {process_utils.py:194} INFO -   Using cached sortedcontainers-2.4.0-py2.py3-none-any.whl.metadata (10 kB)
[2024-11-24T03:35:26.800+0000] {process_utils.py:194} INFO - Collecting idna (from trio~=0.17->selenium>=4.26.1->interpark==0.1.2->-r /tmp/venvkoe6nenp/requirements.txt (line 1))
[2024-11-24T03:35:26.803+0000] {process_utils.py:194} INFO -   Using cached idna-3.10-py3-none-any.whl.metadata (10 kB)
[2024-11-24T03:35:26.840+0000] {process_utils.py:194} INFO - Collecting outcome (from trio~=0.17->selenium>=4.26.1->interpark==0.1.2->-r /tmp/venvkoe6nenp/requirements.txt (line 1))
[2024-11-24T03:35:26.842+0000] {process_utils.py:194} INFO -   Using cached outcome-1.3.0.post0-py2.py3-none-any.whl.metadata (2.6 kB)
[2024-11-24T03:35:26.876+0000] {process_utils.py:194} INFO - Collecting sniffio>=1.3.0 (from trio~=0.17->selenium>=4.26.1->interpark==0.1.2->-r /tmp/venvkoe6nenp/requirements.txt (line 1))
[2024-11-24T03:35:26.878+0000] {process_utils.py:194} INFO -   Using cached sniffio-1.3.1-py3-none-any.whl.metadata (3.9 kB)
[2024-11-24T03:35:26.924+0000] {process_utils.py:194} INFO - Collecting wsproto>=0.14 (from trio-websocket~=0.9->selenium>=4.26.1->interpark==0.1.2->-r /tmp/venvkoe6nenp/requirements.txt (line 1))
[2024-11-24T03:35:26.928+0000] {process_utils.py:194} INFO -   Using cached wsproto-1.2.0-py3-none-any.whl.metadata (5.6 kB)
[2024-11-24T03:35:26.969+0000] {process_utils.py:194} INFO - Collecting pysocks!=1.5.7,<2.0,>=1.5.6 (from urllib3[socks]<3,>=1.26->selenium>=4.26.1->interpark==0.1.2->-r /tmp/venvkoe6nenp/requirements.txt (line 1))
[2024-11-24T03:35:26.972+0000] {process_utils.py:194} INFO -   Using cached PySocks-1.7.1-py3-none-any.whl.metadata (13 kB)
[2024-11-24T03:35:27.009+0000] {process_utils.py:194} INFO - Collecting h11<1,>=0.9.0 (from wsproto>=0.14->trio-websocket~=0.9->selenium>=4.26.1->interpark==0.1.2->-r /tmp/venvkoe6nenp/requirements.txt (line 1))
[2024-11-24T03:35:27.011+0000] {process_utils.py:194} INFO -   Using cached h11-0.14.0-py3-none-any.whl.metadata (8.2 kB)
[2024-11-24T03:35:27.027+0000] {process_utils.py:194} INFO - Using cached beautifulsoup4-4.12.3-py3-none-any.whl (147 kB)
[2024-11-24T03:35:27.029+0000] {process_utils.py:194} INFO - Using cached selenium-4.26.1-py3-none-any.whl (9.7 MB)
[2024-11-24T03:35:27.041+0000] {process_utils.py:194} INFO - Using cached certifi-2024.8.30-py3-none-any.whl (167 kB)
[2024-11-24T03:35:27.042+0000] {process_utils.py:194} INFO - Using cached soupsieve-2.6-py3-none-any.whl (36 kB)
[2024-11-24T03:35:27.044+0000] {process_utils.py:194} INFO - Using cached trio-0.27.0-py3-none-any.whl (481 kB)
[2024-11-24T03:35:27.049+0000] {process_utils.py:194} INFO - Using cached trio_websocket-0.11.1-py3-none-any.whl (17 kB)
[2024-11-24T03:35:27.053+0000] {process_utils.py:194} INFO - Using cached typing_extensions-4.12.2-py3-none-any.whl (37 kB)
[2024-11-24T03:35:27.054+0000] {process_utils.py:194} INFO - Using cached urllib3-2.2.3-py3-none-any.whl (126 kB)
[2024-11-24T03:35:27.056+0000] {process_utils.py:194} INFO - Using cached websocket_client-1.8.0-py3-none-any.whl (58 kB)
[2024-11-24T03:35:27.058+0000] {process_utils.py:194} INFO - Using cached attrs-24.2.0-py3-none-any.whl (63 kB)
[2024-11-24T03:35:27.060+0000] {process_utils.py:194} INFO - Using cached PySocks-1.7.1-py3-none-any.whl (16 kB)
[2024-11-24T03:35:27.061+0000] {process_utils.py:194} INFO - Using cached sniffio-1.3.1-py3-none-any.whl (10 kB)
[2024-11-24T03:35:27.064+0000] {process_utils.py:194} INFO - Using cached wsproto-1.2.0-py3-none-any.whl (24 kB)
[2024-11-24T03:35:27.068+0000] {process_utils.py:194} INFO - Using cached idna-3.10-py3-none-any.whl (70 kB)
[2024-11-24T03:35:27.069+0000] {process_utils.py:194} INFO - Using cached outcome-1.3.0.post0-py2.py3-none-any.whl (10 kB)
[2024-11-24T03:35:27.071+0000] {process_utils.py:194} INFO - Using cached sortedcontainers-2.4.0-py2.py3-none-any.whl (29 kB)
[2024-11-24T03:35:27.073+0000] {process_utils.py:194} INFO - Using cached h11-0.14.0-py3-none-any.whl (58 kB)
[2024-11-24T03:35:27.117+0000] {process_utils.py:194} INFO - Building wheels for collected packages: interpark
[2024-11-24T03:35:27.122+0000] {process_utils.py:194} INFO -   Building wheel for interpark (pyproject.toml): started
[2024-11-24T03:35:28.190+0000] {process_utils.py:194} INFO -   Building wheel for interpark (pyproject.toml): finished with status 'done'
[2024-11-24T03:35:28.192+0000] {process_utils.py:194} INFO -   Created wheel for interpark: filename=interpark-0.1.2-py3-none-any.whl size=19065 sha256=842c85779f75ed482abc53b9b10e6dc5eb89462c967ce77c7f6b88aabc37ee52
[2024-11-24T03:35:28.192+0000] {process_utils.py:194} INFO -   Stored in directory: /tmp/pip-ephem-wheel-cache-pv0_8p2_/wheels/3b/e3/3f/2198c53e48ab1c477124eda1522aad636d2590cc0e6349feda
[2024-11-24T03:35:28.195+0000] {process_utils.py:194} INFO - Successfully built interpark
[2024-11-24T03:35:28.266+0000] {process_utils.py:194} INFO - Installing collected packages: sortedcontainers, websocket-client, urllib3, typing_extensions, soupsieve, sniffio, pysocks, idna, h11, certifi, attrs, wsproto, outcome, beautifulsoup4, trio, trio-websocket, selenium, interpark
[2024-11-24T03:35:31.504+0000] {process_utils.py:194} INFO - Successfully installed attrs-24.2.0 beautifulsoup4-4.12.3 certifi-2024.8.30 h11-0.14.0 idna-3.10 interpark-0.1.2 outcome-1.3.0.post0 pysocks-1.7.1 selenium-4.26.1 sniffio-1.3.1 sortedcontainers-2.4.0 soupsieve-2.6 trio-0.27.0 trio-websocket-0.11.1 typing_extensions-4.12.2 urllib3-2.2.3 websocket-client-1.8.0 wsproto-1.2.0
[2024-11-24T03:35:31.909+0000] {process_utils.py:186} INFO - Executing cmd: /tmp/venvkoe6nenp/bin/python /tmp/venv-call0ocnnpun/script.py /tmp/venv-call0ocnnpun/script.in /tmp/venv-call0ocnnpun/script.out /tmp/venv-call0ocnnpun/string_args.txt /tmp/venv-call0ocnnpun/termination.log
[2024-11-24T03:35:31.910+0000] {process_utils.py:190} INFO - Output:
[2024-11-24T03:35:32.718+0000] {process_utils.py:194} INFO - Traceback (most recent call last):
[2024-11-24T03:35:32.718+0000] {process_utils.py:194} INFO -   File "/tmp/venv-call0ocnnpun/script.py", line 48, in <module>
[2024-11-24T03:35:32.719+0000] {process_utils.py:194} INFO -     res = get_data(*arg_dict["args"], **arg_dict["kwargs"])
[2024-11-24T03:35:32.719+0000] {process_utils.py:194} INFO -           ^^^^^^^^^^^^^^^^^^^^^^^^^^^^^^^^^^^^^^^^^^^^^^^^^
[2024-11-24T03:35:32.719+0000] {process_utils.py:194} INFO -   File "/tmp/venv-call0ocnnpun/script.py", line 19, in get_data
[2024-11-24T03:35:32.720+0000] {process_utils.py:194} INFO -     from interpark.test import extract_container_html
[2024-11-24T03:35:32.720+0000] {process_utils.py:194} INFO -   File "/tmp/venvkoe6nenp/lib/python3.12/site-packages/interpark/test.py", line 8, in <module>
[2024-11-24T03:35:32.720+0000] {process_utils.py:194} INFO -     from webdriver_manager.chrome import ChromeDriverManager
[2024-11-24T03:35:32.720+0000] {process_utils.py:194} INFO - ModuleNotFoundError: No module named 'webdriver_manager'
[2024-11-24T03:35:32.845+0000] {taskinstance.py:3311} ERROR - Task failed with exception
Traceback (most recent call last):
  File "/home/airflow/.local/lib/python3.12/site-packages/airflow/models/taskinstance.py", line 767, in _execute_task
    result = _execute_callable(context=context, **execute_callable_kwargs)
             ^^^^^^^^^^^^^^^^^^^^^^^^^^^^^^^^^^^^^^^^^^^^^^^^^^^^^^^^^^^^^
  File "/home/airflow/.local/lib/python3.12/site-packages/airflow/models/taskinstance.py", line 733, in _execute_callable
    return ExecutionCallableRunner(
           ^^^^^^^^^^^^^^^^^^^^^^^^
  File "/home/airflow/.local/lib/python3.12/site-packages/airflow/utils/operator_helpers.py", line 252, in run
    return self.func(*args, **kwargs)
           ^^^^^^^^^^^^^^^^^^^^^^^^^^
  File "/home/airflow/.local/lib/python3.12/site-packages/airflow/models/baseoperator.py", line 417, in wrapper
    return func(self, *args, **kwargs)
           ^^^^^^^^^^^^^^^^^^^^^^^^^^^
  File "/home/airflow/.local/lib/python3.12/site-packages/airflow/operators/python.py", line 505, in execute
    return super().execute(context=serializable_context)
           ^^^^^^^^^^^^^^^^^^^^^^^^^^^^^^^^^^^^^^^^^^^^^
  File "/home/airflow/.local/lib/python3.12/site-packages/airflow/models/baseoperator.py", line 417, in wrapper
    return func(self, *args, **kwargs)
           ^^^^^^^^^^^^^^^^^^^^^^^^^^^
  File "/home/airflow/.local/lib/python3.12/site-packages/airflow/operators/python.py", line 238, in execute
    return_value = self.execute_callable()
                   ^^^^^^^^^^^^^^^^^^^^^^^
  File "/home/airflow/.local/lib/python3.12/site-packages/airflow/operators/python.py", line 870, in execute_callable
    result = self._execute_python_callable_in_subprocess(python_path)
             ^^^^^^^^^^^^^^^^^^^^^^^^^^^^^^^^^^^^^^^^^^^^^^^^^^^^^^^^
  File "/home/airflow/.local/lib/python3.12/site-packages/airflow/operators/python.py", line 588, in _execute_python_callable_in_subprocess
    raise AirflowException(error_msg) from None
airflow.exceptions.AirflowException: Process returned non-zero exit status 1.
No module named 'webdriver_manager'
[2024-11-24T03:35:32.857+0000] {taskinstance.py:1225} INFO - Marking task as UP_FOR_RETRY. dag_id=interpark_to_s3, task_id=extract, run_id=scheduled__2024-11-23T00:00:00+00:00, execution_date=20241123T000000, start_date=20241124T033512, end_date=20241124T033532
[2024-11-24T03:35:32.883+0000] {taskinstance.py:340} INFO - ::group::Post task execution logs
[2024-11-24T03:35:32.884+0000] {standard_task_runner.py:124} ERROR - Failed to execute job 68 for task extract (Process returned non-zero exit status 1.
No module named 'webdriver_manager'; 494)
Traceback (most recent call last):
  File "/home/airflow/.local/lib/python3.12/site-packages/airflow/task/task_runner/standard_task_runner.py", line 117, in _start_by_fork
    ret = args.func(args, dag=self.dag)
          ^^^^^^^^^^^^^^^^^^^^^^^^^^^^^
  File "/home/airflow/.local/lib/python3.12/site-packages/airflow/cli/cli_config.py", line 49, in command
    return func(*args, **kwargs)
           ^^^^^^^^^^^^^^^^^^^^^
  File "/home/airflow/.local/lib/python3.12/site-packages/airflow/utils/cli.py", line 116, in wrapper
    return f(*args, **kwargs)
           ^^^^^^^^^^^^^^^^^^
  File "/home/airflow/.local/lib/python3.12/site-packages/airflow/cli/commands/task_command.py", line 483, in task_run
    task_return_code = _run_task_by_selected_method(args, _dag, ti)
                       ^^^^^^^^^^^^^^^^^^^^^^^^^^^^^^^^^^^^^^^^^^^^
  File "/home/airflow/.local/lib/python3.12/site-packages/airflow/cli/commands/task_command.py", line 256, in _run_task_by_selected_method
    return _run_raw_task(args, ti)
           ^^^^^^^^^^^^^^^^^^^^^^^
  File "/home/airflow/.local/lib/python3.12/site-packages/airflow/cli/commands/task_command.py", line 341, in _run_raw_task
    return ti._run_raw_task(
           ^^^^^^^^^^^^^^^^^
  File "/home/airflow/.local/lib/python3.12/site-packages/airflow/utils/session.py", line 97, in wrapper
    return func(*args, session=session, **kwargs)
           ^^^^^^^^^^^^^^^^^^^^^^^^^^^^^^^^^^^^^^
  File "/home/airflow/.local/lib/python3.12/site-packages/airflow/models/taskinstance.py", line 3005, in _run_raw_task
    return _run_raw_task(
           ^^^^^^^^^^^^^^
  File "/home/airflow/.local/lib/python3.12/site-packages/airflow/models/taskinstance.py", line 273, in _run_raw_task
    TaskInstance._execute_task_with_callbacks(
  File "/home/airflow/.local/lib/python3.12/site-packages/airflow/models/taskinstance.py", line 3159, in _execute_task_with_callbacks
    result = self._execute_task(context, task_orig)
             ^^^^^^^^^^^^^^^^^^^^^^^^^^^^^^^^^^^^^^
  File "/home/airflow/.local/lib/python3.12/site-packages/airflow/models/taskinstance.py", line 3183, in _execute_task
    return _execute_task(self, context, task_orig)
           ^^^^^^^^^^^^^^^^^^^^^^^^^^^^^^^^^^^^^^^
  File "/home/airflow/.local/lib/python3.12/site-packages/airflow/models/taskinstance.py", line 767, in _execute_task
    result = _execute_callable(context=context, **execute_callable_kwargs)
             ^^^^^^^^^^^^^^^^^^^^^^^^^^^^^^^^^^^^^^^^^^^^^^^^^^^^^^^^^^^^^
  File "/home/airflow/.local/lib/python3.12/site-packages/airflow/models/taskinstance.py", line 733, in _execute_callable
    return ExecutionCallableRunner(
           ^^^^^^^^^^^^^^^^^^^^^^^^
  File "/home/airflow/.local/lib/python3.12/site-packages/airflow/utils/operator_helpers.py", line 252, in run
    return self.func(*args, **kwargs)
           ^^^^^^^^^^^^^^^^^^^^^^^^^^
  File "/home/airflow/.local/lib/python3.12/site-packages/airflow/models/baseoperator.py", line 417, in wrapper
    return func(self, *args, **kwargs)
           ^^^^^^^^^^^^^^^^^^^^^^^^^^^
  File "/home/airflow/.local/lib/python3.12/site-packages/airflow/operators/python.py", line 505, in execute
    return super().execute(context=serializable_context)
           ^^^^^^^^^^^^^^^^^^^^^^^^^^^^^^^^^^^^^^^^^^^^^
  File "/home/airflow/.local/lib/python3.12/site-packages/airflow/models/baseoperator.py", line 417, in wrapper
    return func(self, *args, **kwargs)
           ^^^^^^^^^^^^^^^^^^^^^^^^^^^
  File "/home/airflow/.local/lib/python3.12/site-packages/airflow/operators/python.py", line 238, in execute
    return_value = self.execute_callable()
                   ^^^^^^^^^^^^^^^^^^^^^^^
  File "/home/airflow/.local/lib/python3.12/site-packages/airflow/operators/python.py", line 870, in execute_callable
    result = self._execute_python_callable_in_subprocess(python_path)
             ^^^^^^^^^^^^^^^^^^^^^^^^^^^^^^^^^^^^^^^^^^^^^^^^^^^^^^^^
  File "/home/airflow/.local/lib/python3.12/site-packages/airflow/operators/python.py", line 588, in _execute_python_callable_in_subprocess
    raise AirflowException(error_msg) from None
airflow.exceptions.AirflowException: Process returned non-zero exit status 1.
No module named 'webdriver_manager'
[2024-11-24T03:35:32.917+0000] {local_task_job_runner.py:266} INFO - Task exited with return code 1
[2024-11-24T03:35:32.949+0000] {taskinstance.py:3895} INFO - 0 downstream tasks scheduled from follow-on schedule check
[2024-11-24T03:35:32.955+0000] {local_task_job_runner.py:245} INFO - ::endgroup::
