[2024-11-25T07:48:00.210+0000] {local_task_job_runner.py:123} INFO - ::group::Pre task execution logs
[2024-11-25T07:48:00.238+0000] {taskinstance.py:2613} INFO - Dependencies all met for dep_context=non-requeueable deps ti=<TaskInstance: open_interpark_to_S3.upload_to_s3 scheduled__2024-11-24T00:00:00+00:00 [queued]>
[2024-11-25T07:48:00.249+0000] {taskinstance.py:2613} INFO - Dependencies all met for dep_context=requeueable deps ti=<TaskInstance: open_interpark_to_S3.upload_to_s3 scheduled__2024-11-24T00:00:00+00:00 [queued]>
[2024-11-25T07:48:00.249+0000] {taskinstance.py:2866} INFO - Starting attempt 23 of 24
[2024-11-25T07:48:00.268+0000] {taskinstance.py:2889} INFO - Executing <Task(PythonVirtualenvOperator): upload_to_s3> on 2024-11-24 00:00:00+00:00
[2024-11-25T07:48:00.276+0000] {warnings.py:112} WARNING - /home/***/.local/lib/python3.12/site-packages/***/task/task_runner/standard_task_runner.py:70: DeprecationWarning: This process (pid=1697) is multi-threaded, use of fork() may lead to deadlocks in the child.
  pid = os.fork()

[2024-11-25T07:48:00.277+0000] {standard_task_runner.py:72} INFO - Started process 1698 to run task
[2024-11-25T07:48:00.278+0000] {standard_task_runner.py:104} INFO - Running: ['***', 'tasks', 'run', 'open_interpark_to_S3', 'upload_to_s3', 'scheduled__2024-11-24T00:00:00+00:00', '--job-id', '200', '--raw', '--subdir', 'DAGS_FOLDER/raw_open_s3.py', '--cfg-path', '/tmp/tmp5qh3sx3h']
[2024-11-25T07:48:00.279+0000] {standard_task_runner.py:105} INFO - Job 200: Subtask upload_to_s3
[2024-11-25T07:48:00.338+0000] {task_command.py:467} INFO - Running <TaskInstance: open_interpark_to_S3.upload_to_s3 scheduled__2024-11-24T00:00:00+00:00 [running]> on host d6eb7d9e3d92
[2024-11-25T07:48:00.441+0000] {taskinstance.py:3132} INFO - Exporting env vars: AIRFLOW_CTX_DAG_OWNER='***' AIRFLOW_CTX_DAG_ID='open_interpark_to_S3' AIRFLOW_CTX_TASK_ID='upload_to_s3' AIRFLOW_CTX_EXECUTION_DATE='2024-11-24T00:00:00+00:00' AIRFLOW_CTX_TRY_NUMBER='23' AIRFLOW_CTX_DAG_RUN_ID='scheduled__2024-11-24T00:00:00+00:00'
[2024-11-25T07:48:00.442+0000] {taskinstance.py:731} INFO - ::endgroup::
[2024-11-25T07:48:00.462+0000] {baseoperator.py:416} WARNING - PythonVirtualenvOperator.execute cannot be called outside TaskInstance!
[2024-11-25T07:48:00.464+0000] {process_utils.py:186} INFO - Executing cmd: /home/***/.local/bin/python -m virtualenv /tmp/venvjqqd2cqn --system-site-packages --python=python
[2024-11-25T07:48:00.465+0000] {process_utils.py:190} INFO - Output:
[2024-11-25T07:48:01.343+0000] {process_utils.py:194} INFO - created virtual environment CPython3.12.7.final.0-64 in 216ms
[2024-11-25T07:48:01.344+0000] {process_utils.py:194} INFO -   creator CPython3Posix(dest=/tmp/venvjqqd2cqn, clear=False, no_vcs_ignore=False, global=True)
[2024-11-25T07:48:01.344+0000] {process_utils.py:194} INFO -   seeder FromAppData(download=False, pip=bundle, via=copy, app_data_dir=/home/***/.local/share/virtualenv)
[2024-11-25T07:48:01.345+0000] {process_utils.py:194} INFO -     added seed packages: pip==24.3.1
[2024-11-25T07:48:01.345+0000] {process_utils.py:194} INFO -   activators BashActivator,CShellActivator,FishActivator,NushellActivator,PowerShellActivator,PythonActivator
[2024-11-25T07:48:01.376+0000] {process_utils.py:186} INFO - Executing cmd: /tmp/venvjqqd2cqn/bin/pip install -r /tmp/venvjqqd2cqn/requirements.txt
[2024-11-25T07:48:01.377+0000] {process_utils.py:190} INFO - Output:
[2024-11-25T07:48:03.125+0000] {process_utils.py:194} INFO - Collecting git+https://github.com/hahahellooo/interpark.git@0.3/new_crawling (from -r /tmp/venvjqqd2cqn/requirements.txt (line 1))
[2024-11-25T07:48:03.125+0000] {process_utils.py:194} INFO -   Cloning https://github.com/hahahellooo/interpark.git (to revision 0.3/new_crawling) to /tmp/pip-req-build-gocfg605
[2024-11-25T07:48:03.154+0000] {process_utils.py:194} INFO -   Running command git clone --filter=blob:none --quiet https://github.com/hahahellooo/interpark.git /tmp/pip-req-build-gocfg605
[2024-11-25T07:48:04.430+0000] {process_utils.py:194} INFO -   Running command git checkout -b 0.3/new_crawling --track origin/0.3/new_crawling
[2024-11-25T07:48:04.989+0000] {process_utils.py:194} INFO -   Switched to a new branch '0.3/new_crawling'
[2024-11-25T07:48:04.989+0000] {process_utils.py:194} INFO -   branch '0.3/new_crawling' set up to track 'origin/0.3/new_crawling'.
[2024-11-25T07:48:04.990+0000] {process_utils.py:194} INFO -   Resolved https://github.com/hahahellooo/interpark.git to commit aedef633ce1c9b9ec570f31086305c239c0d7f85
[2024-11-25T07:48:04.996+0000] {process_utils.py:194} INFO -   Installing build dependencies: started
[2024-11-25T07:48:08.007+0000] {process_utils.py:194} INFO -   Installing build dependencies: finished with status 'done'
[2024-11-25T07:48:08.008+0000] {process_utils.py:194} INFO -   Getting requirements to build wheel: started
[2024-11-25T07:48:08.735+0000] {process_utils.py:194} INFO -   Getting requirements to build wheel: finished with status 'done'
[2024-11-25T07:48:08.737+0000] {process_utils.py:194} INFO -   Preparing metadata (pyproject.toml): started
[2024-11-25T07:48:09.493+0000] {process_utils.py:194} INFO -   Preparing metadata (pyproject.toml): finished with status 'done'
[2024-11-25T07:48:09.612+0000] {process_utils.py:194} INFO - Collecting selenium>=4.26.1 (from interpark==0.1.5->-r /tmp/venvjqqd2cqn/requirements.txt (line 1))
[2024-11-25T07:48:09.614+0000] {process_utils.py:194} INFO -   Using cached selenium-4.26.1-py3-none-any.whl.metadata (7.1 kB)
[2024-11-25T07:48:09.618+0000] {process_utils.py:194} INFO - Requirement already satisfied: beautifulsoup4>=4.12.3 in /home/***/.local/lib/python3.12/site-packages (from interpark==0.1.5->-r /tmp/venvjqqd2cqn/requirements.txt (line 1)) (4.12.3)
[2024-11-25T07:48:09.657+0000] {process_utils.py:194} INFO - Collecting webdriver-manager>=4.0.2 (from interpark==0.1.5->-r /tmp/venvjqqd2cqn/requirements.txt (line 1))
[2024-11-25T07:48:09.658+0000] {process_utils.py:194} INFO -   Using cached webdriver_manager-4.0.2-py2.py3-none-any.whl.metadata (12 kB)
[2024-11-25T07:48:10.078+0000] {process_utils.py:194} INFO - Collecting pymongo>=4.10.1 (from interpark==0.1.5->-r /tmp/venvjqqd2cqn/requirements.txt (line 1))
[2024-11-25T07:48:10.079+0000] {process_utils.py:194} INFO -   Using cached pymongo-4.10.1-cp312-cp312-manylinux_2_17_x86_64.manylinux2014_x86_64.whl.metadata (22 kB)
[2024-11-25T07:48:10.177+0000] {process_utils.py:194} INFO - Collecting apache-***-providers-amazon>=9.1.0 (from interpark==0.1.5->-r /tmp/venvjqqd2cqn/requirements.txt (line 1))
[2024-11-25T07:48:10.179+0000] {process_utils.py:194} INFO -   Using cached apache_***_providers_amazon-9.1.0-py3-none-any.whl.metadata (10 kB)
[2024-11-25T07:48:10.191+0000] {process_utils.py:194} INFO - Requirement already satisfied: PyAthena>=3.0.10 in /home/***/.local/lib/python3.12/site-packages (from apache-***-providers-amazon>=9.1.0->interpark==0.1.5->-r /tmp/venvjqqd2cqn/requirements.txt (line 1)) (3.9.0)
[2024-11-25T07:48:10.191+0000] {process_utils.py:194} INFO - Requirement already satisfied: apache-***-providers-common-compat>=1.2.1 in /home/***/.local/lib/python3.12/site-packages (from apache-***-providers-amazon>=9.1.0->interpark==0.1.5->-r /tmp/venvjqqd2cqn/requirements.txt (line 1)) (1.2.1)
[2024-11-25T07:48:10.242+0000] {process_utils.py:194} INFO - Collecting apache-***-providers-common-sql>=1.20.0 (from apache-***-providers-amazon>=9.1.0->interpark==0.1.5->-r /tmp/venvjqqd2cqn/requirements.txt (line 1))
[2024-11-25T07:48:10.243+0000] {process_utils.py:194} INFO -   Using cached apache_***_providers_common_sql-1.20.0-py3-none-any.whl.metadata (6.2 kB)
[2024-11-25T07:48:10.246+0000] {process_utils.py:194} INFO - Requirement already satisfied: apache-***-providers-http in /home/***/.local/lib/python3.12/site-packages (from apache-***-providers-amazon>=9.1.0->interpark==0.1.5->-r /tmp/venvjqqd2cqn/requirements.txt (line 1)) (4.13.2)
[2024-11-25T07:48:10.247+0000] {process_utils.py:194} INFO - Requirement already satisfied: apache-***>=2.8.0 in /home/***/.local/lib/python3.12/site-packages (from apache-***-providers-amazon>=9.1.0->interpark==0.1.5->-r /tmp/venvjqqd2cqn/requirements.txt (line 1)) (2.10.3)
[2024-11-25T07:48:10.248+0000] {process_utils.py:194} INFO - Requirement already satisfied: asgiref>=2.3.0 in /home/***/.local/lib/python3.12/site-packages (from apache-***-providers-amazon>=9.1.0->interpark==0.1.5->-r /tmp/venvjqqd2cqn/requirements.txt (line 1)) (3.8.1)
[2024-11-25T07:48:10.248+0000] {process_utils.py:194} INFO - Requirement already satisfied: boto3>=1.34.90 in /home/***/.local/lib/python3.12/site-packages (from apache-***-providers-amazon>=9.1.0->interpark==0.1.5->-r /tmp/venvjqqd2cqn/requirements.txt (line 1)) (1.35.36)
[2024-11-25T07:48:10.248+0000] {process_utils.py:194} INFO - Requirement already satisfied: botocore>=1.34.90 in /home/***/.local/lib/python3.12/site-packages (from apache-***-providers-amazon>=9.1.0->interpark==0.1.5->-r /tmp/venvjqqd2cqn/requirements.txt (line 1)) (1.35.36)
[2024-11-25T07:48:10.249+0000] {process_utils.py:194} INFO - Requirement already satisfied: inflection>=0.5.1 in /home/***/.local/lib/python3.12/site-packages (from apache-***-providers-amazon>=9.1.0->interpark==0.1.5->-r /tmp/venvjqqd2cqn/requirements.txt (line 1)) (0.5.1)
[2024-11-25T07:48:10.249+0000] {process_utils.py:194} INFO - Requirement already satisfied: jmespath>=0.7.0 in /home/***/.local/lib/python3.12/site-packages (from apache-***-providers-amazon>=9.1.0->interpark==0.1.5->-r /tmp/venvjqqd2cqn/requirements.txt (line 1)) (0.10.0)
[2024-11-25T07:48:10.250+0000] {process_utils.py:194} INFO - Requirement already satisfied: jsonpath_ng>=1.5.3 in /home/***/.local/lib/python3.12/site-packages (from apache-***-providers-amazon>=9.1.0->interpark==0.1.5->-r /tmp/venvjqqd2cqn/requirements.txt (line 1)) (1.7.0)
[2024-11-25T07:48:10.250+0000] {process_utils.py:194} INFO - Requirement already satisfied: python3-saml>=1.16.0 in /home/***/.local/lib/python3.12/site-packages (from apache-***-providers-amazon>=9.1.0->interpark==0.1.5->-r /tmp/venvjqqd2cqn/requirements.txt (line 1)) (1.16.0)
[2024-11-25T07:48:10.250+0000] {process_utils.py:194} INFO - Requirement already satisfied: redshift_connector>=2.0.918 in /home/***/.local/lib/python3.12/site-packages (from apache-***-providers-amazon>=9.1.0->interpark==0.1.5->-r /tmp/venvjqqd2cqn/requirements.txt (line 1)) (2.1.3)
[2024-11-25T07:48:10.251+0000] {process_utils.py:194} INFO - Requirement already satisfied: watchtower!=3.3.0,<4,>=3.0.0 in /home/***/.local/lib/python3.12/site-packages (from apache-***-providers-amazon>=9.1.0->interpark==0.1.5->-r /tmp/venvjqqd2cqn/requirements.txt (line 1)) (3.3.1)
[2024-11-25T07:48:10.253+0000] {process_utils.py:194} INFO - Requirement already satisfied: soupsieve>1.2 in /home/***/.local/lib/python3.12/site-packages (from beautifulsoup4>=4.12.3->interpark==0.1.5->-r /tmp/venvjqqd2cqn/requirements.txt (line 1)) (2.6)
[2024-11-25T07:48:10.256+0000] {process_utils.py:194} INFO - Requirement already satisfied: dnspython<3.0.0,>=1.16.0 in /home/***/.local/lib/python3.12/site-packages (from pymongo>=4.10.1->interpark==0.1.5->-r /tmp/venvjqqd2cqn/requirements.txt (line 1)) (2.7.0)
[2024-11-25T07:48:10.257+0000] {process_utils.py:194} INFO - Requirement already satisfied: urllib3<3,>=1.26 in /home/***/.local/lib/python3.12/site-packages (from urllib3[socks]<3,>=1.26->selenium>=4.26.1->interpark==0.1.5->-r /tmp/venvjqqd2cqn/requirements.txt (line 1)) (2.2.3)
[2024-11-25T07:48:10.292+0000] {process_utils.py:194} INFO - Collecting trio~=0.17 (from selenium>=4.26.1->interpark==0.1.5->-r /tmp/venvjqqd2cqn/requirements.txt (line 1))
[2024-11-25T07:48:10.293+0000] {process_utils.py:194} INFO -   Using cached trio-0.27.0-py3-none-any.whl.metadata (8.6 kB)
[2024-11-25T07:48:10.328+0000] {process_utils.py:194} INFO - Collecting trio-websocket~=0.9 (from selenium>=4.26.1->interpark==0.1.5->-r /tmp/venvjqqd2cqn/requirements.txt (line 1))
[2024-11-25T07:48:10.331+0000] {process_utils.py:194} INFO -   Using cached trio_websocket-0.11.1-py3-none-any.whl.metadata (4.7 kB)
[2024-11-25T07:48:10.335+0000] {process_utils.py:194} INFO - Requirement already satisfied: certifi>=2021.10.8 in /home/***/.local/lib/python3.12/site-packages (from selenium>=4.26.1->interpark==0.1.5->-r /tmp/venvjqqd2cqn/requirements.txt (line 1)) (2024.8.30)
[2024-11-25T07:48:10.336+0000] {process_utils.py:194} INFO - Requirement already satisfied: typing_extensions~=4.9 in /home/***/.local/lib/python3.12/site-packages (from selenium>=4.26.1->interpark==0.1.5->-r /tmp/venvjqqd2cqn/requirements.txt (line 1)) (4.12.2)
[2024-11-25T07:48:10.337+0000] {process_utils.py:194} INFO - Requirement already satisfied: websocket-client~=1.8 in /home/***/.local/lib/python3.12/site-packages (from selenium>=4.26.1->interpark==0.1.5->-r /tmp/venvjqqd2cqn/requirements.txt (line 1)) (1.8.0)
[2024-11-25T07:48:10.339+0000] {process_utils.py:194} INFO - Requirement already satisfied: requests in /home/***/.local/lib/python3.12/site-packages (from webdriver-manager>=4.0.2->interpark==0.1.5->-r /tmp/venvjqqd2cqn/requirements.txt (line 1)) (2.32.3)
[2024-11-25T07:48:10.339+0000] {process_utils.py:194} INFO - Requirement already satisfied: python-dotenv in /home/***/.local/lib/python3.12/site-packages (from webdriver-manager>=4.0.2->interpark==0.1.5->-r /tmp/venvjqqd2cqn/requirements.txt (line 1)) (1.0.1)
[2024-11-25T07:48:10.339+0000] {process_utils.py:194} INFO - Requirement already satisfied: packaging in /home/***/.local/lib/python3.12/site-packages (from webdriver-manager>=4.0.2->interpark==0.1.5->-r /tmp/venvjqqd2cqn/requirements.txt (line 1)) (24.1)
[2024-11-25T07:48:10.391+0000] {process_utils.py:194} INFO - Requirement already satisfied: alembic<2.0,>=1.13.1 in /home/***/.local/lib/python3.12/site-packages (from apache-***>=2.8.0->apache-***-providers-amazon>=9.1.0->interpark==0.1.5->-r /tmp/venvjqqd2cqn/requirements.txt (line 1)) (1.14.0)
[2024-11-25T07:48:10.392+0000] {process_utils.py:194} INFO - Requirement already satisfied: argcomplete>=1.10 in /home/***/.local/lib/python3.12/site-packages (from apache-***>=2.8.0->apache-***-providers-amazon>=9.1.0->interpark==0.1.5->-r /tmp/venvjqqd2cqn/requirements.txt (line 1)) (3.5.1)
[2024-11-25T07:48:10.392+0000] {process_utils.py:194} INFO - Requirement already satisfied: attrs>=22.1.0 in /home/***/.local/lib/python3.12/site-packages (from apache-***>=2.8.0->apache-***-providers-amazon>=9.1.0->interpark==0.1.5->-r /tmp/venvjqqd2cqn/requirements.txt (line 1)) (24.2.0)
[2024-11-25T07:48:10.392+0000] {process_utils.py:194} INFO - Requirement already satisfied: blinker>=1.6.2 in /home/***/.local/lib/python3.12/site-packages (from apache-***>=2.8.0->apache-***-providers-amazon>=9.1.0->interpark==0.1.5->-r /tmp/venvjqqd2cqn/requirements.txt (line 1)) (1.8.2)
[2024-11-25T07:48:10.393+0000] {process_utils.py:194} INFO - Requirement already satisfied: colorlog>=6.8.2 in /home/***/.local/lib/python3.12/site-packages (from apache-***>=2.8.0->apache-***-providers-amazon>=9.1.0->interpark==0.1.5->-r /tmp/venvjqqd2cqn/requirements.txt (line 1)) (6.9.0)
[2024-11-25T07:48:10.395+0000] {process_utils.py:194} INFO - Requirement already satisfied: configupdater>=3.1.1 in /home/***/.local/lib/python3.12/site-packages (from apache-***>=2.8.0->apache-***-providers-amazon>=9.1.0->interpark==0.1.5->-r /tmp/venvjqqd2cqn/requirements.txt (line 1)) (3.2)
[2024-11-25T07:48:10.397+0000] {process_utils.py:194} INFO - Requirement already satisfied: connexion<3.0,>=2.14.2 in /home/***/.local/lib/python3.12/site-packages (from connexion[flask]<3.0,>=2.14.2->apache-***>=2.8.0->apache-***-providers-amazon>=9.1.0->interpark==0.1.5->-r /tmp/venvjqqd2cqn/requirements.txt (line 1)) (2.14.2)
[2024-11-25T07:48:10.398+0000] {process_utils.py:194} INFO - Requirement already satisfied: cron-descriptor>=1.2.24 in /home/***/.local/lib/python3.12/site-packages (from apache-***>=2.8.0->apache-***-providers-amazon>=9.1.0->interpark==0.1.5->-r /tmp/venvjqqd2cqn/requirements.txt (line 1)) (1.4.5)
[2024-11-25T07:48:10.399+0000] {process_utils.py:194} INFO - Requirement already satisfied: croniter>=2.0.2 in /home/***/.local/lib/python3.12/site-packages (from apache-***>=2.8.0->apache-***-providers-amazon>=9.1.0->interpark==0.1.5->-r /tmp/venvjqqd2cqn/requirements.txt (line 1)) (5.0.1)
[2024-11-25T07:48:10.399+0000] {process_utils.py:194} INFO - Requirement already satisfied: cryptography>=41.0.0 in /home/***/.local/lib/python3.12/site-packages (from apache-***>=2.8.0->apache-***-providers-amazon>=9.1.0->interpark==0.1.5->-r /tmp/venvjqqd2cqn/requirements.txt (line 1)) (42.0.8)
[2024-11-25T07:48:10.400+0000] {process_utils.py:194} INFO - Requirement already satisfied: deprecated>=1.2.13 in /home/***/.local/lib/python3.12/site-packages (from apache-***>=2.8.0->apache-***-providers-amazon>=9.1.0->interpark==0.1.5->-r /tmp/venvjqqd2cqn/requirements.txt (line 1)) (1.2.14)
[2024-11-25T07:48:10.401+0000] {process_utils.py:194} INFO - Requirement already satisfied: dill>=0.2.2 in /home/***/.local/lib/python3.12/site-packages (from apache-***>=2.8.0->apache-***-providers-amazon>=9.1.0->interpark==0.1.5->-r /tmp/venvjqqd2cqn/requirements.txt (line 1)) (0.3.9)
[2024-11-25T07:48:10.402+0000] {process_utils.py:194} INFO - Requirement already satisfied: flask-caching>=2.0.0 in /home/***/.local/lib/python3.12/site-packages (from apache-***>=2.8.0->apache-***-providers-amazon>=9.1.0->interpark==0.1.5->-r /tmp/venvjqqd2cqn/requirements.txt (line 1)) (2.3.0)
[2024-11-25T07:48:10.402+0000] {process_utils.py:194} INFO - Requirement already satisfied: flask-session<0.6,>=0.4.0 in /home/***/.local/lib/python3.12/site-packages (from apache-***>=2.8.0->apache-***-providers-amazon>=9.1.0->interpark==0.1.5->-r /tmp/venvjqqd2cqn/requirements.txt (line 1)) (0.5.0)
[2024-11-25T07:48:10.403+0000] {process_utils.py:194} INFO - Requirement already satisfied: flask-wtf>=1.1.0 in /home/***/.local/lib/python3.12/site-packages (from apache-***>=2.8.0->apache-***-providers-amazon>=9.1.0->interpark==0.1.5->-r /tmp/venvjqqd2cqn/requirements.txt (line 1)) (1.2.2)
[2024-11-25T07:48:10.403+0000] {process_utils.py:194} INFO - Requirement already satisfied: flask<2.3,>=2.2.1 in /home/***/.local/lib/python3.12/site-packages (from apache-***>=2.8.0->apache-***-providers-amazon>=9.1.0->interpark==0.1.5->-r /tmp/venvjqqd2cqn/requirements.txt (line 1)) (2.2.5)
[2024-11-25T07:48:10.404+0000] {process_utils.py:194} INFO - Requirement already satisfied: fsspec>=2023.10.0 in /home/***/.local/lib/python3.12/site-packages (from apache-***>=2.8.0->apache-***-providers-amazon>=9.1.0->interpark==0.1.5->-r /tmp/venvjqqd2cqn/requirements.txt (line 1)) (2024.10.0)
[2024-11-25T07:48:10.405+0000] {process_utils.py:194} INFO - Requirement already satisfied: google-re2>=1.1 in /home/***/.local/lib/python3.12/site-packages (from apache-***>=2.8.0->apache-***-providers-amazon>=9.1.0->interpark==0.1.5->-r /tmp/venvjqqd2cqn/requirements.txt (line 1)) (1.1.20240702)
[2024-11-25T07:48:10.405+0000] {process_utils.py:194} INFO - Requirement already satisfied: gunicorn>=20.1.0 in /home/***/.local/lib/python3.12/site-packages (from apache-***>=2.8.0->apache-***-providers-amazon>=9.1.0->interpark==0.1.5->-r /tmp/venvjqqd2cqn/requirements.txt (line 1)) (23.0.0)
[2024-11-25T07:48:10.405+0000] {process_utils.py:194} INFO - Requirement already satisfied: httpx>=0.25.0 in /home/***/.local/lib/python3.12/site-packages (from apache-***>=2.8.0->apache-***-providers-amazon>=9.1.0->interpark==0.1.5->-r /tmp/venvjqqd2cqn/requirements.txt (line 1)) (0.27.0)
[2024-11-25T07:48:10.406+0000] {process_utils.py:194} INFO - Requirement already satisfied: itsdangerous>=2.0 in /home/***/.local/lib/python3.12/site-packages (from apache-***>=2.8.0->apache-***-providers-amazon>=9.1.0->interpark==0.1.5->-r /tmp/venvjqqd2cqn/requirements.txt (line 1)) (2.2.0)
[2024-11-25T07:48:10.407+0000] {process_utils.py:194} INFO - Requirement already satisfied: jinja2>=3.0.0 in /home/***/.local/lib/python3.12/site-packages (from apache-***>=2.8.0->apache-***-providers-amazon>=9.1.0->interpark==0.1.5->-r /tmp/venvjqqd2cqn/requirements.txt (line 1)) (3.1.4)
[2024-11-25T07:48:10.407+0000] {process_utils.py:194} INFO - Requirement already satisfied: jsonschema>=4.18.0 in /home/***/.local/lib/python3.12/site-packages (from apache-***>=2.8.0->apache-***-providers-amazon>=9.1.0->interpark==0.1.5->-r /tmp/venvjqqd2cqn/requirements.txt (line 1)) (4.23.0)
[2024-11-25T07:48:10.408+0000] {process_utils.py:194} INFO - Requirement already satisfied: lazy-object-proxy>=1.2.0 in /home/***/.local/lib/python3.12/site-packages (from apache-***>=2.8.0->apache-***-providers-amazon>=9.1.0->interpark==0.1.5->-r /tmp/venvjqqd2cqn/requirements.txt (line 1)) (1.10.0)
[2024-11-25T07:48:10.408+0000] {process_utils.py:194} INFO - Requirement already satisfied: linkify-it-py>=2.0.0 in /home/***/.local/lib/python3.12/site-packages (from apache-***>=2.8.0->apache-***-providers-amazon>=9.1.0->interpark==0.1.5->-r /tmp/venvjqqd2cqn/requirements.txt (line 1)) (2.0.3)
[2024-11-25T07:48:10.409+0000] {process_utils.py:194} INFO - Requirement already satisfied: lockfile>=0.12.2 in /home/***/.local/lib/python3.12/site-packages (from apache-***>=2.8.0->apache-***-providers-amazon>=9.1.0->interpark==0.1.5->-r /tmp/venvjqqd2cqn/requirements.txt (line 1)) (0.12.2)
[2024-11-25T07:48:10.409+0000] {process_utils.py:194} INFO - Requirement already satisfied: markdown-it-py>=2.1.0 in /home/***/.local/lib/python3.12/site-packages (from apache-***>=2.8.0->apache-***-providers-amazon>=9.1.0->interpark==0.1.5->-r /tmp/venvjqqd2cqn/requirements.txt (line 1)) (3.0.0)
[2024-11-25T07:48:10.409+0000] {process_utils.py:194} INFO - Requirement already satisfied: markupsafe>=1.1.1 in /home/***/.local/lib/python3.12/site-packages (from apache-***>=2.8.0->apache-***-providers-amazon>=9.1.0->interpark==0.1.5->-r /tmp/venvjqqd2cqn/requirements.txt (line 1)) (3.0.2)
[2024-11-25T07:48:10.410+0000] {process_utils.py:194} INFO - Requirement already satisfied: marshmallow-oneofschema>=2.0.1 in /home/***/.local/lib/python3.12/site-packages (from apache-***>=2.8.0->apache-***-providers-amazon>=9.1.0->interpark==0.1.5->-r /tmp/venvjqqd2cqn/requirements.txt (line 1)) (3.1.1)
[2024-11-25T07:48:10.410+0000] {process_utils.py:194} INFO - Requirement already satisfied: mdit-py-plugins>=0.3.0 in /home/***/.local/lib/python3.12/site-packages (from apache-***>=2.8.0->apache-***-providers-amazon>=9.1.0->interpark==0.1.5->-r /tmp/venvjqqd2cqn/requirements.txt (line 1)) (0.4.2)
[2024-11-25T07:48:10.411+0000] {process_utils.py:194} INFO - Requirement already satisfied: methodtools>=0.4.7 in /home/***/.local/lib/python3.12/site-packages (from apache-***>=2.8.0->apache-***-providers-amazon>=9.1.0->interpark==0.1.5->-r /tmp/venvjqqd2cqn/requirements.txt (line 1)) (0.4.7)
[2024-11-25T07:48:10.411+0000] {process_utils.py:194} INFO - Requirement already satisfied: opentelemetry-api>=1.15.0 in /home/***/.local/lib/python3.12/site-packages (from apache-***>=2.8.0->apache-***-providers-amazon>=9.1.0->interpark==0.1.5->-r /tmp/venvjqqd2cqn/requirements.txt (line 1)) (1.27.0)
[2024-11-25T07:48:10.412+0000] {process_utils.py:194} INFO - Requirement already satisfied: opentelemetry-exporter-otlp>=1.15.0 in /home/***/.local/lib/python3.12/site-packages (from apache-***>=2.8.0->apache-***-providers-amazon>=9.1.0->interpark==0.1.5->-r /tmp/venvjqqd2cqn/requirements.txt (line 1)) (1.27.0)
[2024-11-25T07:48:10.413+0000] {process_utils.py:194} INFO - Requirement already satisfied: pathspec>=0.9.0 in /home/***/.local/lib/python3.12/site-packages (from apache-***>=2.8.0->apache-***-providers-amazon>=9.1.0->interpark==0.1.5->-r /tmp/venvjqqd2cqn/requirements.txt (line 1)) (0.12.1)
[2024-11-25T07:48:10.414+0000] {process_utils.py:194} INFO - Requirement already satisfied: pendulum<4.0,>=3.0.0 in /home/***/.local/lib/python3.12/site-packages (from apache-***>=2.8.0->apache-***-providers-amazon>=9.1.0->interpark==0.1.5->-r /tmp/venvjqqd2cqn/requirements.txt (line 1)) (3.0.0)
[2024-11-25T07:48:10.415+0000] {process_utils.py:194} INFO - Requirement already satisfied: pluggy>=1.5.0 in /home/***/.local/lib/python3.12/site-packages (from apache-***>=2.8.0->apache-***-providers-amazon>=9.1.0->interpark==0.1.5->-r /tmp/venvjqqd2cqn/requirements.txt (line 1)) (1.5.0)
[2024-11-25T07:48:10.415+0000] {process_utils.py:194} INFO - Requirement already satisfied: psutil>=5.8.0 in /home/***/.local/lib/python3.12/site-packages (from apache-***>=2.8.0->apache-***-providers-amazon>=9.1.0->interpark==0.1.5->-r /tmp/venvjqqd2cqn/requirements.txt (line 1)) (6.1.0)
[2024-11-25T07:48:10.416+0000] {process_utils.py:194} INFO - Requirement already satisfied: pygments>=2.0.1 in /home/***/.local/lib/python3.12/site-packages (from apache-***>=2.8.0->apache-***-providers-amazon>=9.1.0->interpark==0.1.5->-r /tmp/venvjqqd2cqn/requirements.txt (line 1)) (2.18.0)
[2024-11-25T07:48:10.417+0000] {process_utils.py:194} INFO - Requirement already satisfied: pyjwt>=2.0.0 in /home/***/.local/lib/python3.12/site-packages (from apache-***>=2.8.0->apache-***-providers-amazon>=9.1.0->interpark==0.1.5->-r /tmp/venvjqqd2cqn/requirements.txt (line 1)) (2.9.0)
[2024-11-25T07:48:10.417+0000] {process_utils.py:194} INFO - Requirement already satisfied: python-daemon>=3.0.0 in /home/***/.local/lib/python3.12/site-packages (from apache-***>=2.8.0->apache-***-providers-amazon>=9.1.0->interpark==0.1.5->-r /tmp/venvjqqd2cqn/requirements.txt (line 1)) (3.1.0)
[2024-11-25T07:48:10.418+0000] {process_utils.py:194} INFO - Requirement already satisfied: python-dateutil>=2.7.0 in /home/***/.local/lib/python3.12/site-packages (from apache-***>=2.8.0->apache-***-providers-amazon>=9.1.0->interpark==0.1.5->-r /tmp/venvjqqd2cqn/requirements.txt (line 1)) (2.9.0.post0)
[2024-11-25T07:48:10.419+0000] {process_utils.py:194} INFO - Requirement already satisfied: python-nvd3>=0.15.0 in /home/***/.local/lib/python3.12/site-packages (from apache-***>=2.8.0->apache-***-providers-amazon>=9.1.0->interpark==0.1.5->-r /tmp/venvjqqd2cqn/requirements.txt (line 1)) (0.16.0)
[2024-11-25T07:48:10.420+0000] {process_utils.py:194} INFO - Requirement already satisfied: python-slugify>=5.0 in /home/***/.local/lib/python3.12/site-packages (from apache-***>=2.8.0->apache-***-providers-amazon>=9.1.0->interpark==0.1.5->-r /tmp/venvjqqd2cqn/requirements.txt (line 1)) (8.0.4)
[2024-11-25T07:48:10.421+0000] {process_utils.py:194} INFO - Requirement already satisfied: requests-toolbelt>=0.4.0 in /home/***/.local/lib/python3.12/site-packages (from apache-***>=2.8.0->apache-***-providers-amazon>=9.1.0->interpark==0.1.5->-r /tmp/venvjqqd2cqn/requirements.txt (line 1)) (1.0.0)
[2024-11-25T07:48:10.422+0000] {process_utils.py:194} INFO - Requirement already satisfied: rfc3339-validator>=0.1.4 in /home/***/.local/lib/python3.12/site-packages (from apache-***>=2.8.0->apache-***-providers-amazon>=9.1.0->interpark==0.1.5->-r /tmp/venvjqqd2cqn/requirements.txt (line 1)) (0.1.4)
[2024-11-25T07:48:10.423+0000] {process_utils.py:194} INFO - Requirement already satisfied: rich-argparse>=1.0.0 in /home/***/.local/lib/python3.12/site-packages (from apache-***>=2.8.0->apache-***-providers-amazon>=9.1.0->interpark==0.1.5->-r /tmp/venvjqqd2cqn/requirements.txt (line 1)) (1.6.0)
[2024-11-25T07:48:10.423+0000] {process_utils.py:194} INFO - Requirement already satisfied: rich>=12.4.4 in /home/***/.local/lib/python3.12/site-packages (from apache-***>=2.8.0->apache-***-providers-amazon>=9.1.0->interpark==0.1.5->-r /tmp/venvjqqd2cqn/requirements.txt (line 1)) (13.9.4)
[2024-11-25T07:48:10.424+0000] {process_utils.py:194} INFO - Requirement already satisfied: setproctitle>=1.3.3 in /home/***/.local/lib/python3.12/site-packages (from apache-***>=2.8.0->apache-***-providers-amazon>=9.1.0->interpark==0.1.5->-r /tmp/venvjqqd2cqn/requirements.txt (line 1)) (1.3.3)
[2024-11-25T07:48:10.424+0000] {process_utils.py:194} INFO - Requirement already satisfied: sqlalchemy<2.0,>=1.4.36 in /home/***/.local/lib/python3.12/site-packages (from apache-***>=2.8.0->apache-***-providers-amazon>=9.1.0->interpark==0.1.5->-r /tmp/venvjqqd2cqn/requirements.txt (line 1)) (1.4.54)
[2024-11-25T07:48:10.425+0000] {process_utils.py:194} INFO - Requirement already satisfied: sqlalchemy-jsonfield>=1.0 in /home/***/.local/lib/python3.12/site-packages (from apache-***>=2.8.0->apache-***-providers-amazon>=9.1.0->interpark==0.1.5->-r /tmp/venvjqqd2cqn/requirements.txt (line 1)) (1.0.2)
[2024-11-25T07:48:10.426+0000] {process_utils.py:194} INFO - Requirement already satisfied: tabulate>=0.7.5 in /home/***/.local/lib/python3.12/site-packages (from apache-***>=2.8.0->apache-***-providers-amazon>=9.1.0->interpark==0.1.5->-r /tmp/venvjqqd2cqn/requirements.txt (line 1)) (0.9.0)
[2024-11-25T07:48:10.426+0000] {process_utils.py:194} INFO - Requirement already satisfied: tenacity!=8.2.0,>=8.0.0 in /home/***/.local/lib/python3.12/site-packages (from apache-***>=2.8.0->apache-***-providers-amazon>=9.1.0->interpark==0.1.5->-r /tmp/venvjqqd2cqn/requirements.txt (line 1)) (8.5.0)
[2024-11-25T07:48:10.427+0000] {process_utils.py:194} INFO - Requirement already satisfied: termcolor>=1.1.0 in /home/***/.local/lib/python3.12/site-packages (from apache-***>=2.8.0->apache-***-providers-amazon>=9.1.0->interpark==0.1.5->-r /tmp/venvjqqd2cqn/requirements.txt (line 1)) (2.5.0)
[2024-11-25T07:48:10.427+0000] {process_utils.py:194} INFO - Requirement already satisfied: universal-pathlib!=0.2.4,>=0.2.2 in /home/***/.local/lib/python3.12/site-packages (from apache-***>=2.8.0->apache-***-providers-amazon>=9.1.0->interpark==0.1.5->-r /tmp/venvjqqd2cqn/requirements.txt (line 1)) (0.2.5)
[2024-11-25T07:48:10.428+0000] {process_utils.py:194} INFO - Requirement already satisfied: werkzeug<3,>=2.0 in /home/***/.local/lib/python3.12/site-packages (from apache-***>=2.8.0->apache-***-providers-amazon>=9.1.0->interpark==0.1.5->-r /tmp/venvjqqd2cqn/requirements.txt (line 1)) (2.2.3)
[2024-11-25T07:48:10.428+0000] {process_utils.py:194} INFO - Requirement already satisfied: apache-***-providers-common-io in /home/***/.local/lib/python3.12/site-packages (from apache-***>=2.8.0->apache-***-providers-amazon>=9.1.0->interpark==0.1.5->-r /tmp/venvjqqd2cqn/requirements.txt (line 1)) (1.4.2)
[2024-11-25T07:48:10.429+0000] {process_utils.py:194} INFO - Requirement already satisfied: apache-***-providers-fab>=1.0.2 in /home/***/.local/lib/python3.12/site-packages (from apache-***>=2.8.0->apache-***-providers-amazon>=9.1.0->interpark==0.1.5->-r /tmp/venvjqqd2cqn/requirements.txt (line 1)) (1.5.0)
[2024-11-25T07:48:10.429+0000] {process_utils.py:194} INFO - Requirement already satisfied: apache-***-providers-ftp in /home/***/.local/lib/python3.12/site-packages (from apache-***>=2.8.0->apache-***-providers-amazon>=9.1.0->interpark==0.1.5->-r /tmp/venvjqqd2cqn/requirements.txt (line 1)) (3.11.1)
[2024-11-25T07:48:10.429+0000] {process_utils.py:194} INFO - Requirement already satisfied: apache-***-providers-imap in /home/***/.local/lib/python3.12/site-packages (from apache-***>=2.8.0->apache-***-providers-amazon>=9.1.0->interpark==0.1.5->-r /tmp/venvjqqd2cqn/requirements.txt (line 1)) (3.7.0)
[2024-11-25T07:48:10.430+0000] {process_utils.py:194} INFO - Requirement already satisfied: apache-***-providers-smtp in /home/***/.local/lib/python3.12/site-packages (from apache-***>=2.8.0->apache-***-providers-amazon>=9.1.0->interpark==0.1.5->-r /tmp/venvjqqd2cqn/requirements.txt (line 1)) (1.8.0)
[2024-11-25T07:48:10.430+0000] {process_utils.py:194} INFO - Requirement already satisfied: apache-***-providers-sqlite in /home/***/.local/lib/python3.12/site-packages (from apache-***>=2.8.0->apache-***-providers-amazon>=9.1.0->interpark==0.1.5->-r /tmp/venvjqqd2cqn/requirements.txt (line 1)) (3.9.0)
[2024-11-25T07:48:10.434+0000] {process_utils.py:194} INFO - Requirement already satisfied: more-itertools>=9.0.0 in /home/***/.local/lib/python3.12/site-packages (from apache-***-providers-common-sql>=1.20.0->apache-***-providers-amazon>=9.1.0->interpark==0.1.5->-r /tmp/venvjqqd2cqn/requirements.txt (line 1)) (10.5.0)
[2024-11-25T07:48:10.435+0000] {process_utils.py:194} INFO - Requirement already satisfied: sqlparse>=0.5.1 in /home/***/.local/lib/python3.12/site-packages (from apache-***-providers-common-sql>=1.20.0->apache-***-providers-amazon>=9.1.0->interpark==0.1.5->-r /tmp/venvjqqd2cqn/requirements.txt (line 1)) (0.5.1)
[2024-11-25T07:48:10.441+0000] {process_utils.py:194} INFO - Requirement already satisfied: s3transfer<0.11.0,>=0.10.0 in /home/***/.local/lib/python3.12/site-packages (from boto3>=1.34.90->apache-***-providers-amazon>=9.1.0->interpark==0.1.5->-r /tmp/venvjqqd2cqn/requirements.txt (line 1)) (0.10.3)
[2024-11-25T07:48:10.458+0000] {process_utils.py:194} INFO - Requirement already satisfied: ply in /home/***/.local/lib/python3.12/site-packages (from jsonpath_ng>=1.5.3->apache-***-providers-amazon>=9.1.0->interpark==0.1.5->-r /tmp/venvjqqd2cqn/requirements.txt (line 1)) (3.11)
[2024-11-25T07:48:10.468+0000] {process_utils.py:194} INFO - Requirement already satisfied: lxml!=4.7.0,>=4.6.5 in /home/***/.local/lib/python3.12/site-packages (from python3-saml>=1.16.0->apache-***-providers-amazon>=9.1.0->interpark==0.1.5->-r /tmp/venvjqqd2cqn/requirements.txt (line 1)) (5.3.0)
[2024-11-25T07:48:10.469+0000] {process_utils.py:194} INFO - Requirement already satisfied: isodate>=0.6.1 in /home/***/.local/lib/python3.12/site-packages (from python3-saml>=1.16.0->apache-***-providers-amazon>=9.1.0->interpark==0.1.5->-r /tmp/venvjqqd2cqn/requirements.txt (line 1)) (0.7.2)
[2024-11-25T07:48:10.469+0000] {process_utils.py:194} INFO - Requirement already satisfied: xmlsec>=1.3.9 in /home/***/.local/lib/python3.12/site-packages (from python3-saml>=1.16.0->apache-***-providers-amazon>=9.1.0->interpark==0.1.5->-r /tmp/venvjqqd2cqn/requirements.txt (line 1)) (1.3.14)
[2024-11-25T07:48:10.474+0000] {process_utils.py:194} INFO - Requirement already satisfied: scramp<1.5.0,>=1.2.0 in /home/***/.local/lib/python3.12/site-packages (from redshift_connector>=2.0.918->apache-***-providers-amazon>=9.1.0->interpark==0.1.5->-r /tmp/venvjqqd2cqn/requirements.txt (line 1)) (1.4.5)
[2024-11-25T07:48:10.475+0000] {process_utils.py:194} INFO - Requirement already satisfied: pytz>=2020.1 in /home/***/.local/lib/python3.12/site-packages (from redshift_connector>=2.0.918->apache-***-providers-amazon>=9.1.0->interpark==0.1.5->-r /tmp/venvjqqd2cqn/requirements.txt (line 1)) (2024.2)
[2024-11-25T07:48:10.476+0000] {process_utils.py:194} INFO - Requirement already satisfied: setuptools in /home/***/.local/lib/python3.12/site-packages (from redshift_connector>=2.0.918->apache-***-providers-amazon>=9.1.0->interpark==0.1.5->-r /tmp/venvjqqd2cqn/requirements.txt (line 1)) (75.3.0)
[2024-11-25T07:48:10.480+0000] {process_utils.py:194} INFO - Requirement already satisfied: charset-normalizer<4,>=2 in /home/***/.local/lib/python3.12/site-packages (from requests->webdriver-manager>=4.0.2->interpark==0.1.5->-r /tmp/venvjqqd2cqn/requirements.txt (line 1)) (3.4.0)
[2024-11-25T07:48:10.481+0000] {process_utils.py:194} INFO - Requirement already satisfied: idna<4,>=2.5 in /home/***/.local/lib/python3.12/site-packages (from requests->webdriver-manager>=4.0.2->interpark==0.1.5->-r /tmp/venvjqqd2cqn/requirements.txt (line 1)) (3.10)
[2024-11-25T07:48:10.487+0000] {process_utils.py:194} INFO - Requirement already satisfied: sortedcontainers in /home/***/.local/lib/python3.12/site-packages (from trio~=0.17->selenium>=4.26.1->interpark==0.1.5->-r /tmp/venvjqqd2cqn/requirements.txt (line 1)) (2.4.0)
[2024-11-25T07:48:10.513+0000] {process_utils.py:194} INFO - Collecting outcome (from trio~=0.17->selenium>=4.26.1->interpark==0.1.5->-r /tmp/venvjqqd2cqn/requirements.txt (line 1))
[2024-11-25T07:48:10.514+0000] {process_utils.py:194} INFO -   Using cached outcome-1.3.0.post0-py2.py3-none-any.whl.metadata (2.6 kB)
[2024-11-25T07:48:10.517+0000] {process_utils.py:194} INFO - Requirement already satisfied: sniffio>=1.3.0 in /home/***/.local/lib/python3.12/site-packages (from trio~=0.17->selenium>=4.26.1->interpark==0.1.5->-r /tmp/venvjqqd2cqn/requirements.txt (line 1)) (1.3.1)
[2024-11-25T07:48:10.554+0000] {process_utils.py:194} INFO - Collecting wsproto>=0.14 (from trio-websocket~=0.9->selenium>=4.26.1->interpark==0.1.5->-r /tmp/venvjqqd2cqn/requirements.txt (line 1))
[2024-11-25T07:48:10.555+0000] {process_utils.py:194} INFO -   Using cached wsproto-1.2.0-py3-none-any.whl.metadata (5.6 kB)
[2024-11-25T07:48:10.590+0000] {process_utils.py:194} INFO - Collecting pysocks!=1.5.7,<2.0,>=1.5.6 (from urllib3[socks]<3,>=1.26->selenium>=4.26.1->interpark==0.1.5->-r /tmp/venvjqqd2cqn/requirements.txt (line 1))
[2024-11-25T07:48:10.592+0000] {process_utils.py:194} INFO -   Using cached PySocks-1.7.1-py3-none-any.whl.metadata (13 kB)
[2024-11-25T07:48:10.607+0000] {process_utils.py:194} INFO - Requirement already satisfied: aiohttp>=3.9.2 in /home/***/.local/lib/python3.12/site-packages (from apache-***-providers-http->apache-***-providers-amazon>=9.1.0->interpark==0.1.5->-r /tmp/venvjqqd2cqn/requirements.txt (line 1)) (3.10.10)
[2024-11-25T07:48:10.626+0000] {process_utils.py:194} INFO - Requirement already satisfied: aiohappyeyeballs>=2.3.0 in /home/***/.local/lib/python3.12/site-packages (from aiohttp>=3.9.2->apache-***-providers-http->apache-***-providers-amazon>=9.1.0->interpark==0.1.5->-r /tmp/venvjqqd2cqn/requirements.txt (line 1)) (2.4.3)
[2024-11-25T07:48:10.627+0000] {process_utils.py:194} INFO - Requirement already satisfied: aiosignal>=1.1.2 in /home/***/.local/lib/python3.12/site-packages (from aiohttp>=3.9.2->apache-***-providers-http->apache-***-providers-amazon>=9.1.0->interpark==0.1.5->-r /tmp/venvjqqd2cqn/requirements.txt (line 1)) (1.3.1)
[2024-11-25T07:48:10.628+0000] {process_utils.py:194} INFO - Requirement already satisfied: frozenlist>=1.1.1 in /home/***/.local/lib/python3.12/site-packages (from aiohttp>=3.9.2->apache-***-providers-http->apache-***-providers-amazon>=9.1.0->interpark==0.1.5->-r /tmp/venvjqqd2cqn/requirements.txt (line 1)) (1.5.0)
[2024-11-25T07:48:10.628+0000] {process_utils.py:194} INFO - Requirement already satisfied: multidict<7.0,>=4.5 in /home/***/.local/lib/python3.12/site-packages (from aiohttp>=3.9.2->apache-***-providers-http->apache-***-providers-amazon>=9.1.0->interpark==0.1.5->-r /tmp/venvjqqd2cqn/requirements.txt (line 1)) (6.1.0)
[2024-11-25T07:48:10.629+0000] {process_utils.py:194} INFO - Requirement already satisfied: yarl<2.0,>=1.12.0 in /home/***/.local/lib/python3.12/site-packages (from aiohttp>=3.9.2->apache-***-providers-http->apache-***-providers-amazon>=9.1.0->interpark==0.1.5->-r /tmp/venvjqqd2cqn/requirements.txt (line 1)) (1.17.1)
[2024-11-25T07:48:10.634+0000] {process_utils.py:194} INFO - Requirement already satisfied: Mako in /home/***/.local/lib/python3.12/site-packages (from alembic<2.0,>=1.13.1->apache-***>=2.8.0->apache-***-providers-amazon>=9.1.0->interpark==0.1.5->-r /tmp/venvjqqd2cqn/requirements.txt (line 1)) (1.3.6)
[2024-11-25T07:48:10.639+0000] {process_utils.py:194} INFO - Requirement already satisfied: flask-appbuilder==4.5.2 in /home/***/.local/lib/python3.12/site-packages (from apache-***-providers-fab>=1.0.2->apache-***>=2.8.0->apache-***-providers-amazon>=9.1.0->interpark==0.1.5->-r /tmp/venvjqqd2cqn/requirements.txt (line 1)) (4.5.2)
[2024-11-25T07:48:10.639+0000] {process_utils.py:194} INFO - Requirement already satisfied: flask-login>=0.6.2 in /home/***/.local/lib/python3.12/site-packages (from apache-***-providers-fab>=1.0.2->apache-***>=2.8.0->apache-***-providers-amazon>=9.1.0->interpark==0.1.5->-r /tmp/venvjqqd2cqn/requirements.txt (line 1)) (0.6.3)
[2024-11-25T07:48:10.648+0000] {process_utils.py:194} INFO - Requirement already satisfied: apispec<7,>=6.0.0 in /home/***/.local/lib/python3.12/site-packages (from apispec[yaml]<7,>=6.0.0->flask-appbuilder==4.5.2->apache-***-providers-fab>=1.0.2->apache-***>=2.8.0->apache-***-providers-amazon>=9.1.0->interpark==0.1.5->-r /tmp/venvjqqd2cqn/requirements.txt (line 1)) (6.7.1)
[2024-11-25T07:48:10.648+0000] {process_utils.py:194} INFO - Requirement already satisfied: colorama<1,>=0.3.9 in /home/***/.local/lib/python3.12/site-packages (from flask-appbuilder==4.5.2->apache-***-providers-fab>=1.0.2->apache-***>=2.8.0->apache-***-providers-amazon>=9.1.0->interpark==0.1.5->-r /tmp/venvjqqd2cqn/requirements.txt (line 1)) (0.4.6)
[2024-11-25T07:48:10.649+0000] {process_utils.py:194} INFO - Requirement already satisfied: click<9,>=8 in /home/***/.local/lib/python3.12/site-packages (from flask-appbuilder==4.5.2->apache-***-providers-fab>=1.0.2->apache-***>=2.8.0->apache-***-providers-amazon>=9.1.0->interpark==0.1.5->-r /tmp/venvjqqd2cqn/requirements.txt (line 1)) (8.1.7)
[2024-11-25T07:48:10.649+0000] {process_utils.py:194} INFO - Requirement already satisfied: email-validator>=1.0.5 in /home/***/.local/lib/python3.12/site-packages (from flask-appbuilder==4.5.2->apache-***-providers-fab>=1.0.2->apache-***>=2.8.0->apache-***-providers-amazon>=9.1.0->interpark==0.1.5->-r /tmp/venvjqqd2cqn/requirements.txt (line 1)) (2.2.0)
[2024-11-25T07:48:10.650+0000] {process_utils.py:194} INFO - Requirement already satisfied: Flask-Babel<3,>=1 in /home/***/.local/lib/python3.12/site-packages (from flask-appbuilder==4.5.2->apache-***-providers-fab>=1.0.2->apache-***>=2.8.0->apache-***-providers-amazon>=9.1.0->interpark==0.1.5->-r /tmp/venvjqqd2cqn/requirements.txt (line 1)) (2.0.0)
[2024-11-25T07:48:10.650+0000] {process_utils.py:194} INFO - Requirement already satisfied: Flask-Limiter<4,>3 in /home/***/.local/lib/python3.12/site-packages (from flask-appbuilder==4.5.2->apache-***-providers-fab>=1.0.2->apache-***>=2.8.0->apache-***-providers-amazon>=9.1.0->interpark==0.1.5->-r /tmp/venvjqqd2cqn/requirements.txt (line 1)) (3.8.0)
[2024-11-25T07:48:10.651+0000] {process_utils.py:194} INFO - Requirement already satisfied: Flask-SQLAlchemy<3,>=2.4 in /home/***/.local/lib/python3.12/site-packages (from flask-appbuilder==4.5.2->apache-***-providers-fab>=1.0.2->apache-***>=2.8.0->apache-***-providers-amazon>=9.1.0->interpark==0.1.5->-r /tmp/venvjqqd2cqn/requirements.txt (line 1)) (2.5.1)
[2024-11-25T07:48:10.652+0000] {process_utils.py:194} INFO - Requirement already satisfied: Flask-JWT-Extended<5.0.0,>=4.0.0 in /home/***/.local/lib/python3.12/site-packages (from flask-appbuilder==4.5.2->apache-***-providers-fab>=1.0.2->apache-***>=2.8.0->apache-***-providers-amazon>=9.1.0->interpark==0.1.5->-r /tmp/venvjqqd2cqn/requirements.txt (line 1)) (4.6.0)
[2024-11-25T07:48:10.652+0000] {process_utils.py:194} INFO - Requirement already satisfied: marshmallow<4,>=3.18.0 in /home/***/.local/lib/python3.12/site-packages (from flask-appbuilder==4.5.2->apache-***-providers-fab>=1.0.2->apache-***>=2.8.0->apache-***-providers-amazon>=9.1.0->interpark==0.1.5->-r /tmp/venvjqqd2cqn/requirements.txt (line 1)) (3.23.1)
[2024-11-25T07:48:10.653+0000] {process_utils.py:194} INFO - Requirement already satisfied: marshmallow-sqlalchemy<0.29.0,>=0.22.0 in /home/***/.local/lib/python3.12/site-packages (from flask-appbuilder==4.5.2->apache-***-providers-fab>=1.0.2->apache-***>=2.8.0->apache-***-providers-amazon>=9.1.0->interpark==0.1.5->-r /tmp/venvjqqd2cqn/requirements.txt (line 1)) (0.28.2)
[2024-11-25T07:48:10.654+0000] {process_utils.py:194} INFO - Requirement already satisfied: prison<1.0.0,>=0.2.1 in /home/***/.local/lib/python3.12/site-packages (from flask-appbuilder==4.5.2->apache-***-providers-fab>=1.0.2->apache-***>=2.8.0->apache-***-providers-amazon>=9.1.0->interpark==0.1.5->-r /tmp/venvjqqd2cqn/requirements.txt (line 1)) (0.2.1)
[2024-11-25T07:48:10.655+0000] {process_utils.py:194} INFO - Requirement already satisfied: sqlalchemy-utils<1,>=0.32.21 in /home/***/.local/lib/python3.12/site-packages (from flask-appbuilder==4.5.2->apache-***-providers-fab>=1.0.2->apache-***>=2.8.0->apache-***-providers-amazon>=9.1.0->interpark==0.1.5->-r /tmp/venvjqqd2cqn/requirements.txt (line 1)) (0.41.2)
[2024-11-25T07:48:10.656+0000] {process_utils.py:194} INFO - Requirement already satisfied: WTForms<4 in /home/***/.local/lib/python3.12/site-packages (from flask-appbuilder==4.5.2->apache-***-providers-fab>=1.0.2->apache-***>=2.8.0->apache-***-providers-amazon>=9.1.0->interpark==0.1.5->-r /tmp/venvjqqd2cqn/requirements.txt (line 1)) (3.2.1)
[2024-11-25T07:48:10.694+0000] {process_utils.py:194} INFO - Requirement already satisfied: clickclick<21,>=1.2 in /home/***/.local/lib/python3.12/site-packages (from connexion<3.0,>=2.14.2->connexion[flask]<3.0,>=2.14.2->apache-***>=2.8.0->apache-***-providers-amazon>=9.1.0->interpark==0.1.5->-r /tmp/venvjqqd2cqn/requirements.txt (line 1)) (20.10.2)
[2024-11-25T07:48:10.695+0000] {process_utils.py:194} INFO - Requirement already satisfied: PyYAML<7,>=5.1 in /home/***/.local/lib/python3.12/site-packages (from connexion<3.0,>=2.14.2->connexion[flask]<3.0,>=2.14.2->apache-***>=2.8.0->apache-***-providers-amazon>=9.1.0->interpark==0.1.5->-r /tmp/venvjqqd2cqn/requirements.txt (line 1)) (6.0.2)
[2024-11-25T07:48:10.721+0000] {process_utils.py:194} INFO - Requirement already satisfied: cffi>=1.12 in /home/***/.local/lib/python3.12/site-packages (from cryptography>=41.0.0->apache-***>=2.8.0->apache-***-providers-amazon>=9.1.0->interpark==0.1.5->-r /tmp/venvjqqd2cqn/requirements.txt (line 1)) (1.17.1)
[2024-11-25T07:48:10.727+0000] {process_utils.py:194} INFO - Requirement already satisfied: wrapt<2,>=1.10 in /home/***/.local/lib/python3.12/site-packages (from deprecated>=1.2.13->apache-***>=2.8.0->apache-***-providers-amazon>=9.1.0->interpark==0.1.5->-r /tmp/venvjqqd2cqn/requirements.txt (line 1)) (1.16.0)
[2024-11-25T07:48:10.748+0000] {process_utils.py:194} INFO - Requirement already satisfied: cachelib<0.10.0,>=0.9.0 in /home/***/.local/lib/python3.12/site-packages (from flask-caching>=2.0.0->apache-***>=2.8.0->apache-***-providers-amazon>=9.1.0->interpark==0.1.5->-r /tmp/venvjqqd2cqn/requirements.txt (line 1)) (0.9.0)
[2024-11-25T07:48:10.785+0000] {process_utils.py:194} INFO - Requirement already satisfied: anyio in /home/***/.local/lib/python3.12/site-packages (from httpx>=0.25.0->apache-***>=2.8.0->apache-***-providers-amazon>=9.1.0->interpark==0.1.5->-r /tmp/venvjqqd2cqn/requirements.txt (line 1)) (4.6.2.post1)
[2024-11-25T07:48:10.786+0000] {process_utils.py:194} INFO - Requirement already satisfied: httpcore==1.* in /home/***/.local/lib/python3.12/site-packages (from httpx>=0.25.0->apache-***>=2.8.0->apache-***-providers-amazon>=9.1.0->interpark==0.1.5->-r /tmp/venvjqqd2cqn/requirements.txt (line 1)) (1.0.6)
[2024-11-25T07:48:10.791+0000] {process_utils.py:194} INFO - Requirement already satisfied: h11<0.15,>=0.13 in /home/***/.local/lib/python3.12/site-packages (from httpcore==1.*->httpx>=0.25.0->apache-***>=2.8.0->apache-***-providers-amazon>=9.1.0->interpark==0.1.5->-r /tmp/venvjqqd2cqn/requirements.txt (line 1)) (0.14.0)
[2024-11-25T07:48:10.820+0000] {process_utils.py:194} INFO - Requirement already satisfied: jsonschema-specifications>=2023.03.6 in /home/***/.local/lib/python3.12/site-packages (from jsonschema>=4.18.0->apache-***>=2.8.0->apache-***-providers-amazon>=9.1.0->interpark==0.1.5->-r /tmp/venvjqqd2cqn/requirements.txt (line 1)) (2023.12.1)
[2024-11-25T07:48:10.821+0000] {process_utils.py:194} INFO - Requirement already satisfied: referencing>=0.28.4 in /home/***/.local/lib/python3.12/site-packages (from jsonschema>=4.18.0->apache-***>=2.8.0->apache-***-providers-amazon>=9.1.0->interpark==0.1.5->-r /tmp/venvjqqd2cqn/requirements.txt (line 1)) (0.35.1)
[2024-11-25T07:48:10.822+0000] {process_utils.py:194} INFO - Requirement already satisfied: rpds-py>=0.7.1 in /home/***/.local/lib/python3.12/site-packages (from jsonschema>=4.18.0->apache-***>=2.8.0->apache-***-providers-amazon>=9.1.0->interpark==0.1.5->-r /tmp/venvjqqd2cqn/requirements.txt (line 1)) (0.20.1)
[2024-11-25T07:48:10.829+0000] {process_utils.py:194} INFO - Requirement already satisfied: uc-micro-py in /home/***/.local/lib/python3.12/site-packages (from linkify-it-py>=2.0.0->apache-***>=2.8.0->apache-***-providers-amazon>=9.1.0->interpark==0.1.5->-r /tmp/venvjqqd2cqn/requirements.txt (line 1)) (1.0.3)
[2024-11-25T07:48:10.844+0000] {process_utils.py:194} INFO - Requirement already satisfied: mdurl~=0.1 in /home/***/.local/lib/python3.12/site-packages (from markdown-it-py>=2.1.0->apache-***>=2.8.0->apache-***-providers-amazon>=9.1.0->interpark==0.1.5->-r /tmp/venvjqqd2cqn/requirements.txt (line 1)) (0.1.2)
[2024-11-25T07:48:10.865+0000] {process_utils.py:194} INFO - Requirement already satisfied: wirerope>=0.4.7 in /home/***/.local/lib/python3.12/site-packages (from methodtools>=0.4.7->apache-***>=2.8.0->apache-***-providers-amazon>=9.1.0->interpark==0.1.5->-r /tmp/venvjqqd2cqn/requirements.txt (line 1)) (0.4.7)
[2024-11-25T07:48:10.875+0000] {process_utils.py:194} INFO - Requirement already satisfied: importlib-metadata<=8.4.0,>=6.0 in /home/***/.local/lib/python3.12/site-packages (from opentelemetry-api>=1.15.0->apache-***>=2.8.0->apache-***-providers-amazon>=9.1.0->interpark==0.1.5->-r /tmp/venvjqqd2cqn/requirements.txt (line 1)) (6.11.0)
[2024-11-25T07:48:10.879+0000] {process_utils.py:194} INFO - Requirement already satisfied: opentelemetry-exporter-otlp-proto-grpc==1.27.0 in /home/***/.local/lib/python3.12/site-packages (from opentelemetry-exporter-otlp>=1.15.0->apache-***>=2.8.0->apache-***-providers-amazon>=9.1.0->interpark==0.1.5->-r /tmp/venvjqqd2cqn/requirements.txt (line 1)) (1.27.0)
[2024-11-25T07:48:10.880+0000] {process_utils.py:194} INFO - Requirement already satisfied: opentelemetry-exporter-otlp-proto-http==1.27.0 in /home/***/.local/lib/python3.12/site-packages (from opentelemetry-exporter-otlp>=1.15.0->apache-***>=2.8.0->apache-***-providers-amazon>=9.1.0->interpark==0.1.5->-r /tmp/venvjqqd2cqn/requirements.txt (line 1)) (1.27.0)
[2024-11-25T07:48:10.885+0000] {process_utils.py:194} INFO - Requirement already satisfied: googleapis-common-protos~=1.52 in /home/***/.local/lib/python3.12/site-packages (from opentelemetry-exporter-otlp-proto-grpc==1.27.0->opentelemetry-exporter-otlp>=1.15.0->apache-***>=2.8.0->apache-***-providers-amazon>=9.1.0->interpark==0.1.5->-r /tmp/venvjqqd2cqn/requirements.txt (line 1)) (1.65.0)
[2024-11-25T07:48:10.885+0000] {process_utils.py:194} INFO - Requirement already satisfied: grpcio<2.0.0,>=1.0.0 in /home/***/.local/lib/python3.12/site-packages (from opentelemetry-exporter-otlp-proto-grpc==1.27.0->opentelemetry-exporter-otlp>=1.15.0->apache-***>=2.8.0->apache-***-providers-amazon>=9.1.0->interpark==0.1.5->-r /tmp/venvjqqd2cqn/requirements.txt (line 1)) (1.67.1)
[2024-11-25T07:48:10.886+0000] {process_utils.py:194} INFO - Requirement already satisfied: opentelemetry-exporter-otlp-proto-common==1.27.0 in /home/***/.local/lib/python3.12/site-packages (from opentelemetry-exporter-otlp-proto-grpc==1.27.0->opentelemetry-exporter-otlp>=1.15.0->apache-***>=2.8.0->apache-***-providers-amazon>=9.1.0->interpark==0.1.5->-r /tmp/venvjqqd2cqn/requirements.txt (line 1)) (1.27.0)
[2024-11-25T07:48:10.887+0000] {process_utils.py:194} INFO - Requirement already satisfied: opentelemetry-proto==1.27.0 in /home/***/.local/lib/python3.12/site-packages (from opentelemetry-exporter-otlp-proto-grpc==1.27.0->opentelemetry-exporter-otlp>=1.15.0->apache-***>=2.8.0->apache-***-providers-amazon>=9.1.0->interpark==0.1.5->-r /tmp/venvjqqd2cqn/requirements.txt (line 1)) (1.27.0)
[2024-11-25T07:48:10.888+0000] {process_utils.py:194} INFO - Requirement already satisfied: opentelemetry-sdk~=1.27.0 in /home/***/.local/lib/python3.12/site-packages (from opentelemetry-exporter-otlp-proto-grpc==1.27.0->opentelemetry-exporter-otlp>=1.15.0->apache-***>=2.8.0->apache-***-providers-amazon>=9.1.0->interpark==0.1.5->-r /tmp/venvjqqd2cqn/requirements.txt (line 1)) (1.27.0)
[2024-11-25T07:48:10.901+0000] {process_utils.py:194} INFO - Requirement already satisfied: protobuf<5.0,>=3.19 in /home/***/.local/lib/python3.12/site-packages (from opentelemetry-proto==1.27.0->opentelemetry-exporter-otlp-proto-grpc==1.27.0->opentelemetry-exporter-otlp>=1.15.0->apache-***>=2.8.0->apache-***-providers-amazon>=9.1.0->interpark==0.1.5->-r /tmp/venvjqqd2cqn/requirements.txt (line 1)) (4.25.5)
[2024-11-25T07:48:10.912+0000] {process_utils.py:194} INFO - Requirement already satisfied: tzdata>=2020.1 in /home/***/.local/lib/python3.12/site-packages (from pendulum<4.0,>=3.0.0->apache-***>=2.8.0->apache-***-providers-amazon>=9.1.0->interpark==0.1.5->-r /tmp/venvjqqd2cqn/requirements.txt (line 1)) (2024.2)
[2024-11-25T07:48:10.913+0000] {process_utils.py:194} INFO - Requirement already satisfied: time-machine>=2.6.0 in /home/***/.local/lib/python3.12/site-packages (from pendulum<4.0,>=3.0.0->apache-***>=2.8.0->apache-***-providers-amazon>=9.1.0->interpark==0.1.5->-r /tmp/venvjqqd2cqn/requirements.txt (line 1)) (2.16.0)
[2024-11-25T07:48:10.950+0000] {process_utils.py:194} INFO - Requirement already satisfied: six>=1.5 in /home/***/.local/lib/python3.12/site-packages (from python-dateutil>=2.7.0->apache-***>=2.8.0->apache-***-providers-amazon>=9.1.0->interpark==0.1.5->-r /tmp/venvjqqd2cqn/requirements.txt (line 1)) (1.16.0)
[2024-11-25T07:48:10.967+0000] {process_utils.py:194} INFO - Requirement already satisfied: text-unidecode>=1.3 in /home/***/.local/lib/python3.12/site-packages (from python-slugify>=5.0->apache-***>=2.8.0->apache-***-providers-amazon>=9.1.0->interpark==0.1.5->-r /tmp/venvjqqd2cqn/requirements.txt (line 1)) (1.3)
[2024-11-25T07:48:11.004+0000] {process_utils.py:194} INFO - Requirement already satisfied: asn1crypto>=1.5.1 in /home/***/.local/lib/python3.12/site-packages (from scramp<1.5.0,>=1.2.0->redshift_connector>=2.0.918->apache-***-providers-amazon>=9.1.0->interpark==0.1.5->-r /tmp/venvjqqd2cqn/requirements.txt (line 1)) (1.5.1)
[2024-11-25T07:48:11.034+0000] {process_utils.py:194} INFO - Requirement already satisfied: greenlet!=0.4.17 in /home/***/.local/lib/python3.12/site-packages (from sqlalchemy<2.0,>=1.4.36->apache-***>=2.8.0->apache-***-providers-amazon>=9.1.0->interpark==0.1.5->-r /tmp/venvjqqd2cqn/requirements.txt (line 1)) (3.1.1)
[2024-11-25T07:48:11.147+0000] {process_utils.py:194} INFO - Requirement already satisfied: pycparser in /home/***/.local/lib/python3.12/site-packages (from cffi>=1.12->cryptography>=41.0.0->apache-***>=2.8.0->apache-***-providers-amazon>=9.1.0->interpark==0.1.5->-r /tmp/venvjqqd2cqn/requirements.txt (line 1)) (2.22)
[2024-11-25T07:48:11.198+0000] {process_utils.py:194} INFO - Requirement already satisfied: zipp>=0.5 in /home/***/.local/lib/python3.12/site-packages (from importlib-metadata<=8.4.0,>=6.0->opentelemetry-api>=1.15.0->apache-***>=2.8.0->apache-***-providers-amazon>=9.1.0->interpark==0.1.5->-r /tmp/venvjqqd2cqn/requirements.txt (line 1)) (3.20.2)
[2024-11-25T07:48:11.277+0000] {process_utils.py:194} INFO - Requirement already satisfied: propcache>=0.2.0 in /home/***/.local/lib/python3.12/site-packages (from yarl<2.0,>=1.12.0->aiohttp>=3.9.2->apache-***-providers-http->apache-***-providers-amazon>=9.1.0->interpark==0.1.5->-r /tmp/venvjqqd2cqn/requirements.txt (line 1)) (0.2.0)
[2024-11-25T07:48:11.346+0000] {process_utils.py:194} INFO - Requirement already satisfied: Babel>=2.3 in /home/***/.local/lib/python3.12/site-packages (from Flask-Babel<3,>=1->flask-appbuilder==4.5.2->apache-***-providers-fab>=1.0.2->apache-***>=2.8.0->apache-***-providers-amazon>=9.1.0->interpark==0.1.5->-r /tmp/venvjqqd2cqn/requirements.txt (line 1)) (2.16.0)
[2024-11-25T07:48:11.359+0000] {process_utils.py:194} INFO - Requirement already satisfied: limits>=3.13 in /home/***/.local/lib/python3.12/site-packages (from Flask-Limiter<4,>3->flask-appbuilder==4.5.2->apache-***-providers-fab>=1.0.2->apache-***>=2.8.0->apache-***-providers-amazon>=9.1.0->interpark==0.1.5->-r /tmp/venvjqqd2cqn/requirements.txt (line 1)) (3.13.0)
[2024-11-25T07:48:11.360+0000] {process_utils.py:194} INFO - Requirement already satisfied: ordered-set<5,>4 in /home/***/.local/lib/python3.12/site-packages (from Flask-Limiter<4,>3->flask-appbuilder==4.5.2->apache-***-providers-fab>=1.0.2->apache-***>=2.8.0->apache-***-providers-amazon>=9.1.0->interpark==0.1.5->-r /tmp/venvjqqd2cqn/requirements.txt (line 1)) (4.1.0)
[2024-11-25T07:48:11.400+0000] {process_utils.py:194} INFO - Requirement already satisfied: opentelemetry-semantic-conventions==0.48b0 in /home/***/.local/lib/python3.12/site-packages (from opentelemetry-sdk~=1.27.0->opentelemetry-exporter-otlp-proto-grpc==1.27.0->opentelemetry-exporter-otlp>=1.15.0->apache-***>=2.8.0->apache-***-providers-amazon>=9.1.0->interpark==0.1.5->-r /tmp/venvjqqd2cqn/requirements.txt (line 1)) (0.48b0)
[2024-11-25T07:48:11.462+0000] {process_utils.py:194} INFO - Requirement already satisfied: importlib-resources>=1.3 in /home/***/.local/lib/python3.12/site-packages (from limits>=3.13->Flask-Limiter<4,>3->flask-appbuilder==4.5.2->apache-***-providers-fab>=1.0.2->apache-***>=2.8.0->apache-***-providers-amazon>=9.1.0->interpark==0.1.5->-r /tmp/venvjqqd2cqn/requirements.txt (line 1)) (6.4.5)
[2024-11-25T07:48:11.486+0000] {process_utils.py:194} INFO - Using cached apache_***_providers_amazon-9.1.0-py3-none-any.whl (596 kB)
[2024-11-25T07:48:11.490+0000] {process_utils.py:194} INFO - Using cached pymongo-4.10.1-cp312-cp312-manylinux_2_17_x86_64.manylinux2014_x86_64.whl (1.9 MB)
[2024-11-25T07:48:11.494+0000] {process_utils.py:194} INFO - Using cached selenium-4.26.1-py3-none-any.whl (9.7 MB)
[2024-11-25T07:48:11.518+0000] {process_utils.py:194} INFO - Using cached webdriver_manager-4.0.2-py2.py3-none-any.whl (27 kB)
[2024-11-25T07:48:11.520+0000] {process_utils.py:194} INFO - Using cached apache_***_providers_common_sql-1.20.0-py3-none-any.whl (47 kB)
[2024-11-25T07:48:11.522+0000] {process_utils.py:194} INFO - Using cached trio-0.27.0-py3-none-any.whl (481 kB)
[2024-11-25T07:48:11.524+0000] {process_utils.py:194} INFO - Using cached trio_websocket-0.11.1-py3-none-any.whl (17 kB)
[2024-11-25T07:48:11.526+0000] {process_utils.py:194} INFO - Using cached PySocks-1.7.1-py3-none-any.whl (16 kB)
[2024-11-25T07:48:11.527+0000] {process_utils.py:194} INFO - Using cached wsproto-1.2.0-py3-none-any.whl (24 kB)
[2024-11-25T07:48:11.528+0000] {process_utils.py:194} INFO - Using cached outcome-1.3.0.post0-py2.py3-none-any.whl (10 kB)
[2024-11-25T07:48:11.560+0000] {process_utils.py:194} INFO - Building wheels for collected packages: interpark
[2024-11-25T07:48:11.565+0000] {process_utils.py:194} INFO -   Building wheel for interpark (pyproject.toml): started
[2024-11-25T07:48:12.406+0000] {process_utils.py:194} INFO -   Building wheel for interpark (pyproject.toml): finished with status 'done'
[2024-11-25T07:48:12.407+0000] {process_utils.py:194} INFO -   Created wheel for interpark: filename=interpark-0.1.5-py3-none-any.whl size=25522 sha256=7e58acfc33f34e985c8a49150d7f9bbf4d7cfc2cbed8a7a6de84c941e6b892f9
[2024-11-25T07:48:12.407+0000] {process_utils.py:194} INFO -   Stored in directory: /tmp/pip-ephem-wheel-cache-1bw65s9w/wheels/3b/e3/3f/2198c53e48ab1c477124eda1522aad636d2590cc0e6349feda
[2024-11-25T07:48:12.409+0000] {process_utils.py:194} INFO - Successfully built interpark
[2024-11-25T07:48:12.929+0000] {process_utils.py:194} INFO - Installing collected packages: wsproto, pysocks, pymongo, outcome, webdriver-manager, trio, trio-websocket, selenium, apache-***-providers-common-sql, apache-***-providers-amazon, interpark
[2024-11-25T07:48:14.972+0000] {process_utils.py:194} INFO -   Attempting uninstall: apache-***-providers-common-sql
[2024-11-25T07:48:14.985+0000] {process_utils.py:194} INFO -     Found existing installation: apache-***-providers-common-sql 1.19.0
[2024-11-25T07:48:14.985+0000] {process_utils.py:194} INFO -     Not uninstalling apache-***-providers-common-sql at /home/***/.local/lib/python3.12/site-packages, outside environment /tmp/venvjqqd2cqn
[2024-11-25T07:48:14.985+0000] {process_utils.py:194} INFO -     Can't uninstall 'apache-***-providers-common-sql'. No files were found to uninstall.
[2024-11-25T07:48:15.026+0000] {process_utils.py:194} INFO -   Attempting uninstall: apache-***-providers-amazon
[2024-11-25T07:48:15.031+0000] {process_utils.py:194} INFO -     Found existing installation: apache-***-providers-amazon 9.0.0
[2024-11-25T07:48:15.032+0000] {process_utils.py:194} INFO -     Not uninstalling apache-***-providers-amazon at /home/***/.local/lib/python3.12/site-packages, outside environment /tmp/venvjqqd2cqn
[2024-11-25T07:48:15.032+0000] {process_utils.py:194} INFO -     Can't uninstall 'apache-***-providers-amazon'. No files were found to uninstall.
[2024-11-25T07:48:15.430+0000] {process_utils.py:194} INFO - Successfully installed apache-***-providers-amazon-9.1.0 apache-***-providers-common-sql-1.20.0 interpark-0.1.5 outcome-1.3.0.post0 pymongo-4.10.1 pysocks-1.7.1 selenium-4.26.1 trio-0.27.0 trio-websocket-0.11.1 webdriver-manager-4.0.2 wsproto-1.2.0
[2024-11-25T07:48:15.849+0000] {process_utils.py:186} INFO - Executing cmd: /tmp/venvjqqd2cqn/bin/python /tmp/venv-call2a_u6uw9/script.py /tmp/venv-call2a_u6uw9/script.in /tmp/venv-call2a_u6uw9/script.out /tmp/venv-call2a_u6uw9/string_args.txt /tmp/venv-call2a_u6uw9/termination.log
[2024-11-25T07:48:15.850+0000] {process_utils.py:190} INFO - Output:
[2024-11-25T07:48:17.335+0000] {process_utils.py:194} INFO - /home/***/.local/lib/python3.12/site-packages/***/configuration.py:859 FutureWarning: section/key [core/sql_alchemy_conn] has been deprecated, you should use[database/sql_alchemy_conn] instead. Please update your `conf.get*` call to use the new name
[2024-11-25T07:48:18.446+0000] {process_utils.py:194} INFO - [2024-11-25T07:48:18.445+0000] {logger.py:11} INFO - ====== WebDriver manager ======
[2024-11-25T07:48:18.602+0000] {process_utils.py:194} INFO - [2024-11-25T07:48:18.601+0000] {logger.py:11} INFO - Get LATEST chromedriver version for google-chrome
[2024-11-25T07:48:18.634+0000] {process_utils.py:194} INFO - [2024-11-25T07:48:18.633+0000] {logger.py:11} INFO - Get LATEST chromedriver version for google-chrome
[2024-11-25T07:48:18.660+0000] {process_utils.py:194} INFO - [2024-11-25T07:48:18.659+0000] {logger.py:11} INFO - Driver [/home/***/.wdm/drivers/chromedriver/linux64/131.0.6778.85/chromedriver-linux64/chromedriver] found in cache
[2024-11-25T07:48:18.815+0000] {process_utils.py:194} INFO - Traceback (most recent call last):
[2024-11-25T07:48:18.815+0000] {process_utils.py:194} INFO -   File "/tmp/venv-call2a_u6uw9/script.py", line 80, in <module>
[2024-11-25T07:48:18.816+0000] {process_utils.py:194} INFO -     res = upload_to_s3(*arg_dict["args"], **arg_dict["kwargs"])
[2024-11-25T07:48:18.816+0000] {process_utils.py:194} INFO -           ^^^^^^^^^^^^^^^^^^^^^^^^^^^^^^^^^^^^^^^^^^^^^^^^^^^^^
[2024-11-25T07:48:18.816+0000] {process_utils.py:194} INFO -   File "/tmp/venv-call2a_u6uw9/script.py", line 22, in upload_to_s3
[2024-11-25T07:48:18.816+0000] {process_utils.py:194} INFO -     get_data = extract_open_html()
[2024-11-25T07:48:18.816+0000] {process_utils.py:194} INFO -                ^^^^^^^^^^^^^^^^^^^
[2024-11-25T07:48:18.817+0000] {process_utils.py:194} INFO -   File "/tmp/venvjqqd2cqn/lib/python3.12/site-packages/interpark/raw_open_page.py", line 24, in extract_open_html
[2024-11-25T07:48:18.817+0000] {process_utils.py:194} INFO -     driver = webdriver.Chrome(service=Service(ChromeDriverManager().install()), options=options)
[2024-11-25T07:48:18.817+0000] {process_utils.py:194} INFO -              ^^^^^^^^^^^^^^^^^^^^^^^^^^^^^^^^^^^^^^^^^^^^^^^^^^^^^^^^^^^^^^^^^^^^^^^^^^^^^^^^^^^
[2024-11-25T07:48:18.817+0000] {process_utils.py:194} INFO -   File "/tmp/venvjqqd2cqn/lib/python3.12/site-packages/selenium/webdriver/chrome/webdriver.py", line 45, in __init__
[2024-11-25T07:48:18.818+0000] {process_utils.py:194} INFO -     super().__init__(
[2024-11-25T07:48:18.818+0000] {process_utils.py:194} INFO -   File "/tmp/venvjqqd2cqn/lib/python3.12/site-packages/selenium/webdriver/chromium/webdriver.py", line 66, in __init__
[2024-11-25T07:48:18.818+0000] {process_utils.py:194} INFO -     super().__init__(command_executor=executor, options=options)
[2024-11-25T07:48:18.819+0000] {process_utils.py:194} INFO -   File "/tmp/venvjqqd2cqn/lib/python3.12/site-packages/selenium/webdriver/remote/webdriver.py", line 238, in __init__
[2024-11-25T07:48:18.819+0000] {process_utils.py:194} INFO -     self.start_session(capabilities)
[2024-11-25T07:48:18.819+0000] {process_utils.py:194} INFO -   File "/tmp/venvjqqd2cqn/lib/python3.12/site-packages/selenium/webdriver/remote/webdriver.py", line 325, in start_session
[2024-11-25T07:48:18.819+0000] {process_utils.py:194} INFO -     response = self.execute(Command.NEW_SESSION, caps)["value"]
[2024-11-25T07:48:18.819+0000] {process_utils.py:194} INFO -                ^^^^^^^^^^^^^^^^^^^^^^^^^^^^^^^^^^^^^^^
[2024-11-25T07:48:18.819+0000] {process_utils.py:194} INFO -   File "/tmp/venvjqqd2cqn/lib/python3.12/site-packages/selenium/webdriver/remote/webdriver.py", line 380, in execute
[2024-11-25T07:48:18.820+0000] {process_utils.py:194} INFO -     self.error_handler.check_response(response)
[2024-11-25T07:48:18.820+0000] {process_utils.py:194} INFO -   File "/tmp/venvjqqd2cqn/lib/python3.12/site-packages/selenium/webdriver/remote/errorhandler.py", line 229, in check_response
[2024-11-25T07:48:18.820+0000] {process_utils.py:194} INFO -     raise exception_class(message, screen, stacktrace)
[2024-11-25T07:48:18.820+0000] {process_utils.py:194} INFO - selenium.common.exceptions.SessionNotCreatedException: Message: session not created: Chrome failed to start: exited normally.
[2024-11-25T07:48:18.821+0000] {process_utils.py:194} INFO -   (session not created: DevToolsActivePort file doesn't exist)
[2024-11-25T07:48:18.821+0000] {process_utils.py:194} INFO -   (The process started from chrome location /opt/google/chrome/chrome is no longer running, so ChromeDriver is assuming that Chrome has crashed.)
[2024-11-25T07:48:18.821+0000] {process_utils.py:194} INFO - Stacktrace:
[2024-11-25T07:48:18.821+0000] {process_utils.py:194} INFO - #0 0x55559914f31a <unknown>
[2024-11-25T07:48:18.821+0000] {process_utils.py:194} INFO - #1 0x555598c656e0 <unknown>
[2024-11-25T07:48:18.822+0000] {process_utils.py:194} INFO - #2 0x555598c9cdc8 <unknown>
[2024-11-25T07:48:18.822+0000] {process_utils.py:194} INFO - #3 0x555598c98926 <unknown>
[2024-11-25T07:48:18.822+0000] {process_utils.py:194} INFO - #4 0x555598ce46f6 <unknown>
[2024-11-25T07:48:18.822+0000] {process_utils.py:194} INFO - #5 0x555598ce3d46 <unknown>
[2024-11-25T07:48:18.822+0000] {process_utils.py:194} INFO - #6 0x555598cd8203 <unknown>
[2024-11-25T07:48:18.822+0000] {process_utils.py:194} INFO - #7 0x555598ca6cc0 <unknown>
[2024-11-25T07:48:18.822+0000] {process_utils.py:194} INFO - #8 0x555598ca7c9e <unknown>
[2024-11-25T07:48:18.823+0000] {process_utils.py:194} INFO - #9 0x55559911cd0b <unknown>
[2024-11-25T07:48:18.823+0000] {process_utils.py:194} INFO - #10 0x555599120c92 <unknown>
[2024-11-25T07:48:18.823+0000] {process_utils.py:194} INFO - #11 0x555599109b3c <unknown>
[2024-11-25T07:48:18.823+0000] {process_utils.py:194} INFO - #12 0x555599121807 <unknown>
[2024-11-25T07:48:18.823+0000] {process_utils.py:194} INFO - #13 0x5555990ef0df <unknown>
[2024-11-25T07:48:18.823+0000] {process_utils.py:194} INFO - #14 0x55559913e578 <unknown>
[2024-11-25T07:48:18.823+0000] {process_utils.py:194} INFO - #15 0x55559913e740 <unknown>
[2024-11-25T07:48:18.823+0000] {process_utils.py:194} INFO - #16 0x55559914e196 <unknown>
[2024-11-25T07:48:18.824+0000] {process_utils.py:194} INFO - #17 0x7fdc6f547144 <unknown>
[2024-11-25T07:48:18.824+0000] {process_utils.py:194} INFO - 
[2024-11-25T07:48:19.391+0000] {taskinstance.py:3311} ERROR - Task failed with exception
Traceback (most recent call last):
  File "/home/airflow/.local/lib/python3.12/site-packages/airflow/models/taskinstance.py", line 767, in _execute_task
    result = _execute_callable(context=context, **execute_callable_kwargs)
             ^^^^^^^^^^^^^^^^^^^^^^^^^^^^^^^^^^^^^^^^^^^^^^^^^^^^^^^^^^^^^
  File "/home/airflow/.local/lib/python3.12/site-packages/airflow/models/taskinstance.py", line 733, in _execute_callable
    return ExecutionCallableRunner(
           ^^^^^^^^^^^^^^^^^^^^^^^^
  File "/home/airflow/.local/lib/python3.12/site-packages/airflow/utils/operator_helpers.py", line 252, in run
    return self.func(*args, **kwargs)
           ^^^^^^^^^^^^^^^^^^^^^^^^^^
  File "/home/airflow/.local/lib/python3.12/site-packages/airflow/models/baseoperator.py", line 417, in wrapper
    return func(self, *args, **kwargs)
           ^^^^^^^^^^^^^^^^^^^^^^^^^^^
  File "/home/airflow/.local/lib/python3.12/site-packages/airflow/operators/python.py", line 505, in execute
    return super().execute(context=serializable_context)
           ^^^^^^^^^^^^^^^^^^^^^^^^^^^^^^^^^^^^^^^^^^^^^
  File "/home/airflow/.local/lib/python3.12/site-packages/airflow/models/baseoperator.py", line 417, in wrapper
    return func(self, *args, **kwargs)
           ^^^^^^^^^^^^^^^^^^^^^^^^^^^
  File "/home/airflow/.local/lib/python3.12/site-packages/airflow/operators/python.py", line 238, in execute
    return_value = self.execute_callable()
                   ^^^^^^^^^^^^^^^^^^^^^^^
  File "/home/airflow/.local/lib/python3.12/site-packages/airflow/operators/python.py", line 870, in execute_callable
    result = self._execute_python_callable_in_subprocess(python_path)
             ^^^^^^^^^^^^^^^^^^^^^^^^^^^^^^^^^^^^^^^^^^^^^^^^^^^^^^^^
  File "/home/airflow/.local/lib/python3.12/site-packages/airflow/operators/python.py", line 588, in _execute_python_callable_in_subprocess
    raise AirflowException(error_msg) from None
airflow.exceptions.AirflowException: Process returned non-zero exit status 1.
Message: session not created: Chrome failed to start: exited normally.
  (session not created: DevToolsActivePort file doesn't exist)
  (The process started from chrome location /opt/google/chrome/chrome is no longer running, so ChromeDriver is assuming that Chrome has crashed.)
Stacktrace:
#0 0x55559914f31a <unknown>
#1 0x555598c656e0 <unknown>
#2 0x555598c9cdc8 <unknown>
#3 0x555598c98926 <unknown>
#4 0x555598ce46f6 <unknown>
#5 0x555598ce3d46 <unknown>
#6 0x555598cd8203 <unknown>
#7 0x555598ca6cc0 <unknown>
#8 0x555598ca7c9e <unknown>
#9 0x55559911cd0b <unknown>
#10 0x555599120c92 <unknown>
#11 0x555599109b3c <unknown>
#12 0x555599121807 <unknown>
#13 0x5555990ef0df <unknown>
#14 0x55559913e578 <unknown>
#15 0x55559913e740 <unknown>
#16 0x55559914e196 <unknown>
#17 0x7fdc6f547144 <unknown>

[2024-11-25T07:48:19.412+0000] {taskinstance.py:1225} INFO - Marking task as UP_FOR_RETRY. dag_id=open_interpark_to_S3, task_id=upload_to_s3, run_id=scheduled__2024-11-24T00:00:00+00:00, execution_date=20241124T000000, start_date=20241125T074800, end_date=20241125T074819
[2024-11-25T07:48:19.435+0000] {taskinstance.py:340} INFO - ::group::Post task execution logs
[2024-11-25T07:48:19.435+0000] {standard_task_runner.py:124} ERROR - Failed to execute job 200 for task upload_to_s3 (Process returned non-zero exit status 1.
Message: session not created: Chrome failed to start: exited normally.
  (session not created: DevToolsActivePort file doesn't exist)
  (The process started from chrome location /opt/google/chrome/chrome is no longer running, so ChromeDriver is assuming that Chrome has crashed.)
Stacktrace:
#0 0x55559914f31a <unknown>
#1 0x555598c656e0 <unknown>
#2 0x555598c9cdc8 <unknown>
#3 0x555598c98926 <unknown>
#4 0x555598ce46f6 <unknown>
#5 0x555598ce3d46 <unknown>
#6 0x555598cd8203 <unknown>
#7 0x555598ca6cc0 <unknown>
#8 0x555598ca7c9e <unknown>
#9 0x55559911cd0b <unknown>
#10 0x555599120c92 <unknown>
#11 0x555599109b3c <unknown>
#12 0x555599121807 <unknown>
#13 0x5555990ef0df <unknown>
#14 0x55559913e578 <unknown>
#15 0x55559913e740 <unknown>
#16 0x55559914e196 <unknown>
#17 0x7fdc6f547144 <unknown>
; 1698)
Traceback (most recent call last):
  File "/home/airflow/.local/lib/python3.12/site-packages/airflow/task/task_runner/standard_task_runner.py", line 117, in _start_by_fork
    ret = args.func(args, dag=self.dag)
          ^^^^^^^^^^^^^^^^^^^^^^^^^^^^^
  File "/home/airflow/.local/lib/python3.12/site-packages/airflow/cli/cli_config.py", line 49, in command
    return func(*args, **kwargs)
           ^^^^^^^^^^^^^^^^^^^^^
  File "/home/airflow/.local/lib/python3.12/site-packages/airflow/utils/cli.py", line 116, in wrapper
    return f(*args, **kwargs)
           ^^^^^^^^^^^^^^^^^^
  File "/home/airflow/.local/lib/python3.12/site-packages/airflow/cli/commands/task_command.py", line 483, in task_run
    task_return_code = _run_task_by_selected_method(args, _dag, ti)
                       ^^^^^^^^^^^^^^^^^^^^^^^^^^^^^^^^^^^^^^^^^^^^
  File "/home/airflow/.local/lib/python3.12/site-packages/airflow/cli/commands/task_command.py", line 256, in _run_task_by_selected_method
    return _run_raw_task(args, ti)
           ^^^^^^^^^^^^^^^^^^^^^^^
  File "/home/airflow/.local/lib/python3.12/site-packages/airflow/cli/commands/task_command.py", line 341, in _run_raw_task
    return ti._run_raw_task(
           ^^^^^^^^^^^^^^^^^
  File "/home/airflow/.local/lib/python3.12/site-packages/airflow/utils/session.py", line 97, in wrapper
    return func(*args, session=session, **kwargs)
           ^^^^^^^^^^^^^^^^^^^^^^^^^^^^^^^^^^^^^^
  File "/home/airflow/.local/lib/python3.12/site-packages/airflow/models/taskinstance.py", line 3005, in _run_raw_task
    return _run_raw_task(
           ^^^^^^^^^^^^^^
  File "/home/airflow/.local/lib/python3.12/site-packages/airflow/models/taskinstance.py", line 273, in _run_raw_task
    TaskInstance._execute_task_with_callbacks(
  File "/home/airflow/.local/lib/python3.12/site-packages/airflow/models/taskinstance.py", line 3159, in _execute_task_with_callbacks
    result = self._execute_task(context, task_orig)
             ^^^^^^^^^^^^^^^^^^^^^^^^^^^^^^^^^^^^^^
  File "/home/airflow/.local/lib/python3.12/site-packages/airflow/models/taskinstance.py", line 3183, in _execute_task
    return _execute_task(self, context, task_orig)
           ^^^^^^^^^^^^^^^^^^^^^^^^^^^^^^^^^^^^^^^
  File "/home/airflow/.local/lib/python3.12/site-packages/airflow/models/taskinstance.py", line 767, in _execute_task
    result = _execute_callable(context=context, **execute_callable_kwargs)
             ^^^^^^^^^^^^^^^^^^^^^^^^^^^^^^^^^^^^^^^^^^^^^^^^^^^^^^^^^^^^^
  File "/home/airflow/.local/lib/python3.12/site-packages/airflow/models/taskinstance.py", line 733, in _execute_callable
    return ExecutionCallableRunner(
           ^^^^^^^^^^^^^^^^^^^^^^^^
  File "/home/airflow/.local/lib/python3.12/site-packages/airflow/utils/operator_helpers.py", line 252, in run
    return self.func(*args, **kwargs)
           ^^^^^^^^^^^^^^^^^^^^^^^^^^
  File "/home/airflow/.local/lib/python3.12/site-packages/airflow/models/baseoperator.py", line 417, in wrapper
    return func(self, *args, **kwargs)
           ^^^^^^^^^^^^^^^^^^^^^^^^^^^
  File "/home/airflow/.local/lib/python3.12/site-packages/airflow/operators/python.py", line 505, in execute
    return super().execute(context=serializable_context)
           ^^^^^^^^^^^^^^^^^^^^^^^^^^^^^^^^^^^^^^^^^^^^^
  File "/home/airflow/.local/lib/python3.12/site-packages/airflow/models/baseoperator.py", line 417, in wrapper
    return func(self, *args, **kwargs)
           ^^^^^^^^^^^^^^^^^^^^^^^^^^^
  File "/home/airflow/.local/lib/python3.12/site-packages/airflow/operators/python.py", line 238, in execute
    return_value = self.execute_callable()
                   ^^^^^^^^^^^^^^^^^^^^^^^
  File "/home/airflow/.local/lib/python3.12/site-packages/airflow/operators/python.py", line 870, in execute_callable
    result = self._execute_python_callable_in_subprocess(python_path)
             ^^^^^^^^^^^^^^^^^^^^^^^^^^^^^^^^^^^^^^^^^^^^^^^^^^^^^^^^
  File "/home/airflow/.local/lib/python3.12/site-packages/airflow/operators/python.py", line 588, in _execute_python_callable_in_subprocess
    raise AirflowException(error_msg) from None
airflow.exceptions.AirflowException: Process returned non-zero exit status 1.
Message: session not created: Chrome failed to start: exited normally.
  (session not created: DevToolsActivePort file doesn't exist)
  (The process started from chrome location /opt/google/chrome/chrome is no longer running, so ChromeDriver is assuming that Chrome has crashed.)
Stacktrace:
#0 0x55559914f31a <unknown>
#1 0x555598c656e0 <unknown>
#2 0x555598c9cdc8 <unknown>
#3 0x555598c98926 <unknown>
#4 0x555598ce46f6 <unknown>
#5 0x555598ce3d46 <unknown>
#6 0x555598cd8203 <unknown>
#7 0x555598ca6cc0 <unknown>
#8 0x555598ca7c9e <unknown>
#9 0x55559911cd0b <unknown>
#10 0x555599120c92 <unknown>
#11 0x555599109b3c <unknown>
#12 0x555599121807 <unknown>
#13 0x5555990ef0df <unknown>
#14 0x55559913e578 <unknown>
#15 0x55559913e740 <unknown>
#16 0x55559914e196 <unknown>
#17 0x7fdc6f547144 <unknown>

[2024-11-25T07:48:19.461+0000] {local_task_job_runner.py:266} INFO - Task exited with return code 1
[2024-11-25T07:48:19.481+0000] {taskinstance.py:3895} INFO - 0 downstream tasks scheduled from follow-on schedule check
[2024-11-25T07:48:19.487+0000] {local_task_job_runner.py:245} INFO - ::endgroup::
