[2024-11-25T08:11:23.747+0000] {local_task_job_runner.py:123} INFO - ::group::Pre task execution logs
[2024-11-25T08:11:23.776+0000] {taskinstance.py:2613} INFO - Dependencies all met for dep_context=non-requeueable deps ti=<TaskInstance: open_interpark_to_S3.upload_to_s3 scheduled__2024-11-24T00:00:00+00:00 [queued]>
[2024-11-25T08:11:23.789+0000] {taskinstance.py:2613} INFO - Dependencies all met for dep_context=requeueable deps ti=<TaskInstance: open_interpark_to_S3.upload_to_s3 scheduled__2024-11-24T00:00:00+00:00 [queued]>
[2024-11-25T08:11:23.789+0000] {taskinstance.py:2866} INFO - Starting attempt 25 of 28
[2024-11-25T08:11:23.805+0000] {taskinstance.py:2889} INFO - Executing <Task(PythonVirtualenvOperator): upload_to_s3> on 2024-11-24 00:00:00+00:00
[2024-11-25T08:11:23.811+0000] {warnings.py:112} WARNING - /home/***/.local/lib/python3.12/site-packages/***/task/task_runner/standard_task_runner.py:70: DeprecationWarning: This process (pid=1974) is multi-threaded, use of fork() may lead to deadlocks in the child.
  pid = os.fork()

[2024-11-25T08:11:23.813+0000] {standard_task_runner.py:72} INFO - Started process 1975 to run task
[2024-11-25T08:11:23.814+0000] {standard_task_runner.py:104} INFO - Running: ['***', 'tasks', 'run', 'open_interpark_to_S3', 'upload_to_s3', 'scheduled__2024-11-24T00:00:00+00:00', '--job-id', '202', '--raw', '--subdir', 'DAGS_FOLDER/raw_open_s3.py', '--cfg-path', '/tmp/tmp_3jvgijc']
[2024-11-25T08:11:23.816+0000] {standard_task_runner.py:105} INFO - Job 202: Subtask upload_to_s3
[2024-11-25T08:11:23.880+0000] {task_command.py:467} INFO - Running <TaskInstance: open_interpark_to_S3.upload_to_s3 scheduled__2024-11-24T00:00:00+00:00 [running]> on host d6eb7d9e3d92
[2024-11-25T08:11:23.997+0000] {taskinstance.py:3132} INFO - Exporting env vars: AIRFLOW_CTX_DAG_OWNER='***' AIRFLOW_CTX_DAG_ID='open_interpark_to_S3' AIRFLOW_CTX_TASK_ID='upload_to_s3' AIRFLOW_CTX_EXECUTION_DATE='2024-11-24T00:00:00+00:00' AIRFLOW_CTX_TRY_NUMBER='25' AIRFLOW_CTX_DAG_RUN_ID='scheduled__2024-11-24T00:00:00+00:00'
[2024-11-25T08:11:23.999+0000] {taskinstance.py:731} INFO - ::endgroup::
[2024-11-25T08:11:24.021+0000] {baseoperator.py:416} WARNING - PythonVirtualenvOperator.execute cannot be called outside TaskInstance!
[2024-11-25T08:11:24.023+0000] {process_utils.py:186} INFO - Executing cmd: /home/***/.local/bin/python -m virtualenv /tmp/venvcebw2g6w --system-site-packages --python=python
[2024-11-25T08:11:24.023+0000] {process_utils.py:190} INFO - Output:
[2024-11-25T08:11:25.033+0000] {process_utils.py:194} INFO - created virtual environment CPython3.12.7.final.0-64 in 259ms
[2024-11-25T08:11:25.033+0000] {process_utils.py:194} INFO -   creator CPython3Posix(dest=/tmp/venvcebw2g6w, clear=False, no_vcs_ignore=False, global=True)
[2024-11-25T08:11:25.034+0000] {process_utils.py:194} INFO -   seeder FromAppData(download=False, pip=bundle, via=copy, app_data_dir=/home/***/.local/share/virtualenv)
[2024-11-25T08:11:25.034+0000] {process_utils.py:194} INFO -     added seed packages: pip==24.3.1
[2024-11-25T08:11:25.035+0000] {process_utils.py:194} INFO -   activators BashActivator,CShellActivator,FishActivator,NushellActivator,PowerShellActivator,PythonActivator
[2024-11-25T08:11:25.078+0000] {process_utils.py:186} INFO - Executing cmd: /tmp/venvcebw2g6w/bin/pip install -r /tmp/venvcebw2g6w/requirements.txt
[2024-11-25T08:11:25.078+0000] {process_utils.py:190} INFO - Output:
[2024-11-25T08:11:27.040+0000] {process_utils.py:194} INFO - Collecting git+https://github.com/hahahellooo/interpark.git@0.3/new_crawling (from -r /tmp/venvcebw2g6w/requirements.txt (line 1))
[2024-11-25T08:11:27.041+0000] {process_utils.py:194} INFO -   Cloning https://github.com/hahahellooo/interpark.git (to revision 0.3/new_crawling) to /tmp/pip-req-build-p7icskn2
[2024-11-25T08:11:27.044+0000] {process_utils.py:194} INFO -   Running command git clone --filter=blob:none --quiet https://github.com/hahahellooo/interpark.git /tmp/pip-req-build-p7icskn2
[2024-11-25T08:11:28.396+0000] {process_utils.py:194} INFO -   Running command git checkout -b 0.3/new_crawling --track origin/0.3/new_crawling
[2024-11-25T08:11:28.979+0000] {process_utils.py:194} INFO -   Switched to a new branch '0.3/new_crawling'
[2024-11-25T08:11:28.979+0000] {process_utils.py:194} INFO -   branch '0.3/new_crawling' set up to track 'origin/0.3/new_crawling'.
[2024-11-25T08:11:28.980+0000] {process_utils.py:194} INFO -   Resolved https://github.com/hahahellooo/interpark.git to commit 00d67fffe1075783701b33386937f062bfccda2e
[2024-11-25T08:11:28.985+0000] {process_utils.py:194} INFO -   Installing build dependencies: started
[2024-11-25T08:11:32.365+0000] {process_utils.py:194} INFO -   Installing build dependencies: finished with status 'done'
[2024-11-25T08:11:32.366+0000] {process_utils.py:194} INFO -   Getting requirements to build wheel: started
[2024-11-25T08:11:33.153+0000] {process_utils.py:194} INFO -   Getting requirements to build wheel: finished with status 'done'
[2024-11-25T08:11:33.155+0000] {process_utils.py:194} INFO -   Preparing metadata (pyproject.toml): started
[2024-11-25T08:11:34.011+0000] {process_utils.py:194} INFO -   Preparing metadata (pyproject.toml): finished with status 'done'
[2024-11-25T08:11:34.141+0000] {process_utils.py:194} INFO - Collecting selenium>=4.26.1 (from interpark==0.2.0->-r /tmp/venvcebw2g6w/requirements.txt (line 1))
[2024-11-25T08:11:34.143+0000] {process_utils.py:194} INFO -   Using cached selenium-4.26.1-py3-none-any.whl.metadata (7.1 kB)
[2024-11-25T08:11:34.149+0000] {process_utils.py:194} INFO - Requirement already satisfied: beautifulsoup4>=4.12.3 in /home/***/.local/lib/python3.12/site-packages (from interpark==0.2.0->-r /tmp/venvcebw2g6w/requirements.txt (line 1)) (4.12.3)
[2024-11-25T08:11:34.191+0000] {process_utils.py:194} INFO - Collecting webdriver-manager>=4.0.2 (from interpark==0.2.0->-r /tmp/venvcebw2g6w/requirements.txt (line 1))
[2024-11-25T08:11:34.193+0000] {process_utils.py:194} INFO -   Using cached webdriver_manager-4.0.2-py2.py3-none-any.whl.metadata (12 kB)
[2024-11-25T08:11:34.600+0000] {process_utils.py:194} INFO - Collecting pymongo>=4.10.1 (from interpark==0.2.0->-r /tmp/venvcebw2g6w/requirements.txt (line 1))
[2024-11-25T08:11:34.603+0000] {process_utils.py:194} INFO -   Using cached pymongo-4.10.1-cp312-cp312-manylinux_2_17_x86_64.manylinux2014_x86_64.whl.metadata (22 kB)
[2024-11-25T08:11:34.697+0000] {process_utils.py:194} INFO - Collecting apache-***-providers-amazon>=9.1.0 (from interpark==0.2.0->-r /tmp/venvcebw2g6w/requirements.txt (line 1))
[2024-11-25T08:11:34.698+0000] {process_utils.py:194} INFO -   Using cached apache_***_providers_amazon-9.1.0-py3-none-any.whl.metadata (10 kB)
[2024-11-25T08:11:34.750+0000] {process_utils.py:194} INFO - Collecting chromedriver-autoinstaller>=0.6.4 (from interpark==0.2.0->-r /tmp/venvcebw2g6w/requirements.txt (line 1))
[2024-11-25T08:11:34.809+0000] {process_utils.py:194} INFO -   Downloading chromedriver_autoinstaller-0.6.4-py3-none-any.whl.metadata (2.1 kB)
[2024-11-25T08:11:34.835+0000] {process_utils.py:194} INFO - Requirement already satisfied: PyAthena>=3.0.10 in /home/***/.local/lib/python3.12/site-packages (from apache-***-providers-amazon>=9.1.0->interpark==0.2.0->-r /tmp/venvcebw2g6w/requirements.txt (line 1)) (3.9.0)
[2024-11-25T08:11:34.836+0000] {process_utils.py:194} INFO - Requirement already satisfied: apache-***-providers-common-compat>=1.2.1 in /home/***/.local/lib/python3.12/site-packages (from apache-***-providers-amazon>=9.1.0->interpark==0.2.0->-r /tmp/venvcebw2g6w/requirements.txt (line 1)) (1.2.1)
[2024-11-25T08:11:34.894+0000] {process_utils.py:194} INFO - Collecting apache-***-providers-common-sql>=1.20.0 (from apache-***-providers-amazon>=9.1.0->interpark==0.2.0->-r /tmp/venvcebw2g6w/requirements.txt (line 1))
[2024-11-25T08:11:34.897+0000] {process_utils.py:194} INFO -   Using cached apache_***_providers_common_sql-1.20.0-py3-none-any.whl.metadata (6.2 kB)
[2024-11-25T08:11:34.900+0000] {process_utils.py:194} INFO - Requirement already satisfied: apache-***-providers-http in /home/***/.local/lib/python3.12/site-packages (from apache-***-providers-amazon>=9.1.0->interpark==0.2.0->-r /tmp/venvcebw2g6w/requirements.txt (line 1)) (4.13.2)
[2024-11-25T08:11:34.901+0000] {process_utils.py:194} INFO - Requirement already satisfied: apache-***>=2.8.0 in /home/***/.local/lib/python3.12/site-packages (from apache-***-providers-amazon>=9.1.0->interpark==0.2.0->-r /tmp/venvcebw2g6w/requirements.txt (line 1)) (2.10.3)
[2024-11-25T08:11:34.901+0000] {process_utils.py:194} INFO - Requirement already satisfied: asgiref>=2.3.0 in /home/***/.local/lib/python3.12/site-packages (from apache-***-providers-amazon>=9.1.0->interpark==0.2.0->-r /tmp/venvcebw2g6w/requirements.txt (line 1)) (3.8.1)
[2024-11-25T08:11:34.902+0000] {process_utils.py:194} INFO - Requirement already satisfied: boto3>=1.34.90 in /home/***/.local/lib/python3.12/site-packages (from apache-***-providers-amazon>=9.1.0->interpark==0.2.0->-r /tmp/venvcebw2g6w/requirements.txt (line 1)) (1.35.36)
[2024-11-25T08:11:34.902+0000] {process_utils.py:194} INFO - Requirement already satisfied: botocore>=1.34.90 in /home/***/.local/lib/python3.12/site-packages (from apache-***-providers-amazon>=9.1.0->interpark==0.2.0->-r /tmp/venvcebw2g6w/requirements.txt (line 1)) (1.35.36)
[2024-11-25T08:11:34.903+0000] {process_utils.py:194} INFO - Requirement already satisfied: inflection>=0.5.1 in /home/***/.local/lib/python3.12/site-packages (from apache-***-providers-amazon>=9.1.0->interpark==0.2.0->-r /tmp/venvcebw2g6w/requirements.txt (line 1)) (0.5.1)
[2024-11-25T08:11:34.903+0000] {process_utils.py:194} INFO - Requirement already satisfied: jmespath>=0.7.0 in /home/***/.local/lib/python3.12/site-packages (from apache-***-providers-amazon>=9.1.0->interpark==0.2.0->-r /tmp/venvcebw2g6w/requirements.txt (line 1)) (0.10.0)
[2024-11-25T08:11:34.904+0000] {process_utils.py:194} INFO - Requirement already satisfied: jsonpath_ng>=1.5.3 in /home/***/.local/lib/python3.12/site-packages (from apache-***-providers-amazon>=9.1.0->interpark==0.2.0->-r /tmp/venvcebw2g6w/requirements.txt (line 1)) (1.7.0)
[2024-11-25T08:11:34.904+0000] {process_utils.py:194} INFO - Requirement already satisfied: python3-saml>=1.16.0 in /home/***/.local/lib/python3.12/site-packages (from apache-***-providers-amazon>=9.1.0->interpark==0.2.0->-r /tmp/venvcebw2g6w/requirements.txt (line 1)) (1.16.0)
[2024-11-25T08:11:34.904+0000] {process_utils.py:194} INFO - Requirement already satisfied: redshift_connector>=2.0.918 in /home/***/.local/lib/python3.12/site-packages (from apache-***-providers-amazon>=9.1.0->interpark==0.2.0->-r /tmp/venvcebw2g6w/requirements.txt (line 1)) (2.1.3)
[2024-11-25T08:11:34.905+0000] {process_utils.py:194} INFO - Requirement already satisfied: watchtower!=3.3.0,<4,>=3.0.0 in /home/***/.local/lib/python3.12/site-packages (from apache-***-providers-amazon>=9.1.0->interpark==0.2.0->-r /tmp/venvcebw2g6w/requirements.txt (line 1)) (3.3.1)
[2024-11-25T08:11:34.907+0000] {process_utils.py:194} INFO - Requirement already satisfied: soupsieve>1.2 in /home/***/.local/lib/python3.12/site-packages (from beautifulsoup4>=4.12.3->interpark==0.2.0->-r /tmp/venvcebw2g6w/requirements.txt (line 1)) (2.6)
[2024-11-25T08:11:34.908+0000] {process_utils.py:194} INFO - Requirement already satisfied: packaging>=23.1 in /home/***/.local/lib/python3.12/site-packages (from chromedriver-autoinstaller>=0.6.4->interpark==0.2.0->-r /tmp/venvcebw2g6w/requirements.txt (line 1)) (24.1)
[2024-11-25T08:11:34.911+0000] {process_utils.py:194} INFO - Requirement already satisfied: dnspython<3.0.0,>=1.16.0 in /home/***/.local/lib/python3.12/site-packages (from pymongo>=4.10.1->interpark==0.2.0->-r /tmp/venvcebw2g6w/requirements.txt (line 1)) (2.7.0)
[2024-11-25T08:11:34.914+0000] {process_utils.py:194} INFO - Requirement already satisfied: urllib3<3,>=1.26 in /home/***/.local/lib/python3.12/site-packages (from urllib3[socks]<3,>=1.26->selenium>=4.26.1->interpark==0.2.0->-r /tmp/venvcebw2g6w/requirements.txt (line 1)) (2.2.3)
[2024-11-25T08:11:34.947+0000] {process_utils.py:194} INFO - Collecting trio~=0.17 (from selenium>=4.26.1->interpark==0.2.0->-r /tmp/venvcebw2g6w/requirements.txt (line 1))
[2024-11-25T08:11:34.948+0000] {process_utils.py:194} INFO -   Using cached trio-0.27.0-py3-none-any.whl.metadata (8.6 kB)
[2024-11-25T08:11:34.976+0000] {process_utils.py:194} INFO - Collecting trio-websocket~=0.9 (from selenium>=4.26.1->interpark==0.2.0->-r /tmp/venvcebw2g6w/requirements.txt (line 1))
[2024-11-25T08:11:34.978+0000] {process_utils.py:194} INFO -   Using cached trio_websocket-0.11.1-py3-none-any.whl.metadata (4.7 kB)
[2024-11-25T08:11:34.981+0000] {process_utils.py:194} INFO - Requirement already satisfied: certifi>=2021.10.8 in /home/***/.local/lib/python3.12/site-packages (from selenium>=4.26.1->interpark==0.2.0->-r /tmp/venvcebw2g6w/requirements.txt (line 1)) (2024.8.30)
[2024-11-25T08:11:34.982+0000] {process_utils.py:194} INFO - Requirement already satisfied: typing_extensions~=4.9 in /home/***/.local/lib/python3.12/site-packages (from selenium>=4.26.1->interpark==0.2.0->-r /tmp/venvcebw2g6w/requirements.txt (line 1)) (4.12.2)
[2024-11-25T08:11:34.982+0000] {process_utils.py:194} INFO - Requirement already satisfied: websocket-client~=1.8 in /home/***/.local/lib/python3.12/site-packages (from selenium>=4.26.1->interpark==0.2.0->-r /tmp/venvcebw2g6w/requirements.txt (line 1)) (1.8.0)
[2024-11-25T08:11:34.984+0000] {process_utils.py:194} INFO - Requirement already satisfied: requests in /home/***/.local/lib/python3.12/site-packages (from webdriver-manager>=4.0.2->interpark==0.2.0->-r /tmp/venvcebw2g6w/requirements.txt (line 1)) (2.32.3)
[2024-11-25T08:11:34.984+0000] {process_utils.py:194} INFO - Requirement already satisfied: python-dotenv in /home/***/.local/lib/python3.12/site-packages (from webdriver-manager>=4.0.2->interpark==0.2.0->-r /tmp/venvcebw2g6w/requirements.txt (line 1)) (1.0.1)
[2024-11-25T08:11:35.031+0000] {process_utils.py:194} INFO - Requirement already satisfied: alembic<2.0,>=1.13.1 in /home/***/.local/lib/python3.12/site-packages (from apache-***>=2.8.0->apache-***-providers-amazon>=9.1.0->interpark==0.2.0->-r /tmp/venvcebw2g6w/requirements.txt (line 1)) (1.14.0)
[2024-11-25T08:11:35.032+0000] {process_utils.py:194} INFO - Requirement already satisfied: argcomplete>=1.10 in /home/***/.local/lib/python3.12/site-packages (from apache-***>=2.8.0->apache-***-providers-amazon>=9.1.0->interpark==0.2.0->-r /tmp/venvcebw2g6w/requirements.txt (line 1)) (3.5.1)
[2024-11-25T08:11:35.032+0000] {process_utils.py:194} INFO - Requirement already satisfied: attrs>=22.1.0 in /home/***/.local/lib/python3.12/site-packages (from apache-***>=2.8.0->apache-***-providers-amazon>=9.1.0->interpark==0.2.0->-r /tmp/venvcebw2g6w/requirements.txt (line 1)) (24.2.0)
[2024-11-25T08:11:35.033+0000] {process_utils.py:194} INFO - Requirement already satisfied: blinker>=1.6.2 in /home/***/.local/lib/python3.12/site-packages (from apache-***>=2.8.0->apache-***-providers-amazon>=9.1.0->interpark==0.2.0->-r /tmp/venvcebw2g6w/requirements.txt (line 1)) (1.8.2)
[2024-11-25T08:11:35.033+0000] {process_utils.py:194} INFO - Requirement already satisfied: colorlog>=6.8.2 in /home/***/.local/lib/python3.12/site-packages (from apache-***>=2.8.0->apache-***-providers-amazon>=9.1.0->interpark==0.2.0->-r /tmp/venvcebw2g6w/requirements.txt (line 1)) (6.9.0)
[2024-11-25T08:11:35.034+0000] {process_utils.py:194} INFO - Requirement already satisfied: configupdater>=3.1.1 in /home/***/.local/lib/python3.12/site-packages (from apache-***>=2.8.0->apache-***-providers-amazon>=9.1.0->interpark==0.2.0->-r /tmp/venvcebw2g6w/requirements.txt (line 1)) (3.2)
[2024-11-25T08:11:35.034+0000] {process_utils.py:194} INFO - Requirement already satisfied: connexion<3.0,>=2.14.2 in /home/***/.local/lib/python3.12/site-packages (from connexion[flask]<3.0,>=2.14.2->apache-***>=2.8.0->apache-***-providers-amazon>=9.1.0->interpark==0.2.0->-r /tmp/venvcebw2g6w/requirements.txt (line 1)) (2.14.2)
[2024-11-25T08:11:35.035+0000] {process_utils.py:194} INFO - Requirement already satisfied: cron-descriptor>=1.2.24 in /home/***/.local/lib/python3.12/site-packages (from apache-***>=2.8.0->apache-***-providers-amazon>=9.1.0->interpark==0.2.0->-r /tmp/venvcebw2g6w/requirements.txt (line 1)) (1.4.5)
[2024-11-25T08:11:35.036+0000] {process_utils.py:194} INFO - Requirement already satisfied: croniter>=2.0.2 in /home/***/.local/lib/python3.12/site-packages (from apache-***>=2.8.0->apache-***-providers-amazon>=9.1.0->interpark==0.2.0->-r /tmp/venvcebw2g6w/requirements.txt (line 1)) (5.0.1)
[2024-11-25T08:11:35.036+0000] {process_utils.py:194} INFO - Requirement already satisfied: cryptography>=41.0.0 in /home/***/.local/lib/python3.12/site-packages (from apache-***>=2.8.0->apache-***-providers-amazon>=9.1.0->interpark==0.2.0->-r /tmp/venvcebw2g6w/requirements.txt (line 1)) (42.0.8)
[2024-11-25T08:11:35.037+0000] {process_utils.py:194} INFO - Requirement already satisfied: deprecated>=1.2.13 in /home/***/.local/lib/python3.12/site-packages (from apache-***>=2.8.0->apache-***-providers-amazon>=9.1.0->interpark==0.2.0->-r /tmp/venvcebw2g6w/requirements.txt (line 1)) (1.2.14)
[2024-11-25T08:11:35.037+0000] {process_utils.py:194} INFO - Requirement already satisfied: dill>=0.2.2 in /home/***/.local/lib/python3.12/site-packages (from apache-***>=2.8.0->apache-***-providers-amazon>=9.1.0->interpark==0.2.0->-r /tmp/venvcebw2g6w/requirements.txt (line 1)) (0.3.9)
[2024-11-25T08:11:35.038+0000] {process_utils.py:194} INFO - Requirement already satisfied: flask-caching>=2.0.0 in /home/***/.local/lib/python3.12/site-packages (from apache-***>=2.8.0->apache-***-providers-amazon>=9.1.0->interpark==0.2.0->-r /tmp/venvcebw2g6w/requirements.txt (line 1)) (2.3.0)
[2024-11-25T08:11:35.038+0000] {process_utils.py:194} INFO - Requirement already satisfied: flask-session<0.6,>=0.4.0 in /home/***/.local/lib/python3.12/site-packages (from apache-***>=2.8.0->apache-***-providers-amazon>=9.1.0->interpark==0.2.0->-r /tmp/venvcebw2g6w/requirements.txt (line 1)) (0.5.0)
[2024-11-25T08:11:35.039+0000] {process_utils.py:194} INFO - Requirement already satisfied: flask-wtf>=1.1.0 in /home/***/.local/lib/python3.12/site-packages (from apache-***>=2.8.0->apache-***-providers-amazon>=9.1.0->interpark==0.2.0->-r /tmp/venvcebw2g6w/requirements.txt (line 1)) (1.2.2)
[2024-11-25T08:11:35.039+0000] {process_utils.py:194} INFO - Requirement already satisfied: flask<2.3,>=2.2.1 in /home/***/.local/lib/python3.12/site-packages (from apache-***>=2.8.0->apache-***-providers-amazon>=9.1.0->interpark==0.2.0->-r /tmp/venvcebw2g6w/requirements.txt (line 1)) (2.2.5)
[2024-11-25T08:11:35.039+0000] {process_utils.py:194} INFO - Requirement already satisfied: fsspec>=2023.10.0 in /home/***/.local/lib/python3.12/site-packages (from apache-***>=2.8.0->apache-***-providers-amazon>=9.1.0->interpark==0.2.0->-r /tmp/venvcebw2g6w/requirements.txt (line 1)) (2024.10.0)
[2024-11-25T08:11:35.040+0000] {process_utils.py:194} INFO - Requirement already satisfied: google-re2>=1.1 in /home/***/.local/lib/python3.12/site-packages (from apache-***>=2.8.0->apache-***-providers-amazon>=9.1.0->interpark==0.2.0->-r /tmp/venvcebw2g6w/requirements.txt (line 1)) (1.1.20240702)
[2024-11-25T08:11:35.040+0000] {process_utils.py:194} INFO - Requirement already satisfied: gunicorn>=20.1.0 in /home/***/.local/lib/python3.12/site-packages (from apache-***>=2.8.0->apache-***-providers-amazon>=9.1.0->interpark==0.2.0->-r /tmp/venvcebw2g6w/requirements.txt (line 1)) (23.0.0)
[2024-11-25T08:11:35.041+0000] {process_utils.py:194} INFO - Requirement already satisfied: httpx>=0.25.0 in /home/***/.local/lib/python3.12/site-packages (from apache-***>=2.8.0->apache-***-providers-amazon>=9.1.0->interpark==0.2.0->-r /tmp/venvcebw2g6w/requirements.txt (line 1)) (0.27.0)
[2024-11-25T08:11:35.041+0000] {process_utils.py:194} INFO - Requirement already satisfied: itsdangerous>=2.0 in /home/***/.local/lib/python3.12/site-packages (from apache-***>=2.8.0->apache-***-providers-amazon>=9.1.0->interpark==0.2.0->-r /tmp/venvcebw2g6w/requirements.txt (line 1)) (2.2.0)
[2024-11-25T08:11:35.041+0000] {process_utils.py:194} INFO - Requirement already satisfied: jinja2>=3.0.0 in /home/***/.local/lib/python3.12/site-packages (from apache-***>=2.8.0->apache-***-providers-amazon>=9.1.0->interpark==0.2.0->-r /tmp/venvcebw2g6w/requirements.txt (line 1)) (3.1.4)
[2024-11-25T08:11:35.042+0000] {process_utils.py:194} INFO - Requirement already satisfied: jsonschema>=4.18.0 in /home/***/.local/lib/python3.12/site-packages (from apache-***>=2.8.0->apache-***-providers-amazon>=9.1.0->interpark==0.2.0->-r /tmp/venvcebw2g6w/requirements.txt (line 1)) (4.23.0)
[2024-11-25T08:11:35.043+0000] {process_utils.py:194} INFO - Requirement already satisfied: lazy-object-proxy>=1.2.0 in /home/***/.local/lib/python3.12/site-packages (from apache-***>=2.8.0->apache-***-providers-amazon>=9.1.0->interpark==0.2.0->-r /tmp/venvcebw2g6w/requirements.txt (line 1)) (1.10.0)
[2024-11-25T08:11:35.045+0000] {process_utils.py:194} INFO - Requirement already satisfied: linkify-it-py>=2.0.0 in /home/***/.local/lib/python3.12/site-packages (from apache-***>=2.8.0->apache-***-providers-amazon>=9.1.0->interpark==0.2.0->-r /tmp/venvcebw2g6w/requirements.txt (line 1)) (2.0.3)
[2024-11-25T08:11:35.046+0000] {process_utils.py:194} INFO - Requirement already satisfied: lockfile>=0.12.2 in /home/***/.local/lib/python3.12/site-packages (from apache-***>=2.8.0->apache-***-providers-amazon>=9.1.0->interpark==0.2.0->-r /tmp/venvcebw2g6w/requirements.txt (line 1)) (0.12.2)
[2024-11-25T08:11:35.046+0000] {process_utils.py:194} INFO - Requirement already satisfied: markdown-it-py>=2.1.0 in /home/***/.local/lib/python3.12/site-packages (from apache-***>=2.8.0->apache-***-providers-amazon>=9.1.0->interpark==0.2.0->-r /tmp/venvcebw2g6w/requirements.txt (line 1)) (3.0.0)
[2024-11-25T08:11:35.047+0000] {process_utils.py:194} INFO - Requirement already satisfied: markupsafe>=1.1.1 in /home/***/.local/lib/python3.12/site-packages (from apache-***>=2.8.0->apache-***-providers-amazon>=9.1.0->interpark==0.2.0->-r /tmp/venvcebw2g6w/requirements.txt (line 1)) (3.0.2)
[2024-11-25T08:11:35.047+0000] {process_utils.py:194} INFO - Requirement already satisfied: marshmallow-oneofschema>=2.0.1 in /home/***/.local/lib/python3.12/site-packages (from apache-***>=2.8.0->apache-***-providers-amazon>=9.1.0->interpark==0.2.0->-r /tmp/venvcebw2g6w/requirements.txt (line 1)) (3.1.1)
[2024-11-25T08:11:35.048+0000] {process_utils.py:194} INFO - Requirement already satisfied: mdit-py-plugins>=0.3.0 in /home/***/.local/lib/python3.12/site-packages (from apache-***>=2.8.0->apache-***-providers-amazon>=9.1.0->interpark==0.2.0->-r /tmp/venvcebw2g6w/requirements.txt (line 1)) (0.4.2)
[2024-11-25T08:11:35.048+0000] {process_utils.py:194} INFO - Requirement already satisfied: methodtools>=0.4.7 in /home/***/.local/lib/python3.12/site-packages (from apache-***>=2.8.0->apache-***-providers-amazon>=9.1.0->interpark==0.2.0->-r /tmp/venvcebw2g6w/requirements.txt (line 1)) (0.4.7)
[2024-11-25T08:11:35.048+0000] {process_utils.py:194} INFO - Requirement already satisfied: opentelemetry-api>=1.15.0 in /home/***/.local/lib/python3.12/site-packages (from apache-***>=2.8.0->apache-***-providers-amazon>=9.1.0->interpark==0.2.0->-r /tmp/venvcebw2g6w/requirements.txt (line 1)) (1.27.0)
[2024-11-25T08:11:35.049+0000] {process_utils.py:194} INFO - Requirement already satisfied: opentelemetry-exporter-otlp>=1.15.0 in /home/***/.local/lib/python3.12/site-packages (from apache-***>=2.8.0->apache-***-providers-amazon>=9.1.0->interpark==0.2.0->-r /tmp/venvcebw2g6w/requirements.txt (line 1)) (1.27.0)
[2024-11-25T08:11:35.049+0000] {process_utils.py:194} INFO - Requirement already satisfied: pathspec>=0.9.0 in /home/***/.local/lib/python3.12/site-packages (from apache-***>=2.8.0->apache-***-providers-amazon>=9.1.0->interpark==0.2.0->-r /tmp/venvcebw2g6w/requirements.txt (line 1)) (0.12.1)
[2024-11-25T08:11:35.050+0000] {process_utils.py:194} INFO - Requirement already satisfied: pendulum<4.0,>=3.0.0 in /home/***/.local/lib/python3.12/site-packages (from apache-***>=2.8.0->apache-***-providers-amazon>=9.1.0->interpark==0.2.0->-r /tmp/venvcebw2g6w/requirements.txt (line 1)) (3.0.0)
[2024-11-25T08:11:35.050+0000] {process_utils.py:194} INFO - Requirement already satisfied: pluggy>=1.5.0 in /home/***/.local/lib/python3.12/site-packages (from apache-***>=2.8.0->apache-***-providers-amazon>=9.1.0->interpark==0.2.0->-r /tmp/venvcebw2g6w/requirements.txt (line 1)) (1.5.0)
[2024-11-25T08:11:35.051+0000] {process_utils.py:194} INFO - Requirement already satisfied: psutil>=5.8.0 in /home/***/.local/lib/python3.12/site-packages (from apache-***>=2.8.0->apache-***-providers-amazon>=9.1.0->interpark==0.2.0->-r /tmp/venvcebw2g6w/requirements.txt (line 1)) (6.1.0)
[2024-11-25T08:11:35.052+0000] {process_utils.py:194} INFO - Requirement already satisfied: pygments>=2.0.1 in /home/***/.local/lib/python3.12/site-packages (from apache-***>=2.8.0->apache-***-providers-amazon>=9.1.0->interpark==0.2.0->-r /tmp/venvcebw2g6w/requirements.txt (line 1)) (2.18.0)
[2024-11-25T08:11:35.052+0000] {process_utils.py:194} INFO - Requirement already satisfied: pyjwt>=2.0.0 in /home/***/.local/lib/python3.12/site-packages (from apache-***>=2.8.0->apache-***-providers-amazon>=9.1.0->interpark==0.2.0->-r /tmp/venvcebw2g6w/requirements.txt (line 1)) (2.9.0)
[2024-11-25T08:11:35.053+0000] {process_utils.py:194} INFO - Requirement already satisfied: python-daemon>=3.0.0 in /home/***/.local/lib/python3.12/site-packages (from apache-***>=2.8.0->apache-***-providers-amazon>=9.1.0->interpark==0.2.0->-r /tmp/venvcebw2g6w/requirements.txt (line 1)) (3.1.0)
[2024-11-25T08:11:35.053+0000] {process_utils.py:194} INFO - Requirement already satisfied: python-dateutil>=2.7.0 in /home/***/.local/lib/python3.12/site-packages (from apache-***>=2.8.0->apache-***-providers-amazon>=9.1.0->interpark==0.2.0->-r /tmp/venvcebw2g6w/requirements.txt (line 1)) (2.9.0.post0)
[2024-11-25T08:11:35.053+0000] {process_utils.py:194} INFO - Requirement already satisfied: python-nvd3>=0.15.0 in /home/***/.local/lib/python3.12/site-packages (from apache-***>=2.8.0->apache-***-providers-amazon>=9.1.0->interpark==0.2.0->-r /tmp/venvcebw2g6w/requirements.txt (line 1)) (0.16.0)
[2024-11-25T08:11:35.054+0000] {process_utils.py:194} INFO - Requirement already satisfied: python-slugify>=5.0 in /home/***/.local/lib/python3.12/site-packages (from apache-***>=2.8.0->apache-***-providers-amazon>=9.1.0->interpark==0.2.0->-r /tmp/venvcebw2g6w/requirements.txt (line 1)) (8.0.4)
[2024-11-25T08:11:35.054+0000] {process_utils.py:194} INFO - Requirement already satisfied: requests-toolbelt>=0.4.0 in /home/***/.local/lib/python3.12/site-packages (from apache-***>=2.8.0->apache-***-providers-amazon>=9.1.0->interpark==0.2.0->-r /tmp/venvcebw2g6w/requirements.txt (line 1)) (1.0.0)
[2024-11-25T08:11:35.055+0000] {process_utils.py:194} INFO - Requirement already satisfied: rfc3339-validator>=0.1.4 in /home/***/.local/lib/python3.12/site-packages (from apache-***>=2.8.0->apache-***-providers-amazon>=9.1.0->interpark==0.2.0->-r /tmp/venvcebw2g6w/requirements.txt (line 1)) (0.1.4)
[2024-11-25T08:11:35.055+0000] {process_utils.py:194} INFO - Requirement already satisfied: rich-argparse>=1.0.0 in /home/***/.local/lib/python3.12/site-packages (from apache-***>=2.8.0->apache-***-providers-amazon>=9.1.0->interpark==0.2.0->-r /tmp/venvcebw2g6w/requirements.txt (line 1)) (1.6.0)
[2024-11-25T08:11:35.055+0000] {process_utils.py:194} INFO - Requirement already satisfied: rich>=12.4.4 in /home/***/.local/lib/python3.12/site-packages (from apache-***>=2.8.0->apache-***-providers-amazon>=9.1.0->interpark==0.2.0->-r /tmp/venvcebw2g6w/requirements.txt (line 1)) (13.9.4)
[2024-11-25T08:11:35.056+0000] {process_utils.py:194} INFO - Requirement already satisfied: setproctitle>=1.3.3 in /home/***/.local/lib/python3.12/site-packages (from apache-***>=2.8.0->apache-***-providers-amazon>=9.1.0->interpark==0.2.0->-r /tmp/venvcebw2g6w/requirements.txt (line 1)) (1.3.3)
[2024-11-25T08:11:35.056+0000] {process_utils.py:194} INFO - Requirement already satisfied: sqlalchemy<2.0,>=1.4.36 in /home/***/.local/lib/python3.12/site-packages (from apache-***>=2.8.0->apache-***-providers-amazon>=9.1.0->interpark==0.2.0->-r /tmp/venvcebw2g6w/requirements.txt (line 1)) (1.4.54)
[2024-11-25T08:11:35.056+0000] {process_utils.py:194} INFO - Requirement already satisfied: sqlalchemy-jsonfield>=1.0 in /home/***/.local/lib/python3.12/site-packages (from apache-***>=2.8.0->apache-***-providers-amazon>=9.1.0->interpark==0.2.0->-r /tmp/venvcebw2g6w/requirements.txt (line 1)) (1.0.2)
[2024-11-25T08:11:35.057+0000] {process_utils.py:194} INFO - Requirement already satisfied: tabulate>=0.7.5 in /home/***/.local/lib/python3.12/site-packages (from apache-***>=2.8.0->apache-***-providers-amazon>=9.1.0->interpark==0.2.0->-r /tmp/venvcebw2g6w/requirements.txt (line 1)) (0.9.0)
[2024-11-25T08:11:35.057+0000] {process_utils.py:194} INFO - Requirement already satisfied: tenacity!=8.2.0,>=8.0.0 in /home/***/.local/lib/python3.12/site-packages (from apache-***>=2.8.0->apache-***-providers-amazon>=9.1.0->interpark==0.2.0->-r /tmp/venvcebw2g6w/requirements.txt (line 1)) (8.5.0)
[2024-11-25T08:11:35.057+0000] {process_utils.py:194} INFO - Requirement already satisfied: termcolor>=1.1.0 in /home/***/.local/lib/python3.12/site-packages (from apache-***>=2.8.0->apache-***-providers-amazon>=9.1.0->interpark==0.2.0->-r /tmp/venvcebw2g6w/requirements.txt (line 1)) (2.5.0)
[2024-11-25T08:11:35.058+0000] {process_utils.py:194} INFO - Requirement already satisfied: universal-pathlib!=0.2.4,>=0.2.2 in /home/***/.local/lib/python3.12/site-packages (from apache-***>=2.8.0->apache-***-providers-amazon>=9.1.0->interpark==0.2.0->-r /tmp/venvcebw2g6w/requirements.txt (line 1)) (0.2.5)
[2024-11-25T08:11:35.058+0000] {process_utils.py:194} INFO - Requirement already satisfied: werkzeug<3,>=2.0 in /home/***/.local/lib/python3.12/site-packages (from apache-***>=2.8.0->apache-***-providers-amazon>=9.1.0->interpark==0.2.0->-r /tmp/venvcebw2g6w/requirements.txt (line 1)) (2.2.3)
[2024-11-25T08:11:35.059+0000] {process_utils.py:194} INFO - Requirement already satisfied: apache-***-providers-common-io in /home/***/.local/lib/python3.12/site-packages (from apache-***>=2.8.0->apache-***-providers-amazon>=9.1.0->interpark==0.2.0->-r /tmp/venvcebw2g6w/requirements.txt (line 1)) (1.4.2)
[2024-11-25T08:11:35.061+0000] {process_utils.py:194} INFO - Requirement already satisfied: apache-***-providers-fab>=1.0.2 in /home/***/.local/lib/python3.12/site-packages (from apache-***>=2.8.0->apache-***-providers-amazon>=9.1.0->interpark==0.2.0->-r /tmp/venvcebw2g6w/requirements.txt (line 1)) (1.5.0)
[2024-11-25T08:11:35.062+0000] {process_utils.py:194} INFO - Requirement already satisfied: apache-***-providers-ftp in /home/***/.local/lib/python3.12/site-packages (from apache-***>=2.8.0->apache-***-providers-amazon>=9.1.0->interpark==0.2.0->-r /tmp/venvcebw2g6w/requirements.txt (line 1)) (3.11.1)
[2024-11-25T08:11:35.063+0000] {process_utils.py:194} INFO - Requirement already satisfied: apache-***-providers-imap in /home/***/.local/lib/python3.12/site-packages (from apache-***>=2.8.0->apache-***-providers-amazon>=9.1.0->interpark==0.2.0->-r /tmp/venvcebw2g6w/requirements.txt (line 1)) (3.7.0)
[2024-11-25T08:11:35.063+0000] {process_utils.py:194} INFO - Requirement already satisfied: apache-***-providers-smtp in /home/***/.local/lib/python3.12/site-packages (from apache-***>=2.8.0->apache-***-providers-amazon>=9.1.0->interpark==0.2.0->-r /tmp/venvcebw2g6w/requirements.txt (line 1)) (1.8.0)
[2024-11-25T08:11:35.064+0000] {process_utils.py:194} INFO - Requirement already satisfied: apache-***-providers-sqlite in /home/***/.local/lib/python3.12/site-packages (from apache-***>=2.8.0->apache-***-providers-amazon>=9.1.0->interpark==0.2.0->-r /tmp/venvcebw2g6w/requirements.txt (line 1)) (3.9.0)
[2024-11-25T08:11:35.068+0000] {process_utils.py:194} INFO - Requirement already satisfied: more-itertools>=9.0.0 in /home/***/.local/lib/python3.12/site-packages (from apache-***-providers-common-sql>=1.20.0->apache-***-providers-amazon>=9.1.0->interpark==0.2.0->-r /tmp/venvcebw2g6w/requirements.txt (line 1)) (10.5.0)
[2024-11-25T08:11:35.069+0000] {process_utils.py:194} INFO - Requirement already satisfied: sqlparse>=0.5.1 in /home/***/.local/lib/python3.12/site-packages (from apache-***-providers-common-sql>=1.20.0->apache-***-providers-amazon>=9.1.0->interpark==0.2.0->-r /tmp/venvcebw2g6w/requirements.txt (line 1)) (0.5.1)
[2024-11-25T08:11:35.075+0000] {process_utils.py:194} INFO - Requirement already satisfied: s3transfer<0.11.0,>=0.10.0 in /home/***/.local/lib/python3.12/site-packages (from boto3>=1.34.90->apache-***-providers-amazon>=9.1.0->interpark==0.2.0->-r /tmp/venvcebw2g6w/requirements.txt (line 1)) (0.10.3)
[2024-11-25T08:11:35.094+0000] {process_utils.py:194} INFO - Requirement already satisfied: ply in /home/***/.local/lib/python3.12/site-packages (from jsonpath_ng>=1.5.3->apache-***-providers-amazon>=9.1.0->interpark==0.2.0->-r /tmp/venvcebw2g6w/requirements.txt (line 1)) (3.11)
[2024-11-25T08:11:35.104+0000] {process_utils.py:194} INFO - Requirement already satisfied: lxml!=4.7.0,>=4.6.5 in /home/***/.local/lib/python3.12/site-packages (from python3-saml>=1.16.0->apache-***-providers-amazon>=9.1.0->interpark==0.2.0->-r /tmp/venvcebw2g6w/requirements.txt (line 1)) (5.3.0)
[2024-11-25T08:11:35.104+0000] {process_utils.py:194} INFO - Requirement already satisfied: isodate>=0.6.1 in /home/***/.local/lib/python3.12/site-packages (from python3-saml>=1.16.0->apache-***-providers-amazon>=9.1.0->interpark==0.2.0->-r /tmp/venvcebw2g6w/requirements.txt (line 1)) (0.7.2)
[2024-11-25T08:11:35.105+0000] {process_utils.py:194} INFO - Requirement already satisfied: xmlsec>=1.3.9 in /home/***/.local/lib/python3.12/site-packages (from python3-saml>=1.16.0->apache-***-providers-amazon>=9.1.0->interpark==0.2.0->-r /tmp/venvcebw2g6w/requirements.txt (line 1)) (1.3.14)
[2024-11-25T08:11:35.112+0000] {process_utils.py:194} INFO - Requirement already satisfied: scramp<1.5.0,>=1.2.0 in /home/***/.local/lib/python3.12/site-packages (from redshift_connector>=2.0.918->apache-***-providers-amazon>=9.1.0->interpark==0.2.0->-r /tmp/venvcebw2g6w/requirements.txt (line 1)) (1.4.5)
[2024-11-25T08:11:35.113+0000] {process_utils.py:194} INFO - Requirement already satisfied: pytz>=2020.1 in /home/***/.local/lib/python3.12/site-packages (from redshift_connector>=2.0.918->apache-***-providers-amazon>=9.1.0->interpark==0.2.0->-r /tmp/venvcebw2g6w/requirements.txt (line 1)) (2024.2)
[2024-11-25T08:11:35.115+0000] {process_utils.py:194} INFO - Requirement already satisfied: setuptools in /home/***/.local/lib/python3.12/site-packages (from redshift_connector>=2.0.918->apache-***-providers-amazon>=9.1.0->interpark==0.2.0->-r /tmp/venvcebw2g6w/requirements.txt (line 1)) (75.3.0)
[2024-11-25T08:11:35.120+0000] {process_utils.py:194} INFO - Requirement already satisfied: charset-normalizer<4,>=2 in /home/***/.local/lib/python3.12/site-packages (from requests->webdriver-manager>=4.0.2->interpark==0.2.0->-r /tmp/venvcebw2g6w/requirements.txt (line 1)) (3.4.0)
[2024-11-25T08:11:35.120+0000] {process_utils.py:194} INFO - Requirement already satisfied: idna<4,>=2.5 in /home/***/.local/lib/python3.12/site-packages (from requests->webdriver-manager>=4.0.2->interpark==0.2.0->-r /tmp/venvcebw2g6w/requirements.txt (line 1)) (3.10)
[2024-11-25T08:11:35.127+0000] {process_utils.py:194} INFO - Requirement already satisfied: sortedcontainers in /home/***/.local/lib/python3.12/site-packages (from trio~=0.17->selenium>=4.26.1->interpark==0.2.0->-r /tmp/venvcebw2g6w/requirements.txt (line 1)) (2.4.0)
[2024-11-25T08:11:35.153+0000] {process_utils.py:194} INFO - Collecting outcome (from trio~=0.17->selenium>=4.26.1->interpark==0.2.0->-r /tmp/venvcebw2g6w/requirements.txt (line 1))
[2024-11-25T08:11:35.154+0000] {process_utils.py:194} INFO -   Using cached outcome-1.3.0.post0-py2.py3-none-any.whl.metadata (2.6 kB)
[2024-11-25T08:11:35.156+0000] {process_utils.py:194} INFO - Requirement already satisfied: sniffio>=1.3.0 in /home/***/.local/lib/python3.12/site-packages (from trio~=0.17->selenium>=4.26.1->interpark==0.2.0->-r /tmp/venvcebw2g6w/requirements.txt (line 1)) (1.3.1)
[2024-11-25T08:11:35.190+0000] {process_utils.py:194} INFO - Collecting wsproto>=0.14 (from trio-websocket~=0.9->selenium>=4.26.1->interpark==0.2.0->-r /tmp/venvcebw2g6w/requirements.txt (line 1))
[2024-11-25T08:11:35.192+0000] {process_utils.py:194} INFO -   Using cached wsproto-1.2.0-py3-none-any.whl.metadata (5.6 kB)
[2024-11-25T08:11:35.233+0000] {process_utils.py:194} INFO - Collecting pysocks!=1.5.7,<2.0,>=1.5.6 (from urllib3[socks]<3,>=1.26->selenium>=4.26.1->interpark==0.2.0->-r /tmp/venvcebw2g6w/requirements.txt (line 1))
[2024-11-25T08:11:35.234+0000] {process_utils.py:194} INFO -   Using cached PySocks-1.7.1-py3-none-any.whl.metadata (13 kB)
[2024-11-25T08:11:35.248+0000] {process_utils.py:194} INFO - Requirement already satisfied: aiohttp>=3.9.2 in /home/***/.local/lib/python3.12/site-packages (from apache-***-providers-http->apache-***-providers-amazon>=9.1.0->interpark==0.2.0->-r /tmp/venvcebw2g6w/requirements.txt (line 1)) (3.10.10)
[2024-11-25T08:11:35.256+0000] {process_utils.py:194} INFO - Requirement already satisfied: aiohappyeyeballs>=2.3.0 in /home/***/.local/lib/python3.12/site-packages (from aiohttp>=3.9.2->apache-***-providers-http->apache-***-providers-amazon>=9.1.0->interpark==0.2.0->-r /tmp/venvcebw2g6w/requirements.txt (line 1)) (2.4.3)
[2024-11-25T08:11:35.257+0000] {process_utils.py:194} INFO - Requirement already satisfied: aiosignal>=1.1.2 in /home/***/.local/lib/python3.12/site-packages (from aiohttp>=3.9.2->apache-***-providers-http->apache-***-providers-amazon>=9.1.0->interpark==0.2.0->-r /tmp/venvcebw2g6w/requirements.txt (line 1)) (1.3.1)
[2024-11-25T08:11:35.258+0000] {process_utils.py:194} INFO - Requirement already satisfied: frozenlist>=1.1.1 in /home/***/.local/lib/python3.12/site-packages (from aiohttp>=3.9.2->apache-***-providers-http->apache-***-providers-amazon>=9.1.0->interpark==0.2.0->-r /tmp/venvcebw2g6w/requirements.txt (line 1)) (1.5.0)
[2024-11-25T08:11:35.259+0000] {process_utils.py:194} INFO - Requirement already satisfied: multidict<7.0,>=4.5 in /home/***/.local/lib/python3.12/site-packages (from aiohttp>=3.9.2->apache-***-providers-http->apache-***-providers-amazon>=9.1.0->interpark==0.2.0->-r /tmp/venvcebw2g6w/requirements.txt (line 1)) (6.1.0)
[2024-11-25T08:11:35.260+0000] {process_utils.py:194} INFO - Requirement already satisfied: yarl<2.0,>=1.12.0 in /home/***/.local/lib/python3.12/site-packages (from aiohttp>=3.9.2->apache-***-providers-http->apache-***-providers-amazon>=9.1.0->interpark==0.2.0->-r /tmp/venvcebw2g6w/requirements.txt (line 1)) (1.17.1)
[2024-11-25T08:11:35.265+0000] {process_utils.py:194} INFO - Requirement already satisfied: Mako in /home/***/.local/lib/python3.12/site-packages (from alembic<2.0,>=1.13.1->apache-***>=2.8.0->apache-***-providers-amazon>=9.1.0->interpark==0.2.0->-r /tmp/venvcebw2g6w/requirements.txt (line 1)) (1.3.6)
[2024-11-25T08:11:35.269+0000] {process_utils.py:194} INFO - Requirement already satisfied: flask-appbuilder==4.5.2 in /home/***/.local/lib/python3.12/site-packages (from apache-***-providers-fab>=1.0.2->apache-***>=2.8.0->apache-***-providers-amazon>=9.1.0->interpark==0.2.0->-r /tmp/venvcebw2g6w/requirements.txt (line 1)) (4.5.2)
[2024-11-25T08:11:35.270+0000] {process_utils.py:194} INFO - Requirement already satisfied: flask-login>=0.6.2 in /home/***/.local/lib/python3.12/site-packages (from apache-***-providers-fab>=1.0.2->apache-***>=2.8.0->apache-***-providers-amazon>=9.1.0->interpark==0.2.0->-r /tmp/venvcebw2g6w/requirements.txt (line 1)) (0.6.3)
[2024-11-25T08:11:35.278+0000] {process_utils.py:194} INFO - Requirement already satisfied: apispec<7,>=6.0.0 in /home/***/.local/lib/python3.12/site-packages (from apispec[yaml]<7,>=6.0.0->flask-appbuilder==4.5.2->apache-***-providers-fab>=1.0.2->apache-***>=2.8.0->apache-***-providers-amazon>=9.1.0->interpark==0.2.0->-r /tmp/venvcebw2g6w/requirements.txt (line 1)) (6.7.1)
[2024-11-25T08:11:35.279+0000] {process_utils.py:194} INFO - Requirement already satisfied: colorama<1,>=0.3.9 in /home/***/.local/lib/python3.12/site-packages (from flask-appbuilder==4.5.2->apache-***-providers-fab>=1.0.2->apache-***>=2.8.0->apache-***-providers-amazon>=9.1.0->interpark==0.2.0->-r /tmp/venvcebw2g6w/requirements.txt (line 1)) (0.4.6)
[2024-11-25T08:11:35.280+0000] {process_utils.py:194} INFO - Requirement already satisfied: click<9,>=8 in /home/***/.local/lib/python3.12/site-packages (from flask-appbuilder==4.5.2->apache-***-providers-fab>=1.0.2->apache-***>=2.8.0->apache-***-providers-amazon>=9.1.0->interpark==0.2.0->-r /tmp/venvcebw2g6w/requirements.txt (line 1)) (8.1.7)
[2024-11-25T08:11:35.280+0000] {process_utils.py:194} INFO - Requirement already satisfied: email-validator>=1.0.5 in /home/***/.local/lib/python3.12/site-packages (from flask-appbuilder==4.5.2->apache-***-providers-fab>=1.0.2->apache-***>=2.8.0->apache-***-providers-amazon>=9.1.0->interpark==0.2.0->-r /tmp/venvcebw2g6w/requirements.txt (line 1)) (2.2.0)
[2024-11-25T08:11:35.281+0000] {process_utils.py:194} INFO - Requirement already satisfied: Flask-Babel<3,>=1 in /home/***/.local/lib/python3.12/site-packages (from flask-appbuilder==4.5.2->apache-***-providers-fab>=1.0.2->apache-***>=2.8.0->apache-***-providers-amazon>=9.1.0->interpark==0.2.0->-r /tmp/venvcebw2g6w/requirements.txt (line 1)) (2.0.0)
[2024-11-25T08:11:35.281+0000] {process_utils.py:194} INFO - Requirement already satisfied: Flask-Limiter<4,>3 in /home/***/.local/lib/python3.12/site-packages (from flask-appbuilder==4.5.2->apache-***-providers-fab>=1.0.2->apache-***>=2.8.0->apache-***-providers-amazon>=9.1.0->interpark==0.2.0->-r /tmp/venvcebw2g6w/requirements.txt (line 1)) (3.8.0)
[2024-11-25T08:11:35.282+0000] {process_utils.py:194} INFO - Requirement already satisfied: Flask-SQLAlchemy<3,>=2.4 in /home/***/.local/lib/python3.12/site-packages (from flask-appbuilder==4.5.2->apache-***-providers-fab>=1.0.2->apache-***>=2.8.0->apache-***-providers-amazon>=9.1.0->interpark==0.2.0->-r /tmp/venvcebw2g6w/requirements.txt (line 1)) (2.5.1)
[2024-11-25T08:11:35.282+0000] {process_utils.py:194} INFO - Requirement already satisfied: Flask-JWT-Extended<5.0.0,>=4.0.0 in /home/***/.local/lib/python3.12/site-packages (from flask-appbuilder==4.5.2->apache-***-providers-fab>=1.0.2->apache-***>=2.8.0->apache-***-providers-amazon>=9.1.0->interpark==0.2.0->-r /tmp/venvcebw2g6w/requirements.txt (line 1)) (4.6.0)
[2024-11-25T08:11:35.283+0000] {process_utils.py:194} INFO - Requirement already satisfied: marshmallow<4,>=3.18.0 in /home/***/.local/lib/python3.12/site-packages (from flask-appbuilder==4.5.2->apache-***-providers-fab>=1.0.2->apache-***>=2.8.0->apache-***-providers-amazon>=9.1.0->interpark==0.2.0->-r /tmp/venvcebw2g6w/requirements.txt (line 1)) (3.23.1)
[2024-11-25T08:11:35.283+0000] {process_utils.py:194} INFO - Requirement already satisfied: marshmallow-sqlalchemy<0.29.0,>=0.22.0 in /home/***/.local/lib/python3.12/site-packages (from flask-appbuilder==4.5.2->apache-***-providers-fab>=1.0.2->apache-***>=2.8.0->apache-***-providers-amazon>=9.1.0->interpark==0.2.0->-r /tmp/venvcebw2g6w/requirements.txt (line 1)) (0.28.2)
[2024-11-25T08:11:35.284+0000] {process_utils.py:194} INFO - Requirement already satisfied: prison<1.0.0,>=0.2.1 in /home/***/.local/lib/python3.12/site-packages (from flask-appbuilder==4.5.2->apache-***-providers-fab>=1.0.2->apache-***>=2.8.0->apache-***-providers-amazon>=9.1.0->interpark==0.2.0->-r /tmp/venvcebw2g6w/requirements.txt (line 1)) (0.2.1)
[2024-11-25T08:11:35.285+0000] {process_utils.py:194} INFO - Requirement already satisfied: sqlalchemy-utils<1,>=0.32.21 in /home/***/.local/lib/python3.12/site-packages (from flask-appbuilder==4.5.2->apache-***-providers-fab>=1.0.2->apache-***>=2.8.0->apache-***-providers-amazon>=9.1.0->interpark==0.2.0->-r /tmp/venvcebw2g6w/requirements.txt (line 1)) (0.41.2)
[2024-11-25T08:11:35.285+0000] {process_utils.py:194} INFO - Requirement already satisfied: WTForms<4 in /home/***/.local/lib/python3.12/site-packages (from flask-appbuilder==4.5.2->apache-***-providers-fab>=1.0.2->apache-***>=2.8.0->apache-***-providers-amazon>=9.1.0->interpark==0.2.0->-r /tmp/venvcebw2g6w/requirements.txt (line 1)) (3.2.1)
[2024-11-25T08:11:35.322+0000] {process_utils.py:194} INFO - Requirement already satisfied: clickclick<21,>=1.2 in /home/***/.local/lib/python3.12/site-packages (from connexion<3.0,>=2.14.2->connexion[flask]<3.0,>=2.14.2->apache-***>=2.8.0->apache-***-providers-amazon>=9.1.0->interpark==0.2.0->-r /tmp/venvcebw2g6w/requirements.txt (line 1)) (20.10.2)
[2024-11-25T08:11:35.323+0000] {process_utils.py:194} INFO - Requirement already satisfied: PyYAML<7,>=5.1 in /home/***/.local/lib/python3.12/site-packages (from connexion<3.0,>=2.14.2->connexion[flask]<3.0,>=2.14.2->apache-***>=2.8.0->apache-***-providers-amazon>=9.1.0->interpark==0.2.0->-r /tmp/venvcebw2g6w/requirements.txt (line 1)) (6.0.2)
[2024-11-25T08:11:35.345+0000] {process_utils.py:194} INFO - Requirement already satisfied: cffi>=1.12 in /home/***/.local/lib/python3.12/site-packages (from cryptography>=41.0.0->apache-***>=2.8.0->apache-***-providers-amazon>=9.1.0->interpark==0.2.0->-r /tmp/venvcebw2g6w/requirements.txt (line 1)) (1.17.1)
[2024-11-25T08:11:35.350+0000] {process_utils.py:194} INFO - Requirement already satisfied: wrapt<2,>=1.10 in /home/***/.local/lib/python3.12/site-packages (from deprecated>=1.2.13->apache-***>=2.8.0->apache-***-providers-amazon>=9.1.0->interpark==0.2.0->-r /tmp/venvcebw2g6w/requirements.txt (line 1)) (1.16.0)
[2024-11-25T08:11:35.365+0000] {process_utils.py:194} INFO - Requirement already satisfied: cachelib<0.10.0,>=0.9.0 in /home/***/.local/lib/python3.12/site-packages (from flask-caching>=2.0.0->apache-***>=2.8.0->apache-***-providers-amazon>=9.1.0->interpark==0.2.0->-r /tmp/venvcebw2g6w/requirements.txt (line 1)) (0.9.0)
[2024-11-25T08:11:35.403+0000] {process_utils.py:194} INFO - Requirement already satisfied: anyio in /home/***/.local/lib/python3.12/site-packages (from httpx>=0.25.0->apache-***>=2.8.0->apache-***-providers-amazon>=9.1.0->interpark==0.2.0->-r /tmp/venvcebw2g6w/requirements.txt (line 1)) (4.6.2.post1)
[2024-11-25T08:11:35.404+0000] {process_utils.py:194} INFO - Requirement already satisfied: httpcore==1.* in /home/***/.local/lib/python3.12/site-packages (from httpx>=0.25.0->apache-***>=2.8.0->apache-***-providers-amazon>=9.1.0->interpark==0.2.0->-r /tmp/venvcebw2g6w/requirements.txt (line 1)) (1.0.6)
[2024-11-25T08:11:35.409+0000] {process_utils.py:194} INFO - Requirement already satisfied: h11<0.15,>=0.13 in /home/***/.local/lib/python3.12/site-packages (from httpcore==1.*->httpx>=0.25.0->apache-***>=2.8.0->apache-***-providers-amazon>=9.1.0->interpark==0.2.0->-r /tmp/venvcebw2g6w/requirements.txt (line 1)) (0.14.0)
[2024-11-25T08:11:35.435+0000] {process_utils.py:194} INFO - Requirement already satisfied: jsonschema-specifications>=2023.03.6 in /home/***/.local/lib/python3.12/site-packages (from jsonschema>=4.18.0->apache-***>=2.8.0->apache-***-providers-amazon>=9.1.0->interpark==0.2.0->-r /tmp/venvcebw2g6w/requirements.txt (line 1)) (2023.12.1)
[2024-11-25T08:11:35.436+0000] {process_utils.py:194} INFO - Requirement already satisfied: referencing>=0.28.4 in /home/***/.local/lib/python3.12/site-packages (from jsonschema>=4.18.0->apache-***>=2.8.0->apache-***-providers-amazon>=9.1.0->interpark==0.2.0->-r /tmp/venvcebw2g6w/requirements.txt (line 1)) (0.35.1)
[2024-11-25T08:11:35.436+0000] {process_utils.py:194} INFO - Requirement already satisfied: rpds-py>=0.7.1 in /home/***/.local/lib/python3.12/site-packages (from jsonschema>=4.18.0->apache-***>=2.8.0->apache-***-providers-amazon>=9.1.0->interpark==0.2.0->-r /tmp/venvcebw2g6w/requirements.txt (line 1)) (0.20.1)
[2024-11-25T08:11:35.452+0000] {process_utils.py:194} INFO - Requirement already satisfied: uc-micro-py in /home/***/.local/lib/python3.12/site-packages (from linkify-it-py>=2.0.0->apache-***>=2.8.0->apache-***-providers-amazon>=9.1.0->interpark==0.2.0->-r /tmp/venvcebw2g6w/requirements.txt (line 1)) (1.0.3)
[2024-11-25T08:11:35.484+0000] {process_utils.py:194} INFO - Requirement already satisfied: mdurl~=0.1 in /home/***/.local/lib/python3.12/site-packages (from markdown-it-py>=2.1.0->apache-***>=2.8.0->apache-***-providers-amazon>=9.1.0->interpark==0.2.0->-r /tmp/venvcebw2g6w/requirements.txt (line 1)) (0.1.2)
[2024-11-25T08:11:35.517+0000] {process_utils.py:194} INFO - Requirement already satisfied: wirerope>=0.4.7 in /home/***/.local/lib/python3.12/site-packages (from methodtools>=0.4.7->apache-***>=2.8.0->apache-***-providers-amazon>=9.1.0->interpark==0.2.0->-r /tmp/venvcebw2g6w/requirements.txt (line 1)) (0.4.7)
[2024-11-25T08:11:35.537+0000] {process_utils.py:194} INFO - Requirement already satisfied: importlib-metadata<=8.4.0,>=6.0 in /home/***/.local/lib/python3.12/site-packages (from opentelemetry-api>=1.15.0->apache-***>=2.8.0->apache-***-providers-amazon>=9.1.0->interpark==0.2.0->-r /tmp/venvcebw2g6w/requirements.txt (line 1)) (6.11.0)
[2024-11-25T08:11:35.544+0000] {process_utils.py:194} INFO - Requirement already satisfied: opentelemetry-exporter-otlp-proto-grpc==1.27.0 in /home/***/.local/lib/python3.12/site-packages (from opentelemetry-exporter-otlp>=1.15.0->apache-***>=2.8.0->apache-***-providers-amazon>=9.1.0->interpark==0.2.0->-r /tmp/venvcebw2g6w/requirements.txt (line 1)) (1.27.0)
[2024-11-25T08:11:35.544+0000] {process_utils.py:194} INFO - Requirement already satisfied: opentelemetry-exporter-otlp-proto-http==1.27.0 in /home/***/.local/lib/python3.12/site-packages (from opentelemetry-exporter-otlp>=1.15.0->apache-***>=2.8.0->apache-***-providers-amazon>=9.1.0->interpark==0.2.0->-r /tmp/venvcebw2g6w/requirements.txt (line 1)) (1.27.0)
[2024-11-25T08:11:35.550+0000] {process_utils.py:194} INFO - Requirement already satisfied: googleapis-common-protos~=1.52 in /home/***/.local/lib/python3.12/site-packages (from opentelemetry-exporter-otlp-proto-grpc==1.27.0->opentelemetry-exporter-otlp>=1.15.0->apache-***>=2.8.0->apache-***-providers-amazon>=9.1.0->interpark==0.2.0->-r /tmp/venvcebw2g6w/requirements.txt (line 1)) (1.65.0)
[2024-11-25T08:11:35.551+0000] {process_utils.py:194} INFO - Requirement already satisfied: grpcio<2.0.0,>=1.0.0 in /home/***/.local/lib/python3.12/site-packages (from opentelemetry-exporter-otlp-proto-grpc==1.27.0->opentelemetry-exporter-otlp>=1.15.0->apache-***>=2.8.0->apache-***-providers-amazon>=9.1.0->interpark==0.2.0->-r /tmp/venvcebw2g6w/requirements.txt (line 1)) (1.67.1)
[2024-11-25T08:11:35.552+0000] {process_utils.py:194} INFO - Requirement already satisfied: opentelemetry-exporter-otlp-proto-common==1.27.0 in /home/***/.local/lib/python3.12/site-packages (from opentelemetry-exporter-otlp-proto-grpc==1.27.0->opentelemetry-exporter-otlp>=1.15.0->apache-***>=2.8.0->apache-***-providers-amazon>=9.1.0->interpark==0.2.0->-r /tmp/venvcebw2g6w/requirements.txt (line 1)) (1.27.0)
[2024-11-25T08:11:35.552+0000] {process_utils.py:194} INFO - Requirement already satisfied: opentelemetry-proto==1.27.0 in /home/***/.local/lib/python3.12/site-packages (from opentelemetry-exporter-otlp-proto-grpc==1.27.0->opentelemetry-exporter-otlp>=1.15.0->apache-***>=2.8.0->apache-***-providers-amazon>=9.1.0->interpark==0.2.0->-r /tmp/venvcebw2g6w/requirements.txt (line 1)) (1.27.0)
[2024-11-25T08:11:35.553+0000] {process_utils.py:194} INFO - Requirement already satisfied: opentelemetry-sdk~=1.27.0 in /home/***/.local/lib/python3.12/site-packages (from opentelemetry-exporter-otlp-proto-grpc==1.27.0->opentelemetry-exporter-otlp>=1.15.0->apache-***>=2.8.0->apache-***-providers-amazon>=9.1.0->interpark==0.2.0->-r /tmp/venvcebw2g6w/requirements.txt (line 1)) (1.27.0)
[2024-11-25T08:11:35.587+0000] {process_utils.py:194} INFO - Requirement already satisfied: protobuf<5.0,>=3.19 in /home/***/.local/lib/python3.12/site-packages (from opentelemetry-proto==1.27.0->opentelemetry-exporter-otlp-proto-grpc==1.27.0->opentelemetry-exporter-otlp>=1.15.0->apache-***>=2.8.0->apache-***-providers-amazon>=9.1.0->interpark==0.2.0->-r /tmp/venvcebw2g6w/requirements.txt (line 1)) (4.25.5)
[2024-11-25T08:11:35.596+0000] {process_utils.py:194} INFO - Requirement already satisfied: tzdata>=2020.1 in /home/***/.local/lib/python3.12/site-packages (from pendulum<4.0,>=3.0.0->apache-***>=2.8.0->apache-***-providers-amazon>=9.1.0->interpark==0.2.0->-r /tmp/venvcebw2g6w/requirements.txt (line 1)) (2024.2)
[2024-11-25T08:11:35.597+0000] {process_utils.py:194} INFO - Requirement already satisfied: time-machine>=2.6.0 in /home/***/.local/lib/python3.12/site-packages (from pendulum<4.0,>=3.0.0->apache-***>=2.8.0->apache-***-providers-amazon>=9.1.0->interpark==0.2.0->-r /tmp/venvcebw2g6w/requirements.txt (line 1)) (2.16.0)
[2024-11-25T08:11:35.628+0000] {process_utils.py:194} INFO - Requirement already satisfied: six>=1.5 in /home/***/.local/lib/python3.12/site-packages (from python-dateutil>=2.7.0->apache-***>=2.8.0->apache-***-providers-amazon>=9.1.0->interpark==0.2.0->-r /tmp/venvcebw2g6w/requirements.txt (line 1)) (1.16.0)
[2024-11-25T08:11:35.637+0000] {process_utils.py:194} INFO - Requirement already satisfied: text-unidecode>=1.3 in /home/***/.local/lib/python3.12/site-packages (from python-slugify>=5.0->apache-***>=2.8.0->apache-***-providers-amazon>=9.1.0->interpark==0.2.0->-r /tmp/venvcebw2g6w/requirements.txt (line 1)) (1.3)
[2024-11-25T08:11:35.674+0000] {process_utils.py:194} INFO - Requirement already satisfied: asn1crypto>=1.5.1 in /home/***/.local/lib/python3.12/site-packages (from scramp<1.5.0,>=1.2.0->redshift_connector>=2.0.918->apache-***-providers-amazon>=9.1.0->interpark==0.2.0->-r /tmp/venvcebw2g6w/requirements.txt (line 1)) (1.5.1)
[2024-11-25T08:11:35.706+0000] {process_utils.py:194} INFO - Requirement already satisfied: greenlet!=0.4.17 in /home/***/.local/lib/python3.12/site-packages (from sqlalchemy<2.0,>=1.4.36->apache-***>=2.8.0->apache-***-providers-amazon>=9.1.0->interpark==0.2.0->-r /tmp/venvcebw2g6w/requirements.txt (line 1)) (3.1.1)
[2024-11-25T08:11:35.816+0000] {process_utils.py:194} INFO - Requirement already satisfied: pycparser in /home/***/.local/lib/python3.12/site-packages (from cffi>=1.12->cryptography>=41.0.0->apache-***>=2.8.0->apache-***-providers-amazon>=9.1.0->interpark==0.2.0->-r /tmp/venvcebw2g6w/requirements.txt (line 1)) (2.22)
[2024-11-25T08:11:35.853+0000] {process_utils.py:194} INFO - Requirement already satisfied: zipp>=0.5 in /home/***/.local/lib/python3.12/site-packages (from importlib-metadata<=8.4.0,>=6.0->opentelemetry-api>=1.15.0->apache-***>=2.8.0->apache-***-providers-amazon>=9.1.0->interpark==0.2.0->-r /tmp/venvcebw2g6w/requirements.txt (line 1)) (3.20.2)
[2024-11-25T08:11:35.928+0000] {process_utils.py:194} INFO - Requirement already satisfied: propcache>=0.2.0 in /home/***/.local/lib/python3.12/site-packages (from yarl<2.0,>=1.12.0->aiohttp>=3.9.2->apache-***-providers-http->apache-***-providers-amazon>=9.1.0->interpark==0.2.0->-r /tmp/venvcebw2g6w/requirements.txt (line 1)) (0.2.0)
[2024-11-25T08:11:35.977+0000] {process_utils.py:194} INFO - Requirement already satisfied: Babel>=2.3 in /home/***/.local/lib/python3.12/site-packages (from Flask-Babel<3,>=1->flask-appbuilder==4.5.2->apache-***-providers-fab>=1.0.2->apache-***>=2.8.0->apache-***-providers-amazon>=9.1.0->interpark==0.2.0->-r /tmp/venvcebw2g6w/requirements.txt (line 1)) (2.16.0)
[2024-11-25T08:11:35.989+0000] {process_utils.py:194} INFO - Requirement already satisfied: limits>=3.13 in /home/***/.local/lib/python3.12/site-packages (from Flask-Limiter<4,>3->flask-appbuilder==4.5.2->apache-***-providers-fab>=1.0.2->apache-***>=2.8.0->apache-***-providers-amazon>=9.1.0->interpark==0.2.0->-r /tmp/venvcebw2g6w/requirements.txt (line 1)) (3.13.0)
[2024-11-25T08:11:35.990+0000] {process_utils.py:194} INFO - Requirement already satisfied: ordered-set<5,>4 in /home/***/.local/lib/python3.12/site-packages (from Flask-Limiter<4,>3->flask-appbuilder==4.5.2->apache-***-providers-fab>=1.0.2->apache-***>=2.8.0->apache-***-providers-amazon>=9.1.0->interpark==0.2.0->-r /tmp/venvcebw2g6w/requirements.txt (line 1)) (4.1.0)
[2024-11-25T08:11:36.024+0000] {process_utils.py:194} INFO - Requirement already satisfied: opentelemetry-semantic-conventions==0.48b0 in /home/***/.local/lib/python3.12/site-packages (from opentelemetry-sdk~=1.27.0->opentelemetry-exporter-otlp-proto-grpc==1.27.0->opentelemetry-exporter-otlp>=1.15.0->apache-***>=2.8.0->apache-***-providers-amazon>=9.1.0->interpark==0.2.0->-r /tmp/venvcebw2g6w/requirements.txt (line 1)) (0.48b0)
[2024-11-25T08:11:36.078+0000] {process_utils.py:194} INFO - Requirement already satisfied: importlib-resources>=1.3 in /home/***/.local/lib/python3.12/site-packages (from limits>=3.13->Flask-Limiter<4,>3->flask-appbuilder==4.5.2->apache-***-providers-fab>=1.0.2->apache-***>=2.8.0->apache-***-providers-amazon>=9.1.0->interpark==0.2.0->-r /tmp/venvcebw2g6w/requirements.txt (line 1)) (6.4.5)
[2024-11-25T08:11:36.105+0000] {process_utils.py:194} INFO - Using cached apache_***_providers_amazon-9.1.0-py3-none-any.whl (596 kB)
[2024-11-25T08:11:36.116+0000] {process_utils.py:194} INFO - Downloading chromedriver_autoinstaller-0.6.4-py3-none-any.whl (7.6 kB)
[2024-11-25T08:11:36.141+0000] {process_utils.py:194} INFO - Using cached pymongo-4.10.1-cp312-cp312-manylinux_2_17_x86_64.manylinux2014_x86_64.whl (1.9 MB)
[2024-11-25T08:11:36.145+0000] {process_utils.py:194} INFO - Using cached selenium-4.26.1-py3-none-any.whl (9.7 MB)
[2024-11-25T08:11:36.154+0000] {process_utils.py:194} INFO - Using cached webdriver_manager-4.0.2-py2.py3-none-any.whl (27 kB)
[2024-11-25T08:11:36.156+0000] {process_utils.py:194} INFO - Using cached apache_***_providers_common_sql-1.20.0-py3-none-any.whl (47 kB)
[2024-11-25T08:11:36.157+0000] {process_utils.py:194} INFO - Using cached trio-0.27.0-py3-none-any.whl (481 kB)
[2024-11-25T08:11:36.160+0000] {process_utils.py:194} INFO - Using cached trio_websocket-0.11.1-py3-none-any.whl (17 kB)
[2024-11-25T08:11:36.161+0000] {process_utils.py:194} INFO - Using cached PySocks-1.7.1-py3-none-any.whl (16 kB)
[2024-11-25T08:11:36.163+0000] {process_utils.py:194} INFO - Using cached wsproto-1.2.0-py3-none-any.whl (24 kB)
[2024-11-25T08:11:36.164+0000] {process_utils.py:194} INFO - Using cached outcome-1.3.0.post0-py2.py3-none-any.whl (10 kB)
[2024-11-25T08:11:36.201+0000] {process_utils.py:194} INFO - Building wheels for collected packages: interpark
[2024-11-25T08:11:36.206+0000] {process_utils.py:194} INFO -   Building wheel for interpark (pyproject.toml): started
[2024-11-25T08:11:37.031+0000] {process_utils.py:194} INFO -   Building wheel for interpark (pyproject.toml): finished with status 'done'
[2024-11-25T08:11:37.032+0000] {process_utils.py:194} INFO -   Created wheel for interpark: filename=interpark-0.2.0-py3-none-any.whl size=25541 sha256=2047f2db9cbe16a88b2bb9a92d9e98bed283845c9d0a00a87ca409138fdab7e4
[2024-11-25T08:11:37.032+0000] {process_utils.py:194} INFO -   Stored in directory: /tmp/pip-ephem-wheel-cache-ogbjqsx_/wheels/3b/e3/3f/2198c53e48ab1c477124eda1522aad636d2590cc0e6349feda
[2024-11-25T08:11:37.034+0000] {process_utils.py:194} INFO - Successfully built interpark
[2024-11-25T08:11:37.585+0000] {process_utils.py:194} INFO - Installing collected packages: wsproto, pysocks, pymongo, outcome, chromedriver-autoinstaller, webdriver-manager, trio, trio-websocket, selenium, apache-***-providers-common-sql, apache-***-providers-amazon, interpark
[2024-11-25T08:11:40.137+0000] {process_utils.py:194} INFO -   Attempting uninstall: apache-***-providers-common-sql
[2024-11-25T08:11:40.150+0000] {process_utils.py:194} INFO -     Found existing installation: apache-***-providers-common-sql 1.19.0
[2024-11-25T08:11:40.151+0000] {process_utils.py:194} INFO -     Not uninstalling apache-***-providers-common-sql at /home/***/.local/lib/python3.12/site-packages, outside environment /tmp/venvcebw2g6w
[2024-11-25T08:11:40.151+0000] {process_utils.py:194} INFO -     Can't uninstall 'apache-***-providers-common-sql'. No files were found to uninstall.
[2024-11-25T08:11:40.193+0000] {process_utils.py:194} INFO -   Attempting uninstall: apache-***-providers-amazon
[2024-11-25T08:11:40.202+0000] {process_utils.py:194} INFO -     Found existing installation: apache-***-providers-amazon 9.0.0
[2024-11-25T08:11:40.202+0000] {process_utils.py:194} INFO -     Not uninstalling apache-***-providers-amazon at /home/***/.local/lib/python3.12/site-packages, outside environment /tmp/venvcebw2g6w
[2024-11-25T08:11:40.202+0000] {process_utils.py:194} INFO -     Can't uninstall 'apache-***-providers-amazon'. No files were found to uninstall.
[2024-11-25T08:11:40.707+0000] {process_utils.py:194} INFO - Successfully installed apache-***-providers-amazon-9.1.0 apache-***-providers-common-sql-1.20.0 chromedriver-autoinstaller-0.6.4 interpark-0.2.0 outcome-1.3.0.post0 pymongo-4.10.1 pysocks-1.7.1 selenium-4.26.1 trio-0.27.0 trio-websocket-0.11.1 webdriver-manager-4.0.2 wsproto-1.2.0
[2024-11-25T08:11:41.171+0000] {process_utils.py:186} INFO - Executing cmd: /tmp/venvcebw2g6w/bin/python /tmp/venv-callyxv3pa46/script.py /tmp/venv-callyxv3pa46/script.in /tmp/venv-callyxv3pa46/script.out /tmp/venv-callyxv3pa46/string_args.txt /tmp/venv-callyxv3pa46/termination.log
[2024-11-25T08:11:41.173+0000] {process_utils.py:190} INFO - Output:
[2024-11-25T08:11:43.101+0000] {process_utils.py:194} INFO - /home/***/.local/lib/python3.12/site-packages/***/configuration.py:859 FutureWarning: section/key [core/sql_alchemy_conn] has been deprecated, you should use[database/sql_alchemy_conn] instead. Please update your `conf.get*` call to use the new name
[2024-11-25T08:11:44.506+0000] {process_utils.py:194} INFO - [2024-11-25T08:11:44.504+0000] {logger.py:11} INFO - ====== WebDriver manager ======
[2024-11-25T08:11:44.599+0000] {process_utils.py:194} INFO - [2024-11-25T08:11:44.598+0000] {logger.py:11} INFO - Get LATEST chromedriver version for google-chrome
[2024-11-25T08:11:44.634+0000] {process_utils.py:194} INFO - [2024-11-25T08:11:44.634+0000] {logger.py:11} INFO - Get LATEST chromedriver version for google-chrome
[2024-11-25T08:11:44.675+0000] {process_utils.py:194} INFO - [2024-11-25T08:11:44.675+0000] {logger.py:11} INFO - Driver [/home/***/.wdm/drivers/chromedriver/linux64/131.0.6778.85/chromedriver-linux64/chromedriver] found in cache
[2024-11-25T08:11:44.848+0000] {process_utils.py:194} INFO - Traceback (most recent call last):
[2024-11-25T08:11:44.849+0000] {process_utils.py:194} INFO -   File "/tmp/venv-callyxv3pa46/script.py", line 80, in <module>
[2024-11-25T08:11:44.849+0000] {process_utils.py:194} INFO -     res = upload_to_s3(*arg_dict["args"], **arg_dict["kwargs"])
[2024-11-25T08:11:44.849+0000] {process_utils.py:194} INFO -           ^^^^^^^^^^^^^^^^^^^^^^^^^^^^^^^^^^^^^^^^^^^^^^^^^^^^^
[2024-11-25T08:11:44.849+0000] {process_utils.py:194} INFO -   File "/tmp/venv-callyxv3pa46/script.py", line 22, in upload_to_s3
[2024-11-25T08:11:44.850+0000] {process_utils.py:194} INFO -     get_data = extract_open_html()
[2024-11-25T08:11:44.850+0000] {process_utils.py:194} INFO -                ^^^^^^^^^^^^^^^^^^^
[2024-11-25T08:11:44.850+0000] {process_utils.py:194} INFO -   File "/tmp/venvcebw2g6w/lib/python3.12/site-packages/interpark/raw_open_page.py", line 24, in extract_open_html
[2024-11-25T08:11:44.850+0000] {process_utils.py:194} INFO -     driver = webdriver.Chrome(service=Service(ChromeDriverManager().install()), options=options)
[2024-11-25T08:11:44.850+0000] {process_utils.py:194} INFO -              ^^^^^^^^^^^^^^^^^^^^^^^^^^^^^^^^^^^^^^^^^^^^^^^^^^^^^^^^^^^^^^^^^^^^^^^^^^^^^^^^^^^
[2024-11-25T08:11:44.851+0000] {process_utils.py:194} INFO -   File "/tmp/venvcebw2g6w/lib/python3.12/site-packages/selenium/webdriver/chrome/webdriver.py", line 45, in __init__
[2024-11-25T08:11:44.851+0000] {process_utils.py:194} INFO -     super().__init__(
[2024-11-25T08:11:44.851+0000] {process_utils.py:194} INFO -   File "/tmp/venvcebw2g6w/lib/python3.12/site-packages/selenium/webdriver/chromium/webdriver.py", line 66, in __init__
[2024-11-25T08:11:44.851+0000] {process_utils.py:194} INFO -     super().__init__(command_executor=executor, options=options)
[2024-11-25T08:11:44.852+0000] {process_utils.py:194} INFO -   File "/tmp/venvcebw2g6w/lib/python3.12/site-packages/selenium/webdriver/remote/webdriver.py", line 238, in __init__
[2024-11-25T08:11:44.852+0000] {process_utils.py:194} INFO -     self.start_session(capabilities)
[2024-11-25T08:11:44.852+0000] {process_utils.py:194} INFO -   File "/tmp/venvcebw2g6w/lib/python3.12/site-packages/selenium/webdriver/remote/webdriver.py", line 325, in start_session
[2024-11-25T08:11:44.852+0000] {process_utils.py:194} INFO -     response = self.execute(Command.NEW_SESSION, caps)["value"]
[2024-11-25T08:11:44.853+0000] {process_utils.py:194} INFO -                ^^^^^^^^^^^^^^^^^^^^^^^^^^^^^^^^^^^^^^^
[2024-11-25T08:11:44.853+0000] {process_utils.py:194} INFO -   File "/tmp/venvcebw2g6w/lib/python3.12/site-packages/selenium/webdriver/remote/webdriver.py", line 380, in execute
[2024-11-25T08:11:44.853+0000] {process_utils.py:194} INFO -     self.error_handler.check_response(response)
[2024-11-25T08:11:44.854+0000] {process_utils.py:194} INFO -   File "/tmp/venvcebw2g6w/lib/python3.12/site-packages/selenium/webdriver/remote/errorhandler.py", line 229, in check_response
[2024-11-25T08:11:44.854+0000] {process_utils.py:194} INFO -     raise exception_class(message, screen, stacktrace)
[2024-11-25T08:11:44.854+0000] {process_utils.py:194} INFO - selenium.common.exceptions.SessionNotCreatedException: Message: session not created: Chrome failed to start: exited normally.
[2024-11-25T08:11:44.854+0000] {process_utils.py:194} INFO -   (session not created: DevToolsActivePort file doesn't exist)
[2024-11-25T08:11:44.855+0000] {process_utils.py:194} INFO -   (The process started from chrome location /opt/google/chrome/chrome is no longer running, so ChromeDriver is assuming that Chrome has crashed.)
[2024-11-25T08:11:44.855+0000] {process_utils.py:194} INFO - Stacktrace:
[2024-11-25T08:11:44.855+0000] {process_utils.py:194} INFO - #0 0x556bde24131a <unknown>
[2024-11-25T08:11:44.856+0000] {process_utils.py:194} INFO - #1 0x556bddd576e0 <unknown>
[2024-11-25T08:11:44.856+0000] {process_utils.py:194} INFO - #2 0x556bddd8edc8 <unknown>
[2024-11-25T08:11:44.856+0000] {process_utils.py:194} INFO - #3 0x556bddd8a926 <unknown>
[2024-11-25T08:11:44.857+0000] {process_utils.py:194} INFO - #4 0x556bdddd66f6 <unknown>
[2024-11-25T08:11:44.857+0000] {process_utils.py:194} INFO - #5 0x556bdddd5d46 <unknown>
[2024-11-25T08:11:44.857+0000] {process_utils.py:194} INFO - #6 0x556bdddca203 <unknown>
[2024-11-25T08:11:44.857+0000] {process_utils.py:194} INFO - #7 0x556bddd98cc0 <unknown>
[2024-11-25T08:11:44.857+0000] {process_utils.py:194} INFO - #8 0x556bddd99c9e <unknown>
[2024-11-25T08:11:44.857+0000] {process_utils.py:194} INFO - #9 0x556bde20ed0b <unknown>
[2024-11-25T08:11:44.858+0000] {process_utils.py:194} INFO - #10 0x556bde212c92 <unknown>
[2024-11-25T08:11:44.858+0000] {process_utils.py:194} INFO - #11 0x556bde1fbb3c <unknown>
[2024-11-25T08:11:44.858+0000] {process_utils.py:194} INFO - #12 0x556bde213807 <unknown>
[2024-11-25T08:11:44.859+0000] {process_utils.py:194} INFO - #13 0x556bde1e10df <unknown>
[2024-11-25T08:11:44.859+0000] {process_utils.py:194} INFO - #14 0x556bde230578 <unknown>
[2024-11-25T08:11:44.859+0000] {process_utils.py:194} INFO - #15 0x556bde230740 <unknown>
[2024-11-25T08:11:44.859+0000] {process_utils.py:194} INFO - #16 0x556bde240196 <unknown>
[2024-11-25T08:11:44.860+0000] {process_utils.py:194} INFO - #17 0x7f3ec836a144 <unknown>
[2024-11-25T08:11:44.861+0000] {process_utils.py:194} INFO - 
[2024-11-25T08:11:45.390+0000] {taskinstance.py:3311} ERROR - Task failed with exception
Traceback (most recent call last):
  File "/home/airflow/.local/lib/python3.12/site-packages/airflow/models/taskinstance.py", line 767, in _execute_task
    result = _execute_callable(context=context, **execute_callable_kwargs)
             ^^^^^^^^^^^^^^^^^^^^^^^^^^^^^^^^^^^^^^^^^^^^^^^^^^^^^^^^^^^^^
  File "/home/airflow/.local/lib/python3.12/site-packages/airflow/models/taskinstance.py", line 733, in _execute_callable
    return ExecutionCallableRunner(
           ^^^^^^^^^^^^^^^^^^^^^^^^
  File "/home/airflow/.local/lib/python3.12/site-packages/airflow/utils/operator_helpers.py", line 252, in run
    return self.func(*args, **kwargs)
           ^^^^^^^^^^^^^^^^^^^^^^^^^^
  File "/home/airflow/.local/lib/python3.12/site-packages/airflow/models/baseoperator.py", line 417, in wrapper
    return func(self, *args, **kwargs)
           ^^^^^^^^^^^^^^^^^^^^^^^^^^^
  File "/home/airflow/.local/lib/python3.12/site-packages/airflow/operators/python.py", line 505, in execute
    return super().execute(context=serializable_context)
           ^^^^^^^^^^^^^^^^^^^^^^^^^^^^^^^^^^^^^^^^^^^^^
  File "/home/airflow/.local/lib/python3.12/site-packages/airflow/models/baseoperator.py", line 417, in wrapper
    return func(self, *args, **kwargs)
           ^^^^^^^^^^^^^^^^^^^^^^^^^^^
  File "/home/airflow/.local/lib/python3.12/site-packages/airflow/operators/python.py", line 238, in execute
    return_value = self.execute_callable()
                   ^^^^^^^^^^^^^^^^^^^^^^^
  File "/home/airflow/.local/lib/python3.12/site-packages/airflow/operators/python.py", line 870, in execute_callable
    result = self._execute_python_callable_in_subprocess(python_path)
             ^^^^^^^^^^^^^^^^^^^^^^^^^^^^^^^^^^^^^^^^^^^^^^^^^^^^^^^^
  File "/home/airflow/.local/lib/python3.12/site-packages/airflow/operators/python.py", line 588, in _execute_python_callable_in_subprocess
    raise AirflowException(error_msg) from None
airflow.exceptions.AirflowException: Process returned non-zero exit status 1.
Message: session not created: Chrome failed to start: exited normally.
  (session not created: DevToolsActivePort file doesn't exist)
  (The process started from chrome location /opt/google/chrome/chrome is no longer running, so ChromeDriver is assuming that Chrome has crashed.)
Stacktrace:
#0 0x556bde24131a <unknown>
#1 0x556bddd576e0 <unknown>
#2 0x556bddd8edc8 <unknown>
#3 0x556bddd8a926 <unknown>
#4 0x556bdddd66f6 <unknown>
#5 0x556bdddd5d46 <unknown>
#6 0x556bdddca203 <unknown>
#7 0x556bddd98cc0 <unknown>
#8 0x556bddd99c9e <unknown>
#9 0x556bde20ed0b <unknown>
#10 0x556bde212c92 <unknown>
#11 0x556bde1fbb3c <unknown>
#12 0x556bde213807 <unknown>
#13 0x556bde1e10df <unknown>
#14 0x556bde230578 <unknown>
#15 0x556bde230740 <unknown>
#16 0x556bde240196 <unknown>
#17 0x7f3ec836a144 <unknown>

[2024-11-25T08:11:45.401+0000] {taskinstance.py:1225} INFO - Marking task as UP_FOR_RETRY. dag_id=open_interpark_to_S3, task_id=upload_to_s3, run_id=scheduled__2024-11-24T00:00:00+00:00, execution_date=20241124T000000, start_date=20241125T081123, end_date=20241125T081145
[2024-11-25T08:11:45.434+0000] {taskinstance.py:340} INFO - ::group::Post task execution logs
[2024-11-25T08:11:45.435+0000] {standard_task_runner.py:124} ERROR - Failed to execute job 202 for task upload_to_s3 (Process returned non-zero exit status 1.
Message: session not created: Chrome failed to start: exited normally.
  (session not created: DevToolsActivePort file doesn't exist)
  (The process started from chrome location /opt/google/chrome/chrome is no longer running, so ChromeDriver is assuming that Chrome has crashed.)
Stacktrace:
#0 0x556bde24131a <unknown>
#1 0x556bddd576e0 <unknown>
#2 0x556bddd8edc8 <unknown>
#3 0x556bddd8a926 <unknown>
#4 0x556bdddd66f6 <unknown>
#5 0x556bdddd5d46 <unknown>
#6 0x556bdddca203 <unknown>
#7 0x556bddd98cc0 <unknown>
#8 0x556bddd99c9e <unknown>
#9 0x556bde20ed0b <unknown>
#10 0x556bde212c92 <unknown>
#11 0x556bde1fbb3c <unknown>
#12 0x556bde213807 <unknown>
#13 0x556bde1e10df <unknown>
#14 0x556bde230578 <unknown>
#15 0x556bde230740 <unknown>
#16 0x556bde240196 <unknown>
#17 0x7f3ec836a144 <unknown>
; 1975)
Traceback (most recent call last):
  File "/home/airflow/.local/lib/python3.12/site-packages/airflow/task/task_runner/standard_task_runner.py", line 117, in _start_by_fork
    ret = args.func(args, dag=self.dag)
          ^^^^^^^^^^^^^^^^^^^^^^^^^^^^^
  File "/home/airflow/.local/lib/python3.12/site-packages/airflow/cli/cli_config.py", line 49, in command
    return func(*args, **kwargs)
           ^^^^^^^^^^^^^^^^^^^^^
  File "/home/airflow/.local/lib/python3.12/site-packages/airflow/utils/cli.py", line 116, in wrapper
    return f(*args, **kwargs)
           ^^^^^^^^^^^^^^^^^^
  File "/home/airflow/.local/lib/python3.12/site-packages/airflow/cli/commands/task_command.py", line 483, in task_run
    task_return_code = _run_task_by_selected_method(args, _dag, ti)
                       ^^^^^^^^^^^^^^^^^^^^^^^^^^^^^^^^^^^^^^^^^^^^
  File "/home/airflow/.local/lib/python3.12/site-packages/airflow/cli/commands/task_command.py", line 256, in _run_task_by_selected_method
    return _run_raw_task(args, ti)
           ^^^^^^^^^^^^^^^^^^^^^^^
  File "/home/airflow/.local/lib/python3.12/site-packages/airflow/cli/commands/task_command.py", line 341, in _run_raw_task
    return ti._run_raw_task(
           ^^^^^^^^^^^^^^^^^
  File "/home/airflow/.local/lib/python3.12/site-packages/airflow/utils/session.py", line 97, in wrapper
    return func(*args, session=session, **kwargs)
           ^^^^^^^^^^^^^^^^^^^^^^^^^^^^^^^^^^^^^^
  File "/home/airflow/.local/lib/python3.12/site-packages/airflow/models/taskinstance.py", line 3005, in _run_raw_task
    return _run_raw_task(
           ^^^^^^^^^^^^^^
  File "/home/airflow/.local/lib/python3.12/site-packages/airflow/models/taskinstance.py", line 273, in _run_raw_task
    TaskInstance._execute_task_with_callbacks(
  File "/home/airflow/.local/lib/python3.12/site-packages/airflow/models/taskinstance.py", line 3159, in _execute_task_with_callbacks
    result = self._execute_task(context, task_orig)
             ^^^^^^^^^^^^^^^^^^^^^^^^^^^^^^^^^^^^^^
  File "/home/airflow/.local/lib/python3.12/site-packages/airflow/models/taskinstance.py", line 3183, in _execute_task
    return _execute_task(self, context, task_orig)
           ^^^^^^^^^^^^^^^^^^^^^^^^^^^^^^^^^^^^^^^
  File "/home/airflow/.local/lib/python3.12/site-packages/airflow/models/taskinstance.py", line 767, in _execute_task
    result = _execute_callable(context=context, **execute_callable_kwargs)
             ^^^^^^^^^^^^^^^^^^^^^^^^^^^^^^^^^^^^^^^^^^^^^^^^^^^^^^^^^^^^^
  File "/home/airflow/.local/lib/python3.12/site-packages/airflow/models/taskinstance.py", line 733, in _execute_callable
    return ExecutionCallableRunner(
           ^^^^^^^^^^^^^^^^^^^^^^^^
  File "/home/airflow/.local/lib/python3.12/site-packages/airflow/utils/operator_helpers.py", line 252, in run
    return self.func(*args, **kwargs)
           ^^^^^^^^^^^^^^^^^^^^^^^^^^
  File "/home/airflow/.local/lib/python3.12/site-packages/airflow/models/baseoperator.py", line 417, in wrapper
    return func(self, *args, **kwargs)
           ^^^^^^^^^^^^^^^^^^^^^^^^^^^
  File "/home/airflow/.local/lib/python3.12/site-packages/airflow/operators/python.py", line 505, in execute
    return super().execute(context=serializable_context)
           ^^^^^^^^^^^^^^^^^^^^^^^^^^^^^^^^^^^^^^^^^^^^^
  File "/home/airflow/.local/lib/python3.12/site-packages/airflow/models/baseoperator.py", line 417, in wrapper
    return func(self, *args, **kwargs)
           ^^^^^^^^^^^^^^^^^^^^^^^^^^^
  File "/home/airflow/.local/lib/python3.12/site-packages/airflow/operators/python.py", line 238, in execute
    return_value = self.execute_callable()
                   ^^^^^^^^^^^^^^^^^^^^^^^
  File "/home/airflow/.local/lib/python3.12/site-packages/airflow/operators/python.py", line 870, in execute_callable
    result = self._execute_python_callable_in_subprocess(python_path)
             ^^^^^^^^^^^^^^^^^^^^^^^^^^^^^^^^^^^^^^^^^^^^^^^^^^^^^^^^
  File "/home/airflow/.local/lib/python3.12/site-packages/airflow/operators/python.py", line 588, in _execute_python_callable_in_subprocess
    raise AirflowException(error_msg) from None
airflow.exceptions.AirflowException: Process returned non-zero exit status 1.
Message: session not created: Chrome failed to start: exited normally.
  (session not created: DevToolsActivePort file doesn't exist)
  (The process started from chrome location /opt/google/chrome/chrome is no longer running, so ChromeDriver is assuming that Chrome has crashed.)
Stacktrace:
#0 0x556bde24131a <unknown>
#1 0x556bddd576e0 <unknown>
#2 0x556bddd8edc8 <unknown>
#3 0x556bddd8a926 <unknown>
#4 0x556bdddd66f6 <unknown>
#5 0x556bdddd5d46 <unknown>
#6 0x556bdddca203 <unknown>
#7 0x556bddd98cc0 <unknown>
#8 0x556bddd99c9e <unknown>
#9 0x556bde20ed0b <unknown>
#10 0x556bde212c92 <unknown>
#11 0x556bde1fbb3c <unknown>
#12 0x556bde213807 <unknown>
#13 0x556bde1e10df <unknown>
#14 0x556bde230578 <unknown>
#15 0x556bde230740 <unknown>
#16 0x556bde240196 <unknown>
#17 0x7f3ec836a144 <unknown>

[2024-11-25T08:11:45.467+0000] {local_task_job_runner.py:266} INFO - Task exited with return code 1
[2024-11-25T08:11:45.489+0000] {taskinstance.py:3895} INFO - 0 downstream tasks scheduled from follow-on schedule check
[2024-11-25T08:11:45.506+0000] {local_task_job_runner.py:245} INFO - ::endgroup::
