[2024-11-25T07:49:20.453+0000] {local_task_job_runner.py:123} INFO - ::group::Pre task execution logs
[2024-11-25T07:49:20.473+0000] {taskinstance.py:2613} INFO - Dependencies all met for dep_context=non-requeueable deps ti=<TaskInstance: open_interpark_to_S3.upload_to_s3 scheduled__2024-11-24T00:00:00+00:00 [queued]>
[2024-11-25T07:49:20.480+0000] {taskinstance.py:2613} INFO - Dependencies all met for dep_context=requeueable deps ti=<TaskInstance: open_interpark_to_S3.upload_to_s3 scheduled__2024-11-24T00:00:00+00:00 [queued]>
[2024-11-25T07:49:20.481+0000] {taskinstance.py:2866} INFO - Starting attempt 24 of 24
[2024-11-25T07:49:20.501+0000] {taskinstance.py:2889} INFO - Executing <Task(PythonVirtualenvOperator): upload_to_s3> on 2024-11-24 00:00:00+00:00
[2024-11-25T07:49:20.508+0000] {warnings.py:112} WARNING - /home/***/.local/lib/python3.12/site-packages/***/task/task_runner/standard_task_runner.py:70: DeprecationWarning: This process (pid=1835) is multi-threaded, use of fork() may lead to deadlocks in the child.
  pid = os.fork()

[2024-11-25T07:49:20.509+0000] {standard_task_runner.py:72} INFO - Started process 1836 to run task
[2024-11-25T07:49:20.511+0000] {standard_task_runner.py:104} INFO - Running: ['***', 'tasks', 'run', 'open_interpark_to_S3', 'upload_to_s3', 'scheduled__2024-11-24T00:00:00+00:00', '--job-id', '201', '--raw', '--subdir', 'DAGS_FOLDER/raw_open_s3.py', '--cfg-path', '/tmp/tmp_zjk_0f2']
[2024-11-25T07:49:20.512+0000] {standard_task_runner.py:105} INFO - Job 201: Subtask upload_to_s3
[2024-11-25T07:49:20.570+0000] {task_command.py:467} INFO - Running <TaskInstance: open_interpark_to_S3.upload_to_s3 scheduled__2024-11-24T00:00:00+00:00 [running]> on host d6eb7d9e3d92
[2024-11-25T07:49:20.662+0000] {taskinstance.py:3132} INFO - Exporting env vars: AIRFLOW_CTX_DAG_OWNER='***' AIRFLOW_CTX_DAG_ID='open_interpark_to_S3' AIRFLOW_CTX_TASK_ID='upload_to_s3' AIRFLOW_CTX_EXECUTION_DATE='2024-11-24T00:00:00+00:00' AIRFLOW_CTX_TRY_NUMBER='24' AIRFLOW_CTX_DAG_RUN_ID='scheduled__2024-11-24T00:00:00+00:00'
[2024-11-25T07:49:20.663+0000] {taskinstance.py:731} INFO - ::endgroup::
[2024-11-25T07:49:20.678+0000] {baseoperator.py:416} WARNING - PythonVirtualenvOperator.execute cannot be called outside TaskInstance!
[2024-11-25T07:49:20.679+0000] {process_utils.py:186} INFO - Executing cmd: /home/***/.local/bin/python -m virtualenv /tmp/venvlpcgmc0q --system-site-packages --python=python
[2024-11-25T07:49:20.680+0000] {process_utils.py:190} INFO - Output:
[2024-11-25T07:49:21.424+0000] {process_utils.py:194} INFO - created virtual environment CPython3.12.7.final.0-64 in 190ms
[2024-11-25T07:49:21.425+0000] {process_utils.py:194} INFO -   creator CPython3Posix(dest=/tmp/venvlpcgmc0q, clear=False, no_vcs_ignore=False, global=True)
[2024-11-25T07:49:21.425+0000] {process_utils.py:194} INFO -   seeder FromAppData(download=False, pip=bundle, via=copy, app_data_dir=/home/***/.local/share/virtualenv)
[2024-11-25T07:49:21.425+0000] {process_utils.py:194} INFO -     added seed packages: pip==24.3.1
[2024-11-25T07:49:21.426+0000] {process_utils.py:194} INFO -   activators BashActivator,CShellActivator,FishActivator,NushellActivator,PowerShellActivator,PythonActivator
[2024-11-25T07:49:21.457+0000] {process_utils.py:186} INFO - Executing cmd: /tmp/venvlpcgmc0q/bin/pip install -r /tmp/venvlpcgmc0q/requirements.txt
[2024-11-25T07:49:21.458+0000] {process_utils.py:190} INFO - Output:
[2024-11-25T07:49:23.010+0000] {process_utils.py:194} INFO - Collecting git+https://github.com/hahahellooo/interpark.git@0.3/new_crawling (from -r /tmp/venvlpcgmc0q/requirements.txt (line 1))
[2024-11-25T07:49:23.011+0000] {process_utils.py:194} INFO -   Cloning https://github.com/hahahellooo/interpark.git (to revision 0.3/new_crawling) to /tmp/pip-req-build-ekrmr5m7
[2024-11-25T07:49:23.014+0000] {process_utils.py:194} INFO -   Running command git clone --filter=blob:none --quiet https://github.com/hahahellooo/interpark.git /tmp/pip-req-build-ekrmr5m7
[2024-11-25T07:49:24.410+0000] {process_utils.py:194} INFO -   Running command git checkout -b 0.3/new_crawling --track origin/0.3/new_crawling
[2024-11-25T07:49:24.957+0000] {process_utils.py:194} INFO -   Switched to a new branch '0.3/new_crawling'
[2024-11-25T07:49:24.958+0000] {process_utils.py:194} INFO -   branch '0.3/new_crawling' set up to track 'origin/0.3/new_crawling'.
[2024-11-25T07:49:24.958+0000] {process_utils.py:194} INFO -   Resolved https://github.com/hahahellooo/interpark.git to commit aedef633ce1c9b9ec570f31086305c239c0d7f85
[2024-11-25T07:49:24.965+0000] {process_utils.py:194} INFO -   Installing build dependencies: started
[2024-11-25T07:49:27.749+0000] {process_utils.py:194} INFO -   Installing build dependencies: finished with status 'done'
[2024-11-25T07:49:27.750+0000] {process_utils.py:194} INFO -   Getting requirements to build wheel: started
[2024-11-25T07:49:28.415+0000] {process_utils.py:194} INFO -   Getting requirements to build wheel: finished with status 'done'
[2024-11-25T07:49:28.416+0000] {process_utils.py:194} INFO -   Preparing metadata (pyproject.toml): started
[2024-11-25T07:49:29.113+0000] {process_utils.py:194} INFO -   Preparing metadata (pyproject.toml): finished with status 'done'
[2024-11-25T07:49:29.224+0000] {process_utils.py:194} INFO - Collecting selenium>=4.26.1 (from interpark==0.1.5->-r /tmp/venvlpcgmc0q/requirements.txt (line 1))
[2024-11-25T07:49:29.225+0000] {process_utils.py:194} INFO -   Using cached selenium-4.26.1-py3-none-any.whl.metadata (7.1 kB)
[2024-11-25T07:49:29.228+0000] {process_utils.py:194} INFO - Requirement already satisfied: beautifulsoup4>=4.12.3 in /home/***/.local/lib/python3.12/site-packages (from interpark==0.1.5->-r /tmp/venvlpcgmc0q/requirements.txt (line 1)) (4.12.3)
[2024-11-25T07:49:29.269+0000] {process_utils.py:194} INFO - Collecting webdriver-manager>=4.0.2 (from interpark==0.1.5->-r /tmp/venvlpcgmc0q/requirements.txt (line 1))
[2024-11-25T07:49:29.271+0000] {process_utils.py:194} INFO -   Using cached webdriver_manager-4.0.2-py2.py3-none-any.whl.metadata (12 kB)
[2024-11-25T07:49:29.627+0000] {process_utils.py:194} INFO - Collecting pymongo>=4.10.1 (from interpark==0.1.5->-r /tmp/venvlpcgmc0q/requirements.txt (line 1))
[2024-11-25T07:49:29.628+0000] {process_utils.py:194} INFO -   Using cached pymongo-4.10.1-cp312-cp312-manylinux_2_17_x86_64.manylinux2014_x86_64.whl.metadata (22 kB)
[2024-11-25T07:49:29.740+0000] {process_utils.py:194} INFO - Collecting apache-***-providers-amazon>=9.1.0 (from interpark==0.1.5->-r /tmp/venvlpcgmc0q/requirements.txt (line 1))
[2024-11-25T07:49:29.742+0000] {process_utils.py:194} INFO -   Using cached apache_***_providers_amazon-9.1.0-py3-none-any.whl.metadata (10 kB)
[2024-11-25T07:49:29.757+0000] {process_utils.py:194} INFO - Requirement already satisfied: PyAthena>=3.0.10 in /home/***/.local/lib/python3.12/site-packages (from apache-***-providers-amazon>=9.1.0->interpark==0.1.5->-r /tmp/venvlpcgmc0q/requirements.txt (line 1)) (3.9.0)
[2024-11-25T07:49:29.758+0000] {process_utils.py:194} INFO - Requirement already satisfied: apache-***-providers-common-compat>=1.2.1 in /home/***/.local/lib/python3.12/site-packages (from apache-***-providers-amazon>=9.1.0->interpark==0.1.5->-r /tmp/venvlpcgmc0q/requirements.txt (line 1)) (1.2.1)
[2024-11-25T07:49:29.818+0000] {process_utils.py:194} INFO - Collecting apache-***-providers-common-sql>=1.20.0 (from apache-***-providers-amazon>=9.1.0->interpark==0.1.5->-r /tmp/venvlpcgmc0q/requirements.txt (line 1))
[2024-11-25T07:49:29.820+0000] {process_utils.py:194} INFO -   Using cached apache_***_providers_common_sql-1.20.0-py3-none-any.whl.metadata (6.2 kB)
[2024-11-25T07:49:29.825+0000] {process_utils.py:194} INFO - Requirement already satisfied: apache-***-providers-http in /home/***/.local/lib/python3.12/site-packages (from apache-***-providers-amazon>=9.1.0->interpark==0.1.5->-r /tmp/venvlpcgmc0q/requirements.txt (line 1)) (4.13.2)
[2024-11-25T07:49:29.826+0000] {process_utils.py:194} INFO - Requirement already satisfied: apache-***>=2.8.0 in /home/***/.local/lib/python3.12/site-packages (from apache-***-providers-amazon>=9.1.0->interpark==0.1.5->-r /tmp/venvlpcgmc0q/requirements.txt (line 1)) (2.10.3)
[2024-11-25T07:49:29.826+0000] {process_utils.py:194} INFO - Requirement already satisfied: asgiref>=2.3.0 in /home/***/.local/lib/python3.12/site-packages (from apache-***-providers-amazon>=9.1.0->interpark==0.1.5->-r /tmp/venvlpcgmc0q/requirements.txt (line 1)) (3.8.1)
[2024-11-25T07:49:29.827+0000] {process_utils.py:194} INFO - Requirement already satisfied: boto3>=1.34.90 in /home/***/.local/lib/python3.12/site-packages (from apache-***-providers-amazon>=9.1.0->interpark==0.1.5->-r /tmp/venvlpcgmc0q/requirements.txt (line 1)) (1.35.36)
[2024-11-25T07:49:29.828+0000] {process_utils.py:194} INFO - Requirement already satisfied: botocore>=1.34.90 in /home/***/.local/lib/python3.12/site-packages (from apache-***-providers-amazon>=9.1.0->interpark==0.1.5->-r /tmp/venvlpcgmc0q/requirements.txt (line 1)) (1.35.36)
[2024-11-25T07:49:29.829+0000] {process_utils.py:194} INFO - Requirement already satisfied: inflection>=0.5.1 in /home/***/.local/lib/python3.12/site-packages (from apache-***-providers-amazon>=9.1.0->interpark==0.1.5->-r /tmp/venvlpcgmc0q/requirements.txt (line 1)) (0.5.1)
[2024-11-25T07:49:29.829+0000] {process_utils.py:194} INFO - Requirement already satisfied: jmespath>=0.7.0 in /home/***/.local/lib/python3.12/site-packages (from apache-***-providers-amazon>=9.1.0->interpark==0.1.5->-r /tmp/venvlpcgmc0q/requirements.txt (line 1)) (0.10.0)
[2024-11-25T07:49:29.830+0000] {process_utils.py:194} INFO - Requirement already satisfied: jsonpath_ng>=1.5.3 in /home/***/.local/lib/python3.12/site-packages (from apache-***-providers-amazon>=9.1.0->interpark==0.1.5->-r /tmp/venvlpcgmc0q/requirements.txt (line 1)) (1.7.0)
[2024-11-25T07:49:29.830+0000] {process_utils.py:194} INFO - Requirement already satisfied: python3-saml>=1.16.0 in /home/***/.local/lib/python3.12/site-packages (from apache-***-providers-amazon>=9.1.0->interpark==0.1.5->-r /tmp/venvlpcgmc0q/requirements.txt (line 1)) (1.16.0)
[2024-11-25T07:49:29.831+0000] {process_utils.py:194} INFO - Requirement already satisfied: redshift_connector>=2.0.918 in /home/***/.local/lib/python3.12/site-packages (from apache-***-providers-amazon>=9.1.0->interpark==0.1.5->-r /tmp/venvlpcgmc0q/requirements.txt (line 1)) (2.1.3)
[2024-11-25T07:49:29.832+0000] {process_utils.py:194} INFO - Requirement already satisfied: watchtower!=3.3.0,<4,>=3.0.0 in /home/***/.local/lib/python3.12/site-packages (from apache-***-providers-amazon>=9.1.0->interpark==0.1.5->-r /tmp/venvlpcgmc0q/requirements.txt (line 1)) (3.3.1)
[2024-11-25T07:49:29.834+0000] {process_utils.py:194} INFO - Requirement already satisfied: soupsieve>1.2 in /home/***/.local/lib/python3.12/site-packages (from beautifulsoup4>=4.12.3->interpark==0.1.5->-r /tmp/venvlpcgmc0q/requirements.txt (line 1)) (2.6)
[2024-11-25T07:49:29.836+0000] {process_utils.py:194} INFO - Requirement already satisfied: dnspython<3.0.0,>=1.16.0 in /home/***/.local/lib/python3.12/site-packages (from pymongo>=4.10.1->interpark==0.1.5->-r /tmp/venvlpcgmc0q/requirements.txt (line 1)) (2.7.0)
[2024-11-25T07:49:29.839+0000] {process_utils.py:194} INFO - Requirement already satisfied: urllib3<3,>=1.26 in /home/***/.local/lib/python3.12/site-packages (from urllib3[socks]<3,>=1.26->selenium>=4.26.1->interpark==0.1.5->-r /tmp/venvlpcgmc0q/requirements.txt (line 1)) (2.2.3)
[2024-11-25T07:49:29.877+0000] {process_utils.py:194} INFO - Collecting trio~=0.17 (from selenium>=4.26.1->interpark==0.1.5->-r /tmp/venvlpcgmc0q/requirements.txt (line 1))
[2024-11-25T07:49:29.879+0000] {process_utils.py:194} INFO -   Using cached trio-0.27.0-py3-none-any.whl.metadata (8.6 kB)
[2024-11-25T07:49:29.914+0000] {process_utils.py:194} INFO - Collecting trio-websocket~=0.9 (from selenium>=4.26.1->interpark==0.1.5->-r /tmp/venvlpcgmc0q/requirements.txt (line 1))
[2024-11-25T07:49:29.916+0000] {process_utils.py:194} INFO -   Using cached trio_websocket-0.11.1-py3-none-any.whl.metadata (4.7 kB)
[2024-11-25T07:49:29.919+0000] {process_utils.py:194} INFO - Requirement already satisfied: certifi>=2021.10.8 in /home/***/.local/lib/python3.12/site-packages (from selenium>=4.26.1->interpark==0.1.5->-r /tmp/venvlpcgmc0q/requirements.txt (line 1)) (2024.8.30)
[2024-11-25T07:49:29.919+0000] {process_utils.py:194} INFO - Requirement already satisfied: typing_extensions~=4.9 in /home/***/.local/lib/python3.12/site-packages (from selenium>=4.26.1->interpark==0.1.5->-r /tmp/venvlpcgmc0q/requirements.txt (line 1)) (4.12.2)
[2024-11-25T07:49:29.920+0000] {process_utils.py:194} INFO - Requirement already satisfied: websocket-client~=1.8 in /home/***/.local/lib/python3.12/site-packages (from selenium>=4.26.1->interpark==0.1.5->-r /tmp/venvlpcgmc0q/requirements.txt (line 1)) (1.8.0)
[2024-11-25T07:49:29.921+0000] {process_utils.py:194} INFO - Requirement already satisfied: requests in /home/***/.local/lib/python3.12/site-packages (from webdriver-manager>=4.0.2->interpark==0.1.5->-r /tmp/venvlpcgmc0q/requirements.txt (line 1)) (2.32.3)
[2024-11-25T07:49:29.922+0000] {process_utils.py:194} INFO - Requirement already satisfied: python-dotenv in /home/***/.local/lib/python3.12/site-packages (from webdriver-manager>=4.0.2->interpark==0.1.5->-r /tmp/venvlpcgmc0q/requirements.txt (line 1)) (1.0.1)
[2024-11-25T07:49:29.922+0000] {process_utils.py:194} INFO - Requirement already satisfied: packaging in /home/***/.local/lib/python3.12/site-packages (from webdriver-manager>=4.0.2->interpark==0.1.5->-r /tmp/venvlpcgmc0q/requirements.txt (line 1)) (24.1)
[2024-11-25T07:49:29.967+0000] {process_utils.py:194} INFO - Requirement already satisfied: alembic<2.0,>=1.13.1 in /home/***/.local/lib/python3.12/site-packages (from apache-***>=2.8.0->apache-***-providers-amazon>=9.1.0->interpark==0.1.5->-r /tmp/venvlpcgmc0q/requirements.txt (line 1)) (1.14.0)
[2024-11-25T07:49:29.968+0000] {process_utils.py:194} INFO - Requirement already satisfied: argcomplete>=1.10 in /home/***/.local/lib/python3.12/site-packages (from apache-***>=2.8.0->apache-***-providers-amazon>=9.1.0->interpark==0.1.5->-r /tmp/venvlpcgmc0q/requirements.txt (line 1)) (3.5.1)
[2024-11-25T07:49:29.969+0000] {process_utils.py:194} INFO - Requirement already satisfied: attrs>=22.1.0 in /home/***/.local/lib/python3.12/site-packages (from apache-***>=2.8.0->apache-***-providers-amazon>=9.1.0->interpark==0.1.5->-r /tmp/venvlpcgmc0q/requirements.txt (line 1)) (24.2.0)
[2024-11-25T07:49:29.969+0000] {process_utils.py:194} INFO - Requirement already satisfied: blinker>=1.6.2 in /home/***/.local/lib/python3.12/site-packages (from apache-***>=2.8.0->apache-***-providers-amazon>=9.1.0->interpark==0.1.5->-r /tmp/venvlpcgmc0q/requirements.txt (line 1)) (1.8.2)
[2024-11-25T07:49:29.970+0000] {process_utils.py:194} INFO - Requirement already satisfied: colorlog>=6.8.2 in /home/***/.local/lib/python3.12/site-packages (from apache-***>=2.8.0->apache-***-providers-amazon>=9.1.0->interpark==0.1.5->-r /tmp/venvlpcgmc0q/requirements.txt (line 1)) (6.9.0)
[2024-11-25T07:49:29.970+0000] {process_utils.py:194} INFO - Requirement already satisfied: configupdater>=3.1.1 in /home/***/.local/lib/python3.12/site-packages (from apache-***>=2.8.0->apache-***-providers-amazon>=9.1.0->interpark==0.1.5->-r /tmp/venvlpcgmc0q/requirements.txt (line 1)) (3.2)
[2024-11-25T07:49:29.970+0000] {process_utils.py:194} INFO - Requirement already satisfied: connexion<3.0,>=2.14.2 in /home/***/.local/lib/python3.12/site-packages (from connexion[flask]<3.0,>=2.14.2->apache-***>=2.8.0->apache-***-providers-amazon>=9.1.0->interpark==0.1.5->-r /tmp/venvlpcgmc0q/requirements.txt (line 1)) (2.14.2)
[2024-11-25T07:49:29.971+0000] {process_utils.py:194} INFO - Requirement already satisfied: cron-descriptor>=1.2.24 in /home/***/.local/lib/python3.12/site-packages (from apache-***>=2.8.0->apache-***-providers-amazon>=9.1.0->interpark==0.1.5->-r /tmp/venvlpcgmc0q/requirements.txt (line 1)) (1.4.5)
[2024-11-25T07:49:29.971+0000] {process_utils.py:194} INFO - Requirement already satisfied: croniter>=2.0.2 in /home/***/.local/lib/python3.12/site-packages (from apache-***>=2.8.0->apache-***-providers-amazon>=9.1.0->interpark==0.1.5->-r /tmp/venvlpcgmc0q/requirements.txt (line 1)) (5.0.1)
[2024-11-25T07:49:29.972+0000] {process_utils.py:194} INFO - Requirement already satisfied: cryptography>=41.0.0 in /home/***/.local/lib/python3.12/site-packages (from apache-***>=2.8.0->apache-***-providers-amazon>=9.1.0->interpark==0.1.5->-r /tmp/venvlpcgmc0q/requirements.txt (line 1)) (42.0.8)
[2024-11-25T07:49:29.972+0000] {process_utils.py:194} INFO - Requirement already satisfied: deprecated>=1.2.13 in /home/***/.local/lib/python3.12/site-packages (from apache-***>=2.8.0->apache-***-providers-amazon>=9.1.0->interpark==0.1.5->-r /tmp/venvlpcgmc0q/requirements.txt (line 1)) (1.2.14)
[2024-11-25T07:49:29.973+0000] {process_utils.py:194} INFO - Requirement already satisfied: dill>=0.2.2 in /home/***/.local/lib/python3.12/site-packages (from apache-***>=2.8.0->apache-***-providers-amazon>=9.1.0->interpark==0.1.5->-r /tmp/venvlpcgmc0q/requirements.txt (line 1)) (0.3.9)
[2024-11-25T07:49:29.973+0000] {process_utils.py:194} INFO - Requirement already satisfied: flask-caching>=2.0.0 in /home/***/.local/lib/python3.12/site-packages (from apache-***>=2.8.0->apache-***-providers-amazon>=9.1.0->interpark==0.1.5->-r /tmp/venvlpcgmc0q/requirements.txt (line 1)) (2.3.0)
[2024-11-25T07:49:29.974+0000] {process_utils.py:194} INFO - Requirement already satisfied: flask-session<0.6,>=0.4.0 in /home/***/.local/lib/python3.12/site-packages (from apache-***>=2.8.0->apache-***-providers-amazon>=9.1.0->interpark==0.1.5->-r /tmp/venvlpcgmc0q/requirements.txt (line 1)) (0.5.0)
[2024-11-25T07:49:29.974+0000] {process_utils.py:194} INFO - Requirement already satisfied: flask-wtf>=1.1.0 in /home/***/.local/lib/python3.12/site-packages (from apache-***>=2.8.0->apache-***-providers-amazon>=9.1.0->interpark==0.1.5->-r /tmp/venvlpcgmc0q/requirements.txt (line 1)) (1.2.2)
[2024-11-25T07:49:29.974+0000] {process_utils.py:194} INFO - Requirement already satisfied: flask<2.3,>=2.2.1 in /home/***/.local/lib/python3.12/site-packages (from apache-***>=2.8.0->apache-***-providers-amazon>=9.1.0->interpark==0.1.5->-r /tmp/venvlpcgmc0q/requirements.txt (line 1)) (2.2.5)
[2024-11-25T07:49:29.975+0000] {process_utils.py:194} INFO - Requirement already satisfied: fsspec>=2023.10.0 in /home/***/.local/lib/python3.12/site-packages (from apache-***>=2.8.0->apache-***-providers-amazon>=9.1.0->interpark==0.1.5->-r /tmp/venvlpcgmc0q/requirements.txt (line 1)) (2024.10.0)
[2024-11-25T07:49:29.975+0000] {process_utils.py:194} INFO - Requirement already satisfied: google-re2>=1.1 in /home/***/.local/lib/python3.12/site-packages (from apache-***>=2.8.0->apache-***-providers-amazon>=9.1.0->interpark==0.1.5->-r /tmp/venvlpcgmc0q/requirements.txt (line 1)) (1.1.20240702)
[2024-11-25T07:49:29.975+0000] {process_utils.py:194} INFO - Requirement already satisfied: gunicorn>=20.1.0 in /home/***/.local/lib/python3.12/site-packages (from apache-***>=2.8.0->apache-***-providers-amazon>=9.1.0->interpark==0.1.5->-r /tmp/venvlpcgmc0q/requirements.txt (line 1)) (23.0.0)
[2024-11-25T07:49:29.976+0000] {process_utils.py:194} INFO - Requirement already satisfied: httpx>=0.25.0 in /home/***/.local/lib/python3.12/site-packages (from apache-***>=2.8.0->apache-***-providers-amazon>=9.1.0->interpark==0.1.5->-r /tmp/venvlpcgmc0q/requirements.txt (line 1)) (0.27.0)
[2024-11-25T07:49:29.976+0000] {process_utils.py:194} INFO - Requirement already satisfied: itsdangerous>=2.0 in /home/***/.local/lib/python3.12/site-packages (from apache-***>=2.8.0->apache-***-providers-amazon>=9.1.0->interpark==0.1.5->-r /tmp/venvlpcgmc0q/requirements.txt (line 1)) (2.2.0)
[2024-11-25T07:49:29.976+0000] {process_utils.py:194} INFO - Requirement already satisfied: jinja2>=3.0.0 in /home/***/.local/lib/python3.12/site-packages (from apache-***>=2.8.0->apache-***-providers-amazon>=9.1.0->interpark==0.1.5->-r /tmp/venvlpcgmc0q/requirements.txt (line 1)) (3.1.4)
[2024-11-25T07:49:29.976+0000] {process_utils.py:194} INFO - Requirement already satisfied: jsonschema>=4.18.0 in /home/***/.local/lib/python3.12/site-packages (from apache-***>=2.8.0->apache-***-providers-amazon>=9.1.0->interpark==0.1.5->-r /tmp/venvlpcgmc0q/requirements.txt (line 1)) (4.23.0)
[2024-11-25T07:49:29.977+0000] {process_utils.py:194} INFO - Requirement already satisfied: lazy-object-proxy>=1.2.0 in /home/***/.local/lib/python3.12/site-packages (from apache-***>=2.8.0->apache-***-providers-amazon>=9.1.0->interpark==0.1.5->-r /tmp/venvlpcgmc0q/requirements.txt (line 1)) (1.10.0)
[2024-11-25T07:49:29.977+0000] {process_utils.py:194} INFO - Requirement already satisfied: linkify-it-py>=2.0.0 in /home/***/.local/lib/python3.12/site-packages (from apache-***>=2.8.0->apache-***-providers-amazon>=9.1.0->interpark==0.1.5->-r /tmp/venvlpcgmc0q/requirements.txt (line 1)) (2.0.3)
[2024-11-25T07:49:29.977+0000] {process_utils.py:194} INFO - Requirement already satisfied: lockfile>=0.12.2 in /home/***/.local/lib/python3.12/site-packages (from apache-***>=2.8.0->apache-***-providers-amazon>=9.1.0->interpark==0.1.5->-r /tmp/venvlpcgmc0q/requirements.txt (line 1)) (0.12.2)
[2024-11-25T07:49:29.978+0000] {process_utils.py:194} INFO - Requirement already satisfied: markdown-it-py>=2.1.0 in /home/***/.local/lib/python3.12/site-packages (from apache-***>=2.8.0->apache-***-providers-amazon>=9.1.0->interpark==0.1.5->-r /tmp/venvlpcgmc0q/requirements.txt (line 1)) (3.0.0)
[2024-11-25T07:49:29.978+0000] {process_utils.py:194} INFO - Requirement already satisfied: markupsafe>=1.1.1 in /home/***/.local/lib/python3.12/site-packages (from apache-***>=2.8.0->apache-***-providers-amazon>=9.1.0->interpark==0.1.5->-r /tmp/venvlpcgmc0q/requirements.txt (line 1)) (3.0.2)
[2024-11-25T07:49:29.978+0000] {process_utils.py:194} INFO - Requirement already satisfied: marshmallow-oneofschema>=2.0.1 in /home/***/.local/lib/python3.12/site-packages (from apache-***>=2.8.0->apache-***-providers-amazon>=9.1.0->interpark==0.1.5->-r /tmp/venvlpcgmc0q/requirements.txt (line 1)) (3.1.1)
[2024-11-25T07:49:29.979+0000] {process_utils.py:194} INFO - Requirement already satisfied: mdit-py-plugins>=0.3.0 in /home/***/.local/lib/python3.12/site-packages (from apache-***>=2.8.0->apache-***-providers-amazon>=9.1.0->interpark==0.1.5->-r /tmp/venvlpcgmc0q/requirements.txt (line 1)) (0.4.2)
[2024-11-25T07:49:29.979+0000] {process_utils.py:194} INFO - Requirement already satisfied: methodtools>=0.4.7 in /home/***/.local/lib/python3.12/site-packages (from apache-***>=2.8.0->apache-***-providers-amazon>=9.1.0->interpark==0.1.5->-r /tmp/venvlpcgmc0q/requirements.txt (line 1)) (0.4.7)
[2024-11-25T07:49:29.979+0000] {process_utils.py:194} INFO - Requirement already satisfied: opentelemetry-api>=1.15.0 in /home/***/.local/lib/python3.12/site-packages (from apache-***>=2.8.0->apache-***-providers-amazon>=9.1.0->interpark==0.1.5->-r /tmp/venvlpcgmc0q/requirements.txt (line 1)) (1.27.0)
[2024-11-25T07:49:29.980+0000] {process_utils.py:194} INFO - Requirement already satisfied: opentelemetry-exporter-otlp>=1.15.0 in /home/***/.local/lib/python3.12/site-packages (from apache-***>=2.8.0->apache-***-providers-amazon>=9.1.0->interpark==0.1.5->-r /tmp/venvlpcgmc0q/requirements.txt (line 1)) (1.27.0)
[2024-11-25T07:49:29.980+0000] {process_utils.py:194} INFO - Requirement already satisfied: pathspec>=0.9.0 in /home/***/.local/lib/python3.12/site-packages (from apache-***>=2.8.0->apache-***-providers-amazon>=9.1.0->interpark==0.1.5->-r /tmp/venvlpcgmc0q/requirements.txt (line 1)) (0.12.1)
[2024-11-25T07:49:29.980+0000] {process_utils.py:194} INFO - Requirement already satisfied: pendulum<4.0,>=3.0.0 in /home/***/.local/lib/python3.12/site-packages (from apache-***>=2.8.0->apache-***-providers-amazon>=9.1.0->interpark==0.1.5->-r /tmp/venvlpcgmc0q/requirements.txt (line 1)) (3.0.0)
[2024-11-25T07:49:29.981+0000] {process_utils.py:194} INFO - Requirement already satisfied: pluggy>=1.5.0 in /home/***/.local/lib/python3.12/site-packages (from apache-***>=2.8.0->apache-***-providers-amazon>=9.1.0->interpark==0.1.5->-r /tmp/venvlpcgmc0q/requirements.txt (line 1)) (1.5.0)
[2024-11-25T07:49:29.982+0000] {process_utils.py:194} INFO - Requirement already satisfied: psutil>=5.8.0 in /home/***/.local/lib/python3.12/site-packages (from apache-***>=2.8.0->apache-***-providers-amazon>=9.1.0->interpark==0.1.5->-r /tmp/venvlpcgmc0q/requirements.txt (line 1)) (6.1.0)
[2024-11-25T07:49:29.982+0000] {process_utils.py:194} INFO - Requirement already satisfied: pygments>=2.0.1 in /home/***/.local/lib/python3.12/site-packages (from apache-***>=2.8.0->apache-***-providers-amazon>=9.1.0->interpark==0.1.5->-r /tmp/venvlpcgmc0q/requirements.txt (line 1)) (2.18.0)
[2024-11-25T07:49:29.983+0000] {process_utils.py:194} INFO - Requirement already satisfied: pyjwt>=2.0.0 in /home/***/.local/lib/python3.12/site-packages (from apache-***>=2.8.0->apache-***-providers-amazon>=9.1.0->interpark==0.1.5->-r /tmp/venvlpcgmc0q/requirements.txt (line 1)) (2.9.0)
[2024-11-25T07:49:29.983+0000] {process_utils.py:194} INFO - Requirement already satisfied: python-daemon>=3.0.0 in /home/***/.local/lib/python3.12/site-packages (from apache-***>=2.8.0->apache-***-providers-amazon>=9.1.0->interpark==0.1.5->-r /tmp/venvlpcgmc0q/requirements.txt (line 1)) (3.1.0)
[2024-11-25T07:49:29.984+0000] {process_utils.py:194} INFO - Requirement already satisfied: python-dateutil>=2.7.0 in /home/***/.local/lib/python3.12/site-packages (from apache-***>=2.8.0->apache-***-providers-amazon>=9.1.0->interpark==0.1.5->-r /tmp/venvlpcgmc0q/requirements.txt (line 1)) (2.9.0.post0)
[2024-11-25T07:49:29.984+0000] {process_utils.py:194} INFO - Requirement already satisfied: python-nvd3>=0.15.0 in /home/***/.local/lib/python3.12/site-packages (from apache-***>=2.8.0->apache-***-providers-amazon>=9.1.0->interpark==0.1.5->-r /tmp/venvlpcgmc0q/requirements.txt (line 1)) (0.16.0)
[2024-11-25T07:49:29.984+0000] {process_utils.py:194} INFO - Requirement already satisfied: python-slugify>=5.0 in /home/***/.local/lib/python3.12/site-packages (from apache-***>=2.8.0->apache-***-providers-amazon>=9.1.0->interpark==0.1.5->-r /tmp/venvlpcgmc0q/requirements.txt (line 1)) (8.0.4)
[2024-11-25T07:49:29.985+0000] {process_utils.py:194} INFO - Requirement already satisfied: requests-toolbelt>=0.4.0 in /home/***/.local/lib/python3.12/site-packages (from apache-***>=2.8.0->apache-***-providers-amazon>=9.1.0->interpark==0.1.5->-r /tmp/venvlpcgmc0q/requirements.txt (line 1)) (1.0.0)
[2024-11-25T07:49:29.985+0000] {process_utils.py:194} INFO - Requirement already satisfied: rfc3339-validator>=0.1.4 in /home/***/.local/lib/python3.12/site-packages (from apache-***>=2.8.0->apache-***-providers-amazon>=9.1.0->interpark==0.1.5->-r /tmp/venvlpcgmc0q/requirements.txt (line 1)) (0.1.4)
[2024-11-25T07:49:29.986+0000] {process_utils.py:194} INFO - Requirement already satisfied: rich-argparse>=1.0.0 in /home/***/.local/lib/python3.12/site-packages (from apache-***>=2.8.0->apache-***-providers-amazon>=9.1.0->interpark==0.1.5->-r /tmp/venvlpcgmc0q/requirements.txt (line 1)) (1.6.0)
[2024-11-25T07:49:29.986+0000] {process_utils.py:194} INFO - Requirement already satisfied: rich>=12.4.4 in /home/***/.local/lib/python3.12/site-packages (from apache-***>=2.8.0->apache-***-providers-amazon>=9.1.0->interpark==0.1.5->-r /tmp/venvlpcgmc0q/requirements.txt (line 1)) (13.9.4)
[2024-11-25T07:49:29.987+0000] {process_utils.py:194} INFO - Requirement already satisfied: setproctitle>=1.3.3 in /home/***/.local/lib/python3.12/site-packages (from apache-***>=2.8.0->apache-***-providers-amazon>=9.1.0->interpark==0.1.5->-r /tmp/venvlpcgmc0q/requirements.txt (line 1)) (1.3.3)
[2024-11-25T07:49:29.987+0000] {process_utils.py:194} INFO - Requirement already satisfied: sqlalchemy<2.0,>=1.4.36 in /home/***/.local/lib/python3.12/site-packages (from apache-***>=2.8.0->apache-***-providers-amazon>=9.1.0->interpark==0.1.5->-r /tmp/venvlpcgmc0q/requirements.txt (line 1)) (1.4.54)
[2024-11-25T07:49:29.987+0000] {process_utils.py:194} INFO - Requirement already satisfied: sqlalchemy-jsonfield>=1.0 in /home/***/.local/lib/python3.12/site-packages (from apache-***>=2.8.0->apache-***-providers-amazon>=9.1.0->interpark==0.1.5->-r /tmp/venvlpcgmc0q/requirements.txt (line 1)) (1.0.2)
[2024-11-25T07:49:29.988+0000] {process_utils.py:194} INFO - Requirement already satisfied: tabulate>=0.7.5 in /home/***/.local/lib/python3.12/site-packages (from apache-***>=2.8.0->apache-***-providers-amazon>=9.1.0->interpark==0.1.5->-r /tmp/venvlpcgmc0q/requirements.txt (line 1)) (0.9.0)
[2024-11-25T07:49:29.988+0000] {process_utils.py:194} INFO - Requirement already satisfied: tenacity!=8.2.0,>=8.0.0 in /home/***/.local/lib/python3.12/site-packages (from apache-***>=2.8.0->apache-***-providers-amazon>=9.1.0->interpark==0.1.5->-r /tmp/venvlpcgmc0q/requirements.txt (line 1)) (8.5.0)
[2024-11-25T07:49:29.988+0000] {process_utils.py:194} INFO - Requirement already satisfied: termcolor>=1.1.0 in /home/***/.local/lib/python3.12/site-packages (from apache-***>=2.8.0->apache-***-providers-amazon>=9.1.0->interpark==0.1.5->-r /tmp/venvlpcgmc0q/requirements.txt (line 1)) (2.5.0)
[2024-11-25T07:49:29.988+0000] {process_utils.py:194} INFO - Requirement already satisfied: universal-pathlib!=0.2.4,>=0.2.2 in /home/***/.local/lib/python3.12/site-packages (from apache-***>=2.8.0->apache-***-providers-amazon>=9.1.0->interpark==0.1.5->-r /tmp/venvlpcgmc0q/requirements.txt (line 1)) (0.2.5)
[2024-11-25T07:49:29.989+0000] {process_utils.py:194} INFO - Requirement already satisfied: werkzeug<3,>=2.0 in /home/***/.local/lib/python3.12/site-packages (from apache-***>=2.8.0->apache-***-providers-amazon>=9.1.0->interpark==0.1.5->-r /tmp/venvlpcgmc0q/requirements.txt (line 1)) (2.2.3)
[2024-11-25T07:49:29.989+0000] {process_utils.py:194} INFO - Requirement already satisfied: apache-***-providers-common-io in /home/***/.local/lib/python3.12/site-packages (from apache-***>=2.8.0->apache-***-providers-amazon>=9.1.0->interpark==0.1.5->-r /tmp/venvlpcgmc0q/requirements.txt (line 1)) (1.4.2)
[2024-11-25T07:49:29.989+0000] {process_utils.py:194} INFO - Requirement already satisfied: apache-***-providers-fab>=1.0.2 in /home/***/.local/lib/python3.12/site-packages (from apache-***>=2.8.0->apache-***-providers-amazon>=9.1.0->interpark==0.1.5->-r /tmp/venvlpcgmc0q/requirements.txt (line 1)) (1.5.0)
[2024-11-25T07:49:29.990+0000] {process_utils.py:194} INFO - Requirement already satisfied: apache-***-providers-ftp in /home/***/.local/lib/python3.12/site-packages (from apache-***>=2.8.0->apache-***-providers-amazon>=9.1.0->interpark==0.1.5->-r /tmp/venvlpcgmc0q/requirements.txt (line 1)) (3.11.1)
[2024-11-25T07:49:29.990+0000] {process_utils.py:194} INFO - Requirement already satisfied: apache-***-providers-imap in /home/***/.local/lib/python3.12/site-packages (from apache-***>=2.8.0->apache-***-providers-amazon>=9.1.0->interpark==0.1.5->-r /tmp/venvlpcgmc0q/requirements.txt (line 1)) (3.7.0)
[2024-11-25T07:49:29.991+0000] {process_utils.py:194} INFO - Requirement already satisfied: apache-***-providers-smtp in /home/***/.local/lib/python3.12/site-packages (from apache-***>=2.8.0->apache-***-providers-amazon>=9.1.0->interpark==0.1.5->-r /tmp/venvlpcgmc0q/requirements.txt (line 1)) (1.8.0)
[2024-11-25T07:49:29.991+0000] {process_utils.py:194} INFO - Requirement already satisfied: apache-***-providers-sqlite in /home/***/.local/lib/python3.12/site-packages (from apache-***>=2.8.0->apache-***-providers-amazon>=9.1.0->interpark==0.1.5->-r /tmp/venvlpcgmc0q/requirements.txt (line 1)) (3.9.0)
[2024-11-25T07:49:29.995+0000] {process_utils.py:194} INFO - Requirement already satisfied: more-itertools>=9.0.0 in /home/***/.local/lib/python3.12/site-packages (from apache-***-providers-common-sql>=1.20.0->apache-***-providers-amazon>=9.1.0->interpark==0.1.5->-r /tmp/venvlpcgmc0q/requirements.txt (line 1)) (10.5.0)
[2024-11-25T07:49:29.996+0000] {process_utils.py:194} INFO - Requirement already satisfied: sqlparse>=0.5.1 in /home/***/.local/lib/python3.12/site-packages (from apache-***-providers-common-sql>=1.20.0->apache-***-providers-amazon>=9.1.0->interpark==0.1.5->-r /tmp/venvlpcgmc0q/requirements.txt (line 1)) (0.5.1)
[2024-11-25T07:49:30.002+0000] {process_utils.py:194} INFO - Requirement already satisfied: s3transfer<0.11.0,>=0.10.0 in /home/***/.local/lib/python3.12/site-packages (from boto3>=1.34.90->apache-***-providers-amazon>=9.1.0->interpark==0.1.5->-r /tmp/venvlpcgmc0q/requirements.txt (line 1)) (0.10.3)
[2024-11-25T07:49:30.018+0000] {process_utils.py:194} INFO - Requirement already satisfied: ply in /home/***/.local/lib/python3.12/site-packages (from jsonpath_ng>=1.5.3->apache-***-providers-amazon>=9.1.0->interpark==0.1.5->-r /tmp/venvlpcgmc0q/requirements.txt (line 1)) (3.11)
[2024-11-25T07:49:30.027+0000] {process_utils.py:194} INFO - Requirement already satisfied: lxml!=4.7.0,>=4.6.5 in /home/***/.local/lib/python3.12/site-packages (from python3-saml>=1.16.0->apache-***-providers-amazon>=9.1.0->interpark==0.1.5->-r /tmp/venvlpcgmc0q/requirements.txt (line 1)) (5.3.0)
[2024-11-25T07:49:30.027+0000] {process_utils.py:194} INFO - Requirement already satisfied: isodate>=0.6.1 in /home/***/.local/lib/python3.12/site-packages (from python3-saml>=1.16.0->apache-***-providers-amazon>=9.1.0->interpark==0.1.5->-r /tmp/venvlpcgmc0q/requirements.txt (line 1)) (0.7.2)
[2024-11-25T07:49:30.027+0000] {process_utils.py:194} INFO - Requirement already satisfied: xmlsec>=1.3.9 in /home/***/.local/lib/python3.12/site-packages (from python3-saml>=1.16.0->apache-***-providers-amazon>=9.1.0->interpark==0.1.5->-r /tmp/venvlpcgmc0q/requirements.txt (line 1)) (1.3.14)
[2024-11-25T07:49:30.032+0000] {process_utils.py:194} INFO - Requirement already satisfied: scramp<1.5.0,>=1.2.0 in /home/***/.local/lib/python3.12/site-packages (from redshift_connector>=2.0.918->apache-***-providers-amazon>=9.1.0->interpark==0.1.5->-r /tmp/venvlpcgmc0q/requirements.txt (line 1)) (1.4.5)
[2024-11-25T07:49:30.032+0000] {process_utils.py:194} INFO - Requirement already satisfied: pytz>=2020.1 in /home/***/.local/lib/python3.12/site-packages (from redshift_connector>=2.0.918->apache-***-providers-amazon>=9.1.0->interpark==0.1.5->-r /tmp/venvlpcgmc0q/requirements.txt (line 1)) (2024.2)
[2024-11-25T07:49:30.033+0000] {process_utils.py:194} INFO - Requirement already satisfied: setuptools in /home/***/.local/lib/python3.12/site-packages (from redshift_connector>=2.0.918->apache-***-providers-amazon>=9.1.0->interpark==0.1.5->-r /tmp/venvlpcgmc0q/requirements.txt (line 1)) (75.3.0)
[2024-11-25T07:49:30.037+0000] {process_utils.py:194} INFO - Requirement already satisfied: charset-normalizer<4,>=2 in /home/***/.local/lib/python3.12/site-packages (from requests->webdriver-manager>=4.0.2->interpark==0.1.5->-r /tmp/venvlpcgmc0q/requirements.txt (line 1)) (3.4.0)
[2024-11-25T07:49:30.037+0000] {process_utils.py:194} INFO - Requirement already satisfied: idna<4,>=2.5 in /home/***/.local/lib/python3.12/site-packages (from requests->webdriver-manager>=4.0.2->interpark==0.1.5->-r /tmp/venvlpcgmc0q/requirements.txt (line 1)) (3.10)
[2024-11-25T07:49:30.042+0000] {process_utils.py:194} INFO - Requirement already satisfied: sortedcontainers in /home/***/.local/lib/python3.12/site-packages (from trio~=0.17->selenium>=4.26.1->interpark==0.1.5->-r /tmp/venvlpcgmc0q/requirements.txt (line 1)) (2.4.0)
[2024-11-25T07:49:30.074+0000] {process_utils.py:194} INFO - Collecting outcome (from trio~=0.17->selenium>=4.26.1->interpark==0.1.5->-r /tmp/venvlpcgmc0q/requirements.txt (line 1))
[2024-11-25T07:49:30.075+0000] {process_utils.py:194} INFO -   Using cached outcome-1.3.0.post0-py2.py3-none-any.whl.metadata (2.6 kB)
[2024-11-25T07:49:30.077+0000] {process_utils.py:194} INFO - Requirement already satisfied: sniffio>=1.3.0 in /home/***/.local/lib/python3.12/site-packages (from trio~=0.17->selenium>=4.26.1->interpark==0.1.5->-r /tmp/venvlpcgmc0q/requirements.txt (line 1)) (1.3.1)
[2024-11-25T07:49:30.118+0000] {process_utils.py:194} INFO - Collecting wsproto>=0.14 (from trio-websocket~=0.9->selenium>=4.26.1->interpark==0.1.5->-r /tmp/venvlpcgmc0q/requirements.txt (line 1))
[2024-11-25T07:49:30.120+0000] {process_utils.py:194} INFO -   Using cached wsproto-1.2.0-py3-none-any.whl.metadata (5.6 kB)
[2024-11-25T07:49:30.174+0000] {process_utils.py:194} INFO - Collecting pysocks!=1.5.7,<2.0,>=1.5.6 (from urllib3[socks]<3,>=1.26->selenium>=4.26.1->interpark==0.1.5->-r /tmp/venvlpcgmc0q/requirements.txt (line 1))
[2024-11-25T07:49:30.176+0000] {process_utils.py:194} INFO -   Using cached PySocks-1.7.1-py3-none-any.whl.metadata (13 kB)
[2024-11-25T07:49:30.193+0000] {process_utils.py:194} INFO - Requirement already satisfied: aiohttp>=3.9.2 in /home/***/.local/lib/python3.12/site-packages (from apache-***-providers-http->apache-***-providers-amazon>=9.1.0->interpark==0.1.5->-r /tmp/venvlpcgmc0q/requirements.txt (line 1)) (3.10.10)
[2024-11-25T07:49:30.203+0000] {process_utils.py:194} INFO - Requirement already satisfied: aiohappyeyeballs>=2.3.0 in /home/***/.local/lib/python3.12/site-packages (from aiohttp>=3.9.2->apache-***-providers-http->apache-***-providers-amazon>=9.1.0->interpark==0.1.5->-r /tmp/venvlpcgmc0q/requirements.txt (line 1)) (2.4.3)
[2024-11-25T07:49:30.204+0000] {process_utils.py:194} INFO - Requirement already satisfied: aiosignal>=1.1.2 in /home/***/.local/lib/python3.12/site-packages (from aiohttp>=3.9.2->apache-***-providers-http->apache-***-providers-amazon>=9.1.0->interpark==0.1.5->-r /tmp/venvlpcgmc0q/requirements.txt (line 1)) (1.3.1)
[2024-11-25T07:49:30.204+0000] {process_utils.py:194} INFO - Requirement already satisfied: frozenlist>=1.1.1 in /home/***/.local/lib/python3.12/site-packages (from aiohttp>=3.9.2->apache-***-providers-http->apache-***-providers-amazon>=9.1.0->interpark==0.1.5->-r /tmp/venvlpcgmc0q/requirements.txt (line 1)) (1.5.0)
[2024-11-25T07:49:30.205+0000] {process_utils.py:194} INFO - Requirement already satisfied: multidict<7.0,>=4.5 in /home/***/.local/lib/python3.12/site-packages (from aiohttp>=3.9.2->apache-***-providers-http->apache-***-providers-amazon>=9.1.0->interpark==0.1.5->-r /tmp/venvlpcgmc0q/requirements.txt (line 1)) (6.1.0)
[2024-11-25T07:49:30.206+0000] {process_utils.py:194} INFO - Requirement already satisfied: yarl<2.0,>=1.12.0 in /home/***/.local/lib/python3.12/site-packages (from aiohttp>=3.9.2->apache-***-providers-http->apache-***-providers-amazon>=9.1.0->interpark==0.1.5->-r /tmp/venvlpcgmc0q/requirements.txt (line 1)) (1.17.1)
[2024-11-25T07:49:30.209+0000] {process_utils.py:194} INFO - Requirement already satisfied: Mako in /home/***/.local/lib/python3.12/site-packages (from alembic<2.0,>=1.13.1->apache-***>=2.8.0->apache-***-providers-amazon>=9.1.0->interpark==0.1.5->-r /tmp/venvlpcgmc0q/requirements.txt (line 1)) (1.3.6)
[2024-11-25T07:49:30.214+0000] {process_utils.py:194} INFO - Requirement already satisfied: flask-appbuilder==4.5.2 in /home/***/.local/lib/python3.12/site-packages (from apache-***-providers-fab>=1.0.2->apache-***>=2.8.0->apache-***-providers-amazon>=9.1.0->interpark==0.1.5->-r /tmp/venvlpcgmc0q/requirements.txt (line 1)) (4.5.2)
[2024-11-25T07:49:30.215+0000] {process_utils.py:194} INFO - Requirement already satisfied: flask-login>=0.6.2 in /home/***/.local/lib/python3.12/site-packages (from apache-***-providers-fab>=1.0.2->apache-***>=2.8.0->apache-***-providers-amazon>=9.1.0->interpark==0.1.5->-r /tmp/venvlpcgmc0q/requirements.txt (line 1)) (0.6.3)
[2024-11-25T07:49:30.222+0000] {process_utils.py:194} INFO - Requirement already satisfied: apispec<7,>=6.0.0 in /home/***/.local/lib/python3.12/site-packages (from apispec[yaml]<7,>=6.0.0->flask-appbuilder==4.5.2->apache-***-providers-fab>=1.0.2->apache-***>=2.8.0->apache-***-providers-amazon>=9.1.0->interpark==0.1.5->-r /tmp/venvlpcgmc0q/requirements.txt (line 1)) (6.7.1)
[2024-11-25T07:49:30.223+0000] {process_utils.py:194} INFO - Requirement already satisfied: colorama<1,>=0.3.9 in /home/***/.local/lib/python3.12/site-packages (from flask-appbuilder==4.5.2->apache-***-providers-fab>=1.0.2->apache-***>=2.8.0->apache-***-providers-amazon>=9.1.0->interpark==0.1.5->-r /tmp/venvlpcgmc0q/requirements.txt (line 1)) (0.4.6)
[2024-11-25T07:49:30.223+0000] {process_utils.py:194} INFO - Requirement already satisfied: click<9,>=8 in /home/***/.local/lib/python3.12/site-packages (from flask-appbuilder==4.5.2->apache-***-providers-fab>=1.0.2->apache-***>=2.8.0->apache-***-providers-amazon>=9.1.0->interpark==0.1.5->-r /tmp/venvlpcgmc0q/requirements.txt (line 1)) (8.1.7)
[2024-11-25T07:49:30.224+0000] {process_utils.py:194} INFO - Requirement already satisfied: email-validator>=1.0.5 in /home/***/.local/lib/python3.12/site-packages (from flask-appbuilder==4.5.2->apache-***-providers-fab>=1.0.2->apache-***>=2.8.0->apache-***-providers-amazon>=9.1.0->interpark==0.1.5->-r /tmp/venvlpcgmc0q/requirements.txt (line 1)) (2.2.0)
[2024-11-25T07:49:30.225+0000] {process_utils.py:194} INFO - Requirement already satisfied: Flask-Babel<3,>=1 in /home/***/.local/lib/python3.12/site-packages (from flask-appbuilder==4.5.2->apache-***-providers-fab>=1.0.2->apache-***>=2.8.0->apache-***-providers-amazon>=9.1.0->interpark==0.1.5->-r /tmp/venvlpcgmc0q/requirements.txt (line 1)) (2.0.0)
[2024-11-25T07:49:30.225+0000] {process_utils.py:194} INFO - Requirement already satisfied: Flask-Limiter<4,>3 in /home/***/.local/lib/python3.12/site-packages (from flask-appbuilder==4.5.2->apache-***-providers-fab>=1.0.2->apache-***>=2.8.0->apache-***-providers-amazon>=9.1.0->interpark==0.1.5->-r /tmp/venvlpcgmc0q/requirements.txt (line 1)) (3.8.0)
[2024-11-25T07:49:30.226+0000] {process_utils.py:194} INFO - Requirement already satisfied: Flask-SQLAlchemy<3,>=2.4 in /home/***/.local/lib/python3.12/site-packages (from flask-appbuilder==4.5.2->apache-***-providers-fab>=1.0.2->apache-***>=2.8.0->apache-***-providers-amazon>=9.1.0->interpark==0.1.5->-r /tmp/venvlpcgmc0q/requirements.txt (line 1)) (2.5.1)
[2024-11-25T07:49:30.227+0000] {process_utils.py:194} INFO - Requirement already satisfied: Flask-JWT-Extended<5.0.0,>=4.0.0 in /home/***/.local/lib/python3.12/site-packages (from flask-appbuilder==4.5.2->apache-***-providers-fab>=1.0.2->apache-***>=2.8.0->apache-***-providers-amazon>=9.1.0->interpark==0.1.5->-r /tmp/venvlpcgmc0q/requirements.txt (line 1)) (4.6.0)
[2024-11-25T07:49:30.227+0000] {process_utils.py:194} INFO - Requirement already satisfied: marshmallow<4,>=3.18.0 in /home/***/.local/lib/python3.12/site-packages (from flask-appbuilder==4.5.2->apache-***-providers-fab>=1.0.2->apache-***>=2.8.0->apache-***-providers-amazon>=9.1.0->interpark==0.1.5->-r /tmp/venvlpcgmc0q/requirements.txt (line 1)) (3.23.1)
[2024-11-25T07:49:30.227+0000] {process_utils.py:194} INFO - Requirement already satisfied: marshmallow-sqlalchemy<0.29.0,>=0.22.0 in /home/***/.local/lib/python3.12/site-packages (from flask-appbuilder==4.5.2->apache-***-providers-fab>=1.0.2->apache-***>=2.8.0->apache-***-providers-amazon>=9.1.0->interpark==0.1.5->-r /tmp/venvlpcgmc0q/requirements.txt (line 1)) (0.28.2)
[2024-11-25T07:49:30.228+0000] {process_utils.py:194} INFO - Requirement already satisfied: prison<1.0.0,>=0.2.1 in /home/***/.local/lib/python3.12/site-packages (from flask-appbuilder==4.5.2->apache-***-providers-fab>=1.0.2->apache-***>=2.8.0->apache-***-providers-amazon>=9.1.0->interpark==0.1.5->-r /tmp/venvlpcgmc0q/requirements.txt (line 1)) (0.2.1)
[2024-11-25T07:49:30.229+0000] {process_utils.py:194} INFO - Requirement already satisfied: sqlalchemy-utils<1,>=0.32.21 in /home/***/.local/lib/python3.12/site-packages (from flask-appbuilder==4.5.2->apache-***-providers-fab>=1.0.2->apache-***>=2.8.0->apache-***-providers-amazon>=9.1.0->interpark==0.1.5->-r /tmp/venvlpcgmc0q/requirements.txt (line 1)) (0.41.2)
[2024-11-25T07:49:30.229+0000] {process_utils.py:194} INFO - Requirement already satisfied: WTForms<4 in /home/***/.local/lib/python3.12/site-packages (from flask-appbuilder==4.5.2->apache-***-providers-fab>=1.0.2->apache-***>=2.8.0->apache-***-providers-amazon>=9.1.0->interpark==0.1.5->-r /tmp/venvlpcgmc0q/requirements.txt (line 1)) (3.2.1)
[2024-11-25T07:49:30.263+0000] {process_utils.py:194} INFO - Requirement already satisfied: clickclick<21,>=1.2 in /home/***/.local/lib/python3.12/site-packages (from connexion<3.0,>=2.14.2->connexion[flask]<3.0,>=2.14.2->apache-***>=2.8.0->apache-***-providers-amazon>=9.1.0->interpark==0.1.5->-r /tmp/venvlpcgmc0q/requirements.txt (line 1)) (20.10.2)
[2024-11-25T07:49:30.264+0000] {process_utils.py:194} INFO - Requirement already satisfied: PyYAML<7,>=5.1 in /home/***/.local/lib/python3.12/site-packages (from connexion<3.0,>=2.14.2->connexion[flask]<3.0,>=2.14.2->apache-***>=2.8.0->apache-***-providers-amazon>=9.1.0->interpark==0.1.5->-r /tmp/venvlpcgmc0q/requirements.txt (line 1)) (6.0.2)
[2024-11-25T07:49:30.282+0000] {process_utils.py:194} INFO - Requirement already satisfied: cffi>=1.12 in /home/***/.local/lib/python3.12/site-packages (from cryptography>=41.0.0->apache-***>=2.8.0->apache-***-providers-amazon>=9.1.0->interpark==0.1.5->-r /tmp/venvlpcgmc0q/requirements.txt (line 1)) (1.17.1)
[2024-11-25T07:49:30.286+0000] {process_utils.py:194} INFO - Requirement already satisfied: wrapt<2,>=1.10 in /home/***/.local/lib/python3.12/site-packages (from deprecated>=1.2.13->apache-***>=2.8.0->apache-***-providers-amazon>=9.1.0->interpark==0.1.5->-r /tmp/venvlpcgmc0q/requirements.txt (line 1)) (1.16.0)
[2024-11-25T07:49:30.297+0000] {process_utils.py:194} INFO - Requirement already satisfied: cachelib<0.10.0,>=0.9.0 in /home/***/.local/lib/python3.12/site-packages (from flask-caching>=2.0.0->apache-***>=2.8.0->apache-***-providers-amazon>=9.1.0->interpark==0.1.5->-r /tmp/venvlpcgmc0q/requirements.txt (line 1)) (0.9.0)
[2024-11-25T07:49:30.327+0000] {process_utils.py:194} INFO - Requirement already satisfied: anyio in /home/***/.local/lib/python3.12/site-packages (from httpx>=0.25.0->apache-***>=2.8.0->apache-***-providers-amazon>=9.1.0->interpark==0.1.5->-r /tmp/venvlpcgmc0q/requirements.txt (line 1)) (4.6.2.post1)
[2024-11-25T07:49:30.328+0000] {process_utils.py:194} INFO - Requirement already satisfied: httpcore==1.* in /home/***/.local/lib/python3.12/site-packages (from httpx>=0.25.0->apache-***>=2.8.0->apache-***-providers-amazon>=9.1.0->interpark==0.1.5->-r /tmp/venvlpcgmc0q/requirements.txt (line 1)) (1.0.6)
[2024-11-25T07:49:30.333+0000] {process_utils.py:194} INFO - Requirement already satisfied: h11<0.15,>=0.13 in /home/***/.local/lib/python3.12/site-packages (from httpcore==1.*->httpx>=0.25.0->apache-***>=2.8.0->apache-***-providers-amazon>=9.1.0->interpark==0.1.5->-r /tmp/venvlpcgmc0q/requirements.txt (line 1)) (0.14.0)
[2024-11-25T07:49:30.354+0000] {process_utils.py:194} INFO - Requirement already satisfied: jsonschema-specifications>=2023.03.6 in /home/***/.local/lib/python3.12/site-packages (from jsonschema>=4.18.0->apache-***>=2.8.0->apache-***-providers-amazon>=9.1.0->interpark==0.1.5->-r /tmp/venvlpcgmc0q/requirements.txt (line 1)) (2023.12.1)
[2024-11-25T07:49:30.355+0000] {process_utils.py:194} INFO - Requirement already satisfied: referencing>=0.28.4 in /home/***/.local/lib/python3.12/site-packages (from jsonschema>=4.18.0->apache-***>=2.8.0->apache-***-providers-amazon>=9.1.0->interpark==0.1.5->-r /tmp/venvlpcgmc0q/requirements.txt (line 1)) (0.35.1)
[2024-11-25T07:49:30.355+0000] {process_utils.py:194} INFO - Requirement already satisfied: rpds-py>=0.7.1 in /home/***/.local/lib/python3.12/site-packages (from jsonschema>=4.18.0->apache-***>=2.8.0->apache-***-providers-amazon>=9.1.0->interpark==0.1.5->-r /tmp/venvlpcgmc0q/requirements.txt (line 1)) (0.20.1)
[2024-11-25T07:49:30.362+0000] {process_utils.py:194} INFO - Requirement already satisfied: uc-micro-py in /home/***/.local/lib/python3.12/site-packages (from linkify-it-py>=2.0.0->apache-***>=2.8.0->apache-***-providers-amazon>=9.1.0->interpark==0.1.5->-r /tmp/venvlpcgmc0q/requirements.txt (line 1)) (1.0.3)
[2024-11-25T07:49:30.376+0000] {process_utils.py:194} INFO - Requirement already satisfied: mdurl~=0.1 in /home/***/.local/lib/python3.12/site-packages (from markdown-it-py>=2.1.0->apache-***>=2.8.0->apache-***-providers-amazon>=9.1.0->interpark==0.1.5->-r /tmp/venvlpcgmc0q/requirements.txt (line 1)) (0.1.2)
[2024-11-25T07:49:30.392+0000] {process_utils.py:194} INFO - Requirement already satisfied: wirerope>=0.4.7 in /home/***/.local/lib/python3.12/site-packages (from methodtools>=0.4.7->apache-***>=2.8.0->apache-***-providers-amazon>=9.1.0->interpark==0.1.5->-r /tmp/venvlpcgmc0q/requirements.txt (line 1)) (0.4.7)
[2024-11-25T07:49:30.400+0000] {process_utils.py:194} INFO - Requirement already satisfied: importlib-metadata<=8.4.0,>=6.0 in /home/***/.local/lib/python3.12/site-packages (from opentelemetry-api>=1.15.0->apache-***>=2.8.0->apache-***-providers-amazon>=9.1.0->interpark==0.1.5->-r /tmp/venvlpcgmc0q/requirements.txt (line 1)) (6.11.0)
[2024-11-25T07:49:30.404+0000] {process_utils.py:194} INFO - Requirement already satisfied: opentelemetry-exporter-otlp-proto-grpc==1.27.0 in /home/***/.local/lib/python3.12/site-packages (from opentelemetry-exporter-otlp>=1.15.0->apache-***>=2.8.0->apache-***-providers-amazon>=9.1.0->interpark==0.1.5->-r /tmp/venvlpcgmc0q/requirements.txt (line 1)) (1.27.0)
[2024-11-25T07:49:30.406+0000] {process_utils.py:194} INFO - Requirement already satisfied: opentelemetry-exporter-otlp-proto-http==1.27.0 in /home/***/.local/lib/python3.12/site-packages (from opentelemetry-exporter-otlp>=1.15.0->apache-***>=2.8.0->apache-***-providers-amazon>=9.1.0->interpark==0.1.5->-r /tmp/venvlpcgmc0q/requirements.txt (line 1)) (1.27.0)
[2024-11-25T07:49:30.414+0000] {process_utils.py:194} INFO - Requirement already satisfied: googleapis-common-protos~=1.52 in /home/***/.local/lib/python3.12/site-packages (from opentelemetry-exporter-otlp-proto-grpc==1.27.0->opentelemetry-exporter-otlp>=1.15.0->apache-***>=2.8.0->apache-***-providers-amazon>=9.1.0->interpark==0.1.5->-r /tmp/venvlpcgmc0q/requirements.txt (line 1)) (1.65.0)
[2024-11-25T07:49:30.415+0000] {process_utils.py:194} INFO - Requirement already satisfied: grpcio<2.0.0,>=1.0.0 in /home/***/.local/lib/python3.12/site-packages (from opentelemetry-exporter-otlp-proto-grpc==1.27.0->opentelemetry-exporter-otlp>=1.15.0->apache-***>=2.8.0->apache-***-providers-amazon>=9.1.0->interpark==0.1.5->-r /tmp/venvlpcgmc0q/requirements.txt (line 1)) (1.67.1)
[2024-11-25T07:49:30.415+0000] {process_utils.py:194} INFO - Requirement already satisfied: opentelemetry-exporter-otlp-proto-common==1.27.0 in /home/***/.local/lib/python3.12/site-packages (from opentelemetry-exporter-otlp-proto-grpc==1.27.0->opentelemetry-exporter-otlp>=1.15.0->apache-***>=2.8.0->apache-***-providers-amazon>=9.1.0->interpark==0.1.5->-r /tmp/venvlpcgmc0q/requirements.txt (line 1)) (1.27.0)
[2024-11-25T07:49:30.415+0000] {process_utils.py:194} INFO - Requirement already satisfied: opentelemetry-proto==1.27.0 in /home/***/.local/lib/python3.12/site-packages (from opentelemetry-exporter-otlp-proto-grpc==1.27.0->opentelemetry-exporter-otlp>=1.15.0->apache-***>=2.8.0->apache-***-providers-amazon>=9.1.0->interpark==0.1.5->-r /tmp/venvlpcgmc0q/requirements.txt (line 1)) (1.27.0)
[2024-11-25T07:49:30.416+0000] {process_utils.py:194} INFO - Requirement already satisfied: opentelemetry-sdk~=1.27.0 in /home/***/.local/lib/python3.12/site-packages (from opentelemetry-exporter-otlp-proto-grpc==1.27.0->opentelemetry-exporter-otlp>=1.15.0->apache-***>=2.8.0->apache-***-providers-amazon>=9.1.0->interpark==0.1.5->-r /tmp/venvlpcgmc0q/requirements.txt (line 1)) (1.27.0)
[2024-11-25T07:49:30.430+0000] {process_utils.py:194} INFO - Requirement already satisfied: protobuf<5.0,>=3.19 in /home/***/.local/lib/python3.12/site-packages (from opentelemetry-proto==1.27.0->opentelemetry-exporter-otlp-proto-grpc==1.27.0->opentelemetry-exporter-otlp>=1.15.0->apache-***>=2.8.0->apache-***-providers-amazon>=9.1.0->interpark==0.1.5->-r /tmp/venvlpcgmc0q/requirements.txt (line 1)) (4.25.5)
[2024-11-25T07:49:30.438+0000] {process_utils.py:194} INFO - Requirement already satisfied: tzdata>=2020.1 in /home/***/.local/lib/python3.12/site-packages (from pendulum<4.0,>=3.0.0->apache-***>=2.8.0->apache-***-providers-amazon>=9.1.0->interpark==0.1.5->-r /tmp/venvlpcgmc0q/requirements.txt (line 1)) (2024.2)
[2024-11-25T07:49:30.439+0000] {process_utils.py:194} INFO - Requirement already satisfied: time-machine>=2.6.0 in /home/***/.local/lib/python3.12/site-packages (from pendulum<4.0,>=3.0.0->apache-***>=2.8.0->apache-***-providers-amazon>=9.1.0->interpark==0.1.5->-r /tmp/venvlpcgmc0q/requirements.txt (line 1)) (2.16.0)
[2024-11-25T07:49:30.473+0000] {process_utils.py:194} INFO - Requirement already satisfied: six>=1.5 in /home/***/.local/lib/python3.12/site-packages (from python-dateutil>=2.7.0->apache-***>=2.8.0->apache-***-providers-amazon>=9.1.0->interpark==0.1.5->-r /tmp/venvlpcgmc0q/requirements.txt (line 1)) (1.16.0)
[2024-11-25T07:49:30.482+0000] {process_utils.py:194} INFO - Requirement already satisfied: text-unidecode>=1.3 in /home/***/.local/lib/python3.12/site-packages (from python-slugify>=5.0->apache-***>=2.8.0->apache-***-providers-amazon>=9.1.0->interpark==0.1.5->-r /tmp/venvlpcgmc0q/requirements.txt (line 1)) (1.3)
[2024-11-25T07:49:30.510+0000] {process_utils.py:194} INFO - Requirement already satisfied: asn1crypto>=1.5.1 in /home/***/.local/lib/python3.12/site-packages (from scramp<1.5.0,>=1.2.0->redshift_connector>=2.0.918->apache-***-providers-amazon>=9.1.0->interpark==0.1.5->-r /tmp/venvlpcgmc0q/requirements.txt (line 1)) (1.5.1)
[2024-11-25T07:49:30.538+0000] {process_utils.py:194} INFO - Requirement already satisfied: greenlet!=0.4.17 in /home/***/.local/lib/python3.12/site-packages (from sqlalchemy<2.0,>=1.4.36->apache-***>=2.8.0->apache-***-providers-amazon>=9.1.0->interpark==0.1.5->-r /tmp/venvlpcgmc0q/requirements.txt (line 1)) (3.1.1)
[2024-11-25T07:49:30.641+0000] {process_utils.py:194} INFO - Requirement already satisfied: pycparser in /home/***/.local/lib/python3.12/site-packages (from cffi>=1.12->cryptography>=41.0.0->apache-***>=2.8.0->apache-***-providers-amazon>=9.1.0->interpark==0.1.5->-r /tmp/venvlpcgmc0q/requirements.txt (line 1)) (2.22)
[2024-11-25T07:49:30.674+0000] {process_utils.py:194} INFO - Requirement already satisfied: zipp>=0.5 in /home/***/.local/lib/python3.12/site-packages (from importlib-metadata<=8.4.0,>=6.0->opentelemetry-api>=1.15.0->apache-***>=2.8.0->apache-***-providers-amazon>=9.1.0->interpark==0.1.5->-r /tmp/venvlpcgmc0q/requirements.txt (line 1)) (3.20.2)
[2024-11-25T07:49:30.737+0000] {process_utils.py:194} INFO - Requirement already satisfied: propcache>=0.2.0 in /home/***/.local/lib/python3.12/site-packages (from yarl<2.0,>=1.12.0->aiohttp>=3.9.2->apache-***-providers-http->apache-***-providers-amazon>=9.1.0->interpark==0.1.5->-r /tmp/venvlpcgmc0q/requirements.txt (line 1)) (0.2.0)
[2024-11-25T07:49:30.779+0000] {process_utils.py:194} INFO - Requirement already satisfied: Babel>=2.3 in /home/***/.local/lib/python3.12/site-packages (from Flask-Babel<3,>=1->flask-appbuilder==4.5.2->apache-***-providers-fab>=1.0.2->apache-***>=2.8.0->apache-***-providers-amazon>=9.1.0->interpark==0.1.5->-r /tmp/venvlpcgmc0q/requirements.txt (line 1)) (2.16.0)
[2024-11-25T07:49:30.790+0000] {process_utils.py:194} INFO - Requirement already satisfied: limits>=3.13 in /home/***/.local/lib/python3.12/site-packages (from Flask-Limiter<4,>3->flask-appbuilder==4.5.2->apache-***-providers-fab>=1.0.2->apache-***>=2.8.0->apache-***-providers-amazon>=9.1.0->interpark==0.1.5->-r /tmp/venvlpcgmc0q/requirements.txt (line 1)) (3.13.0)
[2024-11-25T07:49:30.792+0000] {process_utils.py:194} INFO - Requirement already satisfied: ordered-set<5,>4 in /home/***/.local/lib/python3.12/site-packages (from Flask-Limiter<4,>3->flask-appbuilder==4.5.2->apache-***-providers-fab>=1.0.2->apache-***>=2.8.0->apache-***-providers-amazon>=9.1.0->interpark==0.1.5->-r /tmp/venvlpcgmc0q/requirements.txt (line 1)) (4.1.0)
[2024-11-25T07:49:30.819+0000] {process_utils.py:194} INFO - Requirement already satisfied: opentelemetry-semantic-conventions==0.48b0 in /home/***/.local/lib/python3.12/site-packages (from opentelemetry-sdk~=1.27.0->opentelemetry-exporter-otlp-proto-grpc==1.27.0->opentelemetry-exporter-otlp>=1.15.0->apache-***>=2.8.0->apache-***-providers-amazon>=9.1.0->interpark==0.1.5->-r /tmp/venvlpcgmc0q/requirements.txt (line 1)) (0.48b0)
[2024-11-25T07:49:30.865+0000] {process_utils.py:194} INFO - Requirement already satisfied: importlib-resources>=1.3 in /home/***/.local/lib/python3.12/site-packages (from limits>=3.13->Flask-Limiter<4,>3->flask-appbuilder==4.5.2->apache-***-providers-fab>=1.0.2->apache-***>=2.8.0->apache-***-providers-amazon>=9.1.0->interpark==0.1.5->-r /tmp/venvlpcgmc0q/requirements.txt (line 1)) (6.4.5)
[2024-11-25T07:49:30.889+0000] {process_utils.py:194} INFO - Using cached apache_***_providers_amazon-9.1.0-py3-none-any.whl (596 kB)
[2024-11-25T07:49:30.891+0000] {process_utils.py:194} INFO - Using cached pymongo-4.10.1-cp312-cp312-manylinux_2_17_x86_64.manylinux2014_x86_64.whl (1.9 MB)
[2024-11-25T07:49:30.894+0000] {process_utils.py:194} INFO - Using cached selenium-4.26.1-py3-none-any.whl (9.7 MB)
[2024-11-25T07:49:30.902+0000] {process_utils.py:194} INFO - Using cached webdriver_manager-4.0.2-py2.py3-none-any.whl (27 kB)
[2024-11-25T07:49:30.903+0000] {process_utils.py:194} INFO - Using cached apache_***_providers_common_sql-1.20.0-py3-none-any.whl (47 kB)
[2024-11-25T07:49:30.904+0000] {process_utils.py:194} INFO - Using cached trio-0.27.0-py3-none-any.whl (481 kB)
[2024-11-25T07:49:30.906+0000] {process_utils.py:194} INFO - Using cached trio_websocket-0.11.1-py3-none-any.whl (17 kB)
[2024-11-25T07:49:30.907+0000] {process_utils.py:194} INFO - Using cached PySocks-1.7.1-py3-none-any.whl (16 kB)
[2024-11-25T07:49:30.908+0000] {process_utils.py:194} INFO - Using cached wsproto-1.2.0-py3-none-any.whl (24 kB)
[2024-11-25T07:49:30.910+0000] {process_utils.py:194} INFO - Using cached outcome-1.3.0.post0-py2.py3-none-any.whl (10 kB)
[2024-11-25T07:49:30.941+0000] {process_utils.py:194} INFO - Building wheels for collected packages: interpark
[2024-11-25T07:49:30.946+0000] {process_utils.py:194} INFO -   Building wheel for interpark (pyproject.toml): started
[2024-11-25T07:49:31.661+0000] {process_utils.py:194} INFO -   Building wheel for interpark (pyproject.toml): finished with status 'done'
[2024-11-25T07:49:31.662+0000] {process_utils.py:194} INFO -   Created wheel for interpark: filename=interpark-0.1.5-py3-none-any.whl size=25522 sha256=83a1b36ae1bc6e414d8914420fdcb7a7546ef8594ec8834c746ff05d43764089
[2024-11-25T07:49:31.663+0000] {process_utils.py:194} INFO -   Stored in directory: /tmp/pip-ephem-wheel-cache-e_d4inxa/wheels/3b/e3/3f/2198c53e48ab1c477124eda1522aad636d2590cc0e6349feda
[2024-11-25T07:49:31.665+0000] {process_utils.py:194} INFO - Successfully built interpark
[2024-11-25T07:49:32.150+0000] {process_utils.py:194} INFO - Installing collected packages: wsproto, pysocks, pymongo, outcome, webdriver-manager, trio, trio-websocket, selenium, apache-***-providers-common-sql, apache-***-providers-amazon, interpark
[2024-11-25T07:49:34.367+0000] {process_utils.py:194} INFO -   Attempting uninstall: apache-***-providers-common-sql
[2024-11-25T07:49:34.378+0000] {process_utils.py:194} INFO -     Found existing installation: apache-***-providers-common-sql 1.19.0
[2024-11-25T07:49:34.379+0000] {process_utils.py:194} INFO -     Not uninstalling apache-***-providers-common-sql at /home/***/.local/lib/python3.12/site-packages, outside environment /tmp/venvlpcgmc0q
[2024-11-25T07:49:34.380+0000] {process_utils.py:194} INFO -     Can't uninstall 'apache-***-providers-common-sql'. No files were found to uninstall.
[2024-11-25T07:49:34.417+0000] {process_utils.py:194} INFO -   Attempting uninstall: apache-***-providers-amazon
[2024-11-25T07:49:34.423+0000] {process_utils.py:194} INFO -     Found existing installation: apache-***-providers-amazon 9.0.0
[2024-11-25T07:49:34.423+0000] {process_utils.py:194} INFO -     Not uninstalling apache-***-providers-amazon at /home/***/.local/lib/python3.12/site-packages, outside environment /tmp/venvlpcgmc0q
[2024-11-25T07:49:34.423+0000] {process_utils.py:194} INFO -     Can't uninstall 'apache-***-providers-amazon'. No files were found to uninstall.
[2024-11-25T07:49:34.828+0000] {process_utils.py:194} INFO - Successfully installed apache-***-providers-amazon-9.1.0 apache-***-providers-common-sql-1.20.0 interpark-0.1.5 outcome-1.3.0.post0 pymongo-4.10.1 pysocks-1.7.1 selenium-4.26.1 trio-0.27.0 trio-websocket-0.11.1 webdriver-manager-4.0.2 wsproto-1.2.0
[2024-11-25T07:49:35.250+0000] {process_utils.py:186} INFO - Executing cmd: /tmp/venvlpcgmc0q/bin/python /tmp/venv-call9wdrk5rt/script.py /tmp/venv-call9wdrk5rt/script.in /tmp/venv-call9wdrk5rt/script.out /tmp/venv-call9wdrk5rt/string_args.txt /tmp/venv-call9wdrk5rt/termination.log
[2024-11-25T07:49:35.251+0000] {process_utils.py:190} INFO - Output:
[2024-11-25T07:49:36.734+0000] {process_utils.py:194} INFO - /home/***/.local/lib/python3.12/site-packages/***/configuration.py:859 FutureWarning: section/key [core/sql_alchemy_conn] has been deprecated, you should use[database/sql_alchemy_conn] instead. Please update your `conf.get*` call to use the new name
[2024-11-25T07:49:37.909+0000] {process_utils.py:194} INFO - [2024-11-25T07:49:37.908+0000] {logger.py:11} INFO - ====== WebDriver manager ======
[2024-11-25T07:49:37.996+0000] {process_utils.py:194} INFO - [2024-11-25T07:49:37.995+0000] {logger.py:11} INFO - Get LATEST chromedriver version for google-chrome
[2024-11-25T07:49:38.035+0000] {process_utils.py:194} INFO - [2024-11-25T07:49:38.035+0000] {logger.py:11} INFO - Get LATEST chromedriver version for google-chrome
[2024-11-25T07:49:38.063+0000] {process_utils.py:194} INFO - [2024-11-25T07:49:38.062+0000] {logger.py:11} INFO - Driver [/home/***/.wdm/drivers/chromedriver/linux64/131.0.6778.85/chromedriver-linux64/chromedriver] found in cache
[2024-11-25T07:49:38.217+0000] {process_utils.py:194} INFO - Traceback (most recent call last):
[2024-11-25T07:49:38.217+0000] {process_utils.py:194} INFO -   File "/tmp/venv-call9wdrk5rt/script.py", line 80, in <module>
[2024-11-25T07:49:38.218+0000] {process_utils.py:194} INFO -     res = upload_to_s3(*arg_dict["args"], **arg_dict["kwargs"])
[2024-11-25T07:49:38.218+0000] {process_utils.py:194} INFO -           ^^^^^^^^^^^^^^^^^^^^^^^^^^^^^^^^^^^^^^^^^^^^^^^^^^^^^
[2024-11-25T07:49:38.218+0000] {process_utils.py:194} INFO -   File "/tmp/venv-call9wdrk5rt/script.py", line 22, in upload_to_s3
[2024-11-25T07:49:38.218+0000] {process_utils.py:194} INFO -     get_data = extract_open_html()
[2024-11-25T07:49:38.218+0000] {process_utils.py:194} INFO -                ^^^^^^^^^^^^^^^^^^^
[2024-11-25T07:49:38.219+0000] {process_utils.py:194} INFO -   File "/tmp/venvlpcgmc0q/lib/python3.12/site-packages/interpark/raw_open_page.py", line 24, in extract_open_html
[2024-11-25T07:49:38.219+0000] {process_utils.py:194} INFO -     driver = webdriver.Chrome(service=Service(ChromeDriverManager().install()), options=options)
[2024-11-25T07:49:38.219+0000] {process_utils.py:194} INFO -              ^^^^^^^^^^^^^^^^^^^^^^^^^^^^^^^^^^^^^^^^^^^^^^^^^^^^^^^^^^^^^^^^^^^^^^^^^^^^^^^^^^^
[2024-11-25T07:49:38.219+0000] {process_utils.py:194} INFO -   File "/tmp/venvlpcgmc0q/lib/python3.12/site-packages/selenium/webdriver/chrome/webdriver.py", line 45, in __init__
[2024-11-25T07:49:38.219+0000] {process_utils.py:194} INFO -     super().__init__(
[2024-11-25T07:49:38.219+0000] {process_utils.py:194} INFO -   File "/tmp/venvlpcgmc0q/lib/python3.12/site-packages/selenium/webdriver/chromium/webdriver.py", line 66, in __init__
[2024-11-25T07:49:38.220+0000] {process_utils.py:194} INFO -     super().__init__(command_executor=executor, options=options)
[2024-11-25T07:49:38.220+0000] {process_utils.py:194} INFO -   File "/tmp/venvlpcgmc0q/lib/python3.12/site-packages/selenium/webdriver/remote/webdriver.py", line 238, in __init__
[2024-11-25T07:49:38.220+0000] {process_utils.py:194} INFO -     self.start_session(capabilities)
[2024-11-25T07:49:38.220+0000] {process_utils.py:194} INFO -   File "/tmp/venvlpcgmc0q/lib/python3.12/site-packages/selenium/webdriver/remote/webdriver.py", line 325, in start_session
[2024-11-25T07:49:38.220+0000] {process_utils.py:194} INFO -     response = self.execute(Command.NEW_SESSION, caps)["value"]
[2024-11-25T07:49:38.220+0000] {process_utils.py:194} INFO -                ^^^^^^^^^^^^^^^^^^^^^^^^^^^^^^^^^^^^^^^
[2024-11-25T07:49:38.221+0000] {process_utils.py:194} INFO -   File "/tmp/venvlpcgmc0q/lib/python3.12/site-packages/selenium/webdriver/remote/webdriver.py", line 380, in execute
[2024-11-25T07:49:38.221+0000] {process_utils.py:194} INFO -     self.error_handler.check_response(response)
[2024-11-25T07:49:38.221+0000] {process_utils.py:194} INFO -   File "/tmp/venvlpcgmc0q/lib/python3.12/site-packages/selenium/webdriver/remote/errorhandler.py", line 229, in check_response
[2024-11-25T07:49:38.221+0000] {process_utils.py:194} INFO -     raise exception_class(message, screen, stacktrace)
[2024-11-25T07:49:38.221+0000] {process_utils.py:194} INFO - selenium.common.exceptions.SessionNotCreatedException: Message: session not created: Chrome failed to start: exited normally.
[2024-11-25T07:49:38.222+0000] {process_utils.py:194} INFO -   (session not created: DevToolsActivePort file doesn't exist)
[2024-11-25T07:49:38.222+0000] {process_utils.py:194} INFO -   (The process started from chrome location /opt/google/chrome/chrome is no longer running, so ChromeDriver is assuming that Chrome has crashed.)
[2024-11-25T07:49:38.222+0000] {process_utils.py:194} INFO - Stacktrace:
[2024-11-25T07:49:38.222+0000] {process_utils.py:194} INFO - #0 0x56024553f31a <unknown>
[2024-11-25T07:49:38.222+0000] {process_utils.py:194} INFO - #1 0x5602450556e0 <unknown>
[2024-11-25T07:49:38.222+0000] {process_utils.py:194} INFO - #2 0x56024508cdc8 <unknown>
[2024-11-25T07:49:38.223+0000] {process_utils.py:194} INFO - #3 0x560245088926 <unknown>
[2024-11-25T07:49:38.223+0000] {process_utils.py:194} INFO - #4 0x5602450d46f6 <unknown>
[2024-11-25T07:49:38.223+0000] {process_utils.py:194} INFO - #5 0x5602450d3d46 <unknown>
[2024-11-25T07:49:38.223+0000] {process_utils.py:194} INFO - #6 0x5602450c8203 <unknown>
[2024-11-25T07:49:38.223+0000] {process_utils.py:194} INFO - #7 0x560245096cc0 <unknown>
[2024-11-25T07:49:38.223+0000] {process_utils.py:194} INFO - #8 0x560245097c9e <unknown>
[2024-11-25T07:49:38.223+0000] {process_utils.py:194} INFO - #9 0x56024550cd0b <unknown>
[2024-11-25T07:49:38.223+0000] {process_utils.py:194} INFO - #10 0x560245510c92 <unknown>
[2024-11-25T07:49:38.224+0000] {process_utils.py:194} INFO - #11 0x5602454f9b3c <unknown>
[2024-11-25T07:49:38.224+0000] {process_utils.py:194} INFO - #12 0x560245511807 <unknown>
[2024-11-25T07:49:38.224+0000] {process_utils.py:194} INFO - #13 0x5602454df0df <unknown>
[2024-11-25T07:49:38.224+0000] {process_utils.py:194} INFO - #14 0x56024552e578 <unknown>
[2024-11-25T07:49:38.224+0000] {process_utils.py:194} INFO - #15 0x56024552e740 <unknown>
[2024-11-25T07:49:38.224+0000] {process_utils.py:194} INFO - #16 0x56024553e196 <unknown>
[2024-11-25T07:49:38.224+0000] {process_utils.py:194} INFO - #17 0x7f9f8c9c7144 <unknown>
[2024-11-25T07:49:38.224+0000] {process_utils.py:194} INFO - 
[2024-11-25T07:49:38.727+0000] {taskinstance.py:3311} ERROR - Task failed with exception
Traceback (most recent call last):
  File "/home/airflow/.local/lib/python3.12/site-packages/airflow/models/taskinstance.py", line 767, in _execute_task
    result = _execute_callable(context=context, **execute_callable_kwargs)
             ^^^^^^^^^^^^^^^^^^^^^^^^^^^^^^^^^^^^^^^^^^^^^^^^^^^^^^^^^^^^^
  File "/home/airflow/.local/lib/python3.12/site-packages/airflow/models/taskinstance.py", line 733, in _execute_callable
    return ExecutionCallableRunner(
           ^^^^^^^^^^^^^^^^^^^^^^^^
  File "/home/airflow/.local/lib/python3.12/site-packages/airflow/utils/operator_helpers.py", line 252, in run
    return self.func(*args, **kwargs)
           ^^^^^^^^^^^^^^^^^^^^^^^^^^
  File "/home/airflow/.local/lib/python3.12/site-packages/airflow/models/baseoperator.py", line 417, in wrapper
    return func(self, *args, **kwargs)
           ^^^^^^^^^^^^^^^^^^^^^^^^^^^
  File "/home/airflow/.local/lib/python3.12/site-packages/airflow/operators/python.py", line 505, in execute
    return super().execute(context=serializable_context)
           ^^^^^^^^^^^^^^^^^^^^^^^^^^^^^^^^^^^^^^^^^^^^^
  File "/home/airflow/.local/lib/python3.12/site-packages/airflow/models/baseoperator.py", line 417, in wrapper
    return func(self, *args, **kwargs)
           ^^^^^^^^^^^^^^^^^^^^^^^^^^^
  File "/home/airflow/.local/lib/python3.12/site-packages/airflow/operators/python.py", line 238, in execute
    return_value = self.execute_callable()
                   ^^^^^^^^^^^^^^^^^^^^^^^
  File "/home/airflow/.local/lib/python3.12/site-packages/airflow/operators/python.py", line 870, in execute_callable
    result = self._execute_python_callable_in_subprocess(python_path)
             ^^^^^^^^^^^^^^^^^^^^^^^^^^^^^^^^^^^^^^^^^^^^^^^^^^^^^^^^
  File "/home/airflow/.local/lib/python3.12/site-packages/airflow/operators/python.py", line 588, in _execute_python_callable_in_subprocess
    raise AirflowException(error_msg) from None
airflow.exceptions.AirflowException: Process returned non-zero exit status 1.
Message: session not created: Chrome failed to start: exited normally.
  (session not created: DevToolsActivePort file doesn't exist)
  (The process started from chrome location /opt/google/chrome/chrome is no longer running, so ChromeDriver is assuming that Chrome has crashed.)
Stacktrace:
#0 0x56024553f31a <unknown>
#1 0x5602450556e0 <unknown>
#2 0x56024508cdc8 <unknown>
#3 0x560245088926 <unknown>
#4 0x5602450d46f6 <unknown>
#5 0x5602450d3d46 <unknown>
#6 0x5602450c8203 <unknown>
#7 0x560245096cc0 <unknown>
#8 0x560245097c9e <unknown>
#9 0x56024550cd0b <unknown>
#10 0x560245510c92 <unknown>
#11 0x5602454f9b3c <unknown>
#12 0x560245511807 <unknown>
#13 0x5602454df0df <unknown>
#14 0x56024552e578 <unknown>
#15 0x56024552e740 <unknown>
#16 0x56024553e196 <unknown>
#17 0x7f9f8c9c7144 <unknown>

[2024-11-25T07:49:38.733+0000] {taskinstance.py:1225} INFO - Marking task as FAILED. dag_id=open_interpark_to_S3, task_id=upload_to_s3, run_id=scheduled__2024-11-24T00:00:00+00:00, execution_date=20241124T000000, start_date=20241125T074920, end_date=20241125T074938
[2024-11-25T07:49:38.760+0000] {taskinstance.py:340} INFO - ::group::Post task execution logs
[2024-11-25T07:49:38.760+0000] {standard_task_runner.py:124} ERROR - Failed to execute job 201 for task upload_to_s3 (Process returned non-zero exit status 1.
Message: session not created: Chrome failed to start: exited normally.
  (session not created: DevToolsActivePort file doesn't exist)
  (The process started from chrome location /opt/google/chrome/chrome is no longer running, so ChromeDriver is assuming that Chrome has crashed.)
Stacktrace:
#0 0x56024553f31a <unknown>
#1 0x5602450556e0 <unknown>
#2 0x56024508cdc8 <unknown>
#3 0x560245088926 <unknown>
#4 0x5602450d46f6 <unknown>
#5 0x5602450d3d46 <unknown>
#6 0x5602450c8203 <unknown>
#7 0x560245096cc0 <unknown>
#8 0x560245097c9e <unknown>
#9 0x56024550cd0b <unknown>
#10 0x560245510c92 <unknown>
#11 0x5602454f9b3c <unknown>
#12 0x560245511807 <unknown>
#13 0x5602454df0df <unknown>
#14 0x56024552e578 <unknown>
#15 0x56024552e740 <unknown>
#16 0x56024553e196 <unknown>
#17 0x7f9f8c9c7144 <unknown>
; 1836)
Traceback (most recent call last):
  File "/home/airflow/.local/lib/python3.12/site-packages/airflow/task/task_runner/standard_task_runner.py", line 117, in _start_by_fork
    ret = args.func(args, dag=self.dag)
          ^^^^^^^^^^^^^^^^^^^^^^^^^^^^^
  File "/home/airflow/.local/lib/python3.12/site-packages/airflow/cli/cli_config.py", line 49, in command
    return func(*args, **kwargs)
           ^^^^^^^^^^^^^^^^^^^^^
  File "/home/airflow/.local/lib/python3.12/site-packages/airflow/utils/cli.py", line 116, in wrapper
    return f(*args, **kwargs)
           ^^^^^^^^^^^^^^^^^^
  File "/home/airflow/.local/lib/python3.12/site-packages/airflow/cli/commands/task_command.py", line 483, in task_run
    task_return_code = _run_task_by_selected_method(args, _dag, ti)
                       ^^^^^^^^^^^^^^^^^^^^^^^^^^^^^^^^^^^^^^^^^^^^
  File "/home/airflow/.local/lib/python3.12/site-packages/airflow/cli/commands/task_command.py", line 256, in _run_task_by_selected_method
    return _run_raw_task(args, ti)
           ^^^^^^^^^^^^^^^^^^^^^^^
  File "/home/airflow/.local/lib/python3.12/site-packages/airflow/cli/commands/task_command.py", line 341, in _run_raw_task
    return ti._run_raw_task(
           ^^^^^^^^^^^^^^^^^
  File "/home/airflow/.local/lib/python3.12/site-packages/airflow/utils/session.py", line 97, in wrapper
    return func(*args, session=session, **kwargs)
           ^^^^^^^^^^^^^^^^^^^^^^^^^^^^^^^^^^^^^^
  File "/home/airflow/.local/lib/python3.12/site-packages/airflow/models/taskinstance.py", line 3005, in _run_raw_task
    return _run_raw_task(
           ^^^^^^^^^^^^^^
  File "/home/airflow/.local/lib/python3.12/site-packages/airflow/models/taskinstance.py", line 273, in _run_raw_task
    TaskInstance._execute_task_with_callbacks(
  File "/home/airflow/.local/lib/python3.12/site-packages/airflow/models/taskinstance.py", line 3159, in _execute_task_with_callbacks
    result = self._execute_task(context, task_orig)
             ^^^^^^^^^^^^^^^^^^^^^^^^^^^^^^^^^^^^^^
  File "/home/airflow/.local/lib/python3.12/site-packages/airflow/models/taskinstance.py", line 3183, in _execute_task
    return _execute_task(self, context, task_orig)
           ^^^^^^^^^^^^^^^^^^^^^^^^^^^^^^^^^^^^^^^
  File "/home/airflow/.local/lib/python3.12/site-packages/airflow/models/taskinstance.py", line 767, in _execute_task
    result = _execute_callable(context=context, **execute_callable_kwargs)
             ^^^^^^^^^^^^^^^^^^^^^^^^^^^^^^^^^^^^^^^^^^^^^^^^^^^^^^^^^^^^^
  File "/home/airflow/.local/lib/python3.12/site-packages/airflow/models/taskinstance.py", line 733, in _execute_callable
    return ExecutionCallableRunner(
           ^^^^^^^^^^^^^^^^^^^^^^^^
  File "/home/airflow/.local/lib/python3.12/site-packages/airflow/utils/operator_helpers.py", line 252, in run
    return self.func(*args, **kwargs)
           ^^^^^^^^^^^^^^^^^^^^^^^^^^
  File "/home/airflow/.local/lib/python3.12/site-packages/airflow/models/baseoperator.py", line 417, in wrapper
    return func(self, *args, **kwargs)
           ^^^^^^^^^^^^^^^^^^^^^^^^^^^
  File "/home/airflow/.local/lib/python3.12/site-packages/airflow/operators/python.py", line 505, in execute
    return super().execute(context=serializable_context)
           ^^^^^^^^^^^^^^^^^^^^^^^^^^^^^^^^^^^^^^^^^^^^^
  File "/home/airflow/.local/lib/python3.12/site-packages/airflow/models/baseoperator.py", line 417, in wrapper
    return func(self, *args, **kwargs)
           ^^^^^^^^^^^^^^^^^^^^^^^^^^^
  File "/home/airflow/.local/lib/python3.12/site-packages/airflow/operators/python.py", line 238, in execute
    return_value = self.execute_callable()
                   ^^^^^^^^^^^^^^^^^^^^^^^
  File "/home/airflow/.local/lib/python3.12/site-packages/airflow/operators/python.py", line 870, in execute_callable
    result = self._execute_python_callable_in_subprocess(python_path)
             ^^^^^^^^^^^^^^^^^^^^^^^^^^^^^^^^^^^^^^^^^^^^^^^^^^^^^^^^
  File "/home/airflow/.local/lib/python3.12/site-packages/airflow/operators/python.py", line 588, in _execute_python_callable_in_subprocess
    raise AirflowException(error_msg) from None
airflow.exceptions.AirflowException: Process returned non-zero exit status 1.
Message: session not created: Chrome failed to start: exited normally.
  (session not created: DevToolsActivePort file doesn't exist)
  (The process started from chrome location /opt/google/chrome/chrome is no longer running, so ChromeDriver is assuming that Chrome has crashed.)
Stacktrace:
#0 0x56024553f31a <unknown>
#1 0x5602450556e0 <unknown>
#2 0x56024508cdc8 <unknown>
#3 0x560245088926 <unknown>
#4 0x5602450d46f6 <unknown>
#5 0x5602450d3d46 <unknown>
#6 0x5602450c8203 <unknown>
#7 0x560245096cc0 <unknown>
#8 0x560245097c9e <unknown>
#9 0x56024550cd0b <unknown>
#10 0x560245510c92 <unknown>
#11 0x5602454f9b3c <unknown>
#12 0x560245511807 <unknown>
#13 0x5602454df0df <unknown>
#14 0x56024552e578 <unknown>
#15 0x56024552e740 <unknown>
#16 0x56024553e196 <unknown>
#17 0x7f9f8c9c7144 <unknown>

[2024-11-25T07:49:38.783+0000] {local_task_job_runner.py:266} INFO - Task exited with return code 1
[2024-11-25T07:49:38.799+0000] {taskinstance.py:3895} INFO - 0 downstream tasks scheduled from follow-on schedule check
[2024-11-25T07:49:38.805+0000] {local_task_job_runner.py:245} INFO - ::endgroup::
